nesh-fe3
2021-05-27_02:02:08_569063588
[I 2021-05-27 02:02:13.385 ServerApp] jupyterlab | extension was successfully linked.
[I 2021-05-27 02:02:15.171 ServerApp] nbclassic | extension was successfully linked.
[I 2021-05-27 02:02:15.486 ServerApp] nbclassic | extension was successfully loaded.
[I 2021-05-27 02:02:15.487 LabApp] JupyterLab extension loaded from /gxfs_home/geomar/smomw260/miniconda3/lib/python3.9/site-packages/jupyterlab
[I 2021-05-27 02:02:15.487 LabApp] JupyterLab application directory is /gxfs_home/geomar/smomw260/miniconda3/share/jupyter/lab
[I 2021-05-27 02:02:15.490 ServerApp] jupyterlab | extension was successfully loaded.
[I 2021-05-27 02:02:15.490 ServerApp] Will shut down after 60 seconds with no kernels or terminals.
[I 2021-05-27 02:02:15.491 ServerApp] The port 8888 is already in use, trying another port.
[I 2021-05-27 02:02:15.491 ServerApp] The port 8889 is already in use, trying another port.
[I 2021-05-27 02:02:15.491 ServerApp] The port 8890 is already in use, trying another port.
[I 2021-05-27 02:02:15.492 ServerApp] The port 8891 is already in use, trying another port.
[I 2021-05-27 02:02:15.492 ServerApp] The port 8892 is already in use, trying another port.
[I 2021-05-27 02:02:15.492 ServerApp] Serving notebooks from local directory: /gxfs_home/geomar/smomw260/github/jupyter-hpc-performance
[I 2021-05-27 02:02:15.492 ServerApp] Jupyter Server 1.8.0 is running at:
[I 2021-05-27 02:02:15.492 ServerApp] http://localhost:8895/lab?token=3c43a528ed4a65da61493afc4b48525bc318a095c624c736
[I 2021-05-27 02:02:15.492 ServerApp]     http://127.0.0.1:8895/lab?token=3c43a528ed4a65da61493afc4b48525bc318a095c624c736
[I 2021-05-27 02:02:15.492 ServerApp] Use Control-C to stop this server and shut down all kernels (twice to skip confirmation).
[C 2021-05-27 02:02:15.498 ServerApp] 
    
    To access the server, open this file in a browser:
        file:///gxfs_home/geomar/smomw260/.local/share/jupyter/runtime/jpserver-3180042-open.html
    Or copy and paste one of these URLs:
        http://localhost:8895/lab?token=3c43a528ed4a65da61493afc4b48525bc318a095c624c736
        http://127.0.0.1:8895/lab?token=3c43a528ed4a65da61493afc4b48525bc318a095c624c736
[I 2021-05-27 02:03:15.549 ServerApp] No kernels or terminals for 60 seconds; shutting down.
[I 2021-05-27 02:03:15.550 ServerApp] Shutting down 0 kernels
[I 2021-05-27 02:03:15.551 ServerApp] Shutting down 0 terminals
2021-05-27_02:03:15_661131369
