nesh-fe3
2021-05-27_16:03:41_319826414
[I 2021-05-27 16:03:56.302 ServerApp] jupyterlab | extension was successfully linked.
[I 2021-05-27 16:04:01.334 ServerApp] nbclassic | extension was successfully linked.
[I 2021-05-27 16:04:01.706 ServerApp] nbclassic | extension was successfully loaded.
[I 2021-05-27 16:04:01.707 LabApp] JupyterLab extension loaded from /gxfs_work1/geomar/smomw260/miniconda3/lib/python3.9/site-packages/jupyterlab
[I 2021-05-27 16:04:01.707 LabApp] JupyterLab application directory is /gxfs_work1/fs1/work-geomar3/smomw260/miniconda3/share/jupyter/lab
[I 2021-05-27 16:04:01.712 ServerApp] jupyterlab | extension was successfully loaded.
[I 2021-05-27 16:04:01.712 ServerApp] Will shut down after 60 seconds with no kernels or terminals.
[I 2021-05-27 16:04:01.713 ServerApp] The port 8888 is already in use, trying another port.
[I 2021-05-27 16:04:01.714 ServerApp] Serving notebooks from local directory: /gxfs_home/geomar/smomw260/github/jupyter-hpc-performance
[I 2021-05-27 16:04:01.714 ServerApp] Jupyter Server 1.8.0 is running at:
[I 2021-05-27 16:04:01.714 ServerApp] http://localhost:8889/lab?token=bd35bb90104ada68a9d2054a85c5f3defd5c1a89e68f88a1
[I 2021-05-27 16:04:01.714 ServerApp]     http://127.0.0.1:8889/lab?token=bd35bb90104ada68a9d2054a85c5f3defd5c1a89e68f88a1
[I 2021-05-27 16:04:01.714 ServerApp] Use Control-C to stop this server and shut down all kernels (twice to skip confirmation).
[C 2021-05-27 16:04:01.721 ServerApp] 
    
    To access the server, open this file in a browser:
        file:///gxfs_home/geomar/smomw260/.local/share/jupyter/runtime/jpserver-3685758-open.html
    Or copy and paste one of these URLs:
        http://localhost:8889/lab?token=bd35bb90104ada68a9d2054a85c5f3defd5c1a89e68f88a1
        http://127.0.0.1:8889/lab?token=bd35bb90104ada68a9d2054a85c5f3defd5c1a89e68f88a1
[I 2021-05-27 16:05:01.717 ServerApp] No kernels or terminals for 60 seconds; shutting down.
[I 2021-05-27 16:05:01.721 ServerApp] Shutting down 0 kernels
[I 2021-05-27 16:05:01.721 ServerApp] Shutting down 0 terminals
2021-05-27_16:05:01_829230607
