nesh-fe3
2021-05-27_15:02:10_869468041
[I 2021-05-27 15:02:25.419 ServerApp] jupyterlab | extension was successfully linked.
[I 2021-05-27 15:02:30.752 ServerApp] nbclassic | extension was successfully linked.
[I 2021-05-27 15:02:31.023 ServerApp] nbclassic | extension was successfully loaded.
[I 2021-05-27 15:02:31.026 LabApp] JupyterLab extension loaded from /gxfs_home/geomar/smomw260/miniconda3/lib/python3.9/site-packages/jupyterlab
[I 2021-05-27 15:02:31.026 LabApp] JupyterLab application directory is /gxfs_home/geomar/smomw260/miniconda3/share/jupyter/lab
[I 2021-05-27 15:02:31.032 ServerApp] jupyterlab | extension was successfully loaded.
[I 2021-05-27 15:02:31.033 ServerApp] Will shut down after 60 seconds with no kernels or terminals.
[I 2021-05-27 15:02:31.034 ServerApp] The port 8888 is already in use, trying another port.
[I 2021-05-27 15:02:31.035 ServerApp] Serving notebooks from local directory: /gxfs_home/geomar/smomw260/github/jupyter-hpc-performance
[I 2021-05-27 15:02:31.035 ServerApp] Jupyter Server 1.8.0 is running at:
[I 2021-05-27 15:02:31.035 ServerApp] http://localhost:8889/lab?token=59b844a99452b38c89111fb5436a3d00dfb07fcaec5ebee7
[I 2021-05-27 15:02:31.035 ServerApp]     http://127.0.0.1:8889/lab?token=59b844a99452b38c89111fb5436a3d00dfb07fcaec5ebee7
[I 2021-05-27 15:02:31.035 ServerApp] Use Control-C to stop this server and shut down all kernels (twice to skip confirmation).
[C 2021-05-27 15:02:31.043 ServerApp] 
    
    To access the server, open this file in a browser:
        file:///gxfs_home/geomar/smomw260/.local/share/jupyter/runtime/jpserver-3560328-open.html
    Or copy and paste one of these URLs:
        http://localhost:8889/lab?token=59b844a99452b38c89111fb5436a3d00dfb07fcaec5ebee7
        http://127.0.0.1:8889/lab?token=59b844a99452b38c89111fb5436a3d00dfb07fcaec5ebee7
[I 2021-05-27 15:03:31.095 ServerApp] No kernels or terminals for 60 seconds; shutting down.
[I 2021-05-27 15:03:31.122 ServerApp] Shutting down 0 kernels
[I 2021-05-27 15:03:31.122 ServerApp] Shutting down 0 terminals
2021-05-27_15:03:31_253827427
