nesh-fe3
2021-05-27_16:02:13_486871714
[I 2021-05-27 16:02:33.171 ServerApp] jupyterlab | extension was successfully linked.
[I 2021-05-27 16:02:40.514 ServerApp] nbclassic | extension was successfully linked.
[I 2021-05-27 16:02:40.911 ServerApp] nbclassic | extension was successfully loaded.
[I 2021-05-27 16:02:40.914 LabApp] JupyterLab extension loaded from /gxfs_home/geomar/smomw260/miniconda3/lib/python3.9/site-packages/jupyterlab
[I 2021-05-27 16:02:40.914 LabApp] JupyterLab application directory is /gxfs_home/geomar/smomw260/miniconda3/share/jupyter/lab
[I 2021-05-27 16:02:40.931 ServerApp] jupyterlab | extension was successfully loaded.
[I 2021-05-27 16:02:40.932 ServerApp] Will shut down after 60 seconds with no kernels or terminals.
[I 2021-05-27 16:02:40.932 ServerApp] The port 8888 is already in use, trying another port.
[I 2021-05-27 16:02:40.933 ServerApp] Serving notebooks from local directory: /gxfs_home/geomar/smomw260/github/jupyter-hpc-performance
[I 2021-05-27 16:02:40.933 ServerApp] Jupyter Server 1.8.0 is running at:
[I 2021-05-27 16:02:40.933 ServerApp] http://localhost:8889/lab?token=99a074625ae466c009dcbd1d3b16ec051448cadb5cf55481
[I 2021-05-27 16:02:40.933 ServerApp]     http://127.0.0.1:8889/lab?token=99a074625ae466c009dcbd1d3b16ec051448cadb5cf55481
[I 2021-05-27 16:02:40.933 ServerApp] Use Control-C to stop this server and shut down all kernels (twice to skip confirmation).
[C 2021-05-27 16:02:40.942 ServerApp] 
    
    To access the server, open this file in a browser:
        file:///gxfs_home/geomar/smomw260/.local/share/jupyter/runtime/jpserver-3685633-open.html
    Or copy and paste one of these URLs:
        http://localhost:8889/lab?token=99a074625ae466c009dcbd1d3b16ec051448cadb5cf55481
        http://127.0.0.1:8889/lab?token=99a074625ae466c009dcbd1d3b16ec051448cadb5cf55481
[I 2021-05-27 16:03:40.939 ServerApp] No kernels or terminals for 60 seconds; shutting down.
[I 2021-05-27 16:03:40.950 ServerApp] Shutting down 0 kernels
[I 2021-05-27 16:03:40.950 ServerApp] Shutting down 0 terminals
2021-05-27_16:03:41_061246743
