nesh-fe3
2021-05-27_07:03:13_179340943
[I 2021-05-27 07:03:19.302 ServerApp] jupyterlab | extension was successfully linked.
[I 2021-05-27 07:03:22.291 ServerApp] nbclassic | extension was successfully linked.
[I 2021-05-27 07:03:22.342 ServerApp] nbclassic | extension was successfully loaded.
[I 2021-05-27 07:03:22.344 LabApp] JupyterLab extension loaded from /gxfs_work1/geomar/smomw260/miniconda3/lib/python3.9/site-packages/jupyterlab
[I 2021-05-27 07:03:22.344 LabApp] JupyterLab application directory is /gxfs_work1/fs1/work-geomar3/smomw260/miniconda3/share/jupyter/lab
[I 2021-05-27 07:03:22.346 ServerApp] jupyterlab | extension was successfully loaded.
[I 2021-05-27 07:03:22.346 ServerApp] Will shut down after 60 seconds with no kernels or terminals.
[I 2021-05-27 07:03:22.347 ServerApp] The port 8888 is already in use, trying another port.
[I 2021-05-27 07:03:22.348 ServerApp] The port 8889 is already in use, trying another port.
[I 2021-05-27 07:03:22.348 ServerApp] The port 8890 is already in use, trying another port.
[I 2021-05-27 07:03:22.348 ServerApp] The port 8891 is already in use, trying another port.
[I 2021-05-27 07:03:22.348 ServerApp] The port 8892 is already in use, trying another port.
[I 2021-05-27 07:03:22.349 ServerApp] Serving notebooks from local directory: /gxfs_home/geomar/smomw260/github/jupyter-hpc-performance
[I 2021-05-27 07:03:22.349 ServerApp] Jupyter Server 1.8.0 is running at:
[I 2021-05-27 07:03:22.349 ServerApp] http://localhost:8924/lab?token=4c1bea4679e43aca6bc84bab5dd5c2605aac63377e2800c8
[I 2021-05-27 07:03:22.349 ServerApp]     http://127.0.0.1:8924/lab?token=4c1bea4679e43aca6bc84bab5dd5c2605aac63377e2800c8
[I 2021-05-27 07:03:22.349 ServerApp] Use Control-C to stop this server and shut down all kernels (twice to skip confirmation).
[C 2021-05-27 07:03:22.355 ServerApp] 
    
    To access the server, open this file in a browser:
        file:///gxfs_home/geomar/smomw260/.local/share/jupyter/runtime/jpserver-3204089-open.html
    Or copy and paste one of these URLs:
        http://localhost:8924/lab?token=4c1bea4679e43aca6bc84bab5dd5c2605aac63377e2800c8
        http://127.0.0.1:8924/lab?token=4c1bea4679e43aca6bc84bab5dd5c2605aac63377e2800c8
[I 2021-05-27 07:04:22.409 ServerApp] No kernels or terminals for 60 seconds; shutting down.
[I 2021-05-27 07:04:22.410 ServerApp] Shutting down 0 kernels
[I 2021-05-27 07:04:22.411 ServerApp] Shutting down 0 terminals
2021-05-27_07:04:22_527923611
