nesh-fe3
2021-05-27_06:03:12_318554351
[I 2021-05-27 06:03:18.340 ServerApp] jupyterlab | extension was successfully linked.
[I 2021-05-27 06:03:21.220 ServerApp] nbclassic | extension was successfully linked.
[I 2021-05-27 06:03:21.260 ServerApp] nbclassic | extension was successfully loaded.
[I 2021-05-27 06:03:21.261 LabApp] JupyterLab extension loaded from /gxfs_work1/geomar/smomw260/miniconda3/lib/python3.9/site-packages/jupyterlab
[I 2021-05-27 06:03:21.261 LabApp] JupyterLab application directory is /gxfs_work1/fs1/work-geomar3/smomw260/miniconda3/share/jupyter/lab
[I 2021-05-27 06:03:21.264 ServerApp] jupyterlab | extension was successfully loaded.
[I 2021-05-27 06:03:21.264 ServerApp] Will shut down after 60 seconds with no kernels or terminals.
[I 2021-05-27 06:03:21.265 ServerApp] The port 8888 is already in use, trying another port.
[I 2021-05-27 06:03:21.265 ServerApp] The port 8889 is already in use, trying another port.
[I 2021-05-27 06:03:21.266 ServerApp] The port 8890 is already in use, trying another port.
[I 2021-05-27 06:03:21.266 ServerApp] The port 8891 is already in use, trying another port.
[I 2021-05-27 06:03:21.266 ServerApp] The port 8892 is already in use, trying another port.
[I 2021-05-27 06:03:21.267 ServerApp] Serving notebooks from local directory: /gxfs_home/geomar/smomw260/github/jupyter-hpc-performance
[I 2021-05-27 06:03:21.267 ServerApp] Jupyter Server 1.8.0 is running at:
[I 2021-05-27 06:03:21.267 ServerApp] http://localhost:8909/lab?token=15199d4eefb6ae8ec2e6ee3307cee5580e60a7f8c3e257fd
[I 2021-05-27 06:03:21.267 ServerApp]     http://127.0.0.1:8909/lab?token=15199d4eefb6ae8ec2e6ee3307cee5580e60a7f8c3e257fd
[I 2021-05-27 06:03:21.267 ServerApp] Use Control-C to stop this server and shut down all kernels (twice to skip confirmation).
[C 2021-05-27 06:03:21.272 ServerApp] 
    
    To access the server, open this file in a browser:
        file:///gxfs_home/geomar/smomw260/.local/share/jupyter/runtime/jpserver-3199298-open.html
    Or copy and paste one of these URLs:
        http://localhost:8909/lab?token=15199d4eefb6ae8ec2e6ee3307cee5580e60a7f8c3e257fd
        http://127.0.0.1:8909/lab?token=15199d4eefb6ae8ec2e6ee3307cee5580e60a7f8c3e257fd
[I 2021-05-27 06:04:21.325 ServerApp] No kernels or terminals for 60 seconds; shutting down.
[I 2021-05-27 06:04:21.327 ServerApp] Shutting down 0 kernels
[I 2021-05-27 06:04:21.327 ServerApp] Shutting down 0 terminals
2021-05-27_06:04:21_442759438
