nesh-fe3
2021-05-27_13:03:25_278707643
[I 2021-05-27 13:03:35.811 ServerApp] jupyterlab | extension was successfully linked.
[I 2021-05-27 13:03:40.437 ServerApp] nbclassic | extension was successfully linked.
[I 2021-05-27 13:03:40.811 ServerApp] nbclassic | extension was successfully loaded.
[I 2021-05-27 13:03:40.812 LabApp] JupyterLab extension loaded from /gxfs_work1/geomar/smomw260/miniconda3/lib/python3.9/site-packages/jupyterlab
[I 2021-05-27 13:03:40.812 LabApp] JupyterLab application directory is /gxfs_work1/fs1/work-geomar3/smomw260/miniconda3/share/jupyter/lab
[I 2021-05-27 13:03:40.816 ServerApp] jupyterlab | extension was successfully loaded.
[I 2021-05-27 13:03:40.817 ServerApp] Will shut down after 60 seconds with no kernels or terminals.
[I 2021-05-27 13:03:40.818 ServerApp] The port 8888 is already in use, trying another port.
[I 2021-05-27 13:03:40.818 ServerApp] Serving notebooks from local directory: /gxfs_home/geomar/smomw260/github/jupyter-hpc-performance
[I 2021-05-27 13:03:40.818 ServerApp] Jupyter Server 1.8.0 is running at:
[I 2021-05-27 13:03:40.818 ServerApp] http://localhost:8889/lab?token=0fde6f771b0f321a16cb12418800dcf706a76064f798d799
[I 2021-05-27 13:03:40.818 ServerApp]     http://127.0.0.1:8889/lab?token=0fde6f771b0f321a16cb12418800dcf706a76064f798d799
[I 2021-05-27 13:03:40.819 ServerApp] Use Control-C to stop this server and shut down all kernels (twice to skip confirmation).
[C 2021-05-27 13:03:40.824 ServerApp] 
    
    To access the server, open this file in a browser:
        file:///gxfs_home/geomar/smomw260/.local/share/jupyter/runtime/jpserver-3412928-open.html
    Or copy and paste one of these URLs:
        http://localhost:8889/lab?token=0fde6f771b0f321a16cb12418800dcf706a76064f798d799
        http://127.0.0.1:8889/lab?token=0fde6f771b0f321a16cb12418800dcf706a76064f798d799
[I 2021-05-27 13:04:40.878 ServerApp] No kernels or terminals for 60 seconds; shutting down.
[I 2021-05-27 13:04:40.883 ServerApp] Shutting down 0 kernels
[I 2021-05-27 13:04:40.884 ServerApp] Shutting down 0 terminals
2021-05-27_13:04:41_143766691
