nesh-fe3
2021-05-26_18:03:29_354167101
[I 2021-05-26 18:03:37.065 ServerApp] jupyterlab | extension was successfully linked.
[I 2021-05-26 18:03:40.795 ServerApp] nbclassic | extension was successfully linked.
[I 2021-05-26 18:03:41.113 ServerApp] nbclassic | extension was successfully loaded.
[I 2021-05-26 18:03:41.114 LabApp] JupyterLab extension loaded from /gxfs_work1/geomar/smomw260/miniconda3/lib/python3.9/site-packages/jupyterlab
[I 2021-05-26 18:03:41.114 LabApp] JupyterLab application directory is /gxfs_work1/fs1/work-geomar3/smomw260/miniconda3/share/jupyter/lab
[I 2021-05-26 18:03:41.117 ServerApp] jupyterlab | extension was successfully loaded.
[I 2021-05-26 18:03:41.117 ServerApp] Will shut down after 60 seconds with no kernels or terminals.
[I 2021-05-26 18:03:41.118 ServerApp] The port 8888 is already in use, trying another port.
[I 2021-05-26 18:03:41.118 ServerApp] The port 8889 is already in use, trying another port.
[I 2021-05-26 18:03:41.119 ServerApp] The port 8890 is already in use, trying another port.
[I 2021-05-26 18:03:41.119 ServerApp] The port 8891 is already in use, trying another port.
[I 2021-05-26 18:03:41.119 ServerApp] The port 8892 is already in use, trying another port.
[I 2021-05-26 18:03:41.120 ServerApp] Serving notebooks from local directory: /gxfs_home/geomar/smomw260/github/jupyter-hpc-performance
[I 2021-05-26 18:03:41.120 ServerApp] Jupyter Server 1.8.0 is running at:
[I 2021-05-26 18:03:41.120 ServerApp] http://localhost:8883/lab?token=348613cf2f2bd89bb90c9a8d6a20b14f6e496a2255303b9a
[I 2021-05-26 18:03:41.120 ServerApp]     http://127.0.0.1:8883/lab?token=348613cf2f2bd89bb90c9a8d6a20b14f6e496a2255303b9a
[I 2021-05-26 18:03:41.120 ServerApp] Use Control-C to stop this server and shut down all kernels (twice to skip confirmation).
[C 2021-05-26 18:03:41.126 ServerApp] 
    
    To access the server, open this file in a browser:
        file:///gxfs_home/geomar/smomw260/.local/share/jupyter/runtime/jpserver-3110136-open.html
    Or copy and paste one of these URLs:
        http://localhost:8883/lab?token=348613cf2f2bd89bb90c9a8d6a20b14f6e496a2255303b9a
        http://127.0.0.1:8883/lab?token=348613cf2f2bd89bb90c9a8d6a20b14f6e496a2255303b9a
[I 2021-05-26 18:04:41.179 ServerApp] No kernels or terminals for 60 seconds; shutting down.
[I 2021-05-26 18:04:41.181 ServerApp] Shutting down 0 kernels
[I 2021-05-26 18:04:41.181 ServerApp] Shutting down 0 terminals
2021-05-26_18:04:41_303463105
