nesh-fe3
2021-05-27_14:03:25_016680631
[I 2021-05-27 14:03:36.409 ServerApp] jupyterlab | extension was successfully linked.
[I 2021-05-27 14:03:40.101 ServerApp] nbclassic | extension was successfully linked.
[I 2021-05-27 14:03:40.255 ServerApp] nbclassic | extension was successfully loaded.
[I 2021-05-27 14:03:40.256 LabApp] JupyterLab extension loaded from /gxfs_work1/geomar/smomw260/miniconda3/lib/python3.9/site-packages/jupyterlab
[I 2021-05-27 14:03:40.256 LabApp] JupyterLab application directory is /gxfs_work1/fs1/work-geomar3/smomw260/miniconda3/share/jupyter/lab
[I 2021-05-27 14:03:40.263 ServerApp] jupyterlab | extension was successfully loaded.
[I 2021-05-27 14:03:40.263 ServerApp] Will shut down after 60 seconds with no kernels or terminals.
[I 2021-05-27 14:03:40.264 ServerApp] The port 8888 is already in use, trying another port.
[I 2021-05-27 14:03:40.264 ServerApp] Serving notebooks from local directory: /gxfs_home/geomar/smomw260/github/jupyter-hpc-performance
[I 2021-05-27 14:03:40.264 ServerApp] Jupyter Server 1.8.0 is running at:
[I 2021-05-27 14:03:40.264 ServerApp] http://localhost:8889/lab?token=b8d30317f8b46cc2b82a62a11e210151c24f8895d0a84b76
[I 2021-05-27 14:03:40.265 ServerApp]     http://127.0.0.1:8889/lab?token=b8d30317f8b46cc2b82a62a11e210151c24f8895d0a84b76
[I 2021-05-27 14:03:40.265 ServerApp] Use Control-C to stop this server and shut down all kernels (twice to skip confirmation).
[C 2021-05-27 14:03:40.271 ServerApp] 
    
    To access the server, open this file in a browser:
        file:///gxfs_home/geomar/smomw260/.local/share/jupyter/runtime/jpserver-3480117-open.html
    Or copy and paste one of these URLs:
        http://localhost:8889/lab?token=b8d30317f8b46cc2b82a62a11e210151c24f8895d0a84b76
        http://127.0.0.1:8889/lab?token=b8d30317f8b46cc2b82a62a11e210151c24f8895d0a84b76
[I 2021-05-27 14:04:40.276 ServerApp] No kernels or terminals for 60 seconds; shutting down.
[I 2021-05-27 14:04:40.280 ServerApp] Shutting down 0 kernels
[I 2021-05-27 14:04:40.280 ServerApp] Shutting down 0 terminals
2021-05-27_14:04:40_396370792
