nesh-fe3
2021-05-27_12:03:46_615727383
[I 2021-05-27 12:04:03.163 ServerApp] jupyterlab | extension was successfully linked.
[I 2021-05-27 12:04:08.427 ServerApp] nbclassic | extension was successfully linked.
[I 2021-05-27 12:04:08.963 ServerApp] nbclassic | extension was successfully loaded.
[I 2021-05-27 12:04:08.966 LabApp] JupyterLab extension loaded from /gxfs_work1/geomar/smomw260/miniconda3/lib/python3.9/site-packages/jupyterlab
[I 2021-05-27 12:04:08.966 LabApp] JupyterLab application directory is /gxfs_work1/fs1/work-geomar3/smomw260/miniconda3/share/jupyter/lab
[I 2021-05-27 12:04:08.972 ServerApp] jupyterlab | extension was successfully loaded.
[I 2021-05-27 12:04:08.972 ServerApp] Will shut down after 60 seconds with no kernels or terminals.
[I 2021-05-27 12:04:08.973 ServerApp] The port 8888 is already in use, trying another port.
[I 2021-05-27 12:04:08.974 ServerApp] The port 8889 is already in use, trying another port.
[I 2021-05-27 12:04:08.974 ServerApp] The port 8890 is already in use, trying another port.
[I 2021-05-27 12:04:08.974 ServerApp] The port 8891 is already in use, trying another port.
[I 2021-05-27 12:04:08.975 ServerApp] The port 8892 is already in use, trying another port.
[I 2021-05-27 12:04:08.975 ServerApp] Serving notebooks from local directory: /gxfs_home/geomar/smomw260/github/jupyter-hpc-performance
[I 2021-05-27 12:04:08.975 ServerApp] Jupyter Server 1.8.0 is running at:
[I 2021-05-27 12:04:08.975 ServerApp] http://localhost:8825/lab?token=74e1a1df3a5737ea3bae8c1ef5eed3c8100267381c1a1632
[I 2021-05-27 12:04:08.975 ServerApp]     http://127.0.0.1:8825/lab?token=74e1a1df3a5737ea3bae8c1ef5eed3c8100267381c1a1632
[I 2021-05-27 12:04:08.975 ServerApp] Use Control-C to stop this server and shut down all kernels (twice to skip confirmation).
[C 2021-05-27 12:04:08.981 ServerApp] 
    
    To access the server, open this file in a browser:
        file:///gxfs_home/geomar/smomw260/.local/share/jupyter/runtime/jpserver-3341826-open.html
    Or copy and paste one of these URLs:
        http://localhost:8825/lab?token=74e1a1df3a5737ea3bae8c1ef5eed3c8100267381c1a1632
        http://127.0.0.1:8825/lab?token=74e1a1df3a5737ea3bae8c1ef5eed3c8100267381c1a1632
[I 2021-05-27 12:05:09.033 ServerApp] No kernels or terminals for 60 seconds; shutting down.
[I 2021-05-27 12:05:09.042 ServerApp] Shutting down 0 kernels
[I 2021-05-27 12:05:09.043 ServerApp] Shutting down 0 terminals
2021-05-27_12:05:09_169585159
