nesh-fe3
2021-05-27_07:02:05_993432518
[I 2021-05-27 07:02:10.957 ServerApp] jupyterlab | extension was successfully linked.
[I 2021-05-27 07:02:12.934 ServerApp] nbclassic | extension was successfully linked.
[I 2021-05-27 07:02:13.044 ServerApp] nbclassic | extension was successfully loaded.
[I 2021-05-27 07:02:13.046 LabApp] JupyterLab extension loaded from /gxfs_home/geomar/smomw260/miniconda3/lib/python3.9/site-packages/jupyterlab
[I 2021-05-27 07:02:13.046 LabApp] JupyterLab application directory is /gxfs_home/geomar/smomw260/miniconda3/share/jupyter/lab
[I 2021-05-27 07:02:13.048 ServerApp] jupyterlab | extension was successfully loaded.
[I 2021-05-27 07:02:13.049 ServerApp] Will shut down after 60 seconds with no kernels or terminals.
[I 2021-05-27 07:02:13.050 ServerApp] The port 8888 is already in use, trying another port.
[I 2021-05-27 07:02:13.050 ServerApp] The port 8889 is already in use, trying another port.
[I 2021-05-27 07:02:13.050 ServerApp] The port 8890 is already in use, trying another port.
[I 2021-05-27 07:02:13.050 ServerApp] The port 8891 is already in use, trying another port.
[I 2021-05-27 07:02:13.051 ServerApp] The port 8892 is already in use, trying another port.
[I 2021-05-27 07:02:13.051 ServerApp] Serving notebooks from local directory: /gxfs_home/geomar/smomw260/github/jupyter-hpc-performance
[I 2021-05-27 07:02:13.051 ServerApp] Jupyter Server 1.8.0 is running at:
[I 2021-05-27 07:02:13.051 ServerApp] http://localhost:8841/lab?token=2af08cf78f9717eed997b89c6f0c2440934a77424bfa0b4e
[I 2021-05-27 07:02:13.051 ServerApp]     http://127.0.0.1:8841/lab?token=2af08cf78f9717eed997b89c6f0c2440934a77424bfa0b4e
[I 2021-05-27 07:02:13.051 ServerApp] Use Control-C to stop this server and shut down all kernels (twice to skip confirmation).
[C 2021-05-27 07:02:13.057 ServerApp] 
    
    To access the server, open this file in a browser:
        file:///gxfs_home/geomar/smomw260/.local/share/jupyter/runtime/jpserver-3203995-open.html
    Or copy and paste one of these URLs:
        http://localhost:8841/lab?token=2af08cf78f9717eed997b89c6f0c2440934a77424bfa0b4e
        http://127.0.0.1:8841/lab?token=2af08cf78f9717eed997b89c6f0c2440934a77424bfa0b4e
[I 2021-05-27 07:03:13.056 ServerApp] No kernels or terminals for 60 seconds; shutting down.
[I 2021-05-27 07:03:13.058 ServerApp] Shutting down 0 kernels
[I 2021-05-27 07:03:13.058 ServerApp] Shutting down 0 terminals
2021-05-27_07:03:13_173917446
