nesh-fe3
2021-05-27_17:03:25_360348995
[I 2021-05-27 17:03:38.486 ServerApp] jupyterlab | extension was successfully linked.
[I 2021-05-27 17:03:44.009 ServerApp] nbclassic | extension was successfully linked.
[I 2021-05-27 17:03:44.197 ServerApp] nbclassic | extension was successfully loaded.
[I 2021-05-27 17:03:44.199 LabApp] JupyterLab extension loaded from /gxfs_work1/geomar/smomw260/miniconda3/lib/python3.9/site-packages/jupyterlab
[I 2021-05-27 17:03:44.199 LabApp] JupyterLab application directory is /gxfs_work1/fs1/work-geomar3/smomw260/miniconda3/share/jupyter/lab
[I 2021-05-27 17:03:44.207 ServerApp] jupyterlab | extension was successfully loaded.
[I 2021-05-27 17:03:44.207 ServerApp] Will shut down after 60 seconds with no kernels or terminals.
[I 2021-05-27 17:03:44.208 ServerApp] The port 8888 is already in use, trying another port.
[I 2021-05-27 17:03:44.208 ServerApp] Serving notebooks from local directory: /gxfs_home/geomar/smomw260/github/jupyter-hpc-performance
[I 2021-05-27 17:03:44.208 ServerApp] Jupyter Server 1.8.0 is running at:
[I 2021-05-27 17:03:44.209 ServerApp] http://localhost:8889/lab?token=653f34b368d8e499ac2cd1208aeacec2ad39b4b57ef4c9ec
[I 2021-05-27 17:03:44.209 ServerApp]     http://127.0.0.1:8889/lab?token=653f34b368d8e499ac2cd1208aeacec2ad39b4b57ef4c9ec
[I 2021-05-27 17:03:44.209 ServerApp] Use Control-C to stop this server and shut down all kernels (twice to skip confirmation).
[C 2021-05-27 17:03:44.215 ServerApp] 
    
    To access the server, open this file in a browser:
        file:///gxfs_home/geomar/smomw260/.local/share/jupyter/runtime/jpserver-3714890-open.html
    Or copy and paste one of these URLs:
        http://localhost:8889/lab?token=653f34b368d8e499ac2cd1208aeacec2ad39b4b57ef4c9ec
        http://127.0.0.1:8889/lab?token=653f34b368d8e499ac2cd1208aeacec2ad39b4b57ef4c9ec
[I 2021-05-27 17:04:44.246 ServerApp] No kernels or terminals for 60 seconds; shutting down.
[I 2021-05-27 17:04:44.251 ServerApp] Shutting down 0 kernels
[I 2021-05-27 17:04:44.252 ServerApp] Shutting down 0 terminals
2021-05-27_17:04:44_357278846
