nesh-fe3
2021-05-26_18:02:07_152046509
[I 2021-05-26 18:02:22.236 ServerApp] jupyterlab | extension was successfully linked.
[I 2021-05-26 18:02:28.972 ServerApp] nbclassic | extension was successfully linked.
[I 2021-05-26 18:02:29.112 ServerApp] nbclassic | extension was successfully loaded.
[I 2021-05-26 18:02:29.113 LabApp] JupyterLab extension loaded from /gxfs_home/geomar/smomw260/miniconda3/lib/python3.9/site-packages/jupyterlab
[I 2021-05-26 18:02:29.113 LabApp] JupyterLab application directory is /gxfs_home/geomar/smomw260/miniconda3/share/jupyter/lab
[I 2021-05-26 18:02:29.117 ServerApp] jupyterlab | extension was successfully loaded.
[I 2021-05-26 18:02:29.118 ServerApp] Will shut down after 60 seconds with no kernels or terminals.
[I 2021-05-26 18:02:29.119 ServerApp] The port 8888 is already in use, trying another port.
[I 2021-05-26 18:02:29.119 ServerApp] The port 8889 is already in use, trying another port.
[I 2021-05-26 18:02:29.119 ServerApp] The port 8890 is already in use, trying another port.
[I 2021-05-26 18:02:29.119 ServerApp] The port 8891 is already in use, trying another port.
[I 2021-05-26 18:02:29.120 ServerApp] The port 8892 is already in use, trying another port.
[I 2021-05-26 18:02:29.120 ServerApp] Serving notebooks from local directory: /gxfs_home/geomar/smomw260/github/jupyter-hpc-performance
[I 2021-05-26 18:02:29.120 ServerApp] Jupyter Server 1.8.0 is running at:
[I 2021-05-26 18:02:29.120 ServerApp] http://localhost:8979/lab?token=d91ff1b98ec600e8563df2774ef30a62680dcc8da0725493
[I 2021-05-26 18:02:29.120 ServerApp]     http://127.0.0.1:8979/lab?token=d91ff1b98ec600e8563df2774ef30a62680dcc8da0725493
[I 2021-05-26 18:02:29.120 ServerApp] Use Control-C to stop this server and shut down all kernels (twice to skip confirmation).
[C 2021-05-26 18:02:29.126 ServerApp] 
    
    To access the server, open this file in a browser:
        file:///gxfs_home/geomar/smomw260/.local/share/jupyter/runtime/jpserver-3110020-open.html
    Or copy and paste one of these URLs:
        http://localhost:8979/lab?token=d91ff1b98ec600e8563df2774ef30a62680dcc8da0725493
        http://127.0.0.1:8979/lab?token=d91ff1b98ec600e8563df2774ef30a62680dcc8da0725493
[I 2021-05-26 18:03:29.179 ServerApp] No kernels or terminals for 60 seconds; shutting down.
[I 2021-05-26 18:03:29.181 ServerApp] Shutting down 0 kernels
[I 2021-05-26 18:03:29.181 ServerApp] Shutting down 0 terminals
2021-05-26_18:03:29_308314278
