nesh-fe3
2021-05-27_13:02:08_769575926
[I 2021-05-27 13:02:20.692 ServerApp] jupyterlab | extension was successfully linked.
[I 2021-05-27 13:02:24.744 ServerApp] nbclassic | extension was successfully linked.
[I 2021-05-27 13:02:24.919 ServerApp] nbclassic | extension was successfully loaded.
[I 2021-05-27 13:02:24.920 LabApp] JupyterLab extension loaded from /gxfs_home/geomar/smomw260/miniconda3/lib/python3.9/site-packages/jupyterlab
[I 2021-05-27 13:02:24.920 LabApp] JupyterLab application directory is /gxfs_home/geomar/smomw260/miniconda3/share/jupyter/lab
[I 2021-05-27 13:02:24.926 ServerApp] jupyterlab | extension was successfully loaded.
[I 2021-05-27 13:02:24.927 ServerApp] Will shut down after 60 seconds with no kernels or terminals.
[I 2021-05-27 13:02:24.928 ServerApp] The port 8888 is already in use, trying another port.
[I 2021-05-27 13:02:24.929 ServerApp] Serving notebooks from local directory: /gxfs_home/geomar/smomw260/github/jupyter-hpc-performance
[I 2021-05-27 13:02:24.929 ServerApp] Jupyter Server 1.8.0 is running at:
[I 2021-05-27 13:02:24.929 ServerApp] http://localhost:8889/lab?token=9e8367e8be4240c952ead37ae82d4751b8239eacd3f8651d
[I 2021-05-27 13:02:24.929 ServerApp]     http://127.0.0.1:8889/lab?token=9e8367e8be4240c952ead37ae82d4751b8239eacd3f8651d
[I 2021-05-27 13:02:24.929 ServerApp] Use Control-C to stop this server and shut down all kernels (twice to skip confirmation).
[C 2021-05-27 13:02:24.936 ServerApp] 
    
    To access the server, open this file in a browser:
        file:///gxfs_home/geomar/smomw260/.local/share/jupyter/runtime/jpserver-3412808-open.html
    Or copy and paste one of these URLs:
        http://localhost:8889/lab?token=9e8367e8be4240c952ead37ae82d4751b8239eacd3f8651d
        http://127.0.0.1:8889/lab?token=9e8367e8be4240c952ead37ae82d4751b8239eacd3f8651d
[I 2021-05-27 13:03:24.948 ServerApp] No kernels or terminals for 60 seconds; shutting down.
[I 2021-05-27 13:03:24.951 ServerApp] Shutting down 0 kernels
[I 2021-05-27 13:03:24.952 ServerApp] Shutting down 0 terminals
2021-05-27_13:03:25_254577154
