nesh-fe3
2021-05-26_23:03:23_560335094
[I 2021-05-26 23:03:34.947 ServerApp] jupyterlab | extension was successfully linked.
[I 2021-05-26 23:03:40.355 ServerApp] nbclassic | extension was successfully linked.
[I 2021-05-26 23:03:40.490 ServerApp] nbclassic | extension was successfully loaded.
[I 2021-05-26 23:03:40.491 LabApp] JupyterLab extension loaded from /gxfs_work1/geomar/smomw260/miniconda3/lib/python3.9/site-packages/jupyterlab
[I 2021-05-26 23:03:40.491 LabApp] JupyterLab application directory is /gxfs_work1/fs1/work-geomar3/smomw260/miniconda3/share/jupyter/lab
[I 2021-05-26 23:03:40.495 ServerApp] jupyterlab | extension was successfully loaded.
[I 2021-05-26 23:03:40.495 ServerApp] Will shut down after 60 seconds with no kernels or terminals.
[I 2021-05-26 23:03:40.496 ServerApp] The port 8888 is already in use, trying another port.
[I 2021-05-26 23:03:40.497 ServerApp] The port 8889 is already in use, trying another port.
[I 2021-05-26 23:03:40.497 ServerApp] The port 8890 is already in use, trying another port.
[I 2021-05-26 23:03:40.497 ServerApp] The port 8891 is already in use, trying another port.
[I 2021-05-26 23:03:40.497 ServerApp] The port 8892 is already in use, trying another port.
[I 2021-05-26 23:03:40.498 ServerApp] The port 8890 is already in use, trying another port.
[I 2021-05-26 23:03:40.498 ServerApp] Serving notebooks from local directory: /gxfs_home/geomar/smomw260/github/jupyter-hpc-performance
[I 2021-05-26 23:03:40.498 ServerApp] Jupyter Server 1.8.0 is running at:
[I 2021-05-26 23:03:40.498 ServerApp] http://localhost:8802/lab?token=7a06fe970779e20908cc918f8fb3c2d126e5f73f6c0a81de
[I 2021-05-26 23:03:40.498 ServerApp]     http://127.0.0.1:8802/lab?token=7a06fe970779e20908cc918f8fb3c2d126e5f73f6c0a81de
[I 2021-05-26 23:03:40.498 ServerApp] Use Control-C to stop this server and shut down all kernels (twice to skip confirmation).
[C 2021-05-26 23:03:40.708 ServerApp] 
    
    To access the server, open this file in a browser:
        file:///gxfs_home/geomar/smomw260/.local/share/jupyter/runtime/jpserver-3165021-open.html
    Or copy and paste one of these URLs:
        http://localhost:8802/lab?token=7a06fe970779e20908cc918f8fb3c2d126e5f73f6c0a81de
        http://127.0.0.1:8802/lab?token=7a06fe970779e20908cc918f8fb3c2d126e5f73f6c0a81de
[I 2021-05-26 23:04:40.556 ServerApp] No kernels or terminals for 60 seconds; shutting down.
[I 2021-05-26 23:04:40.558 ServerApp] Shutting down 0 kernels
[I 2021-05-26 23:04:40.558 ServerApp] Shutting down 0 terminals
2021-05-26_23:04:40_697688382
