nesh-fe3
2021-05-27_17:02:10_135500152
[I 2021-05-27 17:02:20.910 ServerApp] jupyterlab | extension was successfully linked.
[I 2021-05-27 17:02:24.799 ServerApp] nbclassic | extension was successfully linked.
[I 2021-05-27 17:02:25.165 ServerApp] nbclassic | extension was successfully loaded.
[I 2021-05-27 17:02:25.166 LabApp] JupyterLab extension loaded from /gxfs_home/geomar/smomw260/miniconda3/lib/python3.9/site-packages/jupyterlab
[I 2021-05-27 17:02:25.166 LabApp] JupyterLab application directory is /gxfs_home/geomar/smomw260/miniconda3/share/jupyter/lab
[I 2021-05-27 17:02:25.171 ServerApp] jupyterlab | extension was successfully loaded.
[I 2021-05-27 17:02:25.171 ServerApp] Will shut down after 60 seconds with no kernels or terminals.
[I 2021-05-27 17:02:25.172 ServerApp] The port 8888 is already in use, trying another port.
[I 2021-05-27 17:02:25.173 ServerApp] Serving notebooks from local directory: /gxfs_home/geomar/smomw260/github/jupyter-hpc-performance
[I 2021-05-27 17:02:25.173 ServerApp] Jupyter Server 1.8.0 is running at:
[I 2021-05-27 17:02:25.173 ServerApp] http://localhost:8889/lab?token=88f3c5dfe12bb87d66d685eaea1fa03116f22c97b5cb16fa
[I 2021-05-27 17:02:25.173 ServerApp]     http://127.0.0.1:8889/lab?token=88f3c5dfe12bb87d66d685eaea1fa03116f22c97b5cb16fa
[I 2021-05-27 17:02:25.173 ServerApp] Use Control-C to stop this server and shut down all kernels (twice to skip confirmation).
[C 2021-05-27 17:02:25.179 ServerApp] 
    
    To access the server, open this file in a browser:
        file:///gxfs_home/geomar/smomw260/.local/share/jupyter/runtime/jpserver-3714784-open.html
    Or copy and paste one of these URLs:
        http://localhost:8889/lab?token=88f3c5dfe12bb87d66d685eaea1fa03116f22c97b5cb16fa
        http://127.0.0.1:8889/lab?token=88f3c5dfe12bb87d66d685eaea1fa03116f22c97b5cb16fa
[I 2021-05-27 17:03:25.193 ServerApp] No kernels or terminals for 60 seconds; shutting down.
[I 2021-05-27 17:03:25.196 ServerApp] Shutting down 0 kernels
[I 2021-05-27 17:03:25.196 ServerApp] Shutting down 0 terminals
2021-05-27_17:03:25_317115402
