nesh-fe3
2021-05-26_22:02:08_925406572
[I 2021-05-26 22:02:16.752 ServerApp] jupyterlab | extension was successfully linked.
[I 2021-05-26 22:02:19.506 ServerApp] nbclassic | extension was successfully linked.
[I 2021-05-26 22:02:19.636 ServerApp] nbclassic | extension was successfully loaded.
[I 2021-05-26 22:02:19.638 LabApp] JupyterLab extension loaded from /gxfs_home/geomar/smomw260/miniconda3/lib/python3.9/site-packages/jupyterlab
[I 2021-05-26 22:02:19.638 LabApp] JupyterLab application directory is /gxfs_home/geomar/smomw260/miniconda3/share/jupyter/lab
[I 2021-05-26 22:02:19.640 ServerApp] jupyterlab | extension was successfully loaded.
[I 2021-05-26 22:02:19.641 ServerApp] Will shut down after 60 seconds with no kernels or terminals.
[I 2021-05-26 22:02:19.642 ServerApp] The port 8888 is already in use, trying another port.
[I 2021-05-26 22:02:19.642 ServerApp] The port 8889 is already in use, trying another port.
[I 2021-05-26 22:02:19.642 ServerApp] The port 8890 is already in use, trying another port.
[I 2021-05-26 22:02:19.642 ServerApp] The port 8891 is already in use, trying another port.
[I 2021-05-26 22:02:19.643 ServerApp] The port 8892 is already in use, trying another port.
[I 2021-05-26 22:02:19.643 ServerApp] Serving notebooks from local directory: /gxfs_home/geomar/smomw260/github/jupyter-hpc-performance
[I 2021-05-26 22:02:19.643 ServerApp] Jupyter Server 1.8.0 is running at:
[I 2021-05-26 22:02:19.643 ServerApp] http://localhost:8970/lab?token=1eb719e79c221dd3758e85767f3b411eea3152269de0429a
[I 2021-05-26 22:02:19.643 ServerApp]     http://127.0.0.1:8970/lab?token=1eb719e79c221dd3758e85767f3b411eea3152269de0429a
[I 2021-05-26 22:02:19.643 ServerApp] Use Control-C to stop this server and shut down all kernels (twice to skip confirmation).
[C 2021-05-26 22:02:19.649 ServerApp] 
    
    To access the server, open this file in a browser:
        file:///gxfs_home/geomar/smomw260/.local/share/jupyter/runtime/jpserver-3159023-open.html
    Or copy and paste one of these URLs:
        http://localhost:8970/lab?token=1eb719e79c221dd3758e85767f3b411eea3152269de0429a
        http://127.0.0.1:8970/lab?token=1eb719e79c221dd3758e85767f3b411eea3152269de0429a
[I 2021-05-26 22:03:19.702 ServerApp] No kernels or terminals for 60 seconds; shutting down.
[I 2021-05-26 22:03:19.704 ServerApp] Shutting down 0 kernels
[I 2021-05-26 22:03:19.704 ServerApp] Shutting down 0 terminals
2021-05-26_22:03:19_820834500
