nesh-fe3
2021-05-26_21:03:19_225580895
[I 2021-05-26 21:03:28.771 ServerApp] jupyterlab | extension was successfully linked.
[I 2021-05-26 21:03:32.386 ServerApp] nbclassic | extension was successfully linked.
[I 2021-05-26 21:03:32.507 ServerApp] nbclassic | extension was successfully loaded.
[I 2021-05-26 21:03:32.508 LabApp] JupyterLab extension loaded from /gxfs_work1/geomar/smomw260/miniconda3/lib/python3.9/site-packages/jupyterlab
[I 2021-05-26 21:03:32.508 LabApp] JupyterLab application directory is /gxfs_work1/fs1/work-geomar3/smomw260/miniconda3/share/jupyter/lab
[I 2021-05-26 21:03:32.511 ServerApp] jupyterlab | extension was successfully loaded.
[I 2021-05-26 21:03:32.511 ServerApp] Will shut down after 60 seconds with no kernels or terminals.
[I 2021-05-26 21:03:32.512 ServerApp] The port 8888 is already in use, trying another port.
[I 2021-05-26 21:03:32.513 ServerApp] The port 8889 is already in use, trying another port.
[I 2021-05-26 21:03:32.513 ServerApp] The port 8890 is already in use, trying another port.
[I 2021-05-26 21:03:32.513 ServerApp] The port 8891 is already in use, trying another port.
[I 2021-05-26 21:03:32.513 ServerApp] The port 8892 is already in use, trying another port.
[I 2021-05-26 21:03:32.513 ServerApp] The port 8973 is already in use, trying another port.
[I 2021-05-26 21:03:32.514 ServerApp] Serving notebooks from local directory: /gxfs_home/geomar/smomw260/github/jupyter-hpc-performance
[I 2021-05-26 21:03:32.514 ServerApp] Jupyter Server 1.8.0 is running at:
[I 2021-05-26 21:03:32.514 ServerApp] http://localhost:8804/lab?token=11de01e429b1ca9cb1a63fb5d4c5aedc30e0cace9af91310
[I 2021-05-26 21:03:32.514 ServerApp]     http://127.0.0.1:8804/lab?token=11de01e429b1ca9cb1a63fb5d4c5aedc30e0cace9af91310
[I 2021-05-26 21:03:32.514 ServerApp] Use Control-C to stop this server and shut down all kernels (twice to skip confirmation).
[C 2021-05-26 21:03:32.519 ServerApp] 
    
    To access the server, open this file in a browser:
        file:///gxfs_home/geomar/smomw260/.local/share/jupyter/runtime/jpserver-3153592-open.html
    Or copy and paste one of these URLs:
        http://localhost:8804/lab?token=11de01e429b1ca9cb1a63fb5d4c5aedc30e0cace9af91310
        http://127.0.0.1:8804/lab?token=11de01e429b1ca9cb1a63fb5d4c5aedc30e0cace9af91310
[I 2021-05-26 21:04:32.572 ServerApp] No kernels or terminals for 60 seconds; shutting down.
[I 2021-05-26 21:04:32.574 ServerApp] Shutting down 0 kernels
[I 2021-05-26 21:04:32.574 ServerApp] Shutting down 0 terminals
2021-05-26_21:04:32_695110410
