nesh-fe3
2021-05-27_00:03:19_785458771
[I 2021-05-27 00:03:26.547 ServerApp] jupyterlab | extension was successfully linked.
[I 2021-05-27 00:03:28.638 ServerApp] nbclassic | extension was successfully linked.
[I 2021-05-27 00:03:28.716 ServerApp] nbclassic | extension was successfully loaded.
[I 2021-05-27 00:03:28.717 LabApp] JupyterLab extension loaded from /gxfs_work1/geomar/smomw260/miniconda3/lib/python3.9/site-packages/jupyterlab
[I 2021-05-27 00:03:28.717 LabApp] JupyterLab application directory is /gxfs_work1/fs1/work-geomar3/smomw260/miniconda3/share/jupyter/lab
[I 2021-05-27 00:03:28.720 ServerApp] jupyterlab | extension was successfully loaded.
[I 2021-05-27 00:03:28.720 ServerApp] Will shut down after 60 seconds with no kernels or terminals.
[I 2021-05-27 00:03:28.721 ServerApp] The port 8888 is already in use, trying another port.
[I 2021-05-27 00:03:28.722 ServerApp] The port 8889 is already in use, trying another port.
[I 2021-05-27 00:03:28.722 ServerApp] The port 8890 is already in use, trying another port.
[I 2021-05-27 00:03:28.722 ServerApp] The port 8891 is already in use, trying another port.
[I 2021-05-27 00:03:28.722 ServerApp] The port 8892 is already in use, trying another port.
[I 2021-05-27 00:03:28.723 ServerApp] Serving notebooks from local directory: /gxfs_home/geomar/smomw260/github/jupyter-hpc-performance
[I 2021-05-27 00:03:28.723 ServerApp] Jupyter Server 1.8.0 is running at:
[I 2021-05-27 00:03:28.723 ServerApp] http://localhost:8947/lab?token=7cc9d5a6f6d8cd8ab391accbe05db19404554701ff0b1561
[I 2021-05-27 00:03:28.723 ServerApp]     http://127.0.0.1:8947/lab?token=7cc9d5a6f6d8cd8ab391accbe05db19404554701ff0b1561
[I 2021-05-27 00:03:28.723 ServerApp] Use Control-C to stop this server and shut down all kernels (twice to skip confirmation).
[C 2021-05-27 00:03:28.727 ServerApp] 
    
    To access the server, open this file in a browser:
        file:///gxfs_home/geomar/smomw260/.local/share/jupyter/runtime/jpserver-3169851-open.html
    Or copy and paste one of these URLs:
        http://localhost:8947/lab?token=7cc9d5a6f6d8cd8ab391accbe05db19404554701ff0b1561
        http://127.0.0.1:8947/lab?token=7cc9d5a6f6d8cd8ab391accbe05db19404554701ff0b1561
[I 2021-05-27 00:04:28.780 ServerApp] No kernels or terminals for 60 seconds; shutting down.
[I 2021-05-27 00:04:28.781 ServerApp] Shutting down 0 kernels
[I 2021-05-27 00:04:28.782 ServerApp] Shutting down 0 terminals
2021-05-27_00:04:28_895811754
