nesh-fe3
2021-05-27_08:03:12_282449195
[I 2021-05-27 08:03:17.799 ServerApp] jupyterlab | extension was successfully linked.
[I 2021-05-27 08:03:20.553 ServerApp] nbclassic | extension was successfully linked.
[I 2021-05-27 08:03:20.608 ServerApp] nbclassic | extension was successfully loaded.
[I 2021-05-27 08:03:20.609 LabApp] JupyterLab extension loaded from /gxfs_work1/geomar/smomw260/miniconda3/lib/python3.9/site-packages/jupyterlab
[I 2021-05-27 08:03:20.609 LabApp] JupyterLab application directory is /gxfs_work1/fs1/work-geomar3/smomw260/miniconda3/share/jupyter/lab
[I 2021-05-27 08:03:20.612 ServerApp] jupyterlab | extension was successfully loaded.
[I 2021-05-27 08:03:20.612 ServerApp] Will shut down after 60 seconds with no kernels or terminals.
[I 2021-05-27 08:03:20.613 ServerApp] The port 8888 is already in use, trying another port.
[I 2021-05-27 08:03:20.614 ServerApp] The port 8889 is already in use, trying another port.
[I 2021-05-27 08:03:20.614 ServerApp] The port 8890 is already in use, trying another port.
[I 2021-05-27 08:03:20.614 ServerApp] The port 8891 is already in use, trying another port.
[I 2021-05-27 08:03:20.614 ServerApp] The port 8892 is already in use, trying another port.
[I 2021-05-27 08:03:20.615 ServerApp] Serving notebooks from local directory: /gxfs_home/geomar/smomw260/github/jupyter-hpc-performance
[I 2021-05-27 08:03:20.615 ServerApp] Jupyter Server 1.8.0 is running at:
[I 2021-05-27 08:03:20.615 ServerApp] http://localhost:8824/lab?token=043c1a8437badedd1dc808010623096254f7f707d5066bfd
[I 2021-05-27 08:03:20.615 ServerApp]     http://127.0.0.1:8824/lab?token=043c1a8437badedd1dc808010623096254f7f707d5066bfd
[I 2021-05-27 08:03:20.615 ServerApp] Use Control-C to stop this server and shut down all kernels (twice to skip confirmation).
[C 2021-05-27 08:03:20.621 ServerApp] 
    
    To access the server, open this file in a browser:
        file:///gxfs_home/geomar/smomw260/.local/share/jupyter/runtime/jpserver-3208779-open.html
    Or copy and paste one of these URLs:
        http://localhost:8824/lab?token=043c1a8437badedd1dc808010623096254f7f707d5066bfd
        http://127.0.0.1:8824/lab?token=043c1a8437badedd1dc808010623096254f7f707d5066bfd
[I 2021-05-27 08:04:20.674 ServerApp] No kernels or terminals for 60 seconds; shutting down.
[I 2021-05-27 08:04:20.675 ServerApp] Shutting down 0 kernels
[I 2021-05-27 08:04:20.676 ServerApp] Shutting down 0 terminals
2021-05-27_08:04:20_836498414
