nesh-fe3
2021-05-27_15:03:31_378065269
[I 2021-05-27 15:03:43.385 ServerApp] jupyterlab | extension was successfully linked.
[I 2021-05-27 15:03:48.198 ServerApp] nbclassic | extension was successfully linked.
[I 2021-05-27 15:03:48.453 ServerApp] nbclassic | extension was successfully loaded.
[I 2021-05-27 15:03:48.456 LabApp] JupyterLab extension loaded from /gxfs_work1/geomar/smomw260/miniconda3/lib/python3.9/site-packages/jupyterlab
[I 2021-05-27 15:03:48.456 LabApp] JupyterLab application directory is /gxfs_work1/fs1/work-geomar3/smomw260/miniconda3/share/jupyter/lab
[I 2021-05-27 15:03:48.473 ServerApp] jupyterlab | extension was successfully loaded.
[I 2021-05-27 15:03:48.473 ServerApp] Will shut down after 60 seconds with no kernels or terminals.
[I 2021-05-27 15:03:48.474 ServerApp] The port 8888 is already in use, trying another port.
[I 2021-05-27 15:03:48.475 ServerApp] Serving notebooks from local directory: /gxfs_home/geomar/smomw260/github/jupyter-hpc-performance
[I 2021-05-27 15:03:48.475 ServerApp] Jupyter Server 1.8.0 is running at:
[I 2021-05-27 15:03:48.475 ServerApp] http://localhost:8889/lab?token=ba0667044f5ee3016b927588e4a24fe9d468bb83172eb222
[I 2021-05-27 15:03:48.475 ServerApp]     http://127.0.0.1:8889/lab?token=ba0667044f5ee3016b927588e4a24fe9d468bb83172eb222
[I 2021-05-27 15:03:48.475 ServerApp] Use Control-C to stop this server and shut down all kernels (twice to skip confirmation).
[C 2021-05-27 15:03:48.481 ServerApp] 
    
    To access the server, open this file in a browser:
        file:///gxfs_home/geomar/smomw260/.local/share/jupyter/runtime/jpserver-3573395-open.html
    Or copy and paste one of these URLs:
        http://localhost:8889/lab?token=ba0667044f5ee3016b927588e4a24fe9d468bb83172eb222
        http://127.0.0.1:8889/lab?token=ba0667044f5ee3016b927588e4a24fe9d468bb83172eb222
[I 2021-05-27 15:04:48.535 ServerApp] No kernels or terminals for 60 seconds; shutting down.
[I 2021-05-27 15:04:48.656 ServerApp] Shutting down 0 kernels
[I 2021-05-27 15:04:48.657 ServerApp] Shutting down 0 terminals
2021-05-27_15:04:48_785320078
