nesh-fe3
2021-05-26_20:03:26_675284940
[I 2021-05-26 20:03:41.525 ServerApp] jupyterlab | extension was successfully linked.
[I 2021-05-26 20:03:47.534 ServerApp] nbclassic | extension was successfully linked.
[I 2021-05-26 20:03:47.884 ServerApp] nbclassic | extension was successfully loaded.
[I 2021-05-26 20:03:47.885 LabApp] JupyterLab extension loaded from /gxfs_work1/geomar/smomw260/miniconda3/lib/python3.9/site-packages/jupyterlab
[I 2021-05-26 20:03:47.885 LabApp] JupyterLab application directory is /gxfs_work1/fs1/work-geomar3/smomw260/miniconda3/share/jupyter/lab
[I 2021-05-26 20:03:47.888 ServerApp] jupyterlab | extension was successfully loaded.
[I 2021-05-26 20:03:47.889 ServerApp] Will shut down after 60 seconds with no kernels or terminals.
[I 2021-05-26 20:03:47.890 ServerApp] The port 8888 is already in use, trying another port.
[I 2021-05-26 20:03:47.890 ServerApp] The port 8889 is already in use, trying another port.
[I 2021-05-26 20:03:47.890 ServerApp] The port 8890 is already in use, trying another port.
[I 2021-05-26 20:03:47.890 ServerApp] The port 8891 is already in use, trying another port.
[I 2021-05-26 20:03:47.891 ServerApp] The port 8892 is already in use, trying another port.
[I 2021-05-26 20:03:47.891 ServerApp] Serving notebooks from local directory: /gxfs_home/geomar/smomw260/github/jupyter-hpc-performance
[I 2021-05-26 20:03:47.891 ServerApp] Jupyter Server 1.8.0 is running at:
[I 2021-05-26 20:03:47.891 ServerApp] http://localhost:8942/lab?token=f7da74810b13ae64ee507fbc35e62558b7d53fe83c15debc
[I 2021-05-26 20:03:47.891 ServerApp]     http://127.0.0.1:8942/lab?token=f7da74810b13ae64ee507fbc35e62558b7d53fe83c15debc
[I 2021-05-26 20:03:47.891 ServerApp] Use Control-C to stop this server and shut down all kernels (twice to skip confirmation).
[C 2021-05-26 20:03:47.899 ServerApp] 
    
    To access the server, open this file in a browser:
        file:///gxfs_home/geomar/smomw260/.local/share/jupyter/runtime/jpserver-3148302-open.html
    Or copy and paste one of these URLs:
        http://localhost:8942/lab?token=f7da74810b13ae64ee507fbc35e62558b7d53fe83c15debc
        http://127.0.0.1:8942/lab?token=f7da74810b13ae64ee507fbc35e62558b7d53fe83c15debc
[I 2021-05-26 20:04:47.950 ServerApp] No kernels or terminals for 60 seconds; shutting down.
[I 2021-05-26 20:04:47.951 ServerApp] Shutting down 0 kernels
[I 2021-05-26 20:04:47.951 ServerApp] Shutting down 0 terminals
2021-05-26_20:04:48_063888076
