nesh-fe3
2021-05-27_11:02:12_650102134
[I 2021-05-27 11:02:27.840 ServerApp] jupyterlab | extension was successfully linked.
[I 2021-05-27 11:02:32.501 ServerApp] nbclassic | extension was successfully linked.
[I 2021-05-27 11:02:32.882 ServerApp] nbclassic | extension was successfully loaded.
[I 2021-05-27 11:02:32.883 LabApp] JupyterLab extension loaded from /gxfs_home/geomar/smomw260/miniconda3/lib/python3.9/site-packages/jupyterlab
[I 2021-05-27 11:02:32.883 LabApp] JupyterLab application directory is /gxfs_home/geomar/smomw260/miniconda3/share/jupyter/lab
[I 2021-05-27 11:02:32.901 ServerApp] jupyterlab | extension was successfully loaded.
[I 2021-05-27 11:02:32.901 ServerApp] Will shut down after 60 seconds with no kernels or terminals.
[I 2021-05-27 11:02:32.902 ServerApp] The port 8888 is already in use, trying another port.
[I 2021-05-27 11:02:32.903 ServerApp] The port 8889 is already in use, trying another port.
[I 2021-05-27 11:02:32.903 ServerApp] The port 8890 is already in use, trying another port.
[I 2021-05-27 11:02:32.903 ServerApp] The port 8891 is already in use, trying another port.
[I 2021-05-27 11:02:32.903 ServerApp] The port 8892 is already in use, trying another port.
[I 2021-05-27 11:02:32.904 ServerApp] Serving notebooks from local directory: /gxfs_home/geomar/smomw260/github/jupyter-hpc-performance
[I 2021-05-27 11:02:32.904 ServerApp] Jupyter Server 1.8.0 is running at:
[I 2021-05-27 11:02:32.904 ServerApp] http://localhost:8844/lab?token=eda163ff705d5a1d0014313722c9722abb06baf0cb7a8f33
[I 2021-05-27 11:02:32.904 ServerApp]     http://127.0.0.1:8844/lab?token=eda163ff705d5a1d0014313722c9722abb06baf0cb7a8f33
[I 2021-05-27 11:02:32.904 ServerApp] Use Control-C to stop this server and shut down all kernels (twice to skip confirmation).
[C 2021-05-27 11:02:32.912 ServerApp] 
    
    To access the server, open this file in a browser:
        file:///gxfs_home/geomar/smomw260/.local/share/jupyter/runtime/jpserver-3250339-open.html
    Or copy and paste one of these URLs:
        http://localhost:8844/lab?token=eda163ff705d5a1d0014313722c9722abb06baf0cb7a8f33
        http://127.0.0.1:8844/lab?token=eda163ff705d5a1d0014313722c9722abb06baf0cb7a8f33
[I 2021-05-27 11:03:32.962 ServerApp] No kernels or terminals for 60 seconds; shutting down.
[I 2021-05-27 11:03:32.966 ServerApp] Shutting down 0 kernels
[I 2021-05-27 11:03:32.966 ServerApp] Shutting down 0 terminals
2021-05-27_11:03:33_093971835
