nesh-fe3
2021-05-27_00:02:08_455975554
[I 2021-05-27 00:02:16.552 ServerApp] jupyterlab | extension was successfully linked.
[I 2021-05-27 00:02:19.162 ServerApp] nbclassic | extension was successfully linked.
[I 2021-05-27 00:02:19.493 ServerApp] nbclassic | extension was successfully loaded.
[I 2021-05-27 00:02:19.495 LabApp] JupyterLab extension loaded from /gxfs_home/geomar/smomw260/miniconda3/lib/python3.9/site-packages/jupyterlab
[I 2021-05-27 00:02:19.495 LabApp] JupyterLab application directory is /gxfs_home/geomar/smomw260/miniconda3/share/jupyter/lab
[I 2021-05-27 00:02:19.498 ServerApp] jupyterlab | extension was successfully loaded.
[I 2021-05-27 00:02:19.499 ServerApp] Will shut down after 60 seconds with no kernels or terminals.
[I 2021-05-27 00:02:19.500 ServerApp] The port 8888 is already in use, trying another port.
[I 2021-05-27 00:02:19.500 ServerApp] The port 8889 is already in use, trying another port.
[I 2021-05-27 00:02:19.500 ServerApp] The port 8890 is already in use, trying another port.
[I 2021-05-27 00:02:19.501 ServerApp] The port 8891 is already in use, trying another port.
[I 2021-05-27 00:02:19.501 ServerApp] The port 8892 is already in use, trying another port.
[I 2021-05-27 00:02:19.501 ServerApp] The port 8973 is already in use, trying another port.
[I 2021-05-27 00:02:19.501 ServerApp] The port 8923 is already in use, trying another port.
[I 2021-05-27 00:02:19.502 ServerApp] Serving notebooks from local directory: /gxfs_home/geomar/smomw260/github/jupyter-hpc-performance
[I 2021-05-27 00:02:19.502 ServerApp] Jupyter Server 1.8.0 is running at:
[I 2021-05-27 00:02:19.502 ServerApp] http://localhost:8832/lab?token=327ed698ce1421c6b818ef03e61221971739279d1e0af5df
[I 2021-05-27 00:02:19.502 ServerApp]     http://127.0.0.1:8832/lab?token=327ed698ce1421c6b818ef03e61221971739279d1e0af5df
[I 2021-05-27 00:02:19.502 ServerApp] Use Control-C to stop this server and shut down all kernels (twice to skip confirmation).
[C 2021-05-27 00:02:19.508 ServerApp] 
    
    To access the server, open this file in a browser:
        file:///gxfs_home/geomar/smomw260/.local/share/jupyter/runtime/jpserver-3169709-open.html
    Or copy and paste one of these URLs:
        http://localhost:8832/lab?token=327ed698ce1421c6b818ef03e61221971739279d1e0af5df
        http://127.0.0.1:8832/lab?token=327ed698ce1421c6b818ef03e61221971739279d1e0af5df
[I 2021-05-27 00:03:19.561 ServerApp] No kernels or terminals for 60 seconds; shutting down.
[I 2021-05-27 00:03:19.562 ServerApp] Shutting down 0 kernels
[I 2021-05-27 00:03:19.563 ServerApp] Shutting down 0 terminals
2021-05-27_00:03:19_747091173
