nesh-fe3
2021-05-26_19:03:47_597419151
[I 2021-05-26 19:04:04.180 ServerApp] jupyterlab | extension was successfully linked.
[I 2021-05-26 19:04:09.836 ServerApp] nbclassic | extension was successfully linked.
[I 2021-05-26 19:04:10.195 ServerApp] nbclassic | extension was successfully loaded.
[I 2021-05-26 19:04:10.196 LabApp] JupyterLab extension loaded from /gxfs_work1/geomar/smomw260/miniconda3/lib/python3.9/site-packages/jupyterlab
[I 2021-05-26 19:04:10.196 LabApp] JupyterLab application directory is /gxfs_work1/fs1/work-geomar3/smomw260/miniconda3/share/jupyter/lab
[I 2021-05-26 19:04:10.199 ServerApp] jupyterlab | extension was successfully loaded.
[I 2021-05-26 19:04:10.200 ServerApp] Will shut down after 60 seconds with no kernels or terminals.
[I 2021-05-26 19:04:10.201 ServerApp] The port 8888 is already in use, trying another port.
[I 2021-05-26 19:04:10.201 ServerApp] The port 8889 is already in use, trying another port.
[I 2021-05-26 19:04:10.201 ServerApp] The port 8890 is already in use, trying another port.
[I 2021-05-26 19:04:10.201 ServerApp] The port 8891 is already in use, trying another port.
[I 2021-05-26 19:04:10.202 ServerApp] The port 8892 is already in use, trying another port.
[I 2021-05-26 19:04:10.202 ServerApp] Serving notebooks from local directory: /gxfs_home/geomar/smomw260/github/jupyter-hpc-performance
[I 2021-05-26 19:04:10.202 ServerApp] Jupyter Server 1.8.0 is running at:
[I 2021-05-26 19:04:10.202 ServerApp] http://localhost:8895/lab?token=36af7021934a8da4de0f4df913fa81c6d7ce29247c97076d
[I 2021-05-26 19:04:10.202 ServerApp]     http://127.0.0.1:8895/lab?token=36af7021934a8da4de0f4df913fa81c6d7ce29247c97076d
[I 2021-05-26 19:04:10.202 ServerApp] Use Control-C to stop this server and shut down all kernels (twice to skip confirmation).
[C 2021-05-26 19:04:10.208 ServerApp] 
    
    To access the server, open this file in a browser:
        file:///gxfs_home/geomar/smomw260/.local/share/jupyter/runtime/jpserver-3116621-open.html
    Or copy and paste one of these URLs:
        http://localhost:8895/lab?token=36af7021934a8da4de0f4df913fa81c6d7ce29247c97076d
        http://127.0.0.1:8895/lab?token=36af7021934a8da4de0f4df913fa81c6d7ce29247c97076d
[I 2021-05-26 19:05:10.261 ServerApp] No kernels or terminals for 60 seconds; shutting down.
[I 2021-05-26 19:05:10.262 ServerApp] Shutting down 0 kernels
[I 2021-05-26 19:05:10.263 ServerApp] Shutting down 0 terminals
2021-05-26_19:05:10_373962444
