nesh-fe3
2021-05-27_09:02:06_667626412
[I 2021-05-27 09:02:17.733 ServerApp] jupyterlab | extension was successfully linked.
[I 2021-05-27 09:02:21.037 ServerApp] nbclassic | extension was successfully linked.
[I 2021-05-27 09:02:21.162 ServerApp] nbclassic | extension was successfully loaded.
[I 2021-05-27 09:02:21.164 LabApp] JupyterLab extension loaded from /gxfs_home/geomar/smomw260/miniconda3/lib/python3.9/site-packages/jupyterlab
[I 2021-05-27 09:02:21.164 LabApp] JupyterLab application directory is /gxfs_home/geomar/smomw260/miniconda3/share/jupyter/lab
[I 2021-05-27 09:02:21.169 ServerApp] jupyterlab | extension was successfully loaded.
[I 2021-05-27 09:02:21.170 ServerApp] Will shut down after 60 seconds with no kernels or terminals.
[I 2021-05-27 09:02:21.171 ServerApp] The port 8888 is already in use, trying another port.
[I 2021-05-27 09:02:21.171 ServerApp] The port 8889 is already in use, trying another port.
[I 2021-05-27 09:02:21.171 ServerApp] The port 8890 is already in use, trying another port.
[I 2021-05-27 09:02:21.171 ServerApp] The port 8891 is already in use, trying another port.
[I 2021-05-27 09:02:21.172 ServerApp] The port 8892 is already in use, trying another port.
[I 2021-05-27 09:02:21.172 ServerApp] Serving notebooks from local directory: /gxfs_home/geomar/smomw260/github/jupyter-hpc-performance
[I 2021-05-27 09:02:21.172 ServerApp] Jupyter Server 1.8.0 is running at:
[I 2021-05-27 09:02:21.172 ServerApp] http://localhost:8867/lab?token=dfd719c804630b87cd8e6702a493f0e14085d4078d930508
[I 2021-05-27 09:02:21.172 ServerApp]     http://127.0.0.1:8867/lab?token=dfd719c804630b87cd8e6702a493f0e14085d4078d930508
[I 2021-05-27 09:02:21.172 ServerApp] Use Control-C to stop this server and shut down all kernels (twice to skip confirmation).
[C 2021-05-27 09:02:21.178 ServerApp] 
    
    To access the server, open this file in a browser:
        file:///gxfs_home/geomar/smomw260/.local/share/jupyter/runtime/jpserver-3220173-open.html
    Or copy and paste one of these URLs:
        http://localhost:8867/lab?token=dfd719c804630b87cd8e6702a493f0e14085d4078d930508
        http://127.0.0.1:8867/lab?token=dfd719c804630b87cd8e6702a493f0e14085d4078d930508
[I 2021-05-27 09:03:21.232 ServerApp] No kernels or terminals for 60 seconds; shutting down.
[I 2021-05-27 09:03:21.233 ServerApp] Shutting down 0 kernels
[I 2021-05-27 09:03:21.234 ServerApp] Shutting down 0 terminals
2021-05-27_09:03:21_347540388
