nesh-fe3
2021-05-26_21:02:07_834925408
[I 2021-05-26 21:02:16.210 ServerApp] jupyterlab | extension was successfully linked.
[I 2021-05-26 21:02:18.841 ServerApp] nbclassic | extension was successfully linked.
[I 2021-05-26 21:02:18.954 ServerApp] nbclassic | extension was successfully loaded.
[I 2021-05-26 21:02:18.955 LabApp] JupyterLab extension loaded from /gxfs_home/geomar/smomw260/miniconda3/lib/python3.9/site-packages/jupyterlab
[I 2021-05-26 21:02:18.955 LabApp] JupyterLab application directory is /gxfs_home/geomar/smomw260/miniconda3/share/jupyter/lab
[I 2021-05-26 21:02:18.958 ServerApp] jupyterlab | extension was successfully loaded.
[I 2021-05-26 21:02:18.958 ServerApp] Will shut down after 60 seconds with no kernels or terminals.
[I 2021-05-26 21:02:18.959 ServerApp] The port 8888 is already in use, trying another port.
[I 2021-05-26 21:02:18.960 ServerApp] The port 8889 is already in use, trying another port.
[I 2021-05-26 21:02:18.960 ServerApp] The port 8890 is already in use, trying another port.
[I 2021-05-26 21:02:18.960 ServerApp] The port 8891 is already in use, trying another port.
[I 2021-05-26 21:02:18.960 ServerApp] The port 8892 is already in use, trying another port.
[I 2021-05-26 21:02:18.961 ServerApp] Serving notebooks from local directory: /gxfs_home/geomar/smomw260/github/jupyter-hpc-performance
[I 2021-05-26 21:02:18.961 ServerApp] Jupyter Server 1.8.0 is running at:
[I 2021-05-26 21:02:18.961 ServerApp] http://localhost:8840/lab?token=1c0b12a9c8ff147ffa57c686a477d19020b91379af1e2b04
[I 2021-05-26 21:02:18.961 ServerApp]     http://127.0.0.1:8840/lab?token=1c0b12a9c8ff147ffa57c686a477d19020b91379af1e2b04
[I 2021-05-26 21:02:18.961 ServerApp] Use Control-C to stop this server and shut down all kernels (twice to skip confirmation).
[C 2021-05-26 21:02:18.966 ServerApp] 
    
    To access the server, open this file in a browser:
        file:///gxfs_home/geomar/smomw260/.local/share/jupyter/runtime/jpserver-3153454-open.html
    Or copy and paste one of these URLs:
        http://localhost:8840/lab?token=1c0b12a9c8ff147ffa57c686a477d19020b91379af1e2b04
        http://127.0.0.1:8840/lab?token=1c0b12a9c8ff147ffa57c686a477d19020b91379af1e2b04
[I 2021-05-26 21:03:19.019 ServerApp] No kernels or terminals for 60 seconds; shutting down.
[I 2021-05-26 21:03:19.021 ServerApp] Shutting down 0 kernels
[I 2021-05-26 21:03:19.021 ServerApp] Shutting down 0 terminals
2021-05-26_21:03:19_192101043
