nesh-fe3
2021-05-27_03:03:12_348068563
[I 2021-05-27 03:03:18.819 ServerApp] jupyterlab | extension was successfully linked.
[I 2021-05-27 03:03:21.674 ServerApp] nbclassic | extension was successfully linked.
[I 2021-05-27 03:03:21.739 ServerApp] nbclassic | extension was successfully loaded.
[I 2021-05-27 03:03:21.740 LabApp] JupyterLab extension loaded from /gxfs_work1/geomar/smomw260/miniconda3/lib/python3.9/site-packages/jupyterlab
[I 2021-05-27 03:03:21.740 LabApp] JupyterLab application directory is /gxfs_work1/fs1/work-geomar3/smomw260/miniconda3/share/jupyter/lab
[I 2021-05-27 03:03:21.742 ServerApp] jupyterlab | extension was successfully loaded.
[I 2021-05-27 03:03:21.742 ServerApp] Will shut down after 60 seconds with no kernels or terminals.
[I 2021-05-27 03:03:21.743 ServerApp] The port 8888 is already in use, trying another port.
[I 2021-05-27 03:03:21.744 ServerApp] The port 8889 is already in use, trying another port.
[I 2021-05-27 03:03:21.744 ServerApp] The port 8890 is already in use, trying another port.
[I 2021-05-27 03:03:21.744 ServerApp] The port 8891 is already in use, trying another port.
[I 2021-05-27 03:03:21.744 ServerApp] The port 8892 is already in use, trying another port.
[I 2021-05-27 03:03:21.745 ServerApp] Serving notebooks from local directory: /gxfs_home/geomar/smomw260/github/jupyter-hpc-performance
[I 2021-05-27 03:03:21.745 ServerApp] Jupyter Server 1.8.0 is running at:
[I 2021-05-27 03:03:21.745 ServerApp] http://localhost:8941/lab?token=85447bc15ce2d2ad7a9623bf159f52c7e02c6a03fd4bf197
[I 2021-05-27 03:03:21.745 ServerApp]     http://127.0.0.1:8941/lab?token=85447bc15ce2d2ad7a9623bf159f52c7e02c6a03fd4bf197
[I 2021-05-27 03:03:21.745 ServerApp] Use Control-C to stop this server and shut down all kernels (twice to skip confirmation).
[C 2021-05-27 03:03:21.751 ServerApp] 
    
    To access the server, open this file in a browser:
        file:///gxfs_home/geomar/smomw260/.local/share/jupyter/runtime/jpserver-3184888-open.html
    Or copy and paste one of these URLs:
        http://localhost:8941/lab?token=85447bc15ce2d2ad7a9623bf159f52c7e02c6a03fd4bf197
        http://127.0.0.1:8941/lab?token=85447bc15ce2d2ad7a9623bf159f52c7e02c6a03fd4bf197
[I 2021-05-27 03:04:21.805 ServerApp] No kernels or terminals for 60 seconds; shutting down.
[I 2021-05-27 03:04:21.806 ServerApp] Shutting down 0 kernels
[I 2021-05-27 03:04:21.806 ServerApp] Shutting down 0 terminals
2021-05-27_03:04:21_916700272
