nesh-fe3
2021-05-27_06:02:04_830956276
[I 2021-05-27 06:02:09.997 ServerApp] jupyterlab | extension was successfully linked.
[I 2021-05-27 06:02:12.035 ServerApp] nbclassic | extension was successfully linked.
[I 2021-05-27 06:02:12.132 ServerApp] nbclassic | extension was successfully loaded.
[I 2021-05-27 06:02:12.134 LabApp] JupyterLab extension loaded from /gxfs_home/geomar/smomw260/miniconda3/lib/python3.9/site-packages/jupyterlab
[I 2021-05-27 06:02:12.134 LabApp] JupyterLab application directory is /gxfs_home/geomar/smomw260/miniconda3/share/jupyter/lab
[I 2021-05-27 06:02:12.136 ServerApp] jupyterlab | extension was successfully loaded.
[I 2021-05-27 06:02:12.137 ServerApp] Will shut down after 60 seconds with no kernels or terminals.
[I 2021-05-27 06:02:12.138 ServerApp] The port 8888 is already in use, trying another port.
[I 2021-05-27 06:02:12.138 ServerApp] The port 8889 is already in use, trying another port.
[I 2021-05-27 06:02:12.138 ServerApp] The port 8890 is already in use, trying another port.
[I 2021-05-27 06:02:12.138 ServerApp] The port 8891 is already in use, trying another port.
[I 2021-05-27 06:02:12.139 ServerApp] The port 8892 is already in use, trying another port.
[I 2021-05-27 06:02:12.139 ServerApp] Serving notebooks from local directory: /gxfs_home/geomar/smomw260/github/jupyter-hpc-performance
[I 2021-05-27 06:02:12.139 ServerApp] Jupyter Server 1.8.0 is running at:
[I 2021-05-27 06:02:12.139 ServerApp] http://localhost:8977/lab?token=9ebf98d9065d190fdbee4c6d1942a11b162f4e061a4d2480
[I 2021-05-27 06:02:12.139 ServerApp]     http://127.0.0.1:8977/lab?token=9ebf98d9065d190fdbee4c6d1942a11b162f4e061a4d2480
[I 2021-05-27 06:02:12.139 ServerApp] Use Control-C to stop this server and shut down all kernels (twice to skip confirmation).
[C 2021-05-27 06:02:12.145 ServerApp] 
    
    To access the server, open this file in a browser:
        file:///gxfs_home/geomar/smomw260/.local/share/jupyter/runtime/jpserver-3199201-open.html
    Or copy and paste one of these URLs:
        http://localhost:8977/lab?token=9ebf98d9065d190fdbee4c6d1942a11b162f4e061a4d2480
        http://127.0.0.1:8977/lab?token=9ebf98d9065d190fdbee4c6d1942a11b162f4e061a4d2480
[I 2021-05-27 06:03:12.199 ServerApp] No kernels or terminals for 60 seconds; shutting down.
[I 2021-05-27 06:03:12.200 ServerApp] Shutting down 0 kernels
[I 2021-05-27 06:03:12.200 ServerApp] Shutting down 0 terminals
2021-05-27_06:03:12_312127675
