nesh-fe3
2021-05-27_09:03:21_368443328
[I 2021-05-27 09:03:32.919 ServerApp] jupyterlab | extension was successfully linked.
[I 2021-05-27 09:03:37.526 ServerApp] nbclassic | extension was successfully linked.
[I 2021-05-27 09:03:37.680 ServerApp] nbclassic | extension was successfully loaded.
[I 2021-05-27 09:03:37.681 LabApp] JupyterLab extension loaded from /gxfs_work1/geomar/smomw260/miniconda3/lib/python3.9/site-packages/jupyterlab
[I 2021-05-27 09:03:37.681 LabApp] JupyterLab application directory is /gxfs_work1/fs1/work-geomar3/smomw260/miniconda3/share/jupyter/lab
[I 2021-05-27 09:03:37.685 ServerApp] jupyterlab | extension was successfully loaded.
[I 2021-05-27 09:03:37.685 ServerApp] Will shut down after 60 seconds with no kernels or terminals.
[I 2021-05-27 09:03:37.686 ServerApp] The port 8888 is already in use, trying another port.
[I 2021-05-27 09:03:37.687 ServerApp] The port 8889 is already in use, trying another port.
[I 2021-05-27 09:03:37.687 ServerApp] The port 8890 is already in use, trying another port.
[I 2021-05-27 09:03:37.687 ServerApp] The port 8891 is already in use, trying another port.
[I 2021-05-27 09:03:37.687 ServerApp] The port 8892 is already in use, trying another port.
[I 2021-05-27 09:03:37.688 ServerApp] Serving notebooks from local directory: /gxfs_home/geomar/smomw260/github/jupyter-hpc-performance
[I 2021-05-27 09:03:37.688 ServerApp] Jupyter Server 1.8.0 is running at:
[I 2021-05-27 09:03:37.688 ServerApp] http://localhost:8825/lab?token=9c185f4ff7c136d3b9b4acbf9fc3cddfa2730b8b2ab80bc0
[I 2021-05-27 09:03:37.688 ServerApp]     http://127.0.0.1:8825/lab?token=9c185f4ff7c136d3b9b4acbf9fc3cddfa2730b8b2ab80bc0
[I 2021-05-27 09:03:37.688 ServerApp] Use Control-C to stop this server and shut down all kernels (twice to skip confirmation).
[C 2021-05-27 09:03:37.694 ServerApp] 
    
    To access the server, open this file in a browser:
        file:///gxfs_home/geomar/smomw260/.local/share/jupyter/runtime/jpserver-3220278-open.html
    Or copy and paste one of these URLs:
        http://localhost:8825/lab?token=9c185f4ff7c136d3b9b4acbf9fc3cddfa2730b8b2ab80bc0
        http://127.0.0.1:8825/lab?token=9c185f4ff7c136d3b9b4acbf9fc3cddfa2730b8b2ab80bc0
[I 2021-05-27 09:04:37.748 ServerApp] No kernels or terminals for 60 seconds; shutting down.
[I 2021-05-27 09:04:37.750 ServerApp] Shutting down 0 kernels
[I 2021-05-27 09:04:37.750 ServerApp] Shutting down 0 terminals
2021-05-27_09:04:37_867468673
