nesh-fe3
2021-05-27_10:02:07_626065488
[I 2021-05-27 10:02:21.787 ServerApp] jupyterlab | extension was successfully linked.
[I 2021-05-27 10:02:27.073 ServerApp] nbclassic | extension was successfully linked.
[I 2021-05-27 10:02:27.656 ServerApp] nbclassic | extension was successfully loaded.
[I 2021-05-27 10:02:27.658 LabApp] JupyterLab extension loaded from /gxfs_home/geomar/smomw260/miniconda3/lib/python3.9/site-packages/jupyterlab
[I 2021-05-27 10:02:27.658 LabApp] JupyterLab application directory is /gxfs_home/geomar/smomw260/miniconda3/share/jupyter/lab
[I 2021-05-27 10:02:27.662 ServerApp] jupyterlab | extension was successfully loaded.
[I 2021-05-27 10:02:27.662 ServerApp] Will shut down after 60 seconds with no kernels or terminals.
[I 2021-05-27 10:02:27.663 ServerApp] The port 8888 is already in use, trying another port.
[I 2021-05-27 10:02:27.664 ServerApp] The port 8889 is already in use, trying another port.
[I 2021-05-27 10:02:27.664 ServerApp] The port 8890 is already in use, trying another port.
[I 2021-05-27 10:02:27.664 ServerApp] The port 8891 is already in use, trying another port.
[I 2021-05-27 10:02:27.664 ServerApp] The port 8892 is already in use, trying another port.
[I 2021-05-27 10:02:27.665 ServerApp] Serving notebooks from local directory: /gxfs_home/geomar/smomw260/github/jupyter-hpc-performance
[I 2021-05-27 10:02:27.665 ServerApp] Jupyter Server 1.8.0 is running at:
[I 2021-05-27 10:02:27.665 ServerApp] http://localhost:8798/lab?token=52260295625aff746039eec44c24c58af13461e2e6752f7f
[I 2021-05-27 10:02:27.665 ServerApp]     http://127.0.0.1:8798/lab?token=52260295625aff746039eec44c24c58af13461e2e6752f7f
[I 2021-05-27 10:02:27.665 ServerApp] Use Control-C to stop this server and shut down all kernels (twice to skip confirmation).
[C 2021-05-27 10:02:27.672 ServerApp] 
    
    To access the server, open this file in a browser:
        file:///gxfs_home/geomar/smomw260/.local/share/jupyter/runtime/jpserver-3236135-open.html
    Or copy and paste one of these URLs:
        http://localhost:8798/lab?token=52260295625aff746039eec44c24c58af13461e2e6752f7f
        http://127.0.0.1:8798/lab?token=52260295625aff746039eec44c24c58af13461e2e6752f7f
[I 2021-05-27 10:03:27.722 ServerApp] No kernels or terminals for 60 seconds; shutting down.
[I 2021-05-27 10:03:27.723 ServerApp] Shutting down 0 kernels
[I 2021-05-27 10:03:27.724 ServerApp] Shutting down 0 terminals
2021-05-27_10:03:27_884128974
