nesh-fe3
2021-05-27_04:02:05_354821546
[I 2021-05-27 04:02:10.746 ServerApp] jupyterlab | extension was successfully linked.
[I 2021-05-27 04:02:12.760 ServerApp] nbclassic | extension was successfully linked.
[I 2021-05-27 04:02:12.849 ServerApp] nbclassic | extension was successfully loaded.
[I 2021-05-27 04:02:12.850 LabApp] JupyterLab extension loaded from /gxfs_home/geomar/smomw260/miniconda3/lib/python3.9/site-packages/jupyterlab
[I 2021-05-27 04:02:12.850 LabApp] JupyterLab application directory is /gxfs_home/geomar/smomw260/miniconda3/share/jupyter/lab
[I 2021-05-27 04:02:12.853 ServerApp] jupyterlab | extension was successfully loaded.
[I 2021-05-27 04:02:12.853 ServerApp] Will shut down after 60 seconds with no kernels or terminals.
[I 2021-05-27 04:02:12.854 ServerApp] The port 8888 is already in use, trying another port.
[I 2021-05-27 04:02:12.854 ServerApp] The port 8889 is already in use, trying another port.
[I 2021-05-27 04:02:12.854 ServerApp] The port 8890 is already in use, trying another port.
[I 2021-05-27 04:02:12.855 ServerApp] The port 8891 is already in use, trying another port.
[I 2021-05-27 04:02:12.855 ServerApp] The port 8892 is already in use, trying another port.
[I 2021-05-27 04:02:12.855 ServerApp] Serving notebooks from local directory: /gxfs_home/geomar/smomw260/github/jupyter-hpc-performance
[I 2021-05-27 04:02:12.855 ServerApp] Jupyter Server 1.8.0 is running at:
[I 2021-05-27 04:02:12.855 ServerApp] http://localhost:8827/lab?token=a60a091175e323d470fcf0aed555e9329ba1babc02cc6172
[I 2021-05-27 04:02:12.855 ServerApp]     http://127.0.0.1:8827/lab?token=a60a091175e323d470fcf0aed555e9329ba1babc02cc6172
[I 2021-05-27 04:02:12.855 ServerApp] Use Control-C to stop this server and shut down all kernels (twice to skip confirmation).
[C 2021-05-27 04:02:12.861 ServerApp] 
    
    To access the server, open this file in a browser:
        file:///gxfs_home/geomar/smomw260/.local/share/jupyter/runtime/jpserver-3189817-open.html
    Or copy and paste one of these URLs:
        http://localhost:8827/lab?token=a60a091175e323d470fcf0aed555e9329ba1babc02cc6172
        http://127.0.0.1:8827/lab?token=a60a091175e323d470fcf0aed555e9329ba1babc02cc6172
[I 2021-05-27 04:03:12.915 ServerApp] No kernels or terminals for 60 seconds; shutting down.
[I 2021-05-27 04:03:12.917 ServerApp] Shutting down 0 kernels
[I 2021-05-27 04:03:12.917 ServerApp] Shutting down 0 terminals
2021-05-27_04:03:13_030129230
