nesh-fe3
2021-05-27_08:02:05_051185869
[I 2021-05-27 08:02:09.974 ServerApp] jupyterlab | extension was successfully linked.
[I 2021-05-27 08:02:12.001 ServerApp] nbclassic | extension was successfully linked.
[I 2021-05-27 08:02:12.096 ServerApp] nbclassic | extension was successfully loaded.
[I 2021-05-27 08:02:12.097 LabApp] JupyterLab extension loaded from /gxfs_home/geomar/smomw260/miniconda3/lib/python3.9/site-packages/jupyterlab
[I 2021-05-27 08:02:12.097 LabApp] JupyterLab application directory is /gxfs_home/geomar/smomw260/miniconda3/share/jupyter/lab
[I 2021-05-27 08:02:12.100 ServerApp] jupyterlab | extension was successfully loaded.
[I 2021-05-27 08:02:12.100 ServerApp] Will shut down after 60 seconds with no kernels or terminals.
[I 2021-05-27 08:02:12.101 ServerApp] The port 8888 is already in use, trying another port.
[I 2021-05-27 08:02:12.102 ServerApp] The port 8889 is already in use, trying another port.
[I 2021-05-27 08:02:12.102 ServerApp] The port 8890 is already in use, trying another port.
[I 2021-05-27 08:02:12.102 ServerApp] The port 8891 is already in use, trying another port.
[I 2021-05-27 08:02:12.102 ServerApp] The port 8892 is already in use, trying another port.
[I 2021-05-27 08:02:12.103 ServerApp] Serving notebooks from local directory: /gxfs_home/geomar/smomw260/github/jupyter-hpc-performance
[I 2021-05-27 08:02:12.103 ServerApp] Jupyter Server 1.8.0 is running at:
[I 2021-05-27 08:02:12.103 ServerApp] http://localhost:8924/lab?token=7a5502fa630e1ac0084188bc847750c9882f6830e76788e9
[I 2021-05-27 08:02:12.103 ServerApp]     http://127.0.0.1:8924/lab?token=7a5502fa630e1ac0084188bc847750c9882f6830e76788e9
[I 2021-05-27 08:02:12.103 ServerApp] Use Control-C to stop this server and shut down all kernels (twice to skip confirmation).
[C 2021-05-27 08:02:12.108 ServerApp] 
    
    To access the server, open this file in a browser:
        file:///gxfs_home/geomar/smomw260/.local/share/jupyter/runtime/jpserver-3208682-open.html
    Or copy and paste one of these URLs:
        http://localhost:8924/lab?token=7a5502fa630e1ac0084188bc847750c9882f6830e76788e9
        http://127.0.0.1:8924/lab?token=7a5502fa630e1ac0084188bc847750c9882f6830e76788e9
[I 2021-05-27 08:03:12.161 ServerApp] No kernels or terminals for 60 seconds; shutting down.
[I 2021-05-27 08:03:12.163 ServerApp] Shutting down 0 kernels
[I 2021-05-27 08:03:12.163 ServerApp] Shutting down 0 terminals
2021-05-27_08:03:12_277046473
