nesh-fe3
2021-05-27_03:02:06_020113272
[I 2021-05-27 03:02:10.028 ServerApp] jupyterlab | extension was successfully linked.
[I 2021-05-27 03:02:12.069 ServerApp] nbclassic | extension was successfully linked.
[I 2021-05-27 03:02:12.163 ServerApp] nbclassic | extension was successfully loaded.
[I 2021-05-27 03:02:12.164 LabApp] JupyterLab extension loaded from /gxfs_home/geomar/smomw260/miniconda3/lib/python3.9/site-packages/jupyterlab
[I 2021-05-27 03:02:12.164 LabApp] JupyterLab application directory is /gxfs_home/geomar/smomw260/miniconda3/share/jupyter/lab
[I 2021-05-27 03:02:12.167 ServerApp] jupyterlab | extension was successfully loaded.
[I 2021-05-27 03:02:12.168 ServerApp] Will shut down after 60 seconds with no kernels or terminals.
[I 2021-05-27 03:02:12.169 ServerApp] The port 8888 is already in use, trying another port.
[I 2021-05-27 03:02:12.169 ServerApp] The port 8889 is already in use, trying another port.
[I 2021-05-27 03:02:12.169 ServerApp] The port 8890 is already in use, trying another port.
[I 2021-05-27 03:02:12.169 ServerApp] The port 8891 is already in use, trying another port.
[I 2021-05-27 03:02:12.170 ServerApp] The port 8892 is already in use, trying another port.
[I 2021-05-27 03:02:12.170 ServerApp] Serving notebooks from local directory: /gxfs_home/geomar/smomw260/github/jupyter-hpc-performance
[I 2021-05-27 03:02:12.170 ServerApp] Jupyter Server 1.8.0 is running at:
[I 2021-05-27 03:02:12.170 ServerApp] http://localhost:8976/lab?token=a454756bb3db18df5eb8e8fab2c2b08f181392cfb749901e
[I 2021-05-27 03:02:12.170 ServerApp]     http://127.0.0.1:8976/lab?token=a454756bb3db18df5eb8e8fab2c2b08f181392cfb749901e
[I 2021-05-27 03:02:12.170 ServerApp] Use Control-C to stop this server and shut down all kernels (twice to skip confirmation).
[C 2021-05-27 03:02:12.176 ServerApp] 
    
    To access the server, open this file in a browser:
        file:///gxfs_home/geomar/smomw260/.local/share/jupyter/runtime/jpserver-3184795-open.html
    Or copy and paste one of these URLs:
        http://localhost:8976/lab?token=a454756bb3db18df5eb8e8fab2c2b08f181392cfb749901e
        http://127.0.0.1:8976/lab?token=a454756bb3db18df5eb8e8fab2c2b08f181392cfb749901e
[I 2021-05-27 03:03:12.230 ServerApp] No kernels or terminals for 60 seconds; shutting down.
[I 2021-05-27 03:03:12.231 ServerApp] Shutting down 0 kernels
[I 2021-05-27 03:03:12.232 ServerApp] Shutting down 0 terminals
2021-05-27_03:03:12_341949746
