nesh-fe3
2021-05-27_02:03:15_667503528
[I 2021-05-27 02:03:21.806 ServerApp] jupyterlab | extension was successfully linked.
[I 2021-05-27 02:03:24.837 ServerApp] nbclassic | extension was successfully linked.
[I 2021-05-27 02:03:24.918 ServerApp] nbclassic | extension was successfully loaded.
[I 2021-05-27 02:03:24.919 LabApp] JupyterLab extension loaded from /gxfs_work1/geomar/smomw260/miniconda3/lib/python3.9/site-packages/jupyterlab
[I 2021-05-27 02:03:24.919 LabApp] JupyterLab application directory is /gxfs_work1/fs1/work-geomar3/smomw260/miniconda3/share/jupyter/lab
[I 2021-05-27 02:03:24.922 ServerApp] jupyterlab | extension was successfully loaded.
[I 2021-05-27 02:03:24.922 ServerApp] Will shut down after 60 seconds with no kernels or terminals.
[I 2021-05-27 02:03:24.923 ServerApp] The port 8888 is already in use, trying another port.
[I 2021-05-27 02:03:24.924 ServerApp] The port 8889 is already in use, trying another port.
[I 2021-05-27 02:03:24.924 ServerApp] The port 8890 is already in use, trying another port.
[I 2021-05-27 02:03:24.924 ServerApp] The port 8891 is already in use, trying another port.
[I 2021-05-27 02:03:24.924 ServerApp] The port 8892 is already in use, trying another port.
[I 2021-05-27 02:03:24.925 ServerApp] Serving notebooks from local directory: /gxfs_home/geomar/smomw260/github/jupyter-hpc-performance
[I 2021-05-27 02:03:24.925 ServerApp] Jupyter Server 1.8.0 is running at:
[I 2021-05-27 02:03:24.925 ServerApp] http://localhost:8821/lab?token=e66729db0440e721fe6690089d99e535248340cb12a55dad
[I 2021-05-27 02:03:24.925 ServerApp]     http://127.0.0.1:8821/lab?token=e66729db0440e721fe6690089d99e535248340cb12a55dad
[I 2021-05-27 02:03:24.925 ServerApp] Use Control-C to stop this server and shut down all kernels (twice to skip confirmation).
[C 2021-05-27 02:03:24.931 ServerApp] 
    
    To access the server, open this file in a browser:
        file:///gxfs_home/geomar/smomw260/.local/share/jupyter/runtime/jpserver-3180129-open.html
    Or copy and paste one of these URLs:
        http://localhost:8821/lab?token=e66729db0440e721fe6690089d99e535248340cb12a55dad
        http://127.0.0.1:8821/lab?token=e66729db0440e721fe6690089d99e535248340cb12a55dad
[I 2021-05-27 02:04:24.983 ServerApp] No kernels or terminals for 60 seconds; shutting down.
[I 2021-05-27 02:04:24.984 ServerApp] Shutting down 0 kernels
[I 2021-05-27 02:04:24.985 ServerApp] Shutting down 0 terminals
2021-05-27_02:04:25_098275007
