nesh-fe3
2021-05-26_19:02:23_893194253
[I 2021-05-26 19:02:39.390 ServerApp] jupyterlab | extension was successfully linked.
[I 2021-05-26 19:02:47.174 ServerApp] nbclassic | extension was successfully linked.
[I 2021-05-26 19:02:47.404 ServerApp] nbclassic | extension was successfully loaded.
[I 2021-05-26 19:02:47.405 LabApp] JupyterLab extension loaded from /gxfs_home/geomar/smomw260/miniconda3/lib/python3.9/site-packages/jupyterlab
[I 2021-05-26 19:02:47.406 LabApp] JupyterLab application directory is /gxfs_home/geomar/smomw260/miniconda3/share/jupyter/lab
[I 2021-05-26 19:02:47.409 ServerApp] jupyterlab | extension was successfully loaded.
[I 2021-05-26 19:02:47.410 ServerApp] Will shut down after 60 seconds with no kernels or terminals.
[I 2021-05-26 19:02:47.411 ServerApp] The port 8888 is already in use, trying another port.
[I 2021-05-26 19:02:47.411 ServerApp] The port 8889 is already in use, trying another port.
[I 2021-05-26 19:02:47.411 ServerApp] The port 8890 is already in use, trying another port.
[I 2021-05-26 19:02:47.411 ServerApp] The port 8891 is already in use, trying another port.
[I 2021-05-26 19:02:47.412 ServerApp] The port 8892 is already in use, trying another port.
[I 2021-05-26 19:02:47.412 ServerApp] Serving notebooks from local directory: /gxfs_home/geomar/smomw260/github/jupyter-hpc-performance
[I 2021-05-26 19:02:47.412 ServerApp] Jupyter Server 1.8.0 is running at:
[I 2021-05-26 19:02:47.412 ServerApp] http://localhost:8978/lab?token=cbeadc5dfdaaaf8518c8875f8342029d00b5c75785386db2
[I 2021-05-26 19:02:47.412 ServerApp]     http://127.0.0.1:8978/lab?token=cbeadc5dfdaaaf8518c8875f8342029d00b5c75785386db2
[I 2021-05-26 19:02:47.412 ServerApp] Use Control-C to stop this server and shut down all kernels (twice to skip confirmation).
[C 2021-05-26 19:02:47.418 ServerApp] 
    
    To access the server, open this file in a browser:
        file:///gxfs_home/geomar/smomw260/.local/share/jupyter/runtime/jpserver-3116512-open.html
    Or copy and paste one of these URLs:
        http://localhost:8978/lab?token=cbeadc5dfdaaaf8518c8875f8342029d00b5c75785386db2
        http://127.0.0.1:8978/lab?token=cbeadc5dfdaaaf8518c8875f8342029d00b5c75785386db2
[I 2021-05-26 19:03:47.472 ServerApp] No kernels or terminals for 60 seconds; shutting down.
[I 2021-05-26 19:03:47.473 ServerApp] Shutting down 0 kernels
[I 2021-05-26 19:03:47.473 ServerApp] Shutting down 0 terminals
2021-05-26_19:03:47_591811846
