nesh-fe3
2021-05-27_16:01:10_322908209
[I 2021-05-27 16:01:12.548 ServerApp] jupyterlab | extension was successfully linked.
[I 2021-05-27 16:01:12.867 ServerApp] nbclassic | extension was successfully linked.
[I 2021-05-27 16:01:12.895 ServerApp] nbclassic | extension was successfully loaded.
[I 2021-05-27 16:01:12.896 LabApp] JupyterLab extension loaded from /miniconda3/lib/python3.9/site-packages/jupyterlab
[I 2021-05-27 16:01:12.896 LabApp] JupyterLab application directory is /miniconda3/share/jupyter/lab
[I 2021-05-27 16:01:12.899 ServerApp] jupyterlab | extension was successfully loaded.
[I 2021-05-27 16:01:12.899 ServerApp] Will shut down after 60 seconds with no kernels or terminals.
[I 2021-05-27 16:01:12.900 ServerApp] The port 8888 is already in use, trying another port.
[I 2021-05-27 16:01:12.900 ServerApp] Serving notebooks from local directory: /gxfs_home/geomar/smomw260/github/jupyter-hpc-performance
[I 2021-05-27 16:01:12.901 ServerApp] Jupyter Server 1.8.0 is running at:
[I 2021-05-27 16:01:12.901 ServerApp] http://localhost:8889/lab?token=96e04e8f0185936694a95bca452ea27bdd290b9c91e26e3e
[I 2021-05-27 16:01:12.901 ServerApp]     http://127.0.0.1:8889/lab?token=96e04e8f0185936694a95bca452ea27bdd290b9c91e26e3e
[I 2021-05-27 16:01:12.901 ServerApp] Use Control-C to stop this server and shut down all kernels (twice to skip confirmation).
[C 2021-05-27 16:01:13.081 ServerApp] 
    
    To access the server, open this file in a browser:
        file:///gxfs_home/geomar/smomw260/.local/share/jupyter/runtime/jpserver-3685555-open.html
    Or copy and paste one of these URLs:
        http://localhost:8889/lab?token=96e04e8f0185936694a95bca452ea27bdd290b9c91e26e3e
        http://127.0.0.1:8889/lab?token=96e04e8f0185936694a95bca452ea27bdd290b9c91e26e3e
[I 2021-05-27 16:02:12.902 ServerApp] No kernels or terminals for 60 seconds; shutting down.
[I 2021-05-27 16:02:13.113 ServerApp] Shutting down 0 kernels
[I 2021-05-27 16:02:13.114 ServerApp] Shutting down 0 terminals
2021-05-27_16:02:13_295296138
