nesh-fe3
2021-05-26_21:00:02_088433737
[I 2021-05-26 21:00:04.774 ServerApp] jupyterlab | extension was successfully linked.
[I 2021-05-26 21:00:05.116 ServerApp] nbclassic | extension was successfully linked.
[I 2021-05-26 21:00:05.147 ServerApp] nbclassic | extension was successfully loaded.
[I 2021-05-26 21:00:05.148 LabApp] JupyterLab extension loaded from /miniconda3/lib/python3.9/site-packages/jupyterlab
[I 2021-05-26 21:00:05.148 LabApp] JupyterLab application directory is /miniconda3/share/jupyter/lab
[I 2021-05-26 21:00:05.151 ServerApp] jupyterlab | extension was successfully loaded.
[I 2021-05-26 21:00:05.152 ServerApp] Will shut down after 60 seconds with no kernels or terminals.
[I 2021-05-26 21:00:05.153 ServerApp] The port 8888 is already in use, trying another port.
[I 2021-05-26 21:00:05.153 ServerApp] The port 8889 is already in use, trying another port.
[I 2021-05-26 21:00:05.153 ServerApp] The port 8890 is already in use, trying another port.
[I 2021-05-26 21:00:05.153 ServerApp] The port 8891 is already in use, trying another port.
[I 2021-05-26 21:00:05.154 ServerApp] The port 8892 is already in use, trying another port.
[I 2021-05-26 21:00:05.154 ServerApp] Serving notebooks from local directory: /gxfs_home/geomar/smomw260/github/jupyter-hpc-performance
[I 2021-05-26 21:00:05.154 ServerApp] Jupyter Server 1.8.0 is running at:
[I 2021-05-26 21:00:05.154 ServerApp] http://localhost:8855/lab?token=a7328d9a3751c0ed7393890ac5ff22ce3c6c3803e86d406e
[I 2021-05-26 21:00:05.154 ServerApp]     http://127.0.0.1:8855/lab?token=a7328d9a3751c0ed7393890ac5ff22ce3c6c3803e86d406e
[I 2021-05-26 21:00:05.154 ServerApp] Use Control-C to stop this server and shut down all kernels (twice to skip confirmation).
[C 2021-05-26 21:00:05.159 ServerApp] 
    
    To access the server, open this file in a browser:
        file:///gxfs_home/geomar/smomw260/.local/share/jupyter/runtime/jpserver-3153229-open.html
    Or copy and paste one of these URLs:
        http://localhost:8855/lab?token=a7328d9a3751c0ed7393890ac5ff22ce3c6c3803e86d406e
        http://127.0.0.1:8855/lab?token=a7328d9a3751c0ed7393890ac5ff22ce3c6c3803e86d406e
[I 2021-05-26 21:01:05.213 ServerApp] No kernels or terminals for 60 seconds; shutting down.
[I 2021-05-26 21:01:05.215 ServerApp] Shutting down 0 kernels
[I 2021-05-26 21:01:05.215 ServerApp] Shutting down 0 terminals
2021-05-26_21:01:05_394062935
