nesh-fe3
2021-05-26_20:01:07_014946891
[I 2021-05-26 20:01:08.800 ServerApp] jupyterlab | extension was successfully linked.
[I 2021-05-26 20:01:09.151 ServerApp] nbclassic | extension was successfully linked.
[I 2021-05-26 20:01:09.183 ServerApp] nbclassic | extension was successfully loaded.
[I 2021-05-26 20:01:09.184 LabApp] JupyterLab extension loaded from /miniconda3/lib/python3.9/site-packages/jupyterlab
[I 2021-05-26 20:01:09.184 LabApp] JupyterLab application directory is /miniconda3/share/jupyter/lab
[I 2021-05-26 20:01:09.187 ServerApp] jupyterlab | extension was successfully loaded.
[I 2021-05-26 20:01:09.188 ServerApp] Will shut down after 60 seconds with no kernels or terminals.
[I 2021-05-26 20:01:09.189 ServerApp] The port 8888 is already in use, trying another port.
[I 2021-05-26 20:01:09.189 ServerApp] The port 8889 is already in use, trying another port.
[I 2021-05-26 20:01:09.189 ServerApp] The port 8890 is already in use, trying another port.
[I 2021-05-26 20:01:09.190 ServerApp] The port 8891 is already in use, trying another port.
[I 2021-05-26 20:01:09.190 ServerApp] The port 8892 is already in use, trying another port.
[I 2021-05-26 20:01:09.190 ServerApp] Serving notebooks from local directory: /gxfs_home/geomar/smomw260/github/jupyter-hpc-performance
[I 2021-05-26 20:01:09.190 ServerApp] Jupyter Server 1.8.0 is running at:
[I 2021-05-26 20:01:09.190 ServerApp] http://localhost:8856/lab?token=dec4aa8a5f891d1d6359a3274090cb2044fcb2710a5a3726
[I 2021-05-26 20:01:09.190 ServerApp]     http://127.0.0.1:8856/lab?token=dec4aa8a5f891d1d6359a3274090cb2044fcb2710a5a3726
[I 2021-05-26 20:01:09.190 ServerApp] Use Control-C to stop this server and shut down all kernels (twice to skip confirmation).
[C 2021-05-26 20:01:09.195 ServerApp] 
    
    To access the server, open this file in a browser:
        file:///gxfs_home/geomar/smomw260/.local/share/jupyter/runtime/jpserver-3148087-open.html
    Or copy and paste one of these URLs:
        http://localhost:8856/lab?token=dec4aa8a5f891d1d6359a3274090cb2044fcb2710a5a3726
        http://127.0.0.1:8856/lab?token=dec4aa8a5f891d1d6359a3274090cb2044fcb2710a5a3726
[I 2021-05-26 20:02:09.249 ServerApp] No kernels or terminals for 60 seconds; shutting down.
[I 2021-05-26 20:02:09.251 ServerApp] Shutting down 0 kernels
[I 2021-05-26 20:02:09.252 ServerApp] Shutting down 0 terminals
2021-05-26_20:02:09_443259639
