nesh-fe3
2021-05-27_15:01:07_243435376
[I 2021-05-27 15:01:10.055 ServerApp] jupyterlab | extension was successfully linked.
[I 2021-05-27 15:01:10.450 ServerApp] nbclassic | extension was successfully linked.
[I 2021-05-27 15:01:10.485 ServerApp] nbclassic | extension was successfully loaded.
[I 2021-05-27 15:01:10.486 LabApp] JupyterLab extension loaded from /miniconda3/lib/python3.9/site-packages/jupyterlab
[I 2021-05-27 15:01:10.487 LabApp] JupyterLab application directory is /miniconda3/share/jupyter/lab
[I 2021-05-27 15:01:10.490 ServerApp] jupyterlab | extension was successfully loaded.
[I 2021-05-27 15:01:10.491 ServerApp] Will shut down after 60 seconds with no kernels or terminals.
[I 2021-05-27 15:01:10.492 ServerApp] The port 8888 is already in use, trying another port.
[I 2021-05-27 15:01:10.493 ServerApp] Serving notebooks from local directory: /gxfs_home/geomar/smomw260/github/jupyter-hpc-performance
[I 2021-05-27 15:01:10.493 ServerApp] Jupyter Server 1.8.0 is running at:
[I 2021-05-27 15:01:10.493 ServerApp] http://localhost:8889/lab?token=a3abf4d4c26152c52c6f59f0a733a1f9b248c51ba2c9a1aa
[I 2021-05-27 15:01:10.493 ServerApp]     http://127.0.0.1:8889/lab?token=a3abf4d4c26152c52c6f59f0a733a1f9b248c51ba2c9a1aa
[I 2021-05-27 15:01:10.493 ServerApp] Use Control-C to stop this server and shut down all kernels (twice to skip confirmation).
[C 2021-05-27 15:01:10.498 ServerApp] 
    
    To access the server, open this file in a browser:
        file:///gxfs_home/geomar/smomw260/.local/share/jupyter/runtime/jpserver-3548766-open.html
    Or copy and paste one of these URLs:
        http://localhost:8889/lab?token=a3abf4d4c26152c52c6f59f0a733a1f9b248c51ba2c9a1aa
        http://127.0.0.1:8889/lab?token=a3abf4d4c26152c52c6f59f0a733a1f9b248c51ba2c9a1aa
[I 2021-05-27 15:02:10.552 ServerApp] No kernels or terminals for 60 seconds; shutting down.
[I 2021-05-27 15:02:10.557 ServerApp] Shutting down 0 kernels
[I 2021-05-27 15:02:10.558 ServerApp] Shutting down 0 terminals
2021-05-27_15:02:10_858869184
