nesh-fe3
2021-05-26_19:01:21_536747409
[I 2021-05-26 19:01:23.263 ServerApp] jupyterlab | extension was successfully linked.
[I 2021-05-26 19:01:23.603 ServerApp] nbclassic | extension was successfully linked.
[I 2021-05-26 19:01:23.633 ServerApp] nbclassic | extension was successfully loaded.
[I 2021-05-26 19:01:23.634 LabApp] JupyterLab extension loaded from /miniconda3/lib/python3.9/site-packages/jupyterlab
[I 2021-05-26 19:01:23.634 LabApp] JupyterLab application directory is /miniconda3/share/jupyter/lab
[I 2021-05-26 19:01:23.637 ServerApp] jupyterlab | extension was successfully loaded.
[I 2021-05-26 19:01:23.637 ServerApp] Will shut down after 60 seconds with no kernels or terminals.
[I 2021-05-26 19:01:23.638 ServerApp] The port 8888 is already in use, trying another port.
[I 2021-05-26 19:01:23.638 ServerApp] The port 8889 is already in use, trying another port.
[I 2021-05-26 19:01:23.639 ServerApp] The port 8890 is already in use, trying another port.
[I 2021-05-26 19:01:23.639 ServerApp] The port 8891 is already in use, trying another port.
[I 2021-05-26 19:01:23.639 ServerApp] The port 8892 is already in use, trying another port.
[I 2021-05-26 19:01:23.640 ServerApp] Serving notebooks from local directory: /gxfs_home/geomar/smomw260/github/jupyter-hpc-performance
[I 2021-05-26 19:01:23.640 ServerApp] Jupyter Server 1.8.0 is running at:
[I 2021-05-26 19:01:23.640 ServerApp] http://localhost:8903/lab?token=d928defbfda6d5f6895407db2a2d13351839bdabc0877faa
[I 2021-05-26 19:01:23.640 ServerApp]     http://127.0.0.1:8903/lab?token=d928defbfda6d5f6895407db2a2d13351839bdabc0877faa
[I 2021-05-26 19:01:23.640 ServerApp] Use Control-C to stop this server and shut down all kernels (twice to skip confirmation).
[C 2021-05-26 19:01:23.646 ServerApp] 
    
    To access the server, open this file in a browser:
        file:///gxfs_home/geomar/smomw260/.local/share/jupyter/runtime/jpserver-3116385-open.html
    Or copy and paste one of these URLs:
        http://localhost:8903/lab?token=d928defbfda6d5f6895407db2a2d13351839bdabc0877faa
        http://127.0.0.1:8903/lab?token=d928defbfda6d5f6895407db2a2d13351839bdabc0877faa
[I 2021-05-26 19:02:23.699 ServerApp] No kernels or terminals for 60 seconds; shutting down.
[I 2021-05-26 19:02:23.700 ServerApp] Shutting down 0 kernels
[I 2021-05-26 19:02:23.701 ServerApp] Shutting down 0 terminals
2021-05-26_19:02:23_887554388
