nesh-fe3
2021-05-27_01:00:00_997891717
[I 2021-05-27 01:00:03.494 ServerApp] jupyterlab | extension was successfully linked.
[I 2021-05-27 01:00:03.823 ServerApp] nbclassic | extension was successfully linked.
[I 2021-05-27 01:00:03.853 ServerApp] nbclassic | extension was successfully loaded.
[I 2021-05-27 01:00:03.854 LabApp] JupyterLab extension loaded from /miniconda3/lib/python3.9/site-packages/jupyterlab
[I 2021-05-27 01:00:03.854 LabApp] JupyterLab application directory is /miniconda3/share/jupyter/lab
[I 2021-05-27 01:00:03.857 ServerApp] jupyterlab | extension was successfully loaded.
[I 2021-05-27 01:00:03.857 ServerApp] Will shut down after 60 seconds with no kernels or terminals.
[I 2021-05-27 01:00:03.858 ServerApp] The port 8888 is already in use, trying another port.
[I 2021-05-27 01:00:03.859 ServerApp] The port 8889 is already in use, trying another port.
[I 2021-05-27 01:00:03.859 ServerApp] The port 8890 is already in use, trying another port.
[I 2021-05-27 01:00:03.859 ServerApp] The port 8891 is already in use, trying another port.
[I 2021-05-27 01:00:03.859 ServerApp] The port 8892 is already in use, trying another port.
[I 2021-05-27 01:00:03.860 ServerApp] Serving notebooks from local directory: /gxfs_home/geomar/smomw260/github/jupyter-hpc-performance
[I 2021-05-27 01:00:03.860 ServerApp] Jupyter Server 1.8.0 is running at:
[I 2021-05-27 01:00:03.860 ServerApp] http://localhost:8841/lab?token=da42eab82ef4dc8b14d42dda1c9ea508007d497095bbe927
[I 2021-05-27 01:00:03.860 ServerApp]     http://127.0.0.1:8841/lab?token=da42eab82ef4dc8b14d42dda1c9ea508007d497095bbe927
[I 2021-05-27 01:00:03.860 ServerApp] Use Control-C to stop this server and shut down all kernels (twice to skip confirmation).
[C 2021-05-27 01:00:03.867 ServerApp] 
    
    To access the server, open this file in a browser:
        file:///gxfs_home/geomar/smomw260/.local/share/jupyter/runtime/jpserver-3175064-open.html
    Or copy and paste one of these URLs:
        http://localhost:8841/lab?token=da42eab82ef4dc8b14d42dda1c9ea508007d497095bbe927
        http://127.0.0.1:8841/lab?token=da42eab82ef4dc8b14d42dda1c9ea508007d497095bbe927
[I 2021-05-27 01:01:03.920 ServerApp] No kernels or terminals for 60 seconds; shutting down.
[I 2021-05-27 01:01:03.921 ServerApp] Shutting down 0 kernels
[I 2021-05-27 01:01:03.922 ServerApp] Shutting down 0 terminals
2021-05-27_01:01:04_103586923
