nesh-fe3
2021-05-27_17:01:07_716646065
[I 2021-05-27 17:01:09.607 ServerApp] jupyterlab | extension was successfully linked.
[I 2021-05-27 17:01:09.913 ServerApp] nbclassic | extension was successfully linked.
[I 2021-05-27 17:01:09.941 ServerApp] nbclassic | extension was successfully loaded.
[I 2021-05-27 17:01:09.942 LabApp] JupyterLab extension loaded from /miniconda3/lib/python3.9/site-packages/jupyterlab
[I 2021-05-27 17:01:09.942 LabApp] JupyterLab application directory is /miniconda3/share/jupyter/lab
[I 2021-05-27 17:01:09.944 ServerApp] jupyterlab | extension was successfully loaded.
[I 2021-05-27 17:01:09.945 ServerApp] Will shut down after 60 seconds with no kernels or terminals.
[I 2021-05-27 17:01:09.946 ServerApp] The port 8888 is already in use, trying another port.
[I 2021-05-27 17:01:09.946 ServerApp] Serving notebooks from local directory: /gxfs_home/geomar/smomw260/github/jupyter-hpc-performance
[I 2021-05-27 17:01:09.946 ServerApp] Jupyter Server 1.8.0 is running at:
[I 2021-05-27 17:01:09.946 ServerApp] http://localhost:8889/lab?token=6647a6e21dcddd8ee841eafdc9fcc48cf71cf29abf2f43bc
[I 2021-05-27 17:01:09.946 ServerApp]     http://127.0.0.1:8889/lab?token=6647a6e21dcddd8ee841eafdc9fcc48cf71cf29abf2f43bc
[I 2021-05-27 17:01:09.946 ServerApp] Use Control-C to stop this server and shut down all kernels (twice to skip confirmation).
[C 2021-05-27 17:01:09.952 ServerApp] 
    
    To access the server, open this file in a browser:
        file:///gxfs_home/geomar/smomw260/.local/share/jupyter/runtime/jpserver-3714669-open.html
    Or copy and paste one of these URLs:
        http://localhost:8889/lab?token=6647a6e21dcddd8ee841eafdc9fcc48cf71cf29abf2f43bc
        http://127.0.0.1:8889/lab?token=6647a6e21dcddd8ee841eafdc9fcc48cf71cf29abf2f43bc
[I 2021-05-27 17:02:09.953 ServerApp] No kernels or terminals for 60 seconds; shutting down.
[I 2021-05-27 17:02:09.956 ServerApp] Shutting down 0 kernels
[I 2021-05-27 17:02:09.956 ServerApp] Shutting down 0 terminals
2021-05-27_17:02:10_130605567
