nesh-fe3
2021-05-27_09:01:04_333341121
[I 2021-05-27 09:01:06.032 ServerApp] jupyterlab | extension was successfully linked.
[I 2021-05-27 09:01:06.376 ServerApp] nbclassic | extension was successfully linked.
[I 2021-05-27 09:01:06.407 ServerApp] nbclassic | extension was successfully loaded.
[I 2021-05-27 09:01:06.408 LabApp] JupyterLab extension loaded from /miniconda3/lib/python3.9/site-packages/jupyterlab
[I 2021-05-27 09:01:06.408 LabApp] JupyterLab application directory is /miniconda3/share/jupyter/lab
[I 2021-05-27 09:01:06.411 ServerApp] jupyterlab | extension was successfully loaded.
[I 2021-05-27 09:01:06.411 ServerApp] Will shut down after 60 seconds with no kernels or terminals.
[I 2021-05-27 09:01:06.412 ServerApp] The port 8888 is already in use, trying another port.
[I 2021-05-27 09:01:06.413 ServerApp] The port 8889 is already in use, trying another port.
[I 2021-05-27 09:01:06.413 ServerApp] The port 8890 is already in use, trying another port.
[I 2021-05-27 09:01:06.413 ServerApp] The port 8891 is already in use, trying another port.
[I 2021-05-27 09:01:06.413 ServerApp] The port 8892 is already in use, trying another port.
[I 2021-05-27 09:01:06.414 ServerApp] Serving notebooks from local directory: /gxfs_home/geomar/smomw260/github/jupyter-hpc-performance
[I 2021-05-27 09:01:06.414 ServerApp] Jupyter Server 1.8.0 is running at:
[I 2021-05-27 09:01:06.414 ServerApp] http://localhost:8896/lab?token=c4516991cd27d00dc283a0675c6562c92d7504ac5e641d83
[I 2021-05-27 09:01:06.414 ServerApp]     http://127.0.0.1:8896/lab?token=c4516991cd27d00dc283a0675c6562c92d7504ac5e641d83
[I 2021-05-27 09:01:06.414 ServerApp] Use Control-C to stop this server and shut down all kernels (twice to skip confirmation).
[C 2021-05-27 09:01:06.420 ServerApp] 
    
    To access the server, open this file in a browser:
        file:///gxfs_home/geomar/smomw260/.local/share/jupyter/runtime/jpserver-3220090-open.html
    Or copy and paste one of these URLs:
        http://localhost:8896/lab?token=c4516991cd27d00dc283a0675c6562c92d7504ac5e641d83
        http://127.0.0.1:8896/lab?token=c4516991cd27d00dc283a0675c6562c92d7504ac5e641d83
[I 2021-05-27 09:02:06.474 ServerApp] No kernels or terminals for 60 seconds; shutting down.
[I 2021-05-27 09:02:06.474 ServerApp] Shutting down 0 kernels
[I 2021-05-27 09:02:06.475 ServerApp] Shutting down 0 terminals
2021-05-27_09:02:06_661858119
