nesh-fe3
2021-05-26_23:01:04_086519328
[I 2021-05-26 23:01:05.767 ServerApp] jupyterlab | extension was successfully linked.
[I 2021-05-26 23:01:06.114 ServerApp] nbclassic | extension was successfully linked.
[I 2021-05-26 23:01:06.146 ServerApp] nbclassic | extension was successfully loaded.
[I 2021-05-26 23:01:06.147 LabApp] JupyterLab extension loaded from /miniconda3/lib/python3.9/site-packages/jupyterlab
[I 2021-05-26 23:01:06.147 LabApp] JupyterLab application directory is /miniconda3/share/jupyter/lab
[I 2021-05-26 23:01:06.150 ServerApp] jupyterlab | extension was successfully loaded.
[I 2021-05-26 23:01:06.151 ServerApp] Will shut down after 60 seconds with no kernels or terminals.
[I 2021-05-26 23:01:06.152 ServerApp] The port 8888 is already in use, trying another port.
[I 2021-05-26 23:01:06.152 ServerApp] The port 8889 is already in use, trying another port.
[I 2021-05-26 23:01:06.153 ServerApp] The port 8890 is already in use, trying another port.
[I 2021-05-26 23:01:06.153 ServerApp] The port 8891 is already in use, trying another port.
[I 2021-05-26 23:01:06.153 ServerApp] The port 8892 is already in use, trying another port.
[I 2021-05-26 23:01:06.154 ServerApp] Serving notebooks from local directory: /gxfs_home/geomar/smomw260/github/jupyter-hpc-performance
[I 2021-05-26 23:01:06.154 ServerApp] Jupyter Server 1.8.0 is running at:
[I 2021-05-26 23:01:06.154 ServerApp] http://localhost:8896/lab?token=d3302e85dd9d3eb453a4a4ba45e2a0c56fa8baad4b9732ad
[I 2021-05-26 23:01:06.154 ServerApp]     http://127.0.0.1:8896/lab?token=d3302e85dd9d3eb453a4a4ba45e2a0c56fa8baad4b9732ad
[I 2021-05-26 23:01:06.154 ServerApp] Use Control-C to stop this server and shut down all kernels (twice to skip confirmation).
[C 2021-05-26 23:01:06.159 ServerApp] 
    
    To access the server, open this file in a browser:
        file:///gxfs_home/geomar/smomw260/.local/share/jupyter/runtime/jpserver-3164794-open.html
    Or copy and paste one of these URLs:
        http://localhost:8896/lab?token=d3302e85dd9d3eb453a4a4ba45e2a0c56fa8baad4b9732ad
        http://127.0.0.1:8896/lab?token=d3302e85dd9d3eb453a4a4ba45e2a0c56fa8baad4b9732ad
[I 2021-05-26 23:02:06.212 ServerApp] No kernels or terminals for 60 seconds; shutting down.
[I 2021-05-26 23:02:06.214 ServerApp] Shutting down 0 kernels
[I 2021-05-26 23:02:06.214 ServerApp] Shutting down 0 terminals
2021-05-26_23:02:06_407757623
