nesh-fe3
2021-05-26_22:00:03_078278884
[I 2021-05-26 22:00:06.202 ServerApp] jupyterlab | extension was successfully linked.
[I 2021-05-26 22:00:06.551 ServerApp] nbclassic | extension was successfully linked.
[I 2021-05-26 22:00:06.583 ServerApp] nbclassic | extension was successfully loaded.
[I 2021-05-26 22:00:06.584 LabApp] JupyterLab extension loaded from /miniconda3/lib/python3.9/site-packages/jupyterlab
[I 2021-05-26 22:00:06.584 LabApp] JupyterLab application directory is /miniconda3/share/jupyter/lab
[I 2021-05-26 22:00:06.588 ServerApp] jupyterlab | extension was successfully loaded.
[I 2021-05-26 22:00:06.588 ServerApp] Will shut down after 60 seconds with no kernels or terminals.
[I 2021-05-26 22:00:06.589 ServerApp] The port 8888 is already in use, trying another port.
[I 2021-05-26 22:00:06.589 ServerApp] The port 8889 is already in use, trying another port.
[I 2021-05-26 22:00:06.590 ServerApp] The port 8890 is already in use, trying another port.
[I 2021-05-26 22:00:06.590 ServerApp] The port 8891 is already in use, trying another port.
[I 2021-05-26 22:00:06.590 ServerApp] The port 8892 is already in use, trying another port.
[I 2021-05-26 22:00:06.591 ServerApp] Serving notebooks from local directory: /gxfs_home/geomar/smomw260/github/jupyter-hpc-performance
[I 2021-05-26 22:00:06.591 ServerApp] Jupyter Server 1.8.0 is running at:
[I 2021-05-26 22:00:06.591 ServerApp] http://localhost:8935/lab?token=04fb9e9fef3e440d7f4a7cd995862355081fa6fc1408545b
[I 2021-05-26 22:00:06.591 ServerApp]     http://127.0.0.1:8935/lab?token=04fb9e9fef3e440d7f4a7cd995862355081fa6fc1408545b
[I 2021-05-26 22:00:06.591 ServerApp] Use Control-C to stop this server and shut down all kernels (twice to skip confirmation).
[C 2021-05-26 22:00:06.596 ServerApp] 
    
    To access the server, open this file in a browser:
        file:///gxfs_home/geomar/smomw260/.local/share/jupyter/runtime/jpserver-3158799-open.html
    Or copy and paste one of these URLs:
        http://localhost:8935/lab?token=04fb9e9fef3e440d7f4a7cd995862355081fa6fc1408545b
        http://127.0.0.1:8935/lab?token=04fb9e9fef3e440d7f4a7cd995862355081fa6fc1408545b
[I 2021-05-26 22:01:06.648 ServerApp] No kernels or terminals for 60 seconds; shutting down.
[I 2021-05-26 22:01:06.649 ServerApp] Shutting down 0 kernels
[I 2021-05-26 22:01:06.650 ServerApp] Shutting down 0 terminals
2021-05-26_22:01:06_835534185
