nesh-fe3
2021-05-27_06:00:00_636940000
[I 2021-05-27 06:00:02.207 ServerApp] jupyterlab | extension was successfully linked.
[I 2021-05-27 06:00:02.539 ServerApp] nbclassic | extension was successfully linked.
[I 2021-05-27 06:00:02.569 ServerApp] nbclassic | extension was successfully loaded.
[I 2021-05-27 06:00:02.570 LabApp] JupyterLab extension loaded from /miniconda3/lib/python3.9/site-packages/jupyterlab
[I 2021-05-27 06:00:02.570 LabApp] JupyterLab application directory is /miniconda3/share/jupyter/lab
[I 2021-05-27 06:00:02.573 ServerApp] jupyterlab | extension was successfully loaded.
[I 2021-05-27 06:00:02.574 ServerApp] Will shut down after 60 seconds with no kernels or terminals.
[I 2021-05-27 06:00:02.575 ServerApp] The port 8888 is already in use, trying another port.
[I 2021-05-27 06:00:02.575 ServerApp] The port 8889 is already in use, trying another port.
[I 2021-05-27 06:00:02.575 ServerApp] The port 8890 is already in use, trying another port.
[I 2021-05-27 06:00:02.575 ServerApp] The port 8891 is already in use, trying another port.
[I 2021-05-27 06:00:02.576 ServerApp] The port 8892 is already in use, trying another port.
[I 2021-05-27 06:00:02.576 ServerApp] Serving notebooks from local directory: /gxfs_home/geomar/smomw260/github/jupyter-hpc-performance
[I 2021-05-27 06:00:02.576 ServerApp] Jupyter Server 1.8.0 is running at:
[I 2021-05-27 06:00:02.576 ServerApp] http://localhost:8896/lab?token=f4027a0aeec5bef99c042189ab20737499455184768489b2
[I 2021-05-27 06:00:02.576 ServerApp]     http://127.0.0.1:8896/lab?token=f4027a0aeec5bef99c042189ab20737499455184768489b2
[I 2021-05-27 06:00:02.576 ServerApp] Use Control-C to stop this server and shut down all kernels (twice to skip confirmation).
[C 2021-05-27 06:00:02.585 ServerApp] 
    
    To access the server, open this file in a browser:
        file:///gxfs_home/geomar/smomw260/.local/share/jupyter/runtime/jpserver-3198985-open.html
    Or copy and paste one of these URLs:
        http://localhost:8896/lab?token=f4027a0aeec5bef99c042189ab20737499455184768489b2
        http://127.0.0.1:8896/lab?token=f4027a0aeec5bef99c042189ab20737499455184768489b2
[I 2021-05-27 06:01:02.635 ServerApp] No kernels or terminals for 60 seconds; shutting down.
[I 2021-05-27 06:01:02.636 ServerApp] Shutting down 0 kernels
[I 2021-05-27 06:01:02.637 ServerApp] Shutting down 0 terminals
2021-05-27_06:01:02_806745931
