nesh-fe3
2021-05-27_12:00:01_363337215
[I 2021-05-27 12:00:05.003 ServerApp] jupyterlab | extension was successfully linked.
[I 2021-05-27 12:00:05.392 ServerApp] nbclassic | extension was successfully linked.
[I 2021-05-27 12:00:05.423 ServerApp] nbclassic | extension was successfully loaded.
[I 2021-05-27 12:00:05.424 LabApp] JupyterLab extension loaded from /miniconda3/lib/python3.9/site-packages/jupyterlab
[I 2021-05-27 12:00:05.424 LabApp] JupyterLab application directory is /miniconda3/share/jupyter/lab
[I 2021-05-27 12:00:05.427 ServerApp] jupyterlab | extension was successfully loaded.
[I 2021-05-27 12:00:05.428 ServerApp] Will shut down after 60 seconds with no kernels or terminals.
[I 2021-05-27 12:00:05.429 ServerApp] The port 8888 is already in use, trying another port.
[I 2021-05-27 12:00:05.429 ServerApp] The port 8889 is already in use, trying another port.
[I 2021-05-27 12:00:05.429 ServerApp] The port 8890 is already in use, trying another port.
[I 2021-05-27 12:00:05.430 ServerApp] The port 8891 is already in use, trying another port.
[I 2021-05-27 12:00:05.430 ServerApp] The port 8892 is already in use, trying another port.
[I 2021-05-27 12:00:05.430 ServerApp] Serving notebooks from local directory: /gxfs_home/geomar/smomw260/github/jupyter-hpc-performance
[I 2021-05-27 12:00:05.430 ServerApp] Jupyter Server 1.8.0 is running at:
[I 2021-05-27 12:00:05.430 ServerApp] http://localhost:8921/lab?token=486dd9afed83c144f8bf40898b9ffdd265d2ee2f7f6cf72f
[I 2021-05-27 12:00:05.430 ServerApp]     http://127.0.0.1:8921/lab?token=486dd9afed83c144f8bf40898b9ffdd265d2ee2f7f6cf72f
[I 2021-05-27 12:00:05.430 ServerApp] Use Control-C to stop this server and shut down all kernels (twice to skip confirmation).
[C 2021-05-27 12:00:05.435 ServerApp] 
    
    To access the server, open this file in a browser:
        file:///gxfs_home/geomar/smomw260/.local/share/jupyter/runtime/jpserver-3339560-open.html
    Or copy and paste one of these URLs:
        http://localhost:8921/lab?token=486dd9afed83c144f8bf40898b9ffdd265d2ee2f7f6cf72f
        http://127.0.0.1:8921/lab?token=486dd9afed83c144f8bf40898b9ffdd265d2ee2f7f6cf72f
[I 2021-05-27 12:01:05.434 ServerApp] No kernels or terminals for 60 seconds; shutting down.
[I 2021-05-27 12:01:05.443 ServerApp] Shutting down 0 kernels
[I 2021-05-27 12:01:05.444 ServerApp] Shutting down 0 terminals
2021-05-27_12:01:05_624958772
