nesh-fe3
2021-05-27_02:00:02_760705644
[I 2021-05-27 02:00:05.494 ServerApp] jupyterlab | extension was successfully linked.
[I 2021-05-27 02:00:05.829 ServerApp] nbclassic | extension was successfully linked.
[I 2021-05-27 02:00:05.859 ServerApp] nbclassic | extension was successfully loaded.
[I 2021-05-27 02:00:05.860 LabApp] JupyterLab extension loaded from /miniconda3/lib/python3.9/site-packages/jupyterlab
[I 2021-05-27 02:00:05.860 LabApp] JupyterLab application directory is /miniconda3/share/jupyter/lab
[I 2021-05-27 02:00:05.863 ServerApp] jupyterlab | extension was successfully loaded.
[I 2021-05-27 02:00:05.863 ServerApp] Will shut down after 60 seconds with no kernels or terminals.
[I 2021-05-27 02:00:05.864 ServerApp] The port 8888 is already in use, trying another port.
[I 2021-05-27 02:00:05.864 ServerApp] The port 8889 is already in use, trying another port.
[I 2021-05-27 02:00:05.865 ServerApp] The port 8890 is already in use, trying another port.
[I 2021-05-27 02:00:05.865 ServerApp] The port 8891 is already in use, trying another port.
[I 2021-05-27 02:00:05.865 ServerApp] The port 8892 is already in use, trying another port.
[I 2021-05-27 02:00:05.866 ServerApp] Serving notebooks from local directory: /gxfs_home/geomar/smomw260/github/jupyter-hpc-performance
[I 2021-05-27 02:00:05.866 ServerApp] Jupyter Server 1.8.0 is running at:
[I 2021-05-27 02:00:05.866 ServerApp] http://localhost:8958/lab?token=4d50707c334c6139bb8162b48c87778f69cc63327f97d1b9
[I 2021-05-27 02:00:05.866 ServerApp]     http://127.0.0.1:8958/lab?token=4d50707c334c6139bb8162b48c87778f69cc63327f97d1b9
[I 2021-05-27 02:00:05.866 ServerApp] Use Control-C to stop this server and shut down all kernels (twice to skip confirmation).
[C 2021-05-27 02:00:05.872 ServerApp] 
    
    To access the server, open this file in a browser:
        file:///gxfs_home/geomar/smomw260/.local/share/jupyter/runtime/jpserver-3179820-open.html
    Or copy and paste one of these URLs:
        http://localhost:8958/lab?token=4d50707c334c6139bb8162b48c87778f69cc63327f97d1b9
        http://127.0.0.1:8958/lab?token=4d50707c334c6139bb8162b48c87778f69cc63327f97d1b9
[I 2021-05-27 02:01:05.923 ServerApp] No kernels or terminals for 60 seconds; shutting down.
[I 2021-05-27 02:01:05.924 ServerApp] Shutting down 0 kernels
[I 2021-05-27 02:01:05.925 ServerApp] Shutting down 0 terminals
2021-05-27_02:01:06_107542109
