nesh-fe3
2021-05-27_10:00:01_157069010
[I 2021-05-27 10:00:04.281 ServerApp] jupyterlab | extension was successfully linked.
[I 2021-05-27 10:00:04.628 ServerApp] nbclassic | extension was successfully linked.
[I 2021-05-27 10:00:04.659 ServerApp] nbclassic | extension was successfully loaded.
[I 2021-05-27 10:00:04.661 LabApp] JupyterLab extension loaded from /miniconda3/lib/python3.9/site-packages/jupyterlab
[I 2021-05-27 10:00:04.661 LabApp] JupyterLab application directory is /miniconda3/share/jupyter/lab
[I 2021-05-27 10:00:04.664 ServerApp] jupyterlab | extension was successfully loaded.
[I 2021-05-27 10:00:04.664 ServerApp] Will shut down after 60 seconds with no kernels or terminals.
[I 2021-05-27 10:00:04.666 ServerApp] The port 8888 is already in use, trying another port.
[I 2021-05-27 10:00:04.666 ServerApp] The port 8889 is already in use, trying another port.
[I 2021-05-27 10:00:04.666 ServerApp] The port 8890 is already in use, trying another port.
[I 2021-05-27 10:00:04.666 ServerApp] The port 8891 is already in use, trying another port.
[I 2021-05-27 10:00:04.667 ServerApp] The port 8892 is already in use, trying another port.
[I 2021-05-27 10:00:04.667 ServerApp] Serving notebooks from local directory: /gxfs_home/geomar/smomw260/github/jupyter-hpc-performance
[I 2021-05-27 10:00:04.667 ServerApp] Jupyter Server 1.8.0 is running at:
[I 2021-05-27 10:00:04.667 ServerApp] http://localhost:8809/lab?token=8fc0694b8eee319165c7d1598dc9cd819768b12af5998493
[I 2021-05-27 10:00:04.667 ServerApp]     http://127.0.0.1:8809/lab?token=8fc0694b8eee319165c7d1598dc9cd819768b12af5998493
[I 2021-05-27 10:00:04.667 ServerApp] Use Control-C to stop this server and shut down all kernels (twice to skip confirmation).
[C 2021-05-27 10:00:04.673 ServerApp] 
    
    To access the server, open this file in a browser:
        file:///gxfs_home/geomar/smomw260/.local/share/jupyter/runtime/jpserver-3235865-open.html
    Or copy and paste one of these URLs:
        http://localhost:8809/lab?token=8fc0694b8eee319165c7d1598dc9cd819768b12af5998493
        http://127.0.0.1:8809/lab?token=8fc0694b8eee319165c7d1598dc9cd819768b12af5998493
[I 2021-05-27 10:01:04.726 ServerApp] No kernels or terminals for 60 seconds; shutting down.
[I 2021-05-27 10:01:04.728 ServerApp] Shutting down 0 kernels
[I 2021-05-27 10:01:04.728 ServerApp] Shutting down 0 terminals
2021-05-27_10:01:04_919725392
