nesh-fe3
2021-05-27_04:00:01_010528943
[I 2021-05-27 04:00:02.532 ServerApp] jupyterlab | extension was successfully linked.
[I 2021-05-27 04:00:02.878 ServerApp] nbclassic | extension was successfully linked.
[I 2021-05-27 04:00:02.908 ServerApp] nbclassic | extension was successfully loaded.
[I 2021-05-27 04:00:02.909 LabApp] JupyterLab extension loaded from /miniconda3/lib/python3.9/site-packages/jupyterlab
[I 2021-05-27 04:00:02.909 LabApp] JupyterLab application directory is /miniconda3/share/jupyter/lab
[I 2021-05-27 04:00:02.912 ServerApp] jupyterlab | extension was successfully loaded.
[I 2021-05-27 04:00:02.912 ServerApp] Will shut down after 60 seconds with no kernels or terminals.
[I 2021-05-27 04:00:02.913 ServerApp] The port 8888 is already in use, trying another port.
[I 2021-05-27 04:00:02.914 ServerApp] The port 8889 is already in use, trying another port.
[I 2021-05-27 04:00:02.914 ServerApp] The port 8890 is already in use, trying another port.
[I 2021-05-27 04:00:02.914 ServerApp] The port 8891 is already in use, trying another port.
[I 2021-05-27 04:00:02.914 ServerApp] The port 8892 is already in use, trying another port.
[I 2021-05-27 04:00:02.915 ServerApp] Serving notebooks from local directory: /gxfs_home/geomar/smomw260/github/jupyter-hpc-performance
[I 2021-05-27 04:00:02.915 ServerApp] Jupyter Server 1.8.0 is running at:
[I 2021-05-27 04:00:02.915 ServerApp] http://localhost:8867/lab?token=e1e58b5ea732e3cedc4ccd480972cf08c1a1a2fa73c6071c
[I 2021-05-27 04:00:02.915 ServerApp]     http://127.0.0.1:8867/lab?token=e1e58b5ea732e3cedc4ccd480972cf08c1a1a2fa73c6071c
[I 2021-05-27 04:00:02.915 ServerApp] Use Control-C to stop this server and shut down all kernels (twice to skip confirmation).
[C 2021-05-27 04:00:02.921 ServerApp] 
    
    To access the server, open this file in a browser:
        file:///gxfs_home/geomar/smomw260/.local/share/jupyter/runtime/jpserver-3189604-open.html
    Or copy and paste one of these URLs:
        http://localhost:8867/lab?token=e1e58b5ea732e3cedc4ccd480972cf08c1a1a2fa73c6071c
        http://127.0.0.1:8867/lab?token=e1e58b5ea732e3cedc4ccd480972cf08c1a1a2fa73c6071c
[I 2021-05-27 04:01:02.974 ServerApp] No kernels or terminals for 60 seconds; shutting down.
[I 2021-05-27 04:01:02.976 ServerApp] Shutting down 0 kernels
[I 2021-05-27 04:01:02.976 ServerApp] Shutting down 0 terminals
2021-05-27_04:01:03_168270865
