nesh-fe3
2021-05-27_11:00:02_926817187
[I 2021-05-27 11:00:06.058 ServerApp] jupyterlab | extension was successfully linked.
[I 2021-05-27 11:00:06.413 ServerApp] nbclassic | extension was successfully linked.
[I 2021-05-27 11:00:06.446 ServerApp] nbclassic | extension was successfully loaded.
[I 2021-05-27 11:00:06.447 LabApp] JupyterLab extension loaded from /miniconda3/lib/python3.9/site-packages/jupyterlab
[I 2021-05-27 11:00:06.447 LabApp] JupyterLab application directory is /miniconda3/share/jupyter/lab
[I 2021-05-27 11:00:06.450 ServerApp] jupyterlab | extension was successfully loaded.
[I 2021-05-27 11:00:06.451 ServerApp] Will shut down after 60 seconds with no kernels or terminals.
[I 2021-05-27 11:00:06.452 ServerApp] The port 8888 is already in use, trying another port.
[I 2021-05-27 11:00:06.452 ServerApp] The port 8889 is already in use, trying another port.
[I 2021-05-27 11:00:06.453 ServerApp] The port 8890 is already in use, trying another port.
[I 2021-05-27 11:00:06.453 ServerApp] The port 8891 is already in use, trying another port.
[I 2021-05-27 11:00:06.453 ServerApp] The port 8892 is already in use, trying another port.
[I 2021-05-27 11:00:06.454 ServerApp] Serving notebooks from local directory: /gxfs_home/geomar/smomw260/github/jupyter-hpc-performance
[I 2021-05-27 11:00:06.454 ServerApp] Jupyter Server 1.8.0 is running at:
[I 2021-05-27 11:00:06.454 ServerApp] http://localhost:8931/lab?token=26f1c48c5b7f4899687dd1fab3283097b97b662ffbbb2711
[I 2021-05-27 11:00:06.454 ServerApp]     http://127.0.0.1:8931/lab?token=26f1c48c5b7f4899687dd1fab3283097b97b662ffbbb2711
[I 2021-05-27 11:00:06.454 ServerApp] Use Control-C to stop this server and shut down all kernels (twice to skip confirmation).
[C 2021-05-27 11:00:06.459 ServerApp] 
    
    To access the server, open this file in a browser:
        file:///gxfs_home/geomar/smomw260/.local/share/jupyter/runtime/jpserver-3249992-open.html
    Or copy and paste one of these URLs:
        http://localhost:8931/lab?token=26f1c48c5b7f4899687dd1fab3283097b97b662ffbbb2711
        http://127.0.0.1:8931/lab?token=26f1c48c5b7f4899687dd1fab3283097b97b662ffbbb2711
[I 2021-05-27 11:01:06.512 ServerApp] No kernels or terminals for 60 seconds; shutting down.
[I 2021-05-27 11:01:06.515 ServerApp] Shutting down 0 kernels
[I 2021-05-27 11:01:06.515 ServerApp] Shutting down 0 terminals
2021-05-27_11:01:06_729472062
