nesh-fe3
2021-05-27_07:00:00_743581688
[I 2021-05-27 07:00:03.243 ServerApp] jupyterlab | extension was successfully linked.
[I 2021-05-27 07:00:03.580 ServerApp] nbclassic | extension was successfully linked.
[I 2021-05-27 07:00:03.611 ServerApp] nbclassic | extension was successfully loaded.
[I 2021-05-27 07:00:03.612 LabApp] JupyterLab extension loaded from /miniconda3/lib/python3.9/site-packages/jupyterlab
[I 2021-05-27 07:00:03.612 LabApp] JupyterLab application directory is /miniconda3/share/jupyter/lab
[I 2021-05-27 07:00:03.615 ServerApp] jupyterlab | extension was successfully loaded.
[I 2021-05-27 07:00:03.615 ServerApp] Will shut down after 60 seconds with no kernels or terminals.
[I 2021-05-27 07:00:03.616 ServerApp] The port 8888 is already in use, trying another port.
[I 2021-05-27 07:00:03.616 ServerApp] The port 8889 is already in use, trying another port.
[I 2021-05-27 07:00:03.617 ServerApp] The port 8890 is already in use, trying another port.
[I 2021-05-27 07:00:03.617 ServerApp] The port 8891 is already in use, trying another port.
[I 2021-05-27 07:00:03.617 ServerApp] The port 8892 is already in use, trying another port.
[I 2021-05-27 07:00:03.617 ServerApp] Serving notebooks from local directory: /gxfs_home/geomar/smomw260/github/jupyter-hpc-performance
[I 2021-05-27 07:00:03.617 ServerApp] Jupyter Server 1.8.0 is running at:
[I 2021-05-27 07:00:03.617 ServerApp] http://localhost:8881/lab?token=ea7e9806a4c7ca2c866b462065a2b681fab0a3a1a8365d3a
[I 2021-05-27 07:00:03.617 ServerApp]     http://127.0.0.1:8881/lab?token=ea7e9806a4c7ca2c866b462065a2b681fab0a3a1a8365d3a
[I 2021-05-27 07:00:03.617 ServerApp] Use Control-C to stop this server and shut down all kernels (twice to skip confirmation).
[C 2021-05-27 07:00:03.624 ServerApp] 
    
    To access the server, open this file in a browser:
        file:///gxfs_home/geomar/smomw260/.local/share/jupyter/runtime/jpserver-3203778-open.html
    Or copy and paste one of these URLs:
        http://localhost:8881/lab?token=ea7e9806a4c7ca2c866b462065a2b681fab0a3a1a8365d3a
        http://127.0.0.1:8881/lab?token=ea7e9806a4c7ca2c866b462065a2b681fab0a3a1a8365d3a
[I 2021-05-27 07:01:03.677 ServerApp] No kernels or terminals for 60 seconds; shutting down.
[I 2021-05-27 07:01:03.679 ServerApp] Shutting down 0 kernels
[I 2021-05-27 07:01:03.679 ServerApp] Shutting down 0 terminals
2021-05-27_07:01:03_850509494
