nesh-fe3
2021-05-27_11:01:09_712442881
[I 2021-05-27 11:01:11.878 ServerApp] jupyterlab | extension was successfully linked.
[I 2021-05-27 11:01:12.221 ServerApp] nbclassic | extension was successfully linked.
[I 2021-05-27 11:01:12.251 ServerApp] nbclassic | extension was successfully loaded.
[I 2021-05-27 11:01:12.252 LabApp] JupyterLab extension loaded from /miniconda3/lib/python3.9/site-packages/jupyterlab
[I 2021-05-27 11:01:12.252 LabApp] JupyterLab application directory is /miniconda3/share/jupyter/lab
[I 2021-05-27 11:01:12.255 ServerApp] jupyterlab | extension was successfully loaded.
[I 2021-05-27 11:01:12.255 ServerApp] Will shut down after 60 seconds with no kernels or terminals.
[I 2021-05-27 11:01:12.256 ServerApp] The port 8888 is already in use, trying another port.
[I 2021-05-27 11:01:12.257 ServerApp] The port 8889 is already in use, trying another port.
[I 2021-05-27 11:01:12.257 ServerApp] The port 8890 is already in use, trying another port.
[I 2021-05-27 11:01:12.257 ServerApp] The port 8891 is already in use, trying another port.
[I 2021-05-27 11:01:12.258 ServerApp] The port 8892 is already in use, trying another port.
[I 2021-05-27 11:01:12.258 ServerApp] Serving notebooks from local directory: /gxfs_home/geomar/smomw260/github/jupyter-hpc-performance
[I 2021-05-27 11:01:12.258 ServerApp] Jupyter Server 1.8.0 is running at:
[I 2021-05-27 11:01:12.258 ServerApp] http://localhost:8825/lab?token=510715f35bf6a41956c2235216ff0d325b9131a626837532
[I 2021-05-27 11:01:12.258 ServerApp]     http://127.0.0.1:8825/lab?token=510715f35bf6a41956c2235216ff0d325b9131a626837532
[I 2021-05-27 11:01:12.258 ServerApp] Use Control-C to stop this server and shut down all kernels (twice to skip confirmation).
[C 2021-05-27 11:01:12.263 ServerApp] 
    
    To access the server, open this file in a browser:
        file:///gxfs_home/geomar/smomw260/.local/share/jupyter/runtime/jpserver-3250232-open.html
    Or copy and paste one of these URLs:
        http://localhost:8825/lab?token=510715f35bf6a41956c2235216ff0d325b9131a626837532
        http://127.0.0.1:8825/lab?token=510715f35bf6a41956c2235216ff0d325b9131a626837532
[I 2021-05-27 11:02:12.317 ServerApp] No kernels or terminals for 60 seconds; shutting down.
[I 2021-05-27 11:02:12.445 ServerApp] Shutting down 0 kernels
[I 2021-05-27 11:02:12.446 ServerApp] Shutting down 0 terminals
2021-05-27_11:02:12_621144369
