nesh-fe3
2021-05-27_13:00:01_428286088
[I 2021-05-27 13:00:03.991 ServerApp] jupyterlab | extension was successfully linked.
[I 2021-05-27 13:00:04.329 ServerApp] nbclassic | extension was successfully linked.
[I 2021-05-27 13:00:04.360 ServerApp] nbclassic | extension was successfully loaded.
[I 2021-05-27 13:00:04.361 LabApp] JupyterLab extension loaded from /miniconda3/lib/python3.9/site-packages/jupyterlab
[I 2021-05-27 13:00:04.361 LabApp] JupyterLab application directory is /miniconda3/share/jupyter/lab
[I 2021-05-27 13:00:04.364 ServerApp] jupyterlab | extension was successfully loaded.
[I 2021-05-27 13:00:04.365 ServerApp] Will shut down after 60 seconds with no kernels or terminals.
[I 2021-05-27 13:00:04.366 ServerApp] The port 8888 is already in use, trying another port.
[I 2021-05-27 13:00:04.367 ServerApp] Serving notebooks from local directory: /gxfs_home/geomar/smomw260/github/jupyter-hpc-performance
[I 2021-05-27 13:00:04.367 ServerApp] Jupyter Server 1.8.0 is running at:
[I 2021-05-27 13:00:04.367 ServerApp] http://localhost:8889/lab?token=f7bd26cdbb49e0b21bf37aaa5b829dc9c287d1550e92d253
[I 2021-05-27 13:00:04.367 ServerApp]     http://127.0.0.1:8889/lab?token=f7bd26cdbb49e0b21bf37aaa5b829dc9c287d1550e92d253
[I 2021-05-27 13:00:04.367 ServerApp] Use Control-C to stop this server and shut down all kernels (twice to skip confirmation).
[C 2021-05-27 13:00:04.372 ServerApp] 
    
    To access the server, open this file in a browser:
        file:///gxfs_home/geomar/smomw260/.local/share/jupyter/runtime/jpserver-3411894-open.html
    Or copy and paste one of these URLs:
        http://localhost:8889/lab?token=f7bd26cdbb49e0b21bf37aaa5b829dc9c287d1550e92d253
        http://127.0.0.1:8889/lab?token=f7bd26cdbb49e0b21bf37aaa5b829dc9c287d1550e92d253
[I 2021-05-27 13:01:04.426 ServerApp] No kernels or terminals for 60 seconds; shutting down.
[I 2021-05-27 13:01:04.428 ServerApp] Shutting down 0 kernels
[I 2021-05-27 13:01:04.429 ServerApp] Shutting down 0 terminals
2021-05-27_13:01:04_654330839
