nesh-fe3
2021-05-27_08:00:00_997893563
[I 2021-05-27 08:00:02.393 ServerApp] jupyterlab | extension was successfully linked.
[I 2021-05-27 08:00:02.734 ServerApp] nbclassic | extension was successfully linked.
[I 2021-05-27 08:00:02.764 ServerApp] nbclassic | extension was successfully loaded.
[I 2021-05-27 08:00:02.765 LabApp] JupyterLab extension loaded from /miniconda3/lib/python3.9/site-packages/jupyterlab
[I 2021-05-27 08:00:02.765 LabApp] JupyterLab application directory is /miniconda3/share/jupyter/lab
[I 2021-05-27 08:00:02.768 ServerApp] jupyterlab | extension was successfully loaded.
[I 2021-05-27 08:00:02.769 ServerApp] Will shut down after 60 seconds with no kernels or terminals.
[I 2021-05-27 08:00:02.770 ServerApp] The port 8888 is already in use, trying another port.
[I 2021-05-27 08:00:02.770 ServerApp] The port 8889 is already in use, trying another port.
[I 2021-05-27 08:00:02.770 ServerApp] The port 8890 is already in use, trying another port.
[I 2021-05-27 08:00:02.770 ServerApp] The port 8891 is already in use, trying another port.
[I 2021-05-27 08:00:02.771 ServerApp] The port 8892 is already in use, trying another port.
[I 2021-05-27 08:00:02.771 ServerApp] Serving notebooks from local directory: /gxfs_home/geomar/smomw260/github/jupyter-hpc-performance
[I 2021-05-27 08:00:02.771 ServerApp] Jupyter Server 1.8.0 is running at:
[I 2021-05-27 08:00:02.771 ServerApp] http://localhost:8870/lab?token=9ccd2f16e23659de15bfdf990fb35b11049dd62de595da9d
[I 2021-05-27 08:00:02.771 ServerApp]     http://127.0.0.1:8870/lab?token=9ccd2f16e23659de15bfdf990fb35b11049dd62de595da9d
[I 2021-05-27 08:00:02.771 ServerApp] Use Control-C to stop this server and shut down all kernels (twice to skip confirmation).
[C 2021-05-27 08:00:02.778 ServerApp] 
    
    To access the server, open this file in a browser:
        file:///gxfs_home/geomar/smomw260/.local/share/jupyter/runtime/jpserver-3208458-open.html
    Or copy and paste one of these URLs:
        http://localhost:8870/lab?token=9ccd2f16e23659de15bfdf990fb35b11049dd62de595da9d
        http://127.0.0.1:8870/lab?token=9ccd2f16e23659de15bfdf990fb35b11049dd62de595da9d
[I 2021-05-27 08:01:02.831 ServerApp] No kernels or terminals for 60 seconds; shutting down.
[I 2021-05-27 08:01:02.832 ServerApp] Shutting down 0 kernels
[I 2021-05-27 08:01:02.833 ServerApp] Shutting down 0 terminals
2021-05-27_08:01:03_022622556
