nesh-fe3
2021-05-26_21:01:05_539659254
[I 2021-05-26 21:01:07.215 ServerApp] jupyterlab | extension was successfully linked.
[I 2021-05-26 21:01:07.552 ServerApp] nbclassic | extension was successfully linked.
[I 2021-05-26 21:01:07.583 ServerApp] nbclassic | extension was successfully loaded.
[I 2021-05-26 21:01:07.584 LabApp] JupyterLab extension loaded from /miniconda3/lib/python3.9/site-packages/jupyterlab
[I 2021-05-26 21:01:07.584 LabApp] JupyterLab application directory is /miniconda3/share/jupyter/lab
[I 2021-05-26 21:01:07.587 ServerApp] jupyterlab | extension was successfully loaded.
[I 2021-05-26 21:01:07.587 ServerApp] Will shut down after 60 seconds with no kernels or terminals.
[I 2021-05-26 21:01:07.588 ServerApp] The port 8888 is already in use, trying another port.
[I 2021-05-26 21:01:07.589 ServerApp] The port 8889 is already in use, trying another port.
[I 2021-05-26 21:01:07.589 ServerApp] The port 8890 is already in use, trying another port.
[I 2021-05-26 21:01:07.589 ServerApp] The port 8891 is already in use, trying another port.
[I 2021-05-26 21:01:07.590 ServerApp] The port 8892 is already in use, trying another port.
[I 2021-05-26 21:01:07.590 ServerApp] Serving notebooks from local directory: /gxfs_home/geomar/smomw260/github/jupyter-hpc-performance
[I 2021-05-26 21:01:07.590 ServerApp] Jupyter Server 1.8.0 is running at:
[I 2021-05-26 21:01:07.590 ServerApp] http://localhost:8819/lab?token=c93a819bc50fca229412c1c99fd3970305e7a63b4f693f82
[I 2021-05-26 21:01:07.590 ServerApp]     http://127.0.0.1:8819/lab?token=c93a819bc50fca229412c1c99fd3970305e7a63b4f693f82
[I 2021-05-26 21:01:07.590 ServerApp] Use Control-C to stop this server and shut down all kernels (twice to skip confirmation).
[C 2021-05-26 21:01:07.595 ServerApp] 
    
    To access the server, open this file in a browser:
        file:///gxfs_home/geomar/smomw260/.local/share/jupyter/runtime/jpserver-3153380-open.html
    Or copy and paste one of these URLs:
        http://localhost:8819/lab?token=c93a819bc50fca229412c1c99fd3970305e7a63b4f693f82
        http://127.0.0.1:8819/lab?token=c93a819bc50fca229412c1c99fd3970305e7a63b4f693f82
[I 2021-05-26 21:02:07.649 ServerApp] No kernels or terminals for 60 seconds; shutting down.
[I 2021-05-26 21:02:07.650 ServerApp] Shutting down 0 kernels
[I 2021-05-26 21:02:07.650 ServerApp] Shutting down 0 terminals
2021-05-26_21:02:07_829578040
