nesh-fe3
2021-05-27_00:01:05_975481175
[I 2021-05-27 00:01:07.806 ServerApp] jupyterlab | extension was successfully linked.
[I 2021-05-27 00:01:08.160 ServerApp] nbclassic | extension was successfully linked.
[I 2021-05-27 00:01:08.192 ServerApp] nbclassic | extension was successfully loaded.
[I 2021-05-27 00:01:08.193 LabApp] JupyterLab extension loaded from /miniconda3/lib/python3.9/site-packages/jupyterlab
[I 2021-05-27 00:01:08.194 LabApp] JupyterLab application directory is /miniconda3/share/jupyter/lab
[I 2021-05-27 00:01:08.197 ServerApp] jupyterlab | extension was successfully loaded.
[I 2021-05-27 00:01:08.197 ServerApp] Will shut down after 60 seconds with no kernels or terminals.
[I 2021-05-27 00:01:08.198 ServerApp] The port 8888 is already in use, trying another port.
[I 2021-05-27 00:01:08.199 ServerApp] The port 8889 is already in use, trying another port.
[I 2021-05-27 00:01:08.199 ServerApp] The port 8890 is already in use, trying another port.
[I 2021-05-27 00:01:08.199 ServerApp] The port 8891 is already in use, trying another port.
[I 2021-05-27 00:01:08.199 ServerApp] The port 8892 is already in use, trying another port.
[I 2021-05-27 00:01:08.200 ServerApp] Serving notebooks from local directory: /gxfs_home/geomar/smomw260/github/jupyter-hpc-performance
[I 2021-05-27 00:01:08.200 ServerApp] Jupyter Server 1.8.0 is running at:
[I 2021-05-27 00:01:08.200 ServerApp] http://localhost:8855/lab?token=fa6e601afb2d938f9e9fd0eee02038a8ee968861c89d6355
[I 2021-05-27 00:01:08.200 ServerApp]     http://127.0.0.1:8855/lab?token=fa6e601afb2d938f9e9fd0eee02038a8ee968861c89d6355
[I 2021-05-27 00:01:08.200 ServerApp] Use Control-C to stop this server and shut down all kernels (twice to skip confirmation).
[C 2021-05-27 00:01:08.206 ServerApp] 
    
    To access the server, open this file in a browser:
        file:///gxfs_home/geomar/smomw260/.local/share/jupyter/runtime/jpserver-3169624-open.html
    Or copy and paste one of these URLs:
        http://localhost:8855/lab?token=fa6e601afb2d938f9e9fd0eee02038a8ee968861c89d6355
        http://127.0.0.1:8855/lab?token=fa6e601afb2d938f9e9fd0eee02038a8ee968861c89d6355
[I 2021-05-27 00:02:08.259 ServerApp] No kernels or terminals for 60 seconds; shutting down.
[I 2021-05-27 00:02:08.260 ServerApp] Shutting down 0 kernels
[I 2021-05-27 00:02:08.261 ServerApp] Shutting down 0 terminals
2021-05-27_00:02:08_450851515
