nesh-fe3
2021-05-26_20:00:03_466530330
[I 2021-05-26 20:00:06.270 ServerApp] jupyterlab | extension was successfully linked.
[I 2021-05-26 20:00:06.286 ServerApp] Writing notebook server cookie secret to /gxfs_home/geomar/smomw260/.local/share/jupyter/runtime/jupyter_cookie_secret
[I 2021-05-26 20:00:06.631 ServerApp] nbclassic | extension was successfully linked.
[I 2021-05-26 20:00:06.663 ServerApp] nbclassic | extension was successfully loaded.
[I 2021-05-26 20:00:06.665 LabApp] JupyterLab extension loaded from /miniconda3/lib/python3.9/site-packages/jupyterlab
[I 2021-05-26 20:00:06.665 LabApp] JupyterLab application directory is /miniconda3/share/jupyter/lab
[I 2021-05-26 20:00:06.668 ServerApp] jupyterlab | extension was successfully loaded.
[I 2021-05-26 20:00:06.668 ServerApp] Will shut down after 60 seconds with no kernels or terminals.
[I 2021-05-26 20:00:06.669 ServerApp] The port 8888 is already in use, trying another port.
[I 2021-05-26 20:00:06.670 ServerApp] The port 8889 is already in use, trying another port.
[I 2021-05-26 20:00:06.670 ServerApp] The port 8890 is already in use, trying another port.
[I 2021-05-26 20:00:06.670 ServerApp] The port 8891 is already in use, trying another port.
[I 2021-05-26 20:00:06.671 ServerApp] The port 8892 is already in use, trying another port.
[I 2021-05-26 20:00:06.671 ServerApp] Serving notebooks from local directory: /gxfs_home/geomar/smomw260/github/jupyter-hpc-performance
[I 2021-05-26 20:00:06.671 ServerApp] Jupyter Server 1.8.0 is running at:
[I 2021-05-26 20:00:06.671 ServerApp] http://localhost:8808/lab?token=17b641e399a7de6a401dca66c6b5c9f326c6902b75d18c5d
[I 2021-05-26 20:00:06.671 ServerApp]     http://127.0.0.1:8808/lab?token=17b641e399a7de6a401dca66c6b5c9f326c6902b75d18c5d
[I 2021-05-26 20:00:06.671 ServerApp] Use Control-C to stop this server and shut down all kernels (twice to skip confirmation).
[C 2021-05-26 20:00:06.676 ServerApp] 
    
    To access the server, open this file in a browser:
        file:///gxfs_home/geomar/smomw260/.local/share/jupyter/runtime/jpserver-3147950-open.html
    Or copy and paste one of these URLs:
        http://localhost:8808/lab?token=17b641e399a7de6a401dca66c6b5c9f326c6902b75d18c5d
        http://127.0.0.1:8808/lab?token=17b641e399a7de6a401dca66c6b5c9f326c6902b75d18c5d
[I 2021-05-26 20:01:06.729 ServerApp] No kernels or terminals for 60 seconds; shutting down.
[I 2021-05-26 20:01:06.730 ServerApp] Shutting down 0 kernels
[I 2021-05-26 20:01:06.731 ServerApp] Shutting down 0 terminals
2021-05-26_20:01:06_927038663
