nesh-fe3
2021-05-27_09:00:00_938181759
[I 2021-05-27 09:00:03.430 ServerApp] jupyterlab | extension was successfully linked.
[I 2021-05-27 09:00:03.967 ServerApp] nbclassic | extension was successfully linked.
[I 2021-05-27 09:00:03.997 ServerApp] nbclassic | extension was successfully loaded.
[I 2021-05-27 09:00:03.998 LabApp] JupyterLab extension loaded from /miniconda3/lib/python3.9/site-packages/jupyterlab
[I 2021-05-27 09:00:03.998 LabApp] JupyterLab application directory is /miniconda3/share/jupyter/lab
[I 2021-05-27 09:00:04.001 ServerApp] jupyterlab | extension was successfully loaded.
[I 2021-05-27 09:00:04.002 ServerApp] Will shut down after 60 seconds with no kernels or terminals.
[I 2021-05-27 09:00:04.003 ServerApp] The port 8888 is already in use, trying another port.
[I 2021-05-27 09:00:04.003 ServerApp] The port 8889 is already in use, trying another port.
[I 2021-05-27 09:00:04.003 ServerApp] The port 8890 is already in use, trying another port.
[I 2021-05-27 09:00:04.004 ServerApp] The port 8891 is already in use, trying another port.
[I 2021-05-27 09:00:04.004 ServerApp] The port 8892 is already in use, trying another port.
[I 2021-05-27 09:00:04.004 ServerApp] Serving notebooks from local directory: /gxfs_home/geomar/smomw260/github/jupyter-hpc-performance
[I 2021-05-27 09:00:04.004 ServerApp] Jupyter Server 1.8.0 is running at:
[I 2021-05-27 09:00:04.004 ServerApp] http://localhost:8975/lab?token=8f01172b1868428b9ee5e742f7b1f8072d3f884acda4c3e9
[I 2021-05-27 09:00:04.004 ServerApp]     http://127.0.0.1:8975/lab?token=8f01172b1868428b9ee5e742f7b1f8072d3f884acda4c3e9
[I 2021-05-27 09:00:04.004 ServerApp] Use Control-C to stop this server and shut down all kernels (twice to skip confirmation).
[C 2021-05-27 09:00:04.009 ServerApp] 
    
    To access the server, open this file in a browser:
        file:///gxfs_home/geomar/smomw260/.local/share/jupyter/runtime/jpserver-3219721-open.html
    Or copy and paste one of these URLs:
        http://localhost:8975/lab?token=8f01172b1868428b9ee5e742f7b1f8072d3f884acda4c3e9
        http://127.0.0.1:8975/lab?token=8f01172b1868428b9ee5e742f7b1f8072d3f884acda4c3e9
[I 2021-05-27 09:01:04.063 ServerApp] No kernels or terminals for 60 seconds; shutting down.
[I 2021-05-27 09:01:04.065 ServerApp] Shutting down 0 kernels
[I 2021-05-27 09:01:04.065 ServerApp] Shutting down 0 terminals
2021-05-27_09:01:04_241385905
