nesh-fe3
2021-05-27_10:01:05_281711023
[I 2021-05-27 10:01:06.992 ServerApp] jupyterlab | extension was successfully linked.
[I 2021-05-27 10:01:07.336 ServerApp] nbclassic | extension was successfully linked.
[I 2021-05-27 10:01:07.367 ServerApp] nbclassic | extension was successfully loaded.
[I 2021-05-27 10:01:07.368 LabApp] JupyterLab extension loaded from /miniconda3/lib/python3.9/site-packages/jupyterlab
[I 2021-05-27 10:01:07.368 LabApp] JupyterLab application directory is /miniconda3/share/jupyter/lab
[I 2021-05-27 10:01:07.371 ServerApp] jupyterlab | extension was successfully loaded.
[I 2021-05-27 10:01:07.372 ServerApp] Will shut down after 60 seconds with no kernels or terminals.
[I 2021-05-27 10:01:07.373 ServerApp] The port 8888 is already in use, trying another port.
[I 2021-05-27 10:01:07.373 ServerApp] The port 8889 is already in use, trying another port.
[I 2021-05-27 10:01:07.373 ServerApp] The port 8890 is already in use, trying another port.
[I 2021-05-27 10:01:07.374 ServerApp] The port 8891 is already in use, trying another port.
[I 2021-05-27 10:01:07.374 ServerApp] The port 8892 is already in use, trying another port.
[I 2021-05-27 10:01:07.374 ServerApp] Serving notebooks from local directory: /gxfs_home/geomar/smomw260/github/jupyter-hpc-performance
[I 2021-05-27 10:01:07.374 ServerApp] Jupyter Server 1.8.0 is running at:
[I 2021-05-27 10:01:07.374 ServerApp] http://localhost:8954/lab?token=f744528313d295036f9e08d25f630744e8e05a854cd58cbd
[I 2021-05-27 10:01:07.374 ServerApp]     http://127.0.0.1:8954/lab?token=f744528313d295036f9e08d25f630744e8e05a854cd58cbd
[I 2021-05-27 10:01:07.375 ServerApp] Use Control-C to stop this server and shut down all kernels (twice to skip confirmation).
[C 2021-05-27 10:01:07.380 ServerApp] 
    
    To access the server, open this file in a browser:
        file:///gxfs_home/geomar/smomw260/.local/share/jupyter/runtime/jpserver-3236052-open.html
    Or copy and paste one of these URLs:
        http://localhost:8954/lab?token=f744528313d295036f9e08d25f630744e8e05a854cd58cbd
        http://127.0.0.1:8954/lab?token=f744528313d295036f9e08d25f630744e8e05a854cd58cbd
[I 2021-05-27 10:02:07.433 ServerApp] No kernels or terminals for 60 seconds; shutting down.
[I 2021-05-27 10:02:07.435 ServerApp] Shutting down 0 kernels
[I 2021-05-27 10:02:07.435 ServerApp] Shutting down 0 terminals
2021-05-27_10:02:07_620522990
