nesh-fe3
2021-05-27_03:00:00_700444760
[I 2021-05-27 03:00:03.265 ServerApp] jupyterlab | extension was successfully linked.
[I 2021-05-27 03:00:03.592 ServerApp] nbclassic | extension was successfully linked.
[I 2021-05-27 03:00:03.621 ServerApp] nbclassic | extension was successfully loaded.
[I 2021-05-27 03:00:03.622 LabApp] JupyterLab extension loaded from /miniconda3/lib/python3.9/site-packages/jupyterlab
[I 2021-05-27 03:00:03.622 LabApp] JupyterLab application directory is /miniconda3/share/jupyter/lab
[I 2021-05-27 03:00:03.624 ServerApp] jupyterlab | extension was successfully loaded.
[I 2021-05-27 03:00:03.625 ServerApp] Will shut down after 60 seconds with no kernels or terminals.
[I 2021-05-27 03:00:03.626 ServerApp] The port 8888 is already in use, trying another port.
[I 2021-05-27 03:00:03.626 ServerApp] The port 8889 is already in use, trying another port.
[I 2021-05-27 03:00:03.627 ServerApp] The port 8890 is already in use, trying another port.
[I 2021-05-27 03:00:03.627 ServerApp] The port 8891 is already in use, trying another port.
[I 2021-05-27 03:00:03.627 ServerApp] The port 8892 is already in use, trying another port.
[I 2021-05-27 03:00:03.628 ServerApp] Serving notebooks from local directory: /gxfs_home/geomar/smomw260/github/jupyter-hpc-performance
[I 2021-05-27 03:00:03.628 ServerApp] Jupyter Server 1.8.0 is running at:
[I 2021-05-27 03:00:03.628 ServerApp] http://localhost:8833/lab?token=91beb94e153ba2df6be04512c4edc8a69fa55b27326cb424
[I 2021-05-27 03:00:03.628 ServerApp]     http://127.0.0.1:8833/lab?token=91beb94e153ba2df6be04512c4edc8a69fa55b27326cb424
[I 2021-05-27 03:00:03.628 ServerApp] Use Control-C to stop this server and shut down all kernels (twice to skip confirmation).
[C 2021-05-27 03:00:03.633 ServerApp] 
    
    To access the server, open this file in a browser:
        file:///gxfs_home/geomar/smomw260/.local/share/jupyter/runtime/jpserver-3184579-open.html
    Or copy and paste one of these URLs:
        http://localhost:8833/lab?token=91beb94e153ba2df6be04512c4edc8a69fa55b27326cb424
        http://127.0.0.1:8833/lab?token=91beb94e153ba2df6be04512c4edc8a69fa55b27326cb424
[I 2021-05-27 03:01:03.686 ServerApp] No kernels or terminals for 60 seconds; shutting down.
[I 2021-05-27 03:01:03.688 ServerApp] Shutting down 0 kernels
[I 2021-05-27 03:01:03.688 ServerApp] Shutting down 0 terminals
2021-05-27_03:01:03_869369067
