nesh-fe3
2021-05-27_00:00:02_686076118
[I 2021-05-27 00:00:05.230 ServerApp] jupyterlab | extension was successfully linked.
[I 2021-05-27 00:00:05.574 ServerApp] nbclassic | extension was successfully linked.
[I 2021-05-27 00:00:05.604 ServerApp] nbclassic | extension was successfully loaded.
[I 2021-05-27 00:00:05.605 LabApp] JupyterLab extension loaded from /miniconda3/lib/python3.9/site-packages/jupyterlab
[I 2021-05-27 00:00:05.605 LabApp] JupyterLab application directory is /miniconda3/share/jupyter/lab
[I 2021-05-27 00:00:05.608 ServerApp] jupyterlab | extension was successfully loaded.
[I 2021-05-27 00:00:05.609 ServerApp] Will shut down after 60 seconds with no kernels or terminals.
[I 2021-05-27 00:00:05.610 ServerApp] The port 8888 is already in use, trying another port.
[I 2021-05-27 00:00:05.610 ServerApp] The port 8889 is already in use, trying another port.
[I 2021-05-27 00:00:05.610 ServerApp] The port 8890 is already in use, trying another port.
[I 2021-05-27 00:00:05.611 ServerApp] The port 8891 is already in use, trying another port.
[I 2021-05-27 00:00:05.611 ServerApp] The port 8892 is already in use, trying another port.
[I 2021-05-27 00:00:05.611 ServerApp] Serving notebooks from local directory: /gxfs_home/geomar/smomw260/github/jupyter-hpc-performance
[I 2021-05-27 00:00:05.611 ServerApp] Jupyter Server 1.8.0 is running at:
[I 2021-05-27 00:00:05.611 ServerApp] http://localhost:8903/lab?token=96c4b0246262e6c8c230c6d59f67abca4c9ac6a7a2740268
[I 2021-05-27 00:00:05.611 ServerApp]     http://127.0.0.1:8903/lab?token=96c4b0246262e6c8c230c6d59f67abca4c9ac6a7a2740268
[I 2021-05-27 00:00:05.611 ServerApp] Use Control-C to stop this server and shut down all kernels (twice to skip confirmation).
[C 2021-05-27 00:00:05.616 ServerApp] 
    
    To access the server, open this file in a browser:
        file:///gxfs_home/geomar/smomw260/.local/share/jupyter/runtime/jpserver-3169483-open.html
    Or copy and paste one of these URLs:
        http://localhost:8903/lab?token=96c4b0246262e6c8c230c6d59f67abca4c9ac6a7a2740268
        http://127.0.0.1:8903/lab?token=96c4b0246262e6c8c230c6d59f67abca4c9ac6a7a2740268
[I 2021-05-27 00:01:05.670 ServerApp] No kernels or terminals for 60 seconds; shutting down.
[I 2021-05-27 00:01:05.671 ServerApp] Shutting down 0 kernels
[I 2021-05-27 00:01:05.671 ServerApp] Shutting down 0 terminals
2021-05-27_00:01:05_869391069
