nesh-fe3
2021-05-27_12:01:09_462076245
[I 2021-05-27 12:01:12.000 ServerApp] jupyterlab | extension was successfully linked.
[I 2021-05-27 12:01:12.345 ServerApp] nbclassic | extension was successfully linked.
[I 2021-05-27 12:01:12.375 ServerApp] nbclassic | extension was successfully loaded.
[I 2021-05-27 12:01:12.376 LabApp] JupyterLab extension loaded from /miniconda3/lib/python3.9/site-packages/jupyterlab
[I 2021-05-27 12:01:12.376 LabApp] JupyterLab application directory is /miniconda3/share/jupyter/lab
[I 2021-05-27 12:01:12.379 ServerApp] jupyterlab | extension was successfully loaded.
[I 2021-05-27 12:01:12.379 ServerApp] Will shut down after 60 seconds with no kernels or terminals.
[I 2021-05-27 12:01:12.380 ServerApp] The port 8888 is already in use, trying another port.
[I 2021-05-27 12:01:12.381 ServerApp] The port 8889 is already in use, trying another port.
[I 2021-05-27 12:01:12.381 ServerApp] The port 8890 is already in use, trying another port.
[I 2021-05-27 12:01:12.381 ServerApp] The port 8891 is already in use, trying another port.
[I 2021-05-27 12:01:12.382 ServerApp] The port 8892 is already in use, trying another port.
[I 2021-05-27 12:01:12.382 ServerApp] Serving notebooks from local directory: /gxfs_home/geomar/smomw260/github/jupyter-hpc-performance
[I 2021-05-27 12:01:12.382 ServerApp] Jupyter Server 1.8.0 is running at:
[I 2021-05-27 12:01:12.382 ServerApp] http://localhost:8793/lab?token=315695b21895d8a32fc1f958edf6ebdd4fb00076ccdf84af
[I 2021-05-27 12:01:12.382 ServerApp]     http://127.0.0.1:8793/lab?token=315695b21895d8a32fc1f958edf6ebdd4fb00076ccdf84af
[I 2021-05-27 12:01:12.382 ServerApp] Use Control-C to stop this server and shut down all kernels (twice to skip confirmation).
[C 2021-05-27 12:01:12.387 ServerApp] 
    
    To access the server, open this file in a browser:
        file:///gxfs_home/geomar/smomw260/.local/share/jupyter/runtime/jpserver-3340649-open.html
    Or copy and paste one of these URLs:
        http://localhost:8793/lab?token=315695b21895d8a32fc1f958edf6ebdd4fb00076ccdf84af
        http://127.0.0.1:8793/lab?token=315695b21895d8a32fc1f958edf6ebdd4fb00076ccdf84af
[I 2021-05-27 12:02:12.440 ServerApp] No kernels or terminals for 60 seconds; shutting down.
[I 2021-05-27 12:02:12.449 ServerApp] Shutting down 0 kernels
[I 2021-05-27 12:02:12.450 ServerApp] Shutting down 0 terminals
2021-05-27_12:02:12_645216850
