nesh-fe3
2021-05-27_07:01:03_937158693
[I 2021-05-27 07:01:05.341 ServerApp] jupyterlab | extension was successfully linked.
[I 2021-05-27 07:01:05.704 ServerApp] nbclassic | extension was successfully linked.
[I 2021-05-27 07:01:05.735 ServerApp] nbclassic | extension was successfully loaded.
[I 2021-05-27 07:01:05.736 LabApp] JupyterLab extension loaded from /miniconda3/lib/python3.9/site-packages/jupyterlab
[I 2021-05-27 07:01:05.736 LabApp] JupyterLab application directory is /miniconda3/share/jupyter/lab
[I 2021-05-27 07:01:05.739 ServerApp] jupyterlab | extension was successfully loaded.
[I 2021-05-27 07:01:05.740 ServerApp] Will shut down after 60 seconds with no kernels or terminals.
[I 2021-05-27 07:01:05.741 ServerApp] The port 8888 is already in use, trying another port.
[I 2021-05-27 07:01:05.741 ServerApp] The port 8889 is already in use, trying another port.
[I 2021-05-27 07:01:05.741 ServerApp] The port 8890 is already in use, trying another port.
[I 2021-05-27 07:01:05.742 ServerApp] The port 8891 is already in use, trying another port.
[I 2021-05-27 07:01:05.742 ServerApp] The port 8892 is already in use, trying another port.
[I 2021-05-27 07:01:05.742 ServerApp] Serving notebooks from local directory: /gxfs_home/geomar/smomw260/github/jupyter-hpc-performance
[I 2021-05-27 07:01:05.742 ServerApp] Jupyter Server 1.8.0 is running at:
[I 2021-05-27 07:01:05.742 ServerApp] http://localhost:8828/lab?token=1aa35d009faebf3b87b7b5f93739135ea8019265af806a2d
[I 2021-05-27 07:01:05.742 ServerApp]     http://127.0.0.1:8828/lab?token=1aa35d009faebf3b87b7b5f93739135ea8019265af806a2d
[I 2021-05-27 07:01:05.743 ServerApp] Use Control-C to stop this server and shut down all kernels (twice to skip confirmation).
[C 2021-05-27 07:01:05.748 ServerApp] 
    
    To access the server, open this file in a browser:
        file:///gxfs_home/geomar/smomw260/.local/share/jupyter/runtime/jpserver-3203919-open.html
    Or copy and paste one of these URLs:
        http://localhost:8828/lab?token=1aa35d009faebf3b87b7b5f93739135ea8019265af806a2d
        http://127.0.0.1:8828/lab?token=1aa35d009faebf3b87b7b5f93739135ea8019265af806a2d
[I 2021-05-27 07:02:05.802 ServerApp] No kernels or terminals for 60 seconds; shutting down.
[I 2021-05-27 07:02:05.803 ServerApp] Shutting down 0 kernels
[I 2021-05-27 07:02:05.803 ServerApp] Shutting down 0 terminals
2021-05-27_07:02:05_987893765
