nesh-fe3
2021-05-27_08:01:03_111084161
[I 2021-05-27 08:01:04.426 ServerApp] jupyterlab | extension was successfully linked.
[I 2021-05-27 08:01:04.761 ServerApp] nbclassic | extension was successfully linked.
[I 2021-05-27 08:01:04.791 ServerApp] nbclassic | extension was successfully loaded.
[I 2021-05-27 08:01:04.792 LabApp] JupyterLab extension loaded from /miniconda3/lib/python3.9/site-packages/jupyterlab
[I 2021-05-27 08:01:04.792 LabApp] JupyterLab application directory is /miniconda3/share/jupyter/lab
[I 2021-05-27 08:01:04.795 ServerApp] jupyterlab | extension was successfully loaded.
[I 2021-05-27 08:01:04.796 ServerApp] Will shut down after 60 seconds with no kernels or terminals.
[I 2021-05-27 08:01:04.797 ServerApp] The port 8888 is already in use, trying another port.
[I 2021-05-27 08:01:04.797 ServerApp] The port 8889 is already in use, trying another port.
[I 2021-05-27 08:01:04.797 ServerApp] The port 8890 is already in use, trying another port.
[I 2021-05-27 08:01:04.798 ServerApp] The port 8891 is already in use, trying another port.
[I 2021-05-27 08:01:04.798 ServerApp] The port 8892 is already in use, trying another port.
[I 2021-05-27 08:01:04.798 ServerApp] Serving notebooks from local directory: /gxfs_home/geomar/smomw260/github/jupyter-hpc-performance
[I 2021-05-27 08:01:04.798 ServerApp] Jupyter Server 1.8.0 is running at:
[I 2021-05-27 08:01:04.798 ServerApp] http://localhost:8847/lab?token=83de765bf075527ea93ea00099965c43792ec4f8c65cda1e
[I 2021-05-27 08:01:04.798 ServerApp]     http://127.0.0.1:8847/lab?token=83de765bf075527ea93ea00099965c43792ec4f8c65cda1e
[I 2021-05-27 08:01:04.799 ServerApp] Use Control-C to stop this server and shut down all kernels (twice to skip confirmation).
[C 2021-05-27 08:01:04.805 ServerApp] 
    
    To access the server, open this file in a browser:
        file:///gxfs_home/geomar/smomw260/.local/share/jupyter/runtime/jpserver-3208602-open.html
    Or copy and paste one of these URLs:
        http://localhost:8847/lab?token=83de765bf075527ea93ea00099965c43792ec4f8c65cda1e
        http://127.0.0.1:8847/lab?token=83de765bf075527ea93ea00099965c43792ec4f8c65cda1e
[I 2021-05-27 08:02:04.858 ServerApp] No kernels or terminals for 60 seconds; shutting down.
[I 2021-05-27 08:02:04.859 ServerApp] Shutting down 0 kernels
[I 2021-05-27 08:02:04.860 ServerApp] Shutting down 0 terminals
2021-05-27_08:02:05_045516227
