nesh-fe3
2021-05-27_05:00:01_776822096
[I 2021-05-27 05:00:04.183 ServerApp] jupyterlab | extension was successfully linked.
[I 2021-05-27 05:00:04.523 ServerApp] nbclassic | extension was successfully linked.
[I 2021-05-27 05:00:04.554 ServerApp] nbclassic | extension was successfully loaded.
[I 2021-05-27 05:00:04.555 LabApp] JupyterLab extension loaded from /miniconda3/lib/python3.9/site-packages/jupyterlab
[I 2021-05-27 05:00:04.555 LabApp] JupyterLab application directory is /miniconda3/share/jupyter/lab
[I 2021-05-27 05:00:04.558 ServerApp] jupyterlab | extension was successfully loaded.
[I 2021-05-27 05:00:04.559 ServerApp] Will shut down after 60 seconds with no kernels or terminals.
[I 2021-05-27 05:00:04.560 ServerApp] The port 8888 is already in use, trying another port.
[I 2021-05-27 05:00:04.560 ServerApp] The port 8889 is already in use, trying another port.
[I 2021-05-27 05:00:04.560 ServerApp] The port 8890 is already in use, trying another port.
[I 2021-05-27 05:00:04.560 ServerApp] The port 8891 is already in use, trying another port.
[I 2021-05-27 05:00:04.561 ServerApp] The port 8892 is already in use, trying another port.
[I 2021-05-27 05:00:04.561 ServerApp] Serving notebooks from local directory: /gxfs_home/geomar/smomw260/github/jupyter-hpc-performance
[I 2021-05-27 05:00:04.561 ServerApp] Jupyter Server 1.8.0 is running at:
[I 2021-05-27 05:00:04.561 ServerApp] http://localhost:8846/lab?token=9ca4cd92fa4ea54c876de258fc35bd1de561a5b6b0ec82f7
[I 2021-05-27 05:00:04.561 ServerApp]     http://127.0.0.1:8846/lab?token=9ca4cd92fa4ea54c876de258fc35bd1de561a5b6b0ec82f7
[I 2021-05-27 05:00:04.561 ServerApp] Use Control-C to stop this server and shut down all kernels (twice to skip confirmation).
[C 2021-05-27 05:00:04.568 ServerApp] 
    
    To access the server, open this file in a browser:
        file:///gxfs_home/geomar/smomw260/.local/share/jupyter/runtime/jpserver-3194309-open.html
    Or copy and paste one of these URLs:
        http://localhost:8846/lab?token=9ca4cd92fa4ea54c876de258fc35bd1de561a5b6b0ec82f7
        http://127.0.0.1:8846/lab?token=9ca4cd92fa4ea54c876de258fc35bd1de561a5b6b0ec82f7
[I 2021-05-27 05:01:04.619 ServerApp] No kernels or terminals for 60 seconds; shutting down.
[I 2021-05-27 05:01:04.620 ServerApp] Shutting down 0 kernels
[I 2021-05-27 05:01:04.621 ServerApp] Shutting down 0 terminals
2021-05-27_05:01:04_802840862
