nesh-fe3
2021-05-27_01:01:04_191971726
[I 2021-05-27 01:01:05.589 ServerApp] jupyterlab | extension was successfully linked.
[I 2021-05-27 01:01:05.939 ServerApp] nbclassic | extension was successfully linked.
[I 2021-05-27 01:01:05.970 ServerApp] nbclassic | extension was successfully loaded.
[I 2021-05-27 01:01:05.971 LabApp] JupyterLab extension loaded from /miniconda3/lib/python3.9/site-packages/jupyterlab
[I 2021-05-27 01:01:05.971 LabApp] JupyterLab application directory is /miniconda3/share/jupyter/lab
[I 2021-05-27 01:01:05.975 ServerApp] jupyterlab | extension was successfully loaded.
[I 2021-05-27 01:01:05.975 ServerApp] Will shut down after 60 seconds with no kernels or terminals.
[I 2021-05-27 01:01:05.976 ServerApp] The port 8888 is already in use, trying another port.
[I 2021-05-27 01:01:05.977 ServerApp] The port 8889 is already in use, trying another port.
[I 2021-05-27 01:01:05.977 ServerApp] The port 8890 is already in use, trying another port.
[I 2021-05-27 01:01:05.977 ServerApp] The port 8891 is already in use, trying another port.
[I 2021-05-27 01:01:05.977 ServerApp] The port 8892 is already in use, trying another port.
[I 2021-05-27 01:01:05.978 ServerApp] Serving notebooks from local directory: /gxfs_home/geomar/smomw260/github/jupyter-hpc-performance
[I 2021-05-27 01:01:05.978 ServerApp] Jupyter Server 1.8.0 is running at:
[I 2021-05-27 01:01:05.978 ServerApp] http://localhost:8849/lab?token=6ce9c9e9d5c048b409e31a53e23363f9dc1edb292add3c9a
[I 2021-05-27 01:01:05.978 ServerApp]     http://127.0.0.1:8849/lab?token=6ce9c9e9d5c048b409e31a53e23363f9dc1edb292add3c9a
[I 2021-05-27 01:01:05.978 ServerApp] Use Control-C to stop this server and shut down all kernels (twice to skip confirmation).
[C 2021-05-27 01:01:05.983 ServerApp] 
    
    To access the server, open this file in a browser:
        file:///gxfs_home/geomar/smomw260/.local/share/jupyter/runtime/jpserver-3175214-open.html
    Or copy and paste one of these URLs:
        http://localhost:8849/lab?token=6ce9c9e9d5c048b409e31a53e23363f9dc1edb292add3c9a
        http://127.0.0.1:8849/lab?token=6ce9c9e9d5c048b409e31a53e23363f9dc1edb292add3c9a
[I 2021-05-27 01:02:06.036 ServerApp] No kernels or terminals for 60 seconds; shutting down.
[I 2021-05-27 01:02:06.038 ServerApp] Shutting down 0 kernels
[I 2021-05-27 01:02:06.038 ServerApp] Shutting down 0 terminals
2021-05-27_01:02:06_215931654
