nesh-fe3
2021-05-27_17:00:02_662395002
[I 2021-05-27 17:00:05.406 ServerApp] jupyterlab | extension was successfully linked.
[I 2021-05-27 17:00:05.721 ServerApp] nbclassic | extension was successfully linked.
[I 2021-05-27 17:00:05.749 ServerApp] nbclassic | extension was successfully loaded.
[I 2021-05-27 17:00:05.750 LabApp] JupyterLab extension loaded from /miniconda3/lib/python3.9/site-packages/jupyterlab
[I 2021-05-27 17:00:05.750 LabApp] JupyterLab application directory is /miniconda3/share/jupyter/lab
[I 2021-05-27 17:00:05.753 ServerApp] jupyterlab | extension was successfully loaded.
[I 2021-05-27 17:00:05.754 ServerApp] Will shut down after 60 seconds with no kernels or terminals.
[I 2021-05-27 17:00:05.755 ServerApp] The port 8888 is already in use, trying another port.
[I 2021-05-27 17:00:05.755 ServerApp] Serving notebooks from local directory: /gxfs_home/geomar/smomw260/github/jupyter-hpc-performance
[I 2021-05-27 17:00:05.755 ServerApp] Jupyter Server 1.8.0 is running at:
[I 2021-05-27 17:00:05.755 ServerApp] http://localhost:8889/lab?token=f40fed53a7e72e9f2cba8fe092d2f539f112c9eea72e8d70
[I 2021-05-27 17:00:05.755 ServerApp]     http://127.0.0.1:8889/lab?token=f40fed53a7e72e9f2cba8fe092d2f539f112c9eea72e8d70
[I 2021-05-27 17:00:05.755 ServerApp] Use Control-C to stop this server and shut down all kernels (twice to skip confirmation).
[C 2021-05-27 17:00:05.760 ServerApp] 
    
    To access the server, open this file in a browser:
        file:///gxfs_home/geomar/smomw260/.local/share/jupyter/runtime/jpserver-3714522-open.html
    Or copy and paste one of these URLs:
        http://localhost:8889/lab?token=f40fed53a7e72e9f2cba8fe092d2f539f112c9eea72e8d70
        http://127.0.0.1:8889/lab?token=f40fed53a7e72e9f2cba8fe092d2f539f112c9eea72e8d70
[I 2021-05-27 17:01:05.817 ServerApp] No kernels or terminals for 60 seconds; shutting down.
[I 2021-05-27 17:01:05.818 ServerApp] Shutting down 0 kernels
[I 2021-05-27 17:01:05.819 ServerApp] Shutting down 0 terminals
2021-05-27_17:01:05_981323271
