jwlogin07.juwels
2021-05-29_08:01:02_577726877
[I 2021-05-29 08:01:03.204 ServerApp] jupyterlab | extension was successfully linked.
[I 2021-05-29 08:01:03.375 ServerApp] nbclassic | extension was successfully linked.
[I 2021-05-29 08:01:03.400 ServerApp] nbclassic | extension was successfully loaded.
[I 2021-05-29 08:01:03.401 LabApp] JupyterLab extension loaded from /p/project/cesmtst/hoeflich1/miniconda3/lib/python3.9/site-packages/jupyterlab
[I 2021-05-29 08:01:03.402 LabApp] JupyterLab application directory is /p/project/cesmtst/hoeflich1/miniconda3/share/jupyter/lab
[I 2021-05-29 08:01:03.404 ServerApp] jupyterlab | extension was successfully loaded.
[I 2021-05-29 08:01:03.406 ServerApp] Will shut down after 60 seconds with no kernels or terminals.
[I 2021-05-29 08:01:03.407 ServerApp] Serving notebooks from local directory: /p/home/jusers/hoeflich1/juwels/github/jupyter-hpc-performance
[I 2021-05-29 08:01:03.407 ServerApp] Jupyter Server 1.8.0 is running at:
[I 2021-05-29 08:01:03.407 ServerApp] http://localhost:8888/lab?token=83e3a3421c5eaa071bc5b37b7743613c37960d521e984e2f
[I 2021-05-29 08:01:03.407 ServerApp]     http://127.0.0.1:8888/lab?token=83e3a3421c5eaa071bc5b37b7743613c37960d521e984e2f
[I 2021-05-29 08:01:03.407 ServerApp] Use Control-C to stop this server and shut down all kernels (twice to skip confirmation).
[C 2021-05-29 08:01:03.441 ServerApp] 
    
    To access the server, open this file in a browser:
        file:///p/home/jusers/hoeflich1/juwels/.local/share/jupyter/runtime/jpserver-1135-open.html
    Or copy and paste one of these URLs:
        http://localhost:8888/lab?token=83e3a3421c5eaa071bc5b37b7743613c37960d521e984e2f
        http://127.0.0.1:8888/lab?token=83e3a3421c5eaa071bc5b37b7743613c37960d521e984e2f
[I 2021-05-29 08:02:03.468 ServerApp] No kernels or terminals for 60 seconds; shutting down.
[I 2021-05-29 08:02:03.469 ServerApp] Shutting down 0 kernels
[I 2021-05-29 08:02:03.469 ServerApp] Shutting down 0 terminals
2021-05-29_08:02:03_574653259
