jwlogin07.juwels
2021-05-28_22:01:03_321865240
[I 2021-05-28 22:01:04.319 ServerApp] jupyterlab | extension was successfully linked.
[I 2021-05-28 22:01:04.493 ServerApp] nbclassic | extension was successfully linked.
[I 2021-05-28 22:01:04.542 ServerApp] nbclassic | extension was successfully loaded.
[I 2021-05-28 22:01:04.542 LabApp] JupyterLab extension loaded from /p/project/cesmtst/hoeflich1/miniconda3/lib/python3.9/site-packages/jupyterlab
[I 2021-05-28 22:01:04.543 LabApp] JupyterLab application directory is /p/project/cesmtst/hoeflich1/miniconda3/share/jupyter/lab
[I 2021-05-28 22:01:04.545 ServerApp] jupyterlab | extension was successfully loaded.
[I 2021-05-28 22:01:04.547 ServerApp] Will shut down after 60 seconds with no kernels or terminals.
[I 2021-05-28 22:01:04.548 ServerApp] Serving notebooks from local directory: /p/home/jusers/hoeflich1/juwels/github/jupyter-hpc-performance
[I 2021-05-28 22:01:04.548 ServerApp] Jupyter Server 1.8.0 is running at:
[I 2021-05-28 22:01:04.548 ServerApp] http://localhost:8888/lab?token=9a9f0cd59e715173140a65ef1f554f13794b07332a9a0043
[I 2021-05-28 22:01:04.548 ServerApp]     http://127.0.0.1:8888/lab?token=9a9f0cd59e715173140a65ef1f554f13794b07332a9a0043
[I 2021-05-28 22:01:04.548 ServerApp] Use Control-C to stop this server and shut down all kernels (twice to skip confirmation).
[C 2021-05-28 22:01:04.551 ServerApp] 
    
    To access the server, open this file in a browser:
        file:///p/home/jusers/hoeflich1/juwels/.local/share/jupyter/runtime/jpserver-16932-open.html
    Or copy and paste one of these URLs:
        http://localhost:8888/lab?token=9a9f0cd59e715173140a65ef1f554f13794b07332a9a0043
        http://127.0.0.1:8888/lab?token=9a9f0cd59e715173140a65ef1f554f13794b07332a9a0043
[I 2021-05-28 22:02:04.599 ServerApp] No kernels or terminals for 60 seconds; shutting down.
[I 2021-05-28 22:02:04.599 ServerApp] Shutting down 0 kernels
[I 2021-05-28 22:02:04.600 ServerApp] Shutting down 0 terminals
2021-05-28_22:02:04_695544808
