jwlogin07.juwels
2021-05-28_20:01:03_379887109
[I 2021-05-28 20:01:05.619 ServerApp] jupyterlab | extension was successfully linked.
[I 2021-05-28 20:01:05.932 ServerApp] nbclassic | extension was successfully linked.
[I 2021-05-28 20:01:06.017 ServerApp] nbclassic | extension was successfully loaded.
[I 2021-05-28 20:01:06.018 LabApp] JupyterLab extension loaded from /p/project/cesmtst/hoeflich1/miniconda3/lib/python3.9/site-packages/jupyterlab
[I 2021-05-28 20:01:06.018 LabApp] JupyterLab application directory is /p/project/cesmtst/hoeflich1/miniconda3/share/jupyter/lab
[I 2021-05-28 20:01:06.020 ServerApp] jupyterlab | extension was successfully loaded.
[I 2021-05-28 20:01:06.022 ServerApp] Will shut down after 60 seconds with no kernels or terminals.
[I 2021-05-28 20:01:06.023 ServerApp] Serving notebooks from local directory: /p/home/jusers/hoeflich1/juwels/github/jupyter-hpc-performance
[I 2021-05-28 20:01:06.023 ServerApp] Jupyter Server 1.8.0 is running at:
[I 2021-05-28 20:01:06.023 ServerApp] http://localhost:8888/lab?token=e54e5d10983a9632621a588f285ae5dd4726053ef9509456
[I 2021-05-28 20:01:06.023 ServerApp]     http://127.0.0.1:8888/lab?token=e54e5d10983a9632621a588f285ae5dd4726053ef9509456
[I 2021-05-28 20:01:06.023 ServerApp] Use Control-C to stop this server and shut down all kernels (twice to skip confirmation).
[C 2021-05-28 20:01:06.055 ServerApp] 
    
    To access the server, open this file in a browser:
        file:///p/home/jusers/hoeflich1/juwels/.local/share/jupyter/runtime/jpserver-25800-open.html
    Or copy and paste one of these URLs:
        http://localhost:8888/lab?token=e54e5d10983a9632621a588f285ae5dd4726053ef9509456
        http://127.0.0.1:8888/lab?token=e54e5d10983a9632621a588f285ae5dd4726053ef9509456
[I 2021-05-28 20:02:06.083 ServerApp] No kernels or terminals for 60 seconds; shutting down.
[I 2021-05-28 20:02:06.085 ServerApp] Shutting down 0 kernels
[I 2021-05-28 20:02:06.085 ServerApp] Shutting down 0 terminals
2021-05-28_20:02:06_183660226
