jwlogin07.juwels
2021-05-29_11:01:03_308632124
[I 2021-05-29 11:01:05.658 ServerApp] jupyterlab | extension was successfully linked.
[I 2021-05-29 11:01:06.048 ServerApp] nbclassic | extension was successfully linked.
[I 2021-05-29 11:01:06.089 ServerApp] nbclassic | extension was successfully loaded.
[I 2021-05-29 11:01:06.090 LabApp] JupyterLab extension loaded from /p/project/cesmtst/hoeflich1/miniconda3/lib/python3.9/site-packages/jupyterlab
[I 2021-05-29 11:01:06.090 LabApp] JupyterLab application directory is /p/project/cesmtst/hoeflich1/miniconda3/share/jupyter/lab
[I 2021-05-29 11:01:06.092 ServerApp] jupyterlab | extension was successfully loaded.
[I 2021-05-29 11:01:06.095 ServerApp] Will shut down after 60 seconds with no kernels or terminals.
[I 2021-05-29 11:01:06.095 ServerApp] Serving notebooks from local directory: /p/home/jusers/hoeflich1/juwels/github/jupyter-hpc-performance
[I 2021-05-29 11:01:06.096 ServerApp] Jupyter Server 1.8.0 is running at:
[I 2021-05-29 11:01:06.096 ServerApp] http://localhost:8888/lab?token=f3a761fe9510277571435fbf1482f5d17b5c9e492c05d7c2
[I 2021-05-29 11:01:06.096 ServerApp]     http://127.0.0.1:8888/lab?token=f3a761fe9510277571435fbf1482f5d17b5c9e492c05d7c2
[I 2021-05-29 11:01:06.096 ServerApp] Use Control-C to stop this server and shut down all kernels (twice to skip confirmation).
[C 2021-05-29 11:01:06.104 ServerApp] 
    
    To access the server, open this file in a browser:
        file:///p/home/jusers/hoeflich1/juwels/.local/share/jupyter/runtime/jpserver-5871-open.html
    Or copy and paste one of these URLs:
        http://localhost:8888/lab?token=f3a761fe9510277571435fbf1482f5d17b5c9e492c05d7c2
        http://127.0.0.1:8888/lab?token=f3a761fe9510277571435fbf1482f5d17b5c9e492c05d7c2
[I 2021-05-29 11:02:06.133 ServerApp] No kernels or terminals for 60 seconds; shutting down.
[I 2021-05-29 11:02:06.136 ServerApp] Shutting down 0 kernels
[I 2021-05-29 11:02:06.136 ServerApp] Shutting down 0 terminals
2021-05-29_11:02:06_222166971
