jwlogin07.juwels
2021-05-28_23:01:04_329637830
[I 2021-05-28 23:01:06.095 ServerApp] jupyterlab | extension was successfully linked.
[I 2021-05-28 23:01:06.354 ServerApp] nbclassic | extension was successfully linked.
[I 2021-05-28 23:01:06.403 ServerApp] nbclassic | extension was successfully loaded.
[I 2021-05-28 23:01:06.404 LabApp] JupyterLab extension loaded from /p/project/cesmtst/hoeflich1/miniconda3/lib/python3.9/site-packages/jupyterlab
[I 2021-05-28 23:01:06.404 LabApp] JupyterLab application directory is /p/project/cesmtst/hoeflich1/miniconda3/share/jupyter/lab
[I 2021-05-28 23:01:06.407 ServerApp] jupyterlab | extension was successfully loaded.
[I 2021-05-28 23:01:06.410 ServerApp] Will shut down after 60 seconds with no kernels or terminals.
[I 2021-05-28 23:01:06.411 ServerApp] Serving notebooks from local directory: /p/home/jusers/hoeflich1/juwels/github/jupyter-hpc-performance
[I 2021-05-28 23:01:06.411 ServerApp] Jupyter Server 1.8.0 is running at:
[I 2021-05-28 23:01:06.411 ServerApp] http://localhost:8888/lab?token=72541a46404e9e6670b508205e349b0305936a1580b9a78a
[I 2021-05-28 23:01:06.411 ServerApp]     http://127.0.0.1:8888/lab?token=72541a46404e9e6670b508205e349b0305936a1580b9a78a
[I 2021-05-28 23:01:06.411 ServerApp] Use Control-C to stop this server and shut down all kernels (twice to skip confirmation).
[C 2021-05-28 23:01:06.414 ServerApp] 
    
    To access the server, open this file in a browser:
        file:///p/home/jusers/hoeflich1/juwels/.local/share/jupyter/runtime/jpserver-28273-open.html
    Or copy and paste one of these URLs:
        http://localhost:8888/lab?token=72541a46404e9e6670b508205e349b0305936a1580b9a78a
        http://127.0.0.1:8888/lab?token=72541a46404e9e6670b508205e349b0305936a1580b9a78a
[I 2021-05-28 23:02:06.472 ServerApp] No kernels or terminals for 60 seconds; shutting down.
[I 2021-05-28 23:02:06.472 ServerApp] Shutting down 0 kernels
[I 2021-05-28 23:02:06.473 ServerApp] Shutting down 0 terminals
2021-05-28_23:02:06_577726233
