jwlogin07.juwels
2021-05-29_05:01:02_622011382
[I 2021-05-29 05:01:03.741 ServerApp] jupyterlab | extension was successfully linked.
[I 2021-05-29 05:01:03.969 ServerApp] nbclassic | extension was successfully linked.
[I 2021-05-29 05:01:03.995 ServerApp] nbclassic | extension was successfully loaded.
[I 2021-05-29 05:01:03.996 LabApp] JupyterLab extension loaded from /p/project/cesmtst/hoeflich1/miniconda3/lib/python3.9/site-packages/jupyterlab
[I 2021-05-29 05:01:03.996 LabApp] JupyterLab application directory is /p/project/cesmtst/hoeflich1/miniconda3/share/jupyter/lab
[I 2021-05-29 05:01:03.999 ServerApp] jupyterlab | extension was successfully loaded.
[I 2021-05-29 05:01:04.001 ServerApp] Will shut down after 60 seconds with no kernels or terminals.
[I 2021-05-29 05:01:04.002 ServerApp] Serving notebooks from local directory: /p/home/jusers/hoeflich1/juwels/github/jupyter-hpc-performance
[I 2021-05-29 05:01:04.002 ServerApp] Jupyter Server 1.8.0 is running at:
[I 2021-05-29 05:01:04.002 ServerApp] http://localhost:8888/lab?token=418d9ef381de5593545930472a182c51948239cca4131578
[I 2021-05-29 05:01:04.002 ServerApp]     http://127.0.0.1:8888/lab?token=418d9ef381de5593545930472a182c51948239cca4131578
[I 2021-05-29 05:01:04.002 ServerApp] Use Control-C to stop this server and shut down all kernels (twice to skip confirmation).
[C 2021-05-29 05:01:04.006 ServerApp] 
    
    To access the server, open this file in a browser:
        file:///p/home/jusers/hoeflich1/juwels/.local/share/jupyter/runtime/jpserver-18948-open.html
    Or copy and paste one of these URLs:
        http://localhost:8888/lab?token=418d9ef381de5593545930472a182c51948239cca4131578
        http://127.0.0.1:8888/lab?token=418d9ef381de5593545930472a182c51948239cca4131578
[I 2021-05-29 05:02:04.063 ServerApp] No kernels or terminals for 60 seconds; shutting down.
[I 2021-05-29 05:02:04.064 ServerApp] Shutting down 0 kernels
[I 2021-05-29 05:02:04.064 ServerApp] Shutting down 0 terminals
2021-05-29_05:02:04_165634895
