jwlogin07.juwels
2021-05-28_19:01:03_572781882
[I 2021-05-28 19:01:05.034 ServerApp] jupyterlab | extension was successfully linked.
[I 2021-05-28 19:01:05.248 ServerApp] nbclassic | extension was successfully linked.
[I 2021-05-28 19:01:05.275 ServerApp] nbclassic | extension was successfully loaded.
[I 2021-05-28 19:01:05.277 LabApp] JupyterLab extension loaded from /p/project/cesmtst/hoeflich1/miniconda3/lib/python3.9/site-packages/jupyterlab
[I 2021-05-28 19:01:05.277 LabApp] JupyterLab application directory is /p/project/cesmtst/hoeflich1/miniconda3/share/jupyter/lab
[I 2021-05-28 19:01:05.279 ServerApp] jupyterlab | extension was successfully loaded.
[I 2021-05-28 19:01:05.285 ServerApp] Will shut down after 60 seconds with no kernels or terminals.
[I 2021-05-28 19:01:05.286 ServerApp] Serving notebooks from local directory: /p/home/jusers/hoeflich1/juwels/github/jupyter-hpc-performance
[I 2021-05-28 19:01:05.286 ServerApp] Jupyter Server 1.8.0 is running at:
[I 2021-05-28 19:01:05.286 ServerApp] http://localhost:8888/lab?token=a76dc61a9fc5df9259b5ddc6737ccfaff624f3229961d3d6
[I 2021-05-28 19:01:05.286 ServerApp]     http://127.0.0.1:8888/lab?token=a76dc61a9fc5df9259b5ddc6737ccfaff624f3229961d3d6
[I 2021-05-28 19:01:05.286 ServerApp] Use Control-C to stop this server and shut down all kernels (twice to skip confirmation).
[C 2021-05-28 19:01:05.291 ServerApp] 
    
    To access the server, open this file in a browser:
        file:///p/home/jusers/hoeflich1/juwels/.local/share/jupyter/runtime/jpserver-15258-open.html
    Or copy and paste one of these URLs:
        http://localhost:8888/lab?token=a76dc61a9fc5df9259b5ddc6737ccfaff624f3229961d3d6
        http://127.0.0.1:8888/lab?token=a76dc61a9fc5df9259b5ddc6737ccfaff624f3229961d3d6
[I 2021-05-28 19:02:05.433 ServerApp] No kernels or terminals for 60 seconds; shutting down.
[I 2021-05-28 19:02:06.541 ServerApp] Shutting down 0 kernels
[I 2021-05-28 19:02:06.543 ServerApp] Shutting down 0 terminals
2021-05-28_19:02:06_926613583
