jwlogin07.juwels
2021-05-28_17:01:03_267479624
[I 2021-05-28 17:01:18.984 ServerApp] jupyterlab | extension was successfully linked.
[I 2021-05-28 17:01:21.994 ServerApp] nbclassic | extension was successfully linked.
[I 2021-05-28 17:01:22.100 ServerApp] nbclassic | extension was successfully loaded.
[I 2021-05-28 17:01:22.101 LabApp] JupyterLab extension loaded from /p/project/cesmtst/hoeflich1/miniconda3/lib/python3.9/site-packages/jupyterlab
[I 2021-05-28 17:01:22.101 LabApp] JupyterLab application directory is /p/project/cesmtst/hoeflich1/miniconda3/share/jupyter/lab
[I 2021-05-28 17:01:22.120 ServerApp] jupyterlab | extension was successfully loaded.
[I 2021-05-28 17:01:22.123 ServerApp] Will shut down after 60 seconds with no kernels or terminals.
[I 2021-05-28 17:01:22.124 ServerApp] Serving notebooks from local directory: /p/home/jusers/hoeflich1/juwels/github/jupyter-hpc-performance
[I 2021-05-28 17:01:22.124 ServerApp] Jupyter Server 1.8.0 is running at:
[I 2021-05-28 17:01:22.124 ServerApp] http://localhost:8888/lab?token=96354c9497fe63e3281437e85f9580e7822acc616a8cd05a
[I 2021-05-28 17:01:22.124 ServerApp]     http://127.0.0.1:8888/lab?token=96354c9497fe63e3281437e85f9580e7822acc616a8cd05a
[I 2021-05-28 17:01:22.124 ServerApp] Use Control-C to stop this server and shut down all kernels (twice to skip confirmation).
[C 2021-05-28 17:01:22.130 ServerApp] 
    
    To access the server, open this file in a browser:
        file:///p/home/jusers/hoeflich1/juwels/.local/share/jupyter/runtime/jpserver-21398-open.html
    Or copy and paste one of these URLs:
        http://localhost:8888/lab?token=96354c9497fe63e3281437e85f9580e7822acc616a8cd05a
        http://127.0.0.1:8888/lab?token=96354c9497fe63e3281437e85f9580e7822acc616a8cd05a
[I 2021-05-28 17:02:22.135 ServerApp] No kernels or terminals for 60 seconds; shutting down.
[I 2021-05-28 17:02:22.136 ServerApp] Shutting down 0 kernels
[I 2021-05-28 17:02:22.136 ServerApp] Shutting down 0 terminals
2021-05-28_17:02:22_313776041
