jwlogin07.juwels
2021-05-29_04:01:02_369414051
[I 2021-05-29 04:01:03.112 ServerApp] jupyterlab | extension was successfully linked.
[I 2021-05-29 04:01:03.311 ServerApp] nbclassic | extension was successfully linked.
[I 2021-05-29 04:01:03.358 ServerApp] nbclassic | extension was successfully loaded.
[I 2021-05-29 04:01:03.359 LabApp] JupyterLab extension loaded from /p/project/cesmtst/hoeflich1/miniconda3/lib/python3.9/site-packages/jupyterlab
[I 2021-05-29 04:01:03.359 LabApp] JupyterLab application directory is /p/project/cesmtst/hoeflich1/miniconda3/share/jupyter/lab
[I 2021-05-29 04:01:03.362 ServerApp] jupyterlab | extension was successfully loaded.
[I 2021-05-29 04:01:03.364 ServerApp] Will shut down after 60 seconds with no kernels or terminals.
[I 2021-05-29 04:01:03.365 ServerApp] Serving notebooks from local directory: /p/home/jusers/hoeflich1/juwels/github/jupyter-hpc-performance
[I 2021-05-29 04:01:03.365 ServerApp] Jupyter Server 1.8.0 is running at:
[I 2021-05-29 04:01:03.365 ServerApp] http://localhost:8888/lab?token=098dad580ba182843d27463cccc4eded7c36bc889bd52a09
[I 2021-05-29 04:01:03.365 ServerApp]     http://127.0.0.1:8888/lab?token=098dad580ba182843d27463cccc4eded7c36bc889bd52a09
[I 2021-05-29 04:01:03.365 ServerApp] Use Control-C to stop this server and shut down all kernels (twice to skip confirmation).
[C 2021-05-29 04:01:03.368 ServerApp] 
    
    To access the server, open this file in a browser:
        file:///p/home/jusers/hoeflich1/juwels/.local/share/jupyter/runtime/jpserver-13235-open.html
    Or copy and paste one of these URLs:
        http://localhost:8888/lab?token=098dad580ba182843d27463cccc4eded7c36bc889bd52a09
        http://127.0.0.1:8888/lab?token=098dad580ba182843d27463cccc4eded7c36bc889bd52a09
[I 2021-05-29 04:02:03.426 ServerApp] No kernels or terminals for 60 seconds; shutting down.
[I 2021-05-29 04:02:03.427 ServerApp] Shutting down 0 kernels
[I 2021-05-29 04:02:03.427 ServerApp] Shutting down 0 terminals
2021-05-29_04:02:03_547287934
