jwlogin07.juwels
2021-05-29_02:01:02_400962387
[I 2021-05-29 02:01:03.490 ServerApp] jupyterlab | extension was successfully linked.
[I 2021-05-29 02:01:03.662 ServerApp] nbclassic | extension was successfully linked.
[I 2021-05-29 02:01:03.688 ServerApp] nbclassic | extension was successfully loaded.
[I 2021-05-29 02:01:03.689 LabApp] JupyterLab extension loaded from /p/project/cesmtst/hoeflich1/miniconda3/lib/python3.9/site-packages/jupyterlab
[I 2021-05-29 02:01:03.689 LabApp] JupyterLab application directory is /p/project/cesmtst/hoeflich1/miniconda3/share/jupyter/lab
[I 2021-05-29 02:01:03.691 ServerApp] jupyterlab | extension was successfully loaded.
[I 2021-05-29 02:01:03.694 ServerApp] Will shut down after 60 seconds with no kernels or terminals.
[I 2021-05-29 02:01:03.695 ServerApp] Serving notebooks from local directory: /p/home/jusers/hoeflich1/juwels/github/jupyter-hpc-performance
[I 2021-05-29 02:01:03.695 ServerApp] Jupyter Server 1.8.0 is running at:
[I 2021-05-29 02:01:03.695 ServerApp] http://localhost:8888/lab?token=31491491944a28b4bea0c06a88889dfb25f1e2687f97c612
[I 2021-05-29 02:01:03.695 ServerApp]     http://127.0.0.1:8888/lab?token=31491491944a28b4bea0c06a88889dfb25f1e2687f97c612
[I 2021-05-29 02:01:03.695 ServerApp] Use Control-C to stop this server and shut down all kernels (twice to skip confirmation).
[C 2021-05-29 02:01:03.699 ServerApp] 
    
    To access the server, open this file in a browser:
        file:///p/home/jusers/hoeflich1/juwels/.local/share/jupyter/runtime/jpserver-27557-open.html
    Or copy and paste one of these URLs:
        http://localhost:8888/lab?token=31491491944a28b4bea0c06a88889dfb25f1e2687f97c612
        http://127.0.0.1:8888/lab?token=31491491944a28b4bea0c06a88889dfb25f1e2687f97c612
[I 2021-05-29 02:02:03.755 ServerApp] No kernels or terminals for 60 seconds; shutting down.
[I 2021-05-29 02:02:03.756 ServerApp] Shutting down 0 kernels
[I 2021-05-29 02:02:03.757 ServerApp] Shutting down 0 terminals
2021-05-29_02:02:03_851611200
