jwlogin07.juwels
2021-05-28_18:01:02_525132253
[I 2021-05-28 18:01:07.584 ServerApp] jupyterlab | extension was successfully linked.
[I 2021-05-28 18:01:08.677 ServerApp] nbclassic | extension was successfully linked.
[I 2021-05-28 18:01:08.738 ServerApp] nbclassic | extension was successfully loaded.
[I 2021-05-28 18:01:08.739 LabApp] JupyterLab extension loaded from /p/project/cesmtst/hoeflich1/miniconda3/lib/python3.9/site-packages/jupyterlab
[I 2021-05-28 18:01:08.739 LabApp] JupyterLab application directory is /p/project/cesmtst/hoeflich1/miniconda3/share/jupyter/lab
[I 2021-05-28 18:01:08.772 ServerApp] jupyterlab | extension was successfully loaded.
[I 2021-05-28 18:01:08.774 ServerApp] Will shut down after 60 seconds with no kernels or terminals.
[I 2021-05-28 18:01:08.775 ServerApp] Serving notebooks from local directory: /p/home/jusers/hoeflich1/juwels/github/jupyter-hpc-performance
[I 2021-05-28 18:01:08.775 ServerApp] Jupyter Server 1.8.0 is running at:
[I 2021-05-28 18:01:08.775 ServerApp] http://localhost:8888/lab?token=2f7f232925cac643115181da780f5c92ff310cc800afdf00
[I 2021-05-28 18:01:08.775 ServerApp]     http://127.0.0.1:8888/lab?token=2f7f232925cac643115181da780f5c92ff310cc800afdf00
[I 2021-05-28 18:01:08.775 ServerApp] Use Control-C to stop this server and shut down all kernels (twice to skip confirmation).
[C 2021-05-28 18:01:08.779 ServerApp] 
    
    To access the server, open this file in a browser:
        file:///p/home/jusers/hoeflich1/juwels/.local/share/jupyter/runtime/jpserver-3260-open.html
    Or copy and paste one of these URLs:
        http://localhost:8888/lab?token=2f7f232925cac643115181da780f5c92ff310cc800afdf00
        http://127.0.0.1:8888/lab?token=2f7f232925cac643115181da780f5c92ff310cc800afdf00
[I 2021-05-28 18:02:08.827 ServerApp] No kernels or terminals for 60 seconds; shutting down.
[I 2021-05-28 18:02:08.829 ServerApp] Shutting down 0 kernels
[I 2021-05-28 18:02:08.829 ServerApp] Shutting down 0 terminals
2021-05-28_18:02:08_923540598
