jwlogin07.juwels
2021-05-29_03:01:02_855069716
[I 2021-05-29 03:01:03.936 ServerApp] jupyterlab | extension was successfully linked.
[I 2021-05-29 03:01:04.184 ServerApp] nbclassic | extension was successfully linked.
[I 2021-05-29 03:01:04.210 ServerApp] nbclassic | extension was successfully loaded.
[I 2021-05-29 03:01:04.211 LabApp] JupyterLab extension loaded from /p/project/cesmtst/hoeflich1/miniconda3/lib/python3.9/site-packages/jupyterlab
[I 2021-05-29 03:01:04.211 LabApp] JupyterLab application directory is /p/project/cesmtst/hoeflich1/miniconda3/share/jupyter/lab
[I 2021-05-29 03:01:04.213 ServerApp] jupyterlab | extension was successfully loaded.
[I 2021-05-29 03:01:04.216 ServerApp] Will shut down after 60 seconds with no kernels or terminals.
[I 2021-05-29 03:01:04.217 ServerApp] Serving notebooks from local directory: /p/home/jusers/hoeflich1/juwels/github/jupyter-hpc-performance
[I 2021-05-29 03:01:04.217 ServerApp] Jupyter Server 1.8.0 is running at:
[I 2021-05-29 03:01:04.217 ServerApp] http://localhost:8888/lab?token=96ce4ff338e53aedabc4f763d511cf661da0a98abd78e5bd
[I 2021-05-29 03:01:04.217 ServerApp]     http://127.0.0.1:8888/lab?token=96ce4ff338e53aedabc4f763d511cf661da0a98abd78e5bd
[I 2021-05-29 03:01:04.217 ServerApp] Use Control-C to stop this server and shut down all kernels (twice to skip confirmation).
[C 2021-05-29 03:01:04.221 ServerApp] 
    
    To access the server, open this file in a browser:
        file:///p/home/jusers/hoeflich1/juwels/.local/share/jupyter/runtime/jpserver-7651-open.html
    Or copy and paste one of these URLs:
        http://localhost:8888/lab?token=96ce4ff338e53aedabc4f763d511cf661da0a98abd78e5bd
        http://127.0.0.1:8888/lab?token=96ce4ff338e53aedabc4f763d511cf661da0a98abd78e5bd
[I 2021-05-29 03:02:04.278 ServerApp] No kernels or terminals for 60 seconds; shutting down.
[I 2021-05-29 03:02:04.278 ServerApp] Shutting down 0 kernels
[I 2021-05-29 03:02:04.279 ServerApp] Shutting down 0 terminals
2021-05-29_03:02:04_387661217
