jwlogin07.juwels
2021-05-29_07:01:02_482725070
[I 2021-05-29 07:01:09.009 ServerApp] jupyterlab | extension was successfully linked.
[I 2021-05-29 07:01:10.318 ServerApp] nbclassic | extension was successfully linked.
[I 2021-05-29 07:01:10.387 ServerApp] nbclassic | extension was successfully loaded.
[I 2021-05-29 07:01:10.388 LabApp] JupyterLab extension loaded from /p/project/cesmtst/hoeflich1/miniconda3/lib/python3.9/site-packages/jupyterlab
[I 2021-05-29 07:01:10.388 LabApp] JupyterLab application directory is /p/project/cesmtst/hoeflich1/miniconda3/share/jupyter/lab
[I 2021-05-29 07:01:10.391 ServerApp] jupyterlab | extension was successfully loaded.
[I 2021-05-29 07:01:10.394 ServerApp] Will shut down after 60 seconds with no kernels or terminals.
[I 2021-05-29 07:01:10.395 ServerApp] Serving notebooks from local directory: /p/home/jusers/hoeflich1/juwels/github/jupyter-hpc-performance
[I 2021-05-29 07:01:10.395 ServerApp] Jupyter Server 1.8.0 is running at:
[I 2021-05-29 07:01:10.395 ServerApp] http://localhost:8888/lab?token=bdc50307bb779ef87688818259a6b65a7ec6777b6967ff1a
[I 2021-05-29 07:01:10.395 ServerApp]     http://127.0.0.1:8888/lab?token=bdc50307bb779ef87688818259a6b65a7ec6777b6967ff1a
[I 2021-05-29 07:01:10.395 ServerApp] Use Control-C to stop this server and shut down all kernels (twice to skip confirmation).
[C 2021-05-29 07:01:10.399 ServerApp] 
    
    To access the server, open this file in a browser:
        file:///p/home/jusers/hoeflich1/juwels/.local/share/jupyter/runtime/jpserver-24166-open.html
    Or copy and paste one of these URLs:
        http://localhost:8888/lab?token=bdc50307bb779ef87688818259a6b65a7ec6777b6967ff1a
        http://127.0.0.1:8888/lab?token=bdc50307bb779ef87688818259a6b65a7ec6777b6967ff1a
[I 2021-05-29 07:02:10.456 ServerApp] No kernels or terminals for 60 seconds; shutting down.
[I 2021-05-29 07:02:10.457 ServerApp] Shutting down 0 kernels
[I 2021-05-29 07:02:10.457 ServerApp] Shutting down 0 terminals
2021-05-29_07:02:10_560969969
