jwlogin07.juwels
2021-05-28_15:01:02_921780549
[I 2021-05-28 15:01:18.315 ServerApp] jupyterlab | extension was successfully linked.
[I 2021-05-28 15:01:21.217 ServerApp] nbclassic | extension was successfully linked.
[I 2021-05-28 15:01:21.336 ServerApp] nbclassic | extension was successfully loaded.
[I 2021-05-28 15:01:21.337 LabApp] JupyterLab extension loaded from /p/project/cesmtst/hoeflich1/miniconda3/lib/python3.9/site-packages/jupyterlab
[I 2021-05-28 15:01:21.338 LabApp] JupyterLab application directory is /p/project/cesmtst/hoeflich1/miniconda3/share/jupyter/lab
[I 2021-05-28 15:01:21.379 ServerApp] jupyterlab | extension was successfully loaded.
[I 2021-05-28 15:01:21.382 ServerApp] Will shut down after 60 seconds with no kernels or terminals.
[I 2021-05-28 15:01:21.383 ServerApp] Serving notebooks from local directory: /p/home/jusers/hoeflich1/juwels/github/jupyter-hpc-performance
[I 2021-05-28 15:01:21.383 ServerApp] Jupyter Server 1.8.0 is running at:
[I 2021-05-28 15:01:21.383 ServerApp] http://localhost:8888/lab?token=0556bd79895b1faf776b61149bffbdf867750d17c8ba85c2
[I 2021-05-28 15:01:21.383 ServerApp]     http://127.0.0.1:8888/lab?token=0556bd79895b1faf776b61149bffbdf867750d17c8ba85c2
[I 2021-05-28 15:01:21.383 ServerApp] Use Control-C to stop this server and shut down all kernels (twice to skip confirmation).
[C 2021-05-28 15:01:21.392 ServerApp] 
    
    To access the server, open this file in a browser:
        file:///p/home/jusers/hoeflich1/juwels/.local/share/jupyter/runtime/jpserver-4505-open.html
    Or copy and paste one of these URLs:
        http://localhost:8888/lab?token=0556bd79895b1faf776b61149bffbdf867750d17c8ba85c2
        http://127.0.0.1:8888/lab?token=0556bd79895b1faf776b61149bffbdf867750d17c8ba85c2
[I 2021-05-28 15:02:21.443 ServerApp] No kernels or terminals for 60 seconds; shutting down.
[I 2021-05-28 15:02:21.445 ServerApp] Shutting down 0 kernels
[I 2021-05-28 15:02:21.445 ServerApp] Shutting down 0 terminals
2021-05-28_15:02:21_582468279
