jwlogin07.juwels
2021-05-28_12:01:02_556957178
[I 2021-05-28 12:01:09.919 ServerApp] jupyterlab | extension was successfully linked.
[I 2021-05-28 12:01:11.957 ServerApp] nbclassic | extension was successfully linked.
[I 2021-05-28 12:01:12.100 ServerApp] nbclassic | extension was successfully loaded.
[I 2021-05-28 12:01:12.105 LabApp] JupyterLab extension loaded from /p/project/cesmtst/hoeflich1/miniconda3/lib/python3.9/site-packages/jupyterlab
[I 2021-05-28 12:01:12.105 LabApp] JupyterLab application directory is /p/project/cesmtst/hoeflich1/miniconda3/share/jupyter/lab
[I 2021-05-28 12:01:12.110 ServerApp] jupyterlab | extension was successfully loaded.
[I 2021-05-28 12:01:12.112 ServerApp] Will shut down after 60 seconds with no kernels or terminals.
[I 2021-05-28 12:01:12.117 ServerApp] Serving notebooks from local directory: /p/home/jusers/hoeflich1/juwels/github/jupyter-hpc-performance
[I 2021-05-28 12:01:12.117 ServerApp] Jupyter Server 1.8.0 is running at:
[I 2021-05-28 12:01:12.117 ServerApp] http://localhost:8888/lab?token=fca096ca988d72747be628911a7701cef017f9dbad60c5f7
[I 2021-05-28 12:01:12.117 ServerApp]     http://127.0.0.1:8888/lab?token=fca096ca988d72747be628911a7701cef017f9dbad60c5f7
[I 2021-05-28 12:01:12.117 ServerApp] Use Control-C to stop this server and shut down all kernels (twice to skip confirmation).
[C 2021-05-28 12:01:12.123 ServerApp] 
    
    To access the server, open this file in a browser:
        file:///p/home/jusers/hoeflich1/juwels/.local/share/jupyter/runtime/jpserver-7652-open.html
    Or copy and paste one of these URLs:
        http://localhost:8888/lab?token=fca096ca988d72747be628911a7701cef017f9dbad60c5f7
        http://127.0.0.1:8888/lab?token=fca096ca988d72747be628911a7701cef017f9dbad60c5f7
[I 2021-05-28 12:02:12.177 ServerApp] No kernels or terminals for 60 seconds; shutting down.
[I 2021-05-28 12:02:12.178 ServerApp] Shutting down 0 kernels
[I 2021-05-28 12:02:12.179 ServerApp] Shutting down 0 terminals
2021-05-28_12:02:12_357658439
