jwlogin07.juwels
2021-05-29_09:01:02_468726782
[I 2021-05-29 09:01:03.438 ServerApp] jupyterlab | extension was successfully linked.
[I 2021-05-29 09:01:03.708 ServerApp] nbclassic | extension was successfully linked.
[I 2021-05-29 09:01:03.732 ServerApp] nbclassic | extension was successfully loaded.
[I 2021-05-29 09:01:03.733 LabApp] JupyterLab extension loaded from /p/project/cesmtst/hoeflich1/miniconda3/lib/python3.9/site-packages/jupyterlab
[I 2021-05-29 09:01:03.733 LabApp] JupyterLab application directory is /p/project/cesmtst/hoeflich1/miniconda3/share/jupyter/lab
[I 2021-05-29 09:01:03.736 ServerApp] jupyterlab | extension was successfully loaded.
[I 2021-05-29 09:01:03.738 ServerApp] Will shut down after 60 seconds with no kernels or terminals.
[I 2021-05-29 09:01:03.739 ServerApp] Serving notebooks from local directory: /p/home/jusers/hoeflich1/juwels/github/jupyter-hpc-performance
[I 2021-05-29 09:01:03.739 ServerApp] Jupyter Server 1.8.0 is running at:
[I 2021-05-29 09:01:03.739 ServerApp] http://localhost:8888/lab?token=e4d2c03b7ca95042a37cc8064c5ac9ed367bca8d73a347a4
[I 2021-05-29 09:01:03.739 ServerApp]     http://127.0.0.1:8888/lab?token=e4d2c03b7ca95042a37cc8064c5ac9ed367bca8d73a347a4
[I 2021-05-29 09:01:03.739 ServerApp] Use Control-C to stop this server and shut down all kernels (twice to skip confirmation).
[C 2021-05-29 09:01:03.743 ServerApp] 
    
    To access the server, open this file in a browser:
        file:///p/home/jusers/hoeflich1/juwels/.local/share/jupyter/runtime/jpserver-16016-open.html
    Or copy and paste one of these URLs:
        http://localhost:8888/lab?token=e4d2c03b7ca95042a37cc8064c5ac9ed367bca8d73a347a4
        http://127.0.0.1:8888/lab?token=e4d2c03b7ca95042a37cc8064c5ac9ed367bca8d73a347a4
[I 2021-05-29 09:02:03.758 ServerApp] No kernels or terminals for 60 seconds; shutting down.
[I 2021-05-29 09:02:03.759 ServerApp] Shutting down 0 kernels
[I 2021-05-29 09:02:03.759 ServerApp] Shutting down 0 terminals
2021-05-29_09:02:03_846375203
