jwlogin07.juwels
2021-05-28_21:00:00_200478153
[I 2021-05-28 21:00:02.028 ServerApp] jupyterlab | extension was successfully linked.
[I 2021-05-28 21:00:02.316 ServerApp] nbclassic | extension was successfully linked.
[I 2021-05-28 21:00:02.342 ServerApp] nbclassic | extension was successfully loaded.
[I 2021-05-28 21:00:02.343 LabApp] JupyterLab extension loaded from /miniconda3/lib/python3.9/site-packages/jupyterlab
[I 2021-05-28 21:00:02.343 LabApp] JupyterLab application directory is /miniconda3/share/jupyter/lab
[I 2021-05-28 21:00:02.345 ServerApp] jupyterlab | extension was successfully loaded.
[I 2021-05-28 21:00:02.346 ServerApp] Will shut down after 60 seconds with no kernels or terminals.
[I 2021-05-28 21:00:02.347 ServerApp] Serving notebooks from local directory: /p/home/jusers/hoeflich1/juwels/github/jupyter-hpc-performance
[I 2021-05-28 21:00:02.347 ServerApp] Jupyter Server 1.8.0 is running at:
[I 2021-05-28 21:00:02.347 ServerApp] http://localhost:8888/lab?token=1235cb1819b80794006332ea866b59afab76c4ab64abd6c9
[I 2021-05-28 21:00:02.347 ServerApp]     http://127.0.0.1:8888/lab?token=1235cb1819b80794006332ea866b59afab76c4ab64abd6c9
[I 2021-05-28 21:00:02.347 ServerApp] Use Control-C to stop this server and shut down all kernels (twice to skip confirmation).
[C 2021-05-28 21:00:02.352 ServerApp] 
    
    To access the server, open this file in a browser:
        file:///p/home/jusers/hoeflich1/juwels/.local/share/jupyter/runtime/jpserver-4527-open.html
    Or copy and paste one of these URLs:
        http://localhost:8888/lab?token=1235cb1819b80794006332ea866b59afab76c4ab64abd6c9
        http://127.0.0.1:8888/lab?token=1235cb1819b80794006332ea866b59afab76c4ab64abd6c9
[I 2021-05-28 21:01:02.408 ServerApp] No kernels or terminals for 60 seconds; shutting down.
[I 2021-05-28 21:01:02.410 ServerApp] Shutting down 0 kernels
[I 2021-05-28 21:01:02.410 ServerApp] Shutting down 0 terminals
2021-05-28_21:01:02_572092393
