jwlogin07.juwels
2021-05-29_09:00:00_604361252
[I 2021-05-29 09:00:01.929 ServerApp] jupyterlab | extension was successfully linked.
[I 2021-05-29 09:00:02.212 ServerApp] nbclassic | extension was successfully linked.
[I 2021-05-29 09:00:02.238 ServerApp] nbclassic | extension was successfully loaded.
[I 2021-05-29 09:00:02.239 LabApp] JupyterLab extension loaded from /miniconda3/lib/python3.9/site-packages/jupyterlab
[I 2021-05-29 09:00:02.239 LabApp] JupyterLab application directory is /miniconda3/share/jupyter/lab
[I 2021-05-29 09:00:02.242 ServerApp] jupyterlab | extension was successfully loaded.
[I 2021-05-29 09:00:02.242 ServerApp] Will shut down after 60 seconds with no kernels or terminals.
[I 2021-05-29 09:00:02.243 ServerApp] Serving notebooks from local directory: /p/home/jusers/hoeflich1/juwels/github/jupyter-hpc-performance
[I 2021-05-29 09:00:02.243 ServerApp] Jupyter Server 1.8.0 is running at:
[I 2021-05-29 09:00:02.243 ServerApp] http://localhost:8888/lab?token=a0278fb86b0c18b21f73437821e4fd1deefe3b5b716fbeac
[I 2021-05-29 09:00:02.243 ServerApp]     http://127.0.0.1:8888/lab?token=a0278fb86b0c18b21f73437821e4fd1deefe3b5b716fbeac
[I 2021-05-29 09:00:02.243 ServerApp] Use Control-C to stop this server and shut down all kernels (twice to skip confirmation).
[C 2021-05-29 09:00:02.258 ServerApp] 
    
    To access the server, open this file in a browser:
        file:///p/home/jusers/hoeflich1/juwels/.local/share/jupyter/runtime/jpserver-15820-open.html
    Or copy and paste one of these URLs:
        http://localhost:8888/lab?token=a0278fb86b0c18b21f73437821e4fd1deefe3b5b716fbeac
        http://127.0.0.1:8888/lab?token=a0278fb86b0c18b21f73437821e4fd1deefe3b5b716fbeac
[I 2021-05-29 09:01:02.303 ServerApp] No kernels or terminals for 60 seconds; shutting down.
[I 2021-05-29 09:01:02.305 ServerApp] Shutting down 0 kernels
[I 2021-05-29 09:01:02.305 ServerApp] Shutting down 0 terminals
2021-05-29_09:01:02_459350098
