jwlogin07.juwels
2021-05-29_07:00:00_457342451
[I 2021-05-29 07:00:01.886 ServerApp] jupyterlab | extension was successfully linked.
[I 2021-05-29 07:00:02.168 ServerApp] nbclassic | extension was successfully linked.
[I 2021-05-29 07:00:02.193 ServerApp] nbclassic | extension was successfully loaded.
[I 2021-05-29 07:00:02.194 LabApp] JupyterLab extension loaded from /miniconda3/lib/python3.9/site-packages/jupyterlab
[I 2021-05-29 07:00:02.194 LabApp] JupyterLab application directory is /miniconda3/share/jupyter/lab
[I 2021-05-29 07:00:02.197 ServerApp] jupyterlab | extension was successfully loaded.
[I 2021-05-29 07:00:02.197 ServerApp] Will shut down after 60 seconds with no kernels or terminals.
[I 2021-05-29 07:00:02.198 ServerApp] Serving notebooks from local directory: /p/home/jusers/hoeflich1/juwels/github/jupyter-hpc-performance
[I 2021-05-29 07:00:02.198 ServerApp] Jupyter Server 1.8.0 is running at:
[I 2021-05-29 07:00:02.198 ServerApp] http://localhost:8888/lab?token=e37184e6c165674026c4256e0be974dd9900b3ab57c0d931
[I 2021-05-29 07:00:02.198 ServerApp]     http://127.0.0.1:8888/lab?token=e37184e6c165674026c4256e0be974dd9900b3ab57c0d931
[I 2021-05-29 07:00:02.198 ServerApp] Use Control-C to stop this server and shut down all kernels (twice to skip confirmation).
[C 2021-05-29 07:00:02.224 ServerApp] 
    
    To access the server, open this file in a browser:
        file:///p/home/jusers/hoeflich1/juwels/.local/share/jupyter/runtime/jpserver-23973-open.html
    Or copy and paste one of these URLs:
        http://localhost:8888/lab?token=e37184e6c165674026c4256e0be974dd9900b3ab57c0d931
        http://127.0.0.1:8888/lab?token=e37184e6c165674026c4256e0be974dd9900b3ab57c0d931
[I 2021-05-29 07:01:02.258 ServerApp] No kernels or terminals for 60 seconds; shutting down.
[I 2021-05-29 07:01:02.259 ServerApp] Shutting down 0 kernels
[I 2021-05-29 07:01:02.260 ServerApp] Shutting down 0 terminals
2021-05-29_07:01:02_473105620
