jwlogin07.juwels
2021-05-28_13:00:00_448513559
[I 2021-05-28 13:00:01.896 ServerApp] jupyterlab | extension was successfully linked.
[I 2021-05-28 13:00:01.912 ServerApp] Writing notebook server cookie secret to /p/home/jusers/hoeflich1/juwels/.local/share/jupyter/runtime/jupyter_cookie_secret
[I 2021-05-28 13:00:02.185 ServerApp] nbclassic | extension was successfully linked.
[I 2021-05-28 13:00:02.212 ServerApp] nbclassic | extension was successfully loaded.
[I 2021-05-28 13:00:02.213 LabApp] JupyterLab extension loaded from /miniconda3/lib/python3.9/site-packages/jupyterlab
[I 2021-05-28 13:00:02.213 LabApp] JupyterLab application directory is /miniconda3/share/jupyter/lab
[I 2021-05-28 13:00:02.216 ServerApp] jupyterlab | extension was successfully loaded.
[I 2021-05-28 13:00:02.216 ServerApp] Will shut down after 60 seconds with no kernels or terminals.
[I 2021-05-28 13:00:02.217 ServerApp] Serving notebooks from local directory: /p/home/jusers/hoeflich1/juwels/github/jupyter-hpc-performance
[I 2021-05-28 13:00:02.217 ServerApp] Jupyter Server 1.8.0 is running at:
[I 2021-05-28 13:00:02.217 ServerApp] http://localhost:8888/lab?token=3e7b05ca8cb6934b64167663b477a52a741332ada369446f
[I 2021-05-28 13:00:02.217 ServerApp]     http://127.0.0.1:8888/lab?token=3e7b05ca8cb6934b64167663b477a52a741332ada369446f
[I 2021-05-28 13:00:02.217 ServerApp] Use Control-C to stop this server and shut down all kernels (twice to skip confirmation).
[C 2021-05-28 13:00:02.225 ServerApp] 
    
    To access the server, open this file in a browser:
        file:///p/home/jusers/hoeflich1/juwels/.local/share/jupyter/runtime/jpserver-27767-open.html
    Or copy and paste one of these URLs:
        http://localhost:8888/lab?token=3e7b05ca8cb6934b64167663b477a52a741332ada369446f
        http://127.0.0.1:8888/lab?token=3e7b05ca8cb6934b64167663b477a52a741332ada369446f
[I 2021-05-28 13:01:02.278 ServerApp] No kernels or terminals for 60 seconds; shutting down.
[I 2021-05-28 13:01:02.279 ServerApp] Shutting down 0 kernels
[I 2021-05-28 13:01:02.280 ServerApp] Shutting down 0 terminals
2021-05-28_13:01:02_435559840
