jwlogin07.juwels
2021-05-28_18:00:00_331713644
[I 2021-05-28 18:00:02.007 ServerApp] jupyterlab | extension was successfully linked.
[I 2021-05-28 18:00:02.285 ServerApp] nbclassic | extension was successfully linked.
[I 2021-05-28 18:00:02.310 ServerApp] nbclassic | extension was successfully loaded.
[I 2021-05-28 18:00:02.311 LabApp] JupyterLab extension loaded from /miniconda3/lib/python3.9/site-packages/jupyterlab
[I 2021-05-28 18:00:02.311 LabApp] JupyterLab application directory is /miniconda3/share/jupyter/lab
[I 2021-05-28 18:00:02.314 ServerApp] jupyterlab | extension was successfully loaded.
[I 2021-05-28 18:00:02.314 ServerApp] Will shut down after 60 seconds with no kernels or terminals.
[I 2021-05-28 18:00:02.315 ServerApp] Serving notebooks from local directory: /p/home/jusers/hoeflich1/juwels/github/jupyter-hpc-performance
[I 2021-05-28 18:00:02.315 ServerApp] Jupyter Server 1.8.0 is running at:
[I 2021-05-28 18:00:02.315 ServerApp] http://localhost:8888/lab?token=130cde7cb2cdd7b955bb6ee87fddd25ea8fc96a18ce0c0aa
[I 2021-05-28 18:00:02.315 ServerApp]     http://127.0.0.1:8888/lab?token=130cde7cb2cdd7b955bb6ee87fddd25ea8fc96a18ce0c0aa
[I 2021-05-28 18:00:02.315 ServerApp] Use Control-C to stop this server and shut down all kernels (twice to skip confirmation).
[C 2021-05-28 18:00:02.320 ServerApp] 
    
    To access the server, open this file in a browser:
        file:///p/home/jusers/hoeflich1/juwels/.local/share/jupyter/runtime/jpserver-2931-open.html
    Or copy and paste one of these URLs:
        http://localhost:8888/lab?token=130cde7cb2cdd7b955bb6ee87fddd25ea8fc96a18ce0c0aa
        http://127.0.0.1:8888/lab?token=130cde7cb2cdd7b955bb6ee87fddd25ea8fc96a18ce0c0aa
[I 2021-05-28 18:01:02.376 ServerApp] No kernels or terminals for 60 seconds; shutting down.
[I 2021-05-28 18:01:02.377 ServerApp] Shutting down 0 kernels
[I 2021-05-28 18:01:02.377 ServerApp] Shutting down 0 terminals
2021-05-28_18:01:02_515584386
