jwlogin07.juwels
2021-05-29_00:00:00_594488352
[I 2021-05-29 00:00:02.600 ServerApp] jupyterlab | extension was successfully linked.
[I 2021-05-29 00:00:02.898 ServerApp] nbclassic | extension was successfully linked.
[I 2021-05-29 00:00:02.925 ServerApp] nbclassic | extension was successfully loaded.
[I 2021-05-29 00:00:02.926 LabApp] JupyterLab extension loaded from /miniconda3/lib/python3.9/site-packages/jupyterlab
[I 2021-05-29 00:00:02.926 LabApp] JupyterLab application directory is /miniconda3/share/jupyter/lab
[I 2021-05-29 00:00:02.929 ServerApp] jupyterlab | extension was successfully loaded.
[I 2021-05-29 00:00:02.929 ServerApp] Will shut down after 60 seconds with no kernels or terminals.
[I 2021-05-29 00:00:02.930 ServerApp] Serving notebooks from local directory: /p/home/jusers/hoeflich1/juwels/github/jupyter-hpc-performance
[I 2021-05-29 00:00:02.930 ServerApp] Jupyter Server 1.8.0 is running at:
[I 2021-05-29 00:00:02.930 ServerApp] http://localhost:8888/lab?token=911478a47b8bdb894c163d61ff9d59019ca81af305e8fcc9
[I 2021-05-29 00:00:02.930 ServerApp]     http://127.0.0.1:8888/lab?token=911478a47b8bdb894c163d61ff9d59019ca81af305e8fcc9
[I 2021-05-29 00:00:02.930 ServerApp] Use Control-C to stop this server and shut down all kernels (twice to skip confirmation).
[C 2021-05-29 00:00:02.934 ServerApp] 
    
    To access the server, open this file in a browser:
        file:///p/home/jusers/hoeflich1/juwels/.local/share/jupyter/runtime/jpserver-7786-open.html
    Or copy and paste one of these URLs:
        http://localhost:8888/lab?token=911478a47b8bdb894c163d61ff9d59019ca81af305e8fcc9
        http://127.0.0.1:8888/lab?token=911478a47b8bdb894c163d61ff9d59019ca81af305e8fcc9
[I 2021-05-29 00:01:02.991 ServerApp] No kernels or terminals for 60 seconds; shutting down.
[I 2021-05-29 00:01:02.991 ServerApp] Shutting down 0 kernels
[I 2021-05-29 00:01:02.992 ServerApp] Shutting down 0 terminals
2021-05-29_00:01:03_145349944
