jwlogin07.juwels
2021-05-28_14:00:00_508154063
[I 2021-05-28 14:00:02.295 ServerApp] jupyterlab | extension was successfully linked.
[I 2021-05-28 14:00:02.331 ServerApp] Writing notebook server cookie secret to /p/home/jusers/hoeflich1/juwels/.local/share/jupyter/runtime/jupyter_cookie_secret
[I 2021-05-28 14:00:02.643 ServerApp] nbclassic | extension was successfully linked.
[I 2021-05-28 14:00:02.670 ServerApp] nbclassic | extension was successfully loaded.
[I 2021-05-28 14:00:02.671 LabApp] JupyterLab extension loaded from /miniconda3/lib/python3.9/site-packages/jupyterlab
[I 2021-05-28 14:00:02.671 LabApp] JupyterLab application directory is /miniconda3/share/jupyter/lab
[I 2021-05-28 14:00:02.673 ServerApp] jupyterlab | extension was successfully loaded.
[I 2021-05-28 14:00:02.674 ServerApp] Will shut down after 60 seconds with no kernels or terminals.
[I 2021-05-28 14:00:02.675 ServerApp] Serving notebooks from local directory: /p/home/jusers/hoeflich1/juwels/github/jupyter-hpc-performance
[I 2021-05-28 14:00:02.675 ServerApp] Jupyter Server 1.8.0 is running at:
[I 2021-05-28 14:00:02.675 ServerApp] http://localhost:8888/lab?token=b8394ea244cf7b2c509543ef144872fd73ea88c385f88f5b
[I 2021-05-28 14:00:02.675 ServerApp]     http://127.0.0.1:8888/lab?token=b8394ea244cf7b2c509543ef144872fd73ea88c385f88f5b
[I 2021-05-28 14:00:02.675 ServerApp] Use Control-C to stop this server and shut down all kernels (twice to skip confirmation).
[C 2021-05-28 14:00:02.698 ServerApp] 
    
    To access the server, open this file in a browser:
        file:///p/home/jusers/hoeflich1/juwels/.local/share/jupyter/runtime/jpserver-15492-open.html
    Or copy and paste one of these URLs:
        http://localhost:8888/lab?token=b8394ea244cf7b2c509543ef144872fd73ea88c385f88f5b
        http://127.0.0.1:8888/lab?token=b8394ea244cf7b2c509543ef144872fd73ea88c385f88f5b
[I 2021-05-28 14:01:02.733 ServerApp] No kernels or terminals for 60 seconds; shutting down.
[I 2021-05-28 14:01:02.735 ServerApp] Shutting down 0 kernels
[I 2021-05-28 14:01:02.735 ServerApp] Shutting down 0 terminals
2021-05-28_14:01:02_956740371
