jwlogin07.juwels
2021-05-29_05:00:00_567940268
[I 2021-05-29 05:00:02.084 ServerApp] jupyterlab | extension was successfully linked.
[I 2021-05-29 05:00:02.377 ServerApp] nbclassic | extension was successfully linked.
[I 2021-05-29 05:00:02.403 ServerApp] nbclassic | extension was successfully loaded.
[I 2021-05-29 05:00:02.404 LabApp] JupyterLab extension loaded from /miniconda3/lib/python3.9/site-packages/jupyterlab
[I 2021-05-29 05:00:02.404 LabApp] JupyterLab application directory is /miniconda3/share/jupyter/lab
[I 2021-05-29 05:00:02.407 ServerApp] jupyterlab | extension was successfully loaded.
[I 2021-05-29 05:00:02.407 ServerApp] Will shut down after 60 seconds with no kernels or terminals.
[I 2021-05-29 05:00:02.408 ServerApp] Serving notebooks from local directory: /p/home/jusers/hoeflich1/juwels/github/jupyter-hpc-performance
[I 2021-05-29 05:00:02.408 ServerApp] Jupyter Server 1.8.0 is running at:
[I 2021-05-29 05:00:02.408 ServerApp] http://localhost:8888/lab?token=c1317c386d954a9d253a83231d80db9ead1b0be9918aba94
[I 2021-05-29 05:00:02.408 ServerApp]     http://127.0.0.1:8888/lab?token=c1317c386d954a9d253a83231d80db9ead1b0be9918aba94
[I 2021-05-29 05:00:02.408 ServerApp] Use Control-C to stop this server and shut down all kernels (twice to skip confirmation).
[C 2021-05-29 05:00:02.412 ServerApp] 
    
    To access the server, open this file in a browser:
        file:///p/home/jusers/hoeflich1/juwels/.local/share/jupyter/runtime/jpserver-13857-open.html
    Or copy and paste one of these URLs:
        http://localhost:8888/lab?token=c1317c386d954a9d253a83231d80db9ead1b0be9918aba94
        http://127.0.0.1:8888/lab?token=c1317c386d954a9d253a83231d80db9ead1b0be9918aba94
[I 2021-05-29 05:01:02.468 ServerApp] No kernels or terminals for 60 seconds; shutting down.
[I 2021-05-29 05:01:02.469 ServerApp] Shutting down 0 kernels
[I 2021-05-29 05:01:02.469 ServerApp] Shutting down 0 terminals
2021-05-29_05:01:02_610474361
