jwlogin07.juwels
2021-05-28_23:00:00_714061980
[I 2021-05-28 23:00:03.809 ServerApp] jupyterlab | extension was successfully linked.
[I 2021-05-28 23:00:04.096 ServerApp] nbclassic | extension was successfully linked.
[I 2021-05-28 23:00:04.121 ServerApp] nbclassic | extension was successfully loaded.
[I 2021-05-28 23:00:04.122 LabApp] JupyterLab extension loaded from /miniconda3/lib/python3.9/site-packages/jupyterlab
[I 2021-05-28 23:00:04.122 LabApp] JupyterLab application directory is /miniconda3/share/jupyter/lab
[I 2021-05-28 23:00:04.124 ServerApp] jupyterlab | extension was successfully loaded.
[I 2021-05-28 23:00:04.125 ServerApp] Will shut down after 60 seconds with no kernels or terminals.
[I 2021-05-28 23:00:04.126 ServerApp] Serving notebooks from local directory: /p/home/jusers/hoeflich1/juwels/github/jupyter-hpc-performance
[I 2021-05-28 23:00:04.126 ServerApp] Jupyter Server 1.8.0 is running at:
[I 2021-05-28 23:00:04.126 ServerApp] http://localhost:8888/lab?token=f9217ee8ef7a844f460b0049af997d8f8fc5291f9dcd9906
[I 2021-05-28 23:00:04.126 ServerApp]     http://127.0.0.1:8888/lab?token=f9217ee8ef7a844f460b0049af997d8f8fc5291f9dcd9906
[I 2021-05-28 23:00:04.126 ServerApp] Use Control-C to stop this server and shut down all kernels (twice to skip confirmation).
[C 2021-05-28 23:00:04.129 ServerApp] 
    
    To access the server, open this file in a browser:
        file:///p/home/jusers/hoeflich1/juwels/.local/share/jupyter/runtime/jpserver-28077-open.html
    Or copy and paste one of these URLs:
        http://localhost:8888/lab?token=f9217ee8ef7a844f460b0049af997d8f8fc5291f9dcd9906
        http://127.0.0.1:8888/lab?token=f9217ee8ef7a844f460b0049af997d8f8fc5291f9dcd9906
[I 2021-05-28 23:01:04.183 ServerApp] No kernels or terminals for 60 seconds; shutting down.
[I 2021-05-28 23:01:04.183 ServerApp] Shutting down 0 kernels
[I 2021-05-28 23:01:04.184 ServerApp] Shutting down 0 terminals
2021-05-28_23:01:04_319296597
