jwlogin07.juwels
2021-05-28_22:00:00_324135984
[I 2021-05-28 22:00:02.761 ServerApp] jupyterlab | extension was successfully linked.
[I 2021-05-28 22:00:03.056 ServerApp] nbclassic | extension was successfully linked.
[I 2021-05-28 22:00:03.081 ServerApp] nbclassic | extension was successfully loaded.
[I 2021-05-28 22:00:03.082 LabApp] JupyterLab extension loaded from /miniconda3/lib/python3.9/site-packages/jupyterlab
[I 2021-05-28 22:00:03.082 LabApp] JupyterLab application directory is /miniconda3/share/jupyter/lab
[I 2021-05-28 22:00:03.085 ServerApp] jupyterlab | extension was successfully loaded.
[I 2021-05-28 22:00:03.085 ServerApp] Will shut down after 60 seconds with no kernels or terminals.
[I 2021-05-28 22:00:03.086 ServerApp] Serving notebooks from local directory: /p/home/jusers/hoeflich1/juwels/github/jupyter-hpc-performance
[I 2021-05-28 22:00:03.086 ServerApp] Jupyter Server 1.8.0 is running at:
[I 2021-05-28 22:00:03.086 ServerApp] http://localhost:8888/lab?token=5d2e3e33856bf1b2cc832be366e6518ba06415309356f2d3
[I 2021-05-28 22:00:03.086 ServerApp]     http://127.0.0.1:8888/lab?token=5d2e3e33856bf1b2cc832be366e6518ba06415309356f2d3
[I 2021-05-28 22:00:03.086 ServerApp] Use Control-C to stop this server and shut down all kernels (twice to skip confirmation).
[C 2021-05-28 22:00:03.125 ServerApp] 
    
    To access the server, open this file in a browser:
        file:///p/home/jusers/hoeflich1/juwels/.local/share/jupyter/runtime/jpserver-16637-open.html
    Or copy and paste one of these URLs:
        http://localhost:8888/lab?token=5d2e3e33856bf1b2cc832be366e6518ba06415309356f2d3
        http://127.0.0.1:8888/lab?token=5d2e3e33856bf1b2cc832be366e6518ba06415309356f2d3
[I 2021-05-28 22:01:03.146 ServerApp] No kernels or terminals for 60 seconds; shutting down.
[I 2021-05-28 22:01:03.150 ServerApp] Shutting down 0 kernels
[I 2021-05-28 22:01:03.150 ServerApp] Shutting down 0 terminals
2021-05-28_22:01:03_297041656
