jwlogin07.juwels
2021-05-29_10:00:00_864298247
[I 2021-05-29 10:00:02.453 ServerApp] jupyterlab | extension was successfully linked.
[I 2021-05-29 10:00:02.744 ServerApp] nbclassic | extension was successfully linked.
[I 2021-05-29 10:00:02.772 ServerApp] nbclassic | extension was successfully loaded.
[I 2021-05-29 10:00:02.773 LabApp] JupyterLab extension loaded from /miniconda3/lib/python3.9/site-packages/jupyterlab
[I 2021-05-29 10:00:02.773 LabApp] JupyterLab application directory is /miniconda3/share/jupyter/lab
[I 2021-05-29 10:00:02.776 ServerApp] jupyterlab | extension was successfully loaded.
[I 2021-05-29 10:00:02.776 ServerApp] Will shut down after 60 seconds with no kernels or terminals.
[I 2021-05-29 10:00:02.777 ServerApp] Serving notebooks from local directory: /p/home/jusers/hoeflich1/juwels/github/jupyter-hpc-performance
[I 2021-05-29 10:00:02.777 ServerApp] Jupyter Server 1.8.0 is running at:
[I 2021-05-29 10:00:02.777 ServerApp] http://localhost:8888/lab?token=63e644fa2e729a5ebea9b06350b568303fe2cc032050948a
[I 2021-05-29 10:00:02.777 ServerApp]     http://127.0.0.1:8888/lab?token=63e644fa2e729a5ebea9b06350b568303fe2cc032050948a
[I 2021-05-29 10:00:02.777 ServerApp] Use Control-C to stop this server and shut down all kernels (twice to skip confirmation).
[C 2021-05-29 10:00:02.800 ServerApp] 
    
    To access the server, open this file in a browser:
        file:///p/home/jusers/hoeflich1/juwels/.local/share/jupyter/runtime/jpserver-27293-open.html
    Or copy and paste one of these URLs:
        http://localhost:8888/lab?token=63e644fa2e729a5ebea9b06350b568303fe2cc032050948a
        http://127.0.0.1:8888/lab?token=63e644fa2e729a5ebea9b06350b568303fe2cc032050948a
[I 2021-05-29 10:01:02.839 ServerApp] No kernels or terminals for 60 seconds; shutting down.
[I 2021-05-29 10:01:02.860 ServerApp] Shutting down 0 kernels
[I 2021-05-29 10:01:02.861 ServerApp] Shutting down 0 terminals
2021-05-29_10:01:03_023612539
