jwlogin07.juwels
2021-05-28_15:00:00_392758228
[I 2021-05-28 15:00:02.344 ServerApp] jupyterlab | extension was successfully linked.
[I 2021-05-28 15:00:02.382 ServerApp] Writing notebook server cookie secret to /p/home/jusers/hoeflich1/juwels/.local/share/jupyter/runtime/jupyter_cookie_secret
[I 2021-05-28 15:00:02.681 ServerApp] nbclassic | extension was successfully linked.
[I 2021-05-28 15:00:02.707 ServerApp] nbclassic | extension was successfully loaded.
[I 2021-05-28 15:00:02.708 LabApp] JupyterLab extension loaded from /miniconda3/lib/python3.9/site-packages/jupyterlab
[I 2021-05-28 15:00:02.708 LabApp] JupyterLab application directory is /miniconda3/share/jupyter/lab
[I 2021-05-28 15:00:02.711 ServerApp] jupyterlab | extension was successfully loaded.
[I 2021-05-28 15:00:02.711 ServerApp] Will shut down after 60 seconds with no kernels or terminals.
[I 2021-05-28 15:00:02.712 ServerApp] Serving notebooks from local directory: /p/home/jusers/hoeflich1/juwels/github/jupyter-hpc-performance
[I 2021-05-28 15:00:02.712 ServerApp] Jupyter Server 1.8.0 is running at:
[I 2021-05-28 15:00:02.712 ServerApp] http://localhost:8888/lab?token=bc4d2dedcc5ccaa512df13720222d13aa5c85137be5834c1
[I 2021-05-28 15:00:02.712 ServerApp]     http://127.0.0.1:8888/lab?token=bc4d2dedcc5ccaa512df13720222d13aa5c85137be5834c1
[I 2021-05-28 15:00:02.712 ServerApp] Use Control-C to stop this server and shut down all kernels (twice to skip confirmation).
[C 2021-05-28 15:00:02.718 ServerApp] 
    
    To access the server, open this file in a browser:
        file:///p/home/jusers/hoeflich1/juwels/.local/share/jupyter/runtime/jpserver-4246-open.html
    Or copy and paste one of these URLs:
        http://localhost:8888/lab?token=bc4d2dedcc5ccaa512df13720222d13aa5c85137be5834c1
        http://127.0.0.1:8888/lab?token=bc4d2dedcc5ccaa512df13720222d13aa5c85137be5834c1
[I 2021-05-28 15:01:02.773 ServerApp] No kernels or terminals for 60 seconds; shutting down.
[I 2021-05-28 15:01:02.775 ServerApp] Shutting down 0 kernels
[I 2021-05-28 15:01:02.775 ServerApp] Shutting down 0 terminals
2021-05-28_15:01:02_912405114
