jwlogin07.juwels
2021-05-29_04:00:00_406351739
[I 2021-05-29 04:00:01.806 ServerApp] jupyterlab | extension was successfully linked.
[I 2021-05-29 04:00:02.103 ServerApp] nbclassic | extension was successfully linked.
[I 2021-05-29 04:00:02.130 ServerApp] nbclassic | extension was successfully loaded.
[I 2021-05-29 04:00:02.131 LabApp] JupyterLab extension loaded from /miniconda3/lib/python3.9/site-packages/jupyterlab
[I 2021-05-29 04:00:02.131 LabApp] JupyterLab application directory is /miniconda3/share/jupyter/lab
[I 2021-05-29 04:00:02.134 ServerApp] jupyterlab | extension was successfully loaded.
[I 2021-05-29 04:00:02.134 ServerApp] Will shut down after 60 seconds with no kernels or terminals.
[I 2021-05-29 04:00:02.135 ServerApp] Serving notebooks from local directory: /p/home/jusers/hoeflich1/juwels/github/jupyter-hpc-performance
[I 2021-05-29 04:00:02.135 ServerApp] Jupyter Server 1.8.0 is running at:
[I 2021-05-29 04:00:02.135 ServerApp] http://localhost:8888/lab?token=a2ef49429e0a3f9978cf7b4cce6b284b9595ce874f320ebb
[I 2021-05-29 04:00:02.135 ServerApp]     http://127.0.0.1:8888/lab?token=a2ef49429e0a3f9978cf7b4cce6b284b9595ce874f320ebb
[I 2021-05-29 04:00:02.135 ServerApp] Use Control-C to stop this server and shut down all kernels (twice to skip confirmation).
[C 2021-05-29 04:00:02.140 ServerApp] 
    
    To access the server, open this file in a browser:
        file:///p/home/jusers/hoeflich1/juwels/.local/share/jupyter/runtime/jpserver-10449-open.html
    Or copy and paste one of these URLs:
        http://localhost:8888/lab?token=a2ef49429e0a3f9978cf7b4cce6b284b9595ce874f320ebb
        http://127.0.0.1:8888/lab?token=a2ef49429e0a3f9978cf7b4cce6b284b9595ce874f320ebb
[I 2021-05-29 04:01:02.197 ServerApp] No kernels or terminals for 60 seconds; shutting down.
[I 2021-05-29 04:01:02.198 ServerApp] Shutting down 0 kernels
[I 2021-05-29 04:01:02.198 ServerApp] Shutting down 0 terminals
2021-05-29_04:01:02_359229780
