jwlogin07.juwels
2021-05-28_12:00:00_301974470
[I 2021-05-28 12:00:01.686 ServerApp] jupyterlab | extension was successfully linked.
[I 2021-05-28 12:00:02.072 ServerApp] Writing notebook server cookie secret to /p/home/jusers/hoeflich1/juwels/.local/share/jupyter/runtime/jupyter_cookie_secret
[I 2021-05-28 12:00:02.353 ServerApp] nbclassic | extension was successfully linked.
[I 2021-05-28 12:00:02.379 ServerApp] nbclassic | extension was successfully loaded.
[I 2021-05-28 12:00:02.380 LabApp] JupyterLab extension loaded from /miniconda3/lib/python3.9/site-packages/jupyterlab
[I 2021-05-28 12:00:02.380 LabApp] JupyterLab application directory is /miniconda3/share/jupyter/lab
[I 2021-05-28 12:00:02.382 ServerApp] jupyterlab | extension was successfully loaded.
[I 2021-05-28 12:00:02.383 ServerApp] Will shut down after 60 seconds with no kernels or terminals.
[I 2021-05-28 12:00:02.384 ServerApp] Serving notebooks from local directory: /p/home/jusers/hoeflich1/juwels/github/jupyter-hpc-performance
[I 2021-05-28 12:00:02.384 ServerApp] Jupyter Server 1.8.0 is running at:
[I 2021-05-28 12:00:02.384 ServerApp] http://localhost:8888/lab?token=3b71cd844eaab54b3cfd2168f23fc3a6df018610d3847519
[I 2021-05-28 12:00:02.384 ServerApp]     http://127.0.0.1:8888/lab?token=3b71cd844eaab54b3cfd2168f23fc3a6df018610d3847519
[I 2021-05-28 12:00:02.384 ServerApp] Use Control-C to stop this server and shut down all kernels (twice to skip confirmation).
[C 2021-05-28 12:00:02.389 ServerApp] 
    
    To access the server, open this file in a browser:
        file:///p/home/jusers/hoeflich1/juwels/.local/share/jupyter/runtime/jpserver-6380-open.html
    Or copy and paste one of these URLs:
        http://localhost:8888/lab?token=3b71cd844eaab54b3cfd2168f23fc3a6df018610d3847519
        http://127.0.0.1:8888/lab?token=3b71cd844eaab54b3cfd2168f23fc3a6df018610d3847519
[I 2021-05-28 12:01:02.403 ServerApp] No kernels or terminals for 60 seconds; shutting down.
[I 2021-05-28 12:01:02.404 ServerApp] Shutting down 0 kernels
[I 2021-05-28 12:01:02.404 ServerApp] Shutting down 0 terminals
2021-05-28_12:01:02_546399531
