jwlogin07.juwels
2021-05-28_20:00:01_013193563
[I 2021-05-28 20:00:02.841 ServerApp] jupyterlab | extension was successfully linked.
[I 2021-05-28 20:00:03.133 ServerApp] nbclassic | extension was successfully linked.
[I 2021-05-28 20:00:03.165 ServerApp] nbclassic | extension was successfully loaded.
[I 2021-05-28 20:00:03.166 LabApp] JupyterLab extension loaded from /miniconda3/lib/python3.9/site-packages/jupyterlab
[I 2021-05-28 20:00:03.166 LabApp] JupyterLab application directory is /miniconda3/share/jupyter/lab
[I 2021-05-28 20:00:03.169 ServerApp] jupyterlab | extension was successfully loaded.
[I 2021-05-28 20:00:03.169 ServerApp] Will shut down after 60 seconds with no kernels or terminals.
[I 2021-05-28 20:00:03.170 ServerApp] Serving notebooks from local directory: /p/home/jusers/hoeflich1/juwels/github/jupyter-hpc-performance
[I 2021-05-28 20:00:03.170 ServerApp] Jupyter Server 1.8.0 is running at:
[I 2021-05-28 20:00:03.170 ServerApp] http://localhost:8888/lab?token=eccf2749fe87c45b442aaf75b9f112564744ed39afd74bfc
[I 2021-05-28 20:00:03.170 ServerApp]     http://127.0.0.1:8888/lab?token=eccf2749fe87c45b442aaf75b9f112564744ed39afd74bfc
[I 2021-05-28 20:00:03.170 ServerApp] Use Control-C to stop this server and shut down all kernels (twice to skip confirmation).
[C 2021-05-28 20:00:03.203 ServerApp] 
    
    To access the server, open this file in a browser:
        file:///p/home/jusers/hoeflich1/juwels/.local/share/jupyter/runtime/jpserver-25632-open.html
    Or copy and paste one of these URLs:
        http://localhost:8888/lab?token=eccf2749fe87c45b442aaf75b9f112564744ed39afd74bfc
        http://127.0.0.1:8888/lab?token=eccf2749fe87c45b442aaf75b9f112564744ed39afd74bfc
[I 2021-05-28 20:01:03.207 ServerApp] No kernels or terminals for 60 seconds; shutting down.
[I 2021-05-28 20:01:03.208 ServerApp] Shutting down 0 kernels
[I 2021-05-28 20:01:03.208 ServerApp] Shutting down 0 terminals
2021-05-28_20:01:03_369940684
