jwlogin07.juwels
2021-05-29_06:00:00_226264846
[I 2021-05-29 06:00:01.791 ServerApp] jupyterlab | extension was successfully linked.
[I 2021-05-29 06:00:02.102 ServerApp] nbclassic | extension was successfully linked.
[I 2021-05-29 06:00:02.129 ServerApp] nbclassic | extension was successfully loaded.
[I 2021-05-29 06:00:02.130 LabApp] JupyterLab extension loaded from /miniconda3/lib/python3.9/site-packages/jupyterlab
[I 2021-05-29 06:00:02.130 LabApp] JupyterLab application directory is /miniconda3/share/jupyter/lab
[I 2021-05-29 06:00:02.132 ServerApp] jupyterlab | extension was successfully loaded.
[I 2021-05-29 06:00:02.133 ServerApp] Will shut down after 60 seconds with no kernels or terminals.
[I 2021-05-29 06:00:02.134 ServerApp] Serving notebooks from local directory: /p/home/jusers/hoeflich1/juwels/github/jupyter-hpc-performance
[I 2021-05-29 06:00:02.134 ServerApp] Jupyter Server 1.8.0 is running at:
[I 2021-05-29 06:00:02.134 ServerApp] http://localhost:8888/lab?token=47b312f6e2e9a76d713d976d80b75daf68513f875bb68fa2
[I 2021-05-29 06:00:02.134 ServerApp]     http://127.0.0.1:8888/lab?token=47b312f6e2e9a76d713d976d80b75daf68513f875bb68fa2
[I 2021-05-29 06:00:02.134 ServerApp] Use Control-C to stop this server and shut down all kernels (twice to skip confirmation).
[C 2021-05-29 06:00:02.139 ServerApp] 
    
    To access the server, open this file in a browser:
        file:///p/home/jusers/hoeflich1/juwels/.local/share/jupyter/runtime/jpserver-22640-open.html
    Or copy and paste one of these URLs:
        http://localhost:8888/lab?token=47b312f6e2e9a76d713d976d80b75daf68513f875bb68fa2
        http://127.0.0.1:8888/lab?token=47b312f6e2e9a76d713d976d80b75daf68513f875bb68fa2
[I 2021-05-29 06:01:02.195 ServerApp] No kernels or terminals for 60 seconds; shutting down.
[I 2021-05-29 06:01:02.196 ServerApp] Shutting down 0 kernels
[I 2021-05-29 06:01:02.196 ServerApp] Shutting down 0 terminals
2021-05-29_06:01:02_364109921
