scalc05
2021-05-28_18:02:04_733572924
[I 2021-05-28 18:02:06.558 ServerApp] jupyterlab | extension was successfully linked.
[I 2021-05-28 18:02:07.244 ServerApp] nbclassic | extension was successfully linked.
[I 2021-05-28 18:02:07.321 ServerApp] nbclassic | extension was successfully loaded.
[I 2021-05-28 18:02:07.323 LabApp] JupyterLab extension loaded from /home/khoeflich/misc/jupyter-hpc-performance/miniconda3/lib/python3.9/site-packages/jupyterlab
[I 2021-05-28 18:02:07.323 LabApp] JupyterLab application directory is /home/khoeflich/misc/jupyter-hpc-performance/miniconda3/share/jupyter/lab
[I 2021-05-28 18:02:07.329 ServerApp] jupyterlab | extension was successfully loaded.
[I 2021-05-28 18:02:07.332 ServerApp] Will shut down after 60 seconds with no kernels or terminals.
[I 2021-05-28 18:02:07.333 ServerApp] Serving notebooks from local directory: /home/khoeflich/misc/jupyter-hpc-performance
[I 2021-05-28 18:02:07.333 ServerApp] Jupyter Server 1.8.0 is running at:
[I 2021-05-28 18:02:07.333 ServerApp] http://localhost:8888/lab?token=822b830193b0b36d6b7ad3748674527bbaf0d3b2d318b45d
[I 2021-05-28 18:02:07.333 ServerApp]     http://127.0.0.1:8888/lab?token=822b830193b0b36d6b7ad3748674527bbaf0d3b2d318b45d
[I 2021-05-28 18:02:07.333 ServerApp] Use Control-C to stop this server and shut down all kernels (twice to skip confirmation).
[C 2021-05-28 18:02:07.342 ServerApp] 
    
    To access the server, open this file in a browser:
        file:///home/khoeflich/.local/share/jupyter/runtime/jpserver-105714-open.html
    Or copy and paste one of these URLs:
        http://localhost:8888/lab?token=822b830193b0b36d6b7ad3748674527bbaf0d3b2d318b45d
        http://127.0.0.1:8888/lab?token=822b830193b0b36d6b7ad3748674527bbaf0d3b2d318b45d
[I 2021-05-28 18:03:07.394 ServerApp] No kernels or terminals for 60 seconds; shutting down.
[I 2021-05-28 18:03:07.413 ServerApp] Shutting down 0 kernels
[I 2021-05-28 18:03:07.414 ServerApp] Shutting down 0 terminals
2021-05-28_18:03:07_536624459
