scalc05
2021-05-29_13:02:14_345359791
[I 2021-05-29 13:02:16.096 ServerApp] jupyterlab | extension was successfully linked.
[I 2021-05-29 13:02:16.704 ServerApp] nbclassic | extension was successfully linked.
[I 2021-05-29 13:02:16.783 ServerApp] nbclassic | extension was successfully loaded.
[I 2021-05-29 13:02:16.784 LabApp] JupyterLab extension loaded from /home/khoeflich/misc/jupyter-hpc-performance/miniconda3/lib/python3.9/site-packages/jupyterlab
[I 2021-05-29 13:02:16.784 LabApp] JupyterLab application directory is /home/khoeflich/misc/jupyter-hpc-performance/miniconda3/share/jupyter/lab
[I 2021-05-29 13:02:16.787 ServerApp] jupyterlab | extension was successfully loaded.
[I 2021-05-29 13:02:16.791 ServerApp] Will shut down after 60 seconds with no kernels or terminals.
[I 2021-05-29 13:02:16.792 ServerApp] Serving notebooks from local directory: /home/khoeflich/misc/jupyter-hpc-performance
[I 2021-05-29 13:02:16.792 ServerApp] Jupyter Server 1.8.0 is running at:
[I 2021-05-29 13:02:16.792 ServerApp] http://localhost:8888/lab?token=8569a61d9ca12dba5e10c698b46594a7d776d390ce04c2e7
[I 2021-05-29 13:02:16.792 ServerApp]     http://127.0.0.1:8888/lab?token=8569a61d9ca12dba5e10c698b46594a7d776d390ce04c2e7
[I 2021-05-29 13:02:16.792 ServerApp] Use Control-C to stop this server and shut down all kernels (twice to skip confirmation).
[C 2021-05-29 13:02:16.803 ServerApp] 
    
    To access the server, open this file in a browser:
        file:///home/khoeflich/.local/share/jupyter/runtime/jpserver-287357-open.html
    Or copy and paste one of these URLs:
        http://localhost:8888/lab?token=8569a61d9ca12dba5e10c698b46594a7d776d390ce04c2e7
        http://127.0.0.1:8888/lab?token=8569a61d9ca12dba5e10c698b46594a7d776d390ce04c2e7
[I 2021-05-29 13:03:16.854 ServerApp] No kernels or terminals for 60 seconds; shutting down.
[I 2021-05-29 13:03:16.862 ServerApp] Shutting down 0 kernels
[I 2021-05-29 13:03:16.862 ServerApp] Shutting down 0 terminals
2021-05-29_13:03:16_996896373
