scalc05
2021-05-28_17:02:04_719680905
[I 2021-05-28 17:02:06.399 ServerApp] jupyterlab | extension was successfully linked.
[I 2021-05-28 17:02:06.999 ServerApp] nbclassic | extension was successfully linked.
[I 2021-05-28 17:02:07.066 ServerApp] nbclassic | extension was successfully loaded.
[I 2021-05-28 17:02:07.068 LabApp] JupyterLab extension loaded from /home/khoeflich/misc/jupyter-hpc-performance/miniconda3/lib/python3.9/site-packages/jupyterlab
[I 2021-05-28 17:02:07.068 LabApp] JupyterLab application directory is /home/khoeflich/misc/jupyter-hpc-performance/miniconda3/share/jupyter/lab
[I 2021-05-28 17:02:07.071 ServerApp] jupyterlab | extension was successfully loaded.
[I 2021-05-28 17:02:07.075 ServerApp] Will shut down after 60 seconds with no kernels or terminals.
[I 2021-05-28 17:02:07.076 ServerApp] Serving notebooks from local directory: /home/khoeflich/misc/jupyter-hpc-performance
[I 2021-05-28 17:02:07.076 ServerApp] Jupyter Server 1.8.0 is running at:
[I 2021-05-28 17:02:07.076 ServerApp] http://localhost:8888/lab?token=9f593d1a591148668e6f4283e61d67c4aa04d19472a4cbc2
[I 2021-05-28 17:02:07.076 ServerApp]     http://127.0.0.1:8888/lab?token=9f593d1a591148668e6f4283e61d67c4aa04d19472a4cbc2
[I 2021-05-28 17:02:07.076 ServerApp] Use Control-C to stop this server and shut down all kernels (twice to skip confirmation).
[C 2021-05-28 17:02:07.084 ServerApp] 
    
    To access the server, open this file in a browser:
        file:///home/khoeflich/.local/share/jupyter/runtime/jpserver-96134-open.html
    Or copy and paste one of these URLs:
        http://localhost:8888/lab?token=9f593d1a591148668e6f4283e61d67c4aa04d19472a4cbc2
        http://127.0.0.1:8888/lab?token=9f593d1a591148668e6f4283e61d67c4aa04d19472a4cbc2
[I 2021-05-28 17:03:07.080 ServerApp] No kernels or terminals for 60 seconds; shutting down.
[I 2021-05-28 17:03:07.087 ServerApp] Shutting down 0 kernels
[I 2021-05-28 17:03:07.088 ServerApp] Shutting down 0 terminals
2021-05-28_17:03:07_222883153
