scalc05
2021-05-29_09:02:04_642295521
[I 2021-05-29 09:02:06.367 ServerApp] jupyterlab | extension was successfully linked.
[I 2021-05-29 09:02:06.965 ServerApp] nbclassic | extension was successfully linked.
[I 2021-05-29 09:02:07.057 ServerApp] nbclassic | extension was successfully loaded.
[I 2021-05-29 09:02:07.058 LabApp] JupyterLab extension loaded from /home/khoeflich/misc/jupyter-hpc-performance/miniconda3/lib/python3.9/site-packages/jupyterlab
[I 2021-05-29 09:02:07.058 LabApp] JupyterLab application directory is /home/khoeflich/misc/jupyter-hpc-performance/miniconda3/share/jupyter/lab
[I 2021-05-29 09:02:07.061 ServerApp] jupyterlab | extension was successfully loaded.
[I 2021-05-29 09:02:07.065 ServerApp] Will shut down after 60 seconds with no kernels or terminals.
[I 2021-05-29 09:02:07.066 ServerApp] Serving notebooks from local directory: /home/khoeflich/misc/jupyter-hpc-performance
[I 2021-05-29 09:02:07.066 ServerApp] Jupyter Server 1.8.0 is running at:
[I 2021-05-29 09:02:07.066 ServerApp] http://localhost:8888/lab?token=6dd8c307cf7b18c1ffe2f39c326742ddd194314c2ae138fe
[I 2021-05-29 09:02:07.066 ServerApp]     http://127.0.0.1:8888/lab?token=6dd8c307cf7b18c1ffe2f39c326742ddd194314c2ae138fe
[I 2021-05-29 09:02:07.066 ServerApp] Use Control-C to stop this server and shut down all kernels (twice to skip confirmation).
[C 2021-05-29 09:02:07.073 ServerApp] 
    
    To access the server, open this file in a browser:
        file:///home/khoeflich/.local/share/jupyter/runtime/jpserver-249115-open.html
    Or copy and paste one of these URLs:
        http://localhost:8888/lab?token=6dd8c307cf7b18c1ffe2f39c326742ddd194314c2ae138fe
        http://127.0.0.1:8888/lab?token=6dd8c307cf7b18c1ffe2f39c326742ddd194314c2ae138fe
[I 2021-05-29 09:03:07.127 ServerApp] No kernels or terminals for 60 seconds; shutting down.
[I 2021-05-29 09:03:07.155 ServerApp] Shutting down 0 kernels
[I 2021-05-29 09:03:07.156 ServerApp] Shutting down 0 terminals
2021-05-29_09:03:07_284118967
