scalc05
2021-05-29_03:03:07_130081372
[I 2021-05-29 03:03:30.783 ServerApp] jupyterlab | extension was successfully linked.
[I 2021-05-29 03:03:38.102 ServerApp] nbclassic | extension was successfully linked.
[I 2021-05-29 03:03:38.360 ServerApp] nbclassic | extension was successfully loaded.
[I 2021-05-29 03:03:38.364 LabApp] JupyterLab extension loaded from /data/user/khoeflich/miniconda3/lib/python3.9/site-packages/jupyterlab
[I 2021-05-29 03:03:38.364 LabApp] JupyterLab application directory is /data/user/khoeflich/miniconda3/share/jupyter/lab
[I 2021-05-29 03:03:38.371 ServerApp] jupyterlab | extension was successfully loaded.
[I 2021-05-29 03:03:38.375 ServerApp] Will shut down after 60 seconds with no kernels or terminals.
[I 2021-05-29 03:03:38.376 ServerApp] Serving notebooks from local directory: /home/khoeflich/misc/jupyter-hpc-performance
[I 2021-05-29 03:03:38.376 ServerApp] Jupyter Server 1.8.0 is running at:
[I 2021-05-29 03:03:38.376 ServerApp] http://localhost:8888/lab?token=1b1f7bbde57d3e0e3da0361c664a396a3ce912a60dd632ab
[I 2021-05-29 03:03:38.376 ServerApp]     http://127.0.0.1:8888/lab?token=1b1f7bbde57d3e0e3da0361c664a396a3ce912a60dd632ab
[I 2021-05-29 03:03:38.376 ServerApp] Use Control-C to stop this server and shut down all kernels (twice to skip confirmation).
[C 2021-05-29 03:03:38.382 ServerApp] 
    
    To access the server, open this file in a browser:
        file:///home/khoeflich/.local/share/jupyter/runtime/jpserver-191939-open.html
    Or copy and paste one of these URLs:
        http://localhost:8888/lab?token=1b1f7bbde57d3e0e3da0361c664a396a3ce912a60dd632ab
        http://127.0.0.1:8888/lab?token=1b1f7bbde57d3e0e3da0361c664a396a3ce912a60dd632ab
[I 2021-05-29 03:04:38.437 ServerApp] No kernels or terminals for 60 seconds; shutting down.
[I 2021-05-29 03:04:38.443 ServerApp] Shutting down 0 kernels
[I 2021-05-29 03:04:38.444 ServerApp] Shutting down 0 terminals
2021-05-29_03:04:38_571984175
