scalc05
2021-05-29_14:03:11_242492069
[I 2021-05-29 14:03:16.313 ServerApp] jupyterlab | extension was successfully linked.
[I 2021-05-29 14:03:17.566 ServerApp] nbclassic | extension was successfully linked.
[I 2021-05-29 14:03:17.616 ServerApp] nbclassic | extension was successfully loaded.
[I 2021-05-29 14:03:17.617 LabApp] JupyterLab extension loaded from /data/user/khoeflich/miniconda3/lib/python3.9/site-packages/jupyterlab
[I 2021-05-29 14:03:17.617 LabApp] JupyterLab application directory is /data/user/khoeflich/miniconda3/share/jupyter/lab
[I 2021-05-29 14:03:17.620 ServerApp] jupyterlab | extension was successfully loaded.
[I 2021-05-29 14:03:17.623 ServerApp] Will shut down after 60 seconds with no kernels or terminals.
[I 2021-05-29 14:03:17.624 ServerApp] Serving notebooks from local directory: /home/khoeflich/misc/jupyter-hpc-performance
[I 2021-05-29 14:03:17.624 ServerApp] Jupyter Server 1.8.0 is running at:
[I 2021-05-29 14:03:17.624 ServerApp] http://localhost:8888/lab?token=c1d2bc003742be93d11951fe9657fb3f3fbdeacfdb2e5285
[I 2021-05-29 14:03:17.624 ServerApp]     http://127.0.0.1:8888/lab?token=c1d2bc003742be93d11951fe9657fb3f3fbdeacfdb2e5285
[I 2021-05-29 14:03:17.624 ServerApp] Use Control-C to stop this server and shut down all kernels (twice to skip confirmation).
[C 2021-05-29 14:03:17.629 ServerApp] 
    
    To access the server, open this file in a browser:
        file:///home/khoeflich/.local/share/jupyter/runtime/jpserver-297107-open.html
    Or copy and paste one of these URLs:
        http://localhost:8888/lab?token=c1d2bc003742be93d11951fe9657fb3f3fbdeacfdb2e5285
        http://127.0.0.1:8888/lab?token=c1d2bc003742be93d11951fe9657fb3f3fbdeacfdb2e5285
[I 2021-05-29 14:04:17.686 ServerApp] No kernels or terminals for 60 seconds; shutting down.
[I 2021-05-29 14:04:17.692 ServerApp] Shutting down 0 kernels
[I 2021-05-29 14:04:17.693 ServerApp] Shutting down 0 terminals
2021-05-29_14:04:17_805428607
