scalc05
2021-05-28_19:03:13_231739906
[I 2021-05-28 19:03:55.783 ServerApp] jupyterlab | extension was successfully linked.
[I 2021-05-28 19:04:04.235 ServerApp] nbclassic | extension was successfully linked.
[I 2021-05-28 19:04:05.458 ServerApp] nbclassic | extension was successfully loaded.
[I 2021-05-28 19:04:05.461 LabApp] JupyterLab extension loaded from /data/user/khoeflich/miniconda3/lib/python3.9/site-packages/jupyterlab
[I 2021-05-28 19:04:05.462 LabApp] JupyterLab application directory is /data/user/khoeflich/miniconda3/share/jupyter/lab
[I 2021-05-28 19:04:05.471 ServerApp] jupyterlab | extension was successfully loaded.
[I 2021-05-28 19:04:05.476 ServerApp] Will shut down after 60 seconds with no kernels or terminals.
[I 2021-05-28 19:04:05.477 ServerApp] Serving notebooks from local directory: /home/khoeflich/misc/jupyter-hpc-performance
[I 2021-05-28 19:04:05.478 ServerApp] Jupyter Server 1.8.0 is running at:
[I 2021-05-28 19:04:05.478 ServerApp] http://localhost:8888/lab?token=e1e36145c5ba8d76b439df3ab3c6611aee1d91c128b47737
[I 2021-05-28 19:04:05.478 ServerApp]     http://127.0.0.1:8888/lab?token=e1e36145c5ba8d76b439df3ab3c6611aee1d91c128b47737
[I 2021-05-28 19:04:05.478 ServerApp] Use Control-C to stop this server and shut down all kernels (twice to skip confirmation).
[C 2021-05-28 19:04:05.535 ServerApp] 
    
    To access the server, open this file in a browser:
        file:///home/khoeflich/.local/share/jupyter/runtime/jpserver-115475-open.html
    Or copy and paste one of these URLs:
        http://localhost:8888/lab?token=e1e36145c5ba8d76b439df3ab3c6611aee1d91c128b47737
        http://127.0.0.1:8888/lab?token=e1e36145c5ba8d76b439df3ab3c6611aee1d91c128b47737
[I 2021-05-28 19:05:05.538 ServerApp] No kernels or terminals for 61 seconds; shutting down.
[I 2021-05-28 19:05:05.545 ServerApp] Shutting down 0 kernels
[I 2021-05-28 19:05:05.545 ServerApp] Shutting down 0 terminals
2021-05-28_19:05:05_666121335
