scalc05
2021-05-29_06:02:04_680306462
[I 2021-05-29 06:02:06.573 ServerApp] jupyterlab | extension was successfully linked.
[I 2021-05-29 06:02:07.105 ServerApp] nbclassic | extension was successfully linked.
[I 2021-05-29 06:02:07.167 ServerApp] nbclassic | extension was successfully loaded.
[I 2021-05-29 06:02:07.169 LabApp] JupyterLab extension loaded from /home/khoeflich/misc/jupyter-hpc-performance/miniconda3/lib/python3.9/site-packages/jupyterlab
[I 2021-05-29 06:02:07.169 LabApp] JupyterLab application directory is /home/khoeflich/misc/jupyter-hpc-performance/miniconda3/share/jupyter/lab
[I 2021-05-29 06:02:07.174 ServerApp] jupyterlab | extension was successfully loaded.
[I 2021-05-29 06:02:07.178 ServerApp] Will shut down after 60 seconds with no kernels or terminals.
[I 2021-05-29 06:02:07.179 ServerApp] Serving notebooks from local directory: /home/khoeflich/misc/jupyter-hpc-performance
[I 2021-05-29 06:02:07.179 ServerApp] Jupyter Server 1.8.0 is running at:
[I 2021-05-29 06:02:07.179 ServerApp] http://localhost:8888/lab?token=16ec40e9ee43e9560c2e062a6985014960855cefafef1346
[I 2021-05-29 06:02:07.179 ServerApp]     http://127.0.0.1:8888/lab?token=16ec40e9ee43e9560c2e062a6985014960855cefafef1346
[I 2021-05-29 06:02:07.179 ServerApp] Use Control-C to stop this server and shut down all kernels (twice to skip confirmation).
[C 2021-05-29 06:02:07.185 ServerApp] 
    
    To access the server, open this file in a browser:
        file:///home/khoeflich/.local/share/jupyter/runtime/jpserver-220444-open.html
    Or copy and paste one of these URLs:
        http://localhost:8888/lab?token=16ec40e9ee43e9560c2e062a6985014960855cefafef1346
        http://127.0.0.1:8888/lab?token=16ec40e9ee43e9560c2e062a6985014960855cefafef1346
[I 2021-05-29 06:03:07.240 ServerApp] No kernels or terminals for 60 seconds; shutting down.
[I 2021-05-29 06:03:07.249 ServerApp] Shutting down 0 kernels
[I 2021-05-29 06:03:07.250 ServerApp] Shutting down 0 terminals
2021-05-29_06:03:07_375557451
