scalc05
2021-05-29_05:02:08_664509330
[I 2021-05-29 05:02:10.382 ServerApp] jupyterlab | extension was successfully linked.
[I 2021-05-29 05:02:10.962 ServerApp] nbclassic | extension was successfully linked.
[I 2021-05-29 05:02:11.035 ServerApp] nbclassic | extension was successfully loaded.
[I 2021-05-29 05:02:11.037 LabApp] JupyterLab extension loaded from /home/khoeflich/misc/jupyter-hpc-performance/miniconda3/lib/python3.9/site-packages/jupyterlab
[I 2021-05-29 05:02:11.037 LabApp] JupyterLab application directory is /home/khoeflich/misc/jupyter-hpc-performance/miniconda3/share/jupyter/lab
[I 2021-05-29 05:02:11.042 ServerApp] jupyterlab | extension was successfully loaded.
[I 2021-05-29 05:02:11.047 ServerApp] Will shut down after 60 seconds with no kernels or terminals.
[I 2021-05-29 05:02:11.048 ServerApp] Serving notebooks from local directory: /home/khoeflich/misc/jupyter-hpc-performance
[I 2021-05-29 05:02:11.048 ServerApp] Jupyter Server 1.8.0 is running at:
[I 2021-05-29 05:02:11.048 ServerApp] http://localhost:8888/lab?token=2620f0a3f564491fa354b70570b4c90ac19dcfd6c69c4661
[I 2021-05-29 05:02:11.048 ServerApp]     http://127.0.0.1:8888/lab?token=2620f0a3f564491fa354b70570b4c90ac19dcfd6c69c4661
[I 2021-05-29 05:02:11.048 ServerApp] Use Control-C to stop this server and shut down all kernels (twice to skip confirmation).
[C 2021-05-29 05:02:11.055 ServerApp] 
    
    To access the server, open this file in a browser:
        file:///home/khoeflich/.local/share/jupyter/runtime/jpserver-210896-open.html
    Or copy and paste one of these URLs:
        http://localhost:8888/lab?token=2620f0a3f564491fa354b70570b4c90ac19dcfd6c69c4661
        http://127.0.0.1:8888/lab?token=2620f0a3f564491fa354b70570b4c90ac19dcfd6c69c4661
[I 2021-05-29 05:03:11.109 ServerApp] No kernels or terminals for 60 seconds; shutting down.
[I 2021-05-29 05:03:11.115 ServerApp] Shutting down 0 kernels
[I 2021-05-29 05:03:11.116 ServerApp] Shutting down 0 terminals
2021-05-29_05:03:11_255512371
