scalc05
2021-05-28_23:03:11_658514442
[I 2021-05-28 23:03:49.997 ServerApp] jupyterlab | extension was successfully linked.
[I 2021-05-28 23:04:05.166 ServerApp] nbclassic | extension was successfully linked.
[I 2021-05-28 23:04:06.985 ServerApp] nbclassic | extension was successfully loaded.
[I 2021-05-28 23:04:06.988 LabApp] JupyterLab extension loaded from /data/user/khoeflich/miniconda3/lib/python3.9/site-packages/jupyterlab
[I 2021-05-28 23:04:06.988 LabApp] JupyterLab application directory is /data/user/khoeflich/miniconda3/share/jupyter/lab
[I 2021-05-28 23:04:06.994 ServerApp] jupyterlab | extension was successfully loaded.
[I 2021-05-28 23:04:06.998 ServerApp] Will shut down after 60 seconds with no kernels or terminals.
[I 2021-05-28 23:04:07.000 ServerApp] Serving notebooks from local directory: /home/khoeflich/misc/jupyter-hpc-performance
[I 2021-05-28 23:04:07.000 ServerApp] Jupyter Server 1.8.0 is running at:
[I 2021-05-28 23:04:07.000 ServerApp] http://localhost:8888/lab?token=138e93207a1110c21ee4f956b7b7ca49339005923a650aa7
[I 2021-05-28 23:04:07.000 ServerApp]     http://127.0.0.1:8888/lab?token=138e93207a1110c21ee4f956b7b7ca49339005923a650aa7
[I 2021-05-28 23:04:07.000 ServerApp] Use Control-C to stop this server and shut down all kernels (twice to skip confirmation).
[C 2021-05-28 23:04:07.042 ServerApp] 
    
    To access the server, open this file in a browser:
        file:///home/khoeflich/.local/share/jupyter/runtime/jpserver-153709-open.html
    Or copy and paste one of these URLs:
        http://localhost:8888/lab?token=138e93207a1110c21ee4f956b7b7ca49339005923a650aa7
        http://127.0.0.1:8888/lab?token=138e93207a1110c21ee4f956b7b7ca49339005923a650aa7
[I 2021-05-28 23:05:07.006 ServerApp] No kernels or terminals for 61 seconds; shutting down.
[I 2021-05-28 23:05:07.015 ServerApp] Shutting down 0 kernels
[I 2021-05-28 23:05:07.016 ServerApp] Shutting down 0 terminals
2021-05-28_23:05:07_129423871
