scalc05
2021-05-29_01:03:12_281261497
[I 2021-05-29 01:03:57.208 ServerApp] jupyterlab | extension was successfully linked.
[I 2021-05-29 01:04:12.427 ServerApp] nbclassic | extension was successfully linked.
[I 2021-05-29 01:04:13.576 ServerApp] nbclassic | extension was successfully loaded.
[I 2021-05-29 01:04:13.579 LabApp] JupyterLab extension loaded from /data/user/khoeflich/miniconda3/lib/python3.9/site-packages/jupyterlab
[I 2021-05-29 01:04:13.579 LabApp] JupyterLab application directory is /data/user/khoeflich/miniconda3/share/jupyter/lab
[I 2021-05-29 01:04:13.588 ServerApp] jupyterlab | extension was successfully loaded.
[I 2021-05-29 01:04:13.592 ServerApp] Will shut down after 60 seconds with no kernels or terminals.
[I 2021-05-29 01:04:13.594 ServerApp] Serving notebooks from local directory: /home/khoeflich/misc/jupyter-hpc-performance
[I 2021-05-29 01:04:13.594 ServerApp] Jupyter Server 1.8.0 is running at:
[I 2021-05-29 01:04:13.594 ServerApp] http://localhost:8888/lab?token=84f0e201530d2e2acad3252ff34faae998cd4dace7ec5ad9
[I 2021-05-29 01:04:13.594 ServerApp]     http://127.0.0.1:8888/lab?token=84f0e201530d2e2acad3252ff34faae998cd4dace7ec5ad9
[I 2021-05-29 01:04:13.594 ServerApp] Use Control-C to stop this server and shut down all kernels (twice to skip confirmation).
[C 2021-05-29 01:04:13.630 ServerApp] 
    
    To access the server, open this file in a browser:
        file:///home/khoeflich/.local/share/jupyter/runtime/jpserver-172850-open.html
    Or copy and paste one of these URLs:
        http://localhost:8888/lab?token=84f0e201530d2e2acad3252ff34faae998cd4dace7ec5ad9
        http://127.0.0.1:8888/lab?token=84f0e201530d2e2acad3252ff34faae998cd4dace7ec5ad9
[I 2021-05-29 01:05:13.654 ServerApp] No kernels or terminals for 61 seconds; shutting down.
[I 2021-05-29 01:05:13.660 ServerApp] Shutting down 0 kernels
[I 2021-05-29 01:05:13.661 ServerApp] Shutting down 0 terminals
2021-05-29_01:05:13_785030811
