scalc05
2021-05-28_22:02:10_508977477
[I 2021-05-28 22:02:12.219 ServerApp] jupyterlab | extension was successfully linked.
[I 2021-05-28 22:02:12.823 ServerApp] nbclassic | extension was successfully linked.
[I 2021-05-28 22:02:12.891 ServerApp] nbclassic | extension was successfully loaded.
[I 2021-05-28 22:02:12.892 LabApp] JupyterLab extension loaded from /home/khoeflich/misc/jupyter-hpc-performance/miniconda3/lib/python3.9/site-packages/jupyterlab
[I 2021-05-28 22:02:12.892 LabApp] JupyterLab application directory is /home/khoeflich/misc/jupyter-hpc-performance/miniconda3/share/jupyter/lab
[I 2021-05-28 22:02:12.895 ServerApp] jupyterlab | extension was successfully loaded.
[I 2021-05-28 22:02:12.899 ServerApp] Will shut down after 60 seconds with no kernels or terminals.
[I 2021-05-28 22:02:12.900 ServerApp] Serving notebooks from local directory: /home/khoeflich/misc/jupyter-hpc-performance
[I 2021-05-28 22:02:12.900 ServerApp] Jupyter Server 1.8.0 is running at:
[I 2021-05-28 22:02:12.900 ServerApp] http://localhost:8888/lab?token=ce67f66ed0b792c1df142751d3a93332959a22f2f8565d34
[I 2021-05-28 22:02:12.900 ServerApp]     http://127.0.0.1:8888/lab?token=ce67f66ed0b792c1df142751d3a93332959a22f2f8565d34
[I 2021-05-28 22:02:12.900 ServerApp] Use Control-C to stop this server and shut down all kernels (twice to skip confirmation).
[C 2021-05-28 22:02:12.908 ServerApp] 
    
    To access the server, open this file in a browser:
        file:///home/khoeflich/.local/share/jupyter/runtime/jpserver-143999-open.html
    Or copy and paste one of these URLs:
        http://localhost:8888/lab?token=ce67f66ed0b792c1df142751d3a93332959a22f2f8565d34
        http://127.0.0.1:8888/lab?token=ce67f66ed0b792c1df142751d3a93332959a22f2f8565d34
[I 2021-05-28 22:03:12.963 ServerApp] No kernels or terminals for 60 seconds; shutting down.
[I 2021-05-28 22:03:12.970 ServerApp] Shutting down 0 kernels
[I 2021-05-28 22:03:12.971 ServerApp] Shutting down 0 terminals
2021-05-28_22:03:13_112309196
