scalc05
2021-05-29_05:03:11_271715418
[I 2021-05-29 05:03:49.529 ServerApp] jupyterlab | extension was successfully linked.
[I 2021-05-29 05:04:01.752 ServerApp] nbclassic | extension was successfully linked.
[I 2021-05-29 05:04:02.833 ServerApp] nbclassic | extension was successfully loaded.
[I 2021-05-29 05:04:02.836 LabApp] JupyterLab extension loaded from /data/user/khoeflich/miniconda3/lib/python3.9/site-packages/jupyterlab
[I 2021-05-29 05:04:02.837 LabApp] JupyterLab application directory is /data/user/khoeflich/miniconda3/share/jupyter/lab
[I 2021-05-29 05:04:02.845 ServerApp] jupyterlab | extension was successfully loaded.
[I 2021-05-29 05:04:02.849 ServerApp] Will shut down after 60 seconds with no kernels or terminals.
[I 2021-05-29 05:04:02.850 ServerApp] Serving notebooks from local directory: /home/khoeflich/misc/jupyter-hpc-performance
[I 2021-05-29 05:04:02.850 ServerApp] Jupyter Server 1.8.0 is running at:
[I 2021-05-29 05:04:02.850 ServerApp] http://localhost:8888/lab?token=6d80b6abe7bed2057bc7a60964c4a59ab62fd7c8b86f095d
[I 2021-05-29 05:04:02.850 ServerApp]     http://127.0.0.1:8888/lab?token=6d80b6abe7bed2057bc7a60964c4a59ab62fd7c8b86f095d
[I 2021-05-29 05:04:02.850 ServerApp] Use Control-C to stop this server and shut down all kernels (twice to skip confirmation).
[C 2021-05-29 05:04:02.860 ServerApp] 
    
    To access the server, open this file in a browser:
        file:///home/khoeflich/.local/share/jupyter/runtime/jpserver-211075-open.html
    Or copy and paste one of these URLs:
        http://localhost:8888/lab?token=6d80b6abe7bed2057bc7a60964c4a59ab62fd7c8b86f095d
        http://127.0.0.1:8888/lab?token=6d80b6abe7bed2057bc7a60964c4a59ab62fd7c8b86f095d
[I 2021-05-29 05:05:02.911 ServerApp] No kernels or terminals for 61 seconds; shutting down.
[I 2021-05-29 05:05:02.918 ServerApp] Shutting down 0 kernels
[I 2021-05-29 05:05:02.919 ServerApp] Shutting down 0 terminals
2021-05-29_05:05:03_043476539
