scalc05
2021-05-28_22:03:13_127619947
[I 2021-05-28 22:04:01.933 ServerApp] jupyterlab | extension was successfully linked.
[I 2021-05-28 22:04:13.149 ServerApp] nbclassic | extension was successfully linked.
[I 2021-05-28 22:04:13.537 ServerApp] nbclassic | extension was successfully loaded.
[I 2021-05-28 22:04:13.541 LabApp] JupyterLab extension loaded from /data/user/khoeflich/miniconda3/lib/python3.9/site-packages/jupyterlab
[I 2021-05-28 22:04:13.541 LabApp] JupyterLab application directory is /data/user/khoeflich/miniconda3/share/jupyter/lab
[I 2021-05-28 22:04:13.547 ServerApp] jupyterlab | extension was successfully loaded.
[I 2021-05-28 22:04:13.552 ServerApp] Will shut down after 60 seconds with no kernels or terminals.
[I 2021-05-28 22:04:13.553 ServerApp] Serving notebooks from local directory: /home/khoeflich/misc/jupyter-hpc-performance
[I 2021-05-28 22:04:13.553 ServerApp] Jupyter Server 1.8.0 is running at:
[I 2021-05-28 22:04:13.553 ServerApp] http://localhost:8888/lab?token=918c094f65fbf8bc66c1009a358df3e1c49fa014ba4ee708
[I 2021-05-28 22:04:13.553 ServerApp]     http://127.0.0.1:8888/lab?token=918c094f65fbf8bc66c1009a358df3e1c49fa014ba4ee708
[I 2021-05-28 22:04:13.553 ServerApp] Use Control-C to stop this server and shut down all kernels (twice to skip confirmation).
[C 2021-05-28 22:04:13.617 ServerApp] 
    
    To access the server, open this file in a browser:
        file:///home/khoeflich/.local/share/jupyter/runtime/jpserver-144183-open.html
    Or copy and paste one of these URLs:
        http://localhost:8888/lab?token=918c094f65fbf8bc66c1009a358df3e1c49fa014ba4ee708
        http://127.0.0.1:8888/lab?token=918c094f65fbf8bc66c1009a358df3e1c49fa014ba4ee708
[I 2021-05-28 22:05:13.614 ServerApp] No kernels or terminals for 60 seconds; shutting down.
[I 2021-05-28 22:05:13.621 ServerApp] Shutting down 0 kernels
[I 2021-05-28 22:05:13.622 ServerApp] Shutting down 0 terminals
2021-05-28_22:05:13_746905862
