scalc05
2021-05-29_02:03:07_084062363
[I 2021-05-29 02:03:44.476 ServerApp] jupyterlab | extension was successfully linked.
[I 2021-05-29 02:03:59.225 ServerApp] nbclassic | extension was successfully linked.
[I 2021-05-29 02:03:59.552 ServerApp] nbclassic | extension was successfully loaded.
[I 2021-05-29 02:03:59.555 LabApp] JupyterLab extension loaded from /data/user/khoeflich/miniconda3/lib/python3.9/site-packages/jupyterlab
[I 2021-05-29 02:03:59.556 LabApp] JupyterLab application directory is /data/user/khoeflich/miniconda3/share/jupyter/lab
[I 2021-05-29 02:03:59.562 ServerApp] jupyterlab | extension was successfully loaded.
[I 2021-05-29 02:03:59.567 ServerApp] Will shut down after 60 seconds with no kernels or terminals.
[I 2021-05-29 02:03:59.569 ServerApp] Serving notebooks from local directory: /home/khoeflich/misc/jupyter-hpc-performance
[I 2021-05-29 02:03:59.569 ServerApp] Jupyter Server 1.8.0 is running at:
[I 2021-05-29 02:03:59.569 ServerApp] http://localhost:8888/lab?token=5304b3a9c26064d4666e7bfd67923fb5527ee59c440a8ec9
[I 2021-05-29 02:03:59.569 ServerApp]     http://127.0.0.1:8888/lab?token=5304b3a9c26064d4666e7bfd67923fb5527ee59c440a8ec9
[I 2021-05-29 02:03:59.569 ServerApp] Use Control-C to stop this server and shut down all kernels (twice to skip confirmation).
[C 2021-05-29 02:03:59.575 ServerApp] 
    
    To access the server, open this file in a browser:
        file:///home/khoeflich/.local/share/jupyter/runtime/jpserver-182412-open.html
    Or copy and paste one of these URLs:
        http://localhost:8888/lab?token=5304b3a9c26064d4666e7bfd67923fb5527ee59c440a8ec9
        http://127.0.0.1:8888/lab?token=5304b3a9c26064d4666e7bfd67923fb5527ee59c440a8ec9
[I 2021-05-29 02:04:59.631 ServerApp] No kernels or terminals for 60 seconds; shutting down.
[I 2021-05-29 02:04:59.638 ServerApp] Shutting down 0 kernels
[I 2021-05-29 02:04:59.639 ServerApp] Shutting down 0 terminals
2021-05-29_02:04:59_800410799
