scalc05
2021-05-28_15:02:11_197873491
[I 2021-05-28 15:02:13.140 ServerApp] jupyterlab | extension was successfully linked.
[I 2021-05-28 15:02:13.675 ServerApp] nbclassic | extension was successfully linked.
[I 2021-05-28 15:02:13.743 ServerApp] nbclassic | extension was successfully loaded.
[I 2021-05-28 15:02:13.744 LabApp] JupyterLab extension loaded from /home/khoeflich/misc/jupyter-hpc-performance/miniconda3/lib/python3.9/site-packages/jupyterlab
[I 2021-05-28 15:02:13.744 LabApp] JupyterLab application directory is /home/khoeflich/misc/jupyter-hpc-performance/miniconda3/share/jupyter/lab
[I 2021-05-28 15:02:13.747 ServerApp] jupyterlab | extension was successfully loaded.
[I 2021-05-28 15:02:13.751 ServerApp] Will shut down after 60 seconds with no kernels or terminals.
[I 2021-05-28 15:02:13.753 ServerApp] Serving notebooks from local directory: /home/khoeflich/misc/jupyter-hpc-performance
[I 2021-05-28 15:02:13.753 ServerApp] Jupyter Server 1.8.0 is running at:
[I 2021-05-28 15:02:13.753 ServerApp] http://localhost:8888/lab?token=3bbf405a331ad88d42c4f50244be7869017605a17c0395b9
[I 2021-05-28 15:02:13.753 ServerApp]     http://127.0.0.1:8888/lab?token=3bbf405a331ad88d42c4f50244be7869017605a17c0395b9
[I 2021-05-28 15:02:13.753 ServerApp] Use Control-C to stop this server and shut down all kernels (twice to skip confirmation).
[C 2021-05-28 15:02:13.760 ServerApp] 
    
    To access the server, open this file in a browser:
        file:///home/khoeflich/.local/share/jupyter/runtime/jpserver-77048-open.html
    Or copy and paste one of these URLs:
        http://localhost:8888/lab?token=3bbf405a331ad88d42c4f50244be7869017605a17c0395b9
        http://127.0.0.1:8888/lab?token=3bbf405a331ad88d42c4f50244be7869017605a17c0395b9
[I 2021-05-28 15:03:13.816 ServerApp] No kernels or terminals for 60 seconds; shutting down.
[I 2021-05-28 15:03:13.824 ServerApp] Shutting down 0 kernels
[I 2021-05-28 15:03:13.825 ServerApp] Shutting down 0 terminals
2021-05-28_15:03:13_947900342
