scalc05
2021-05-28_21:03:08_184463095
[I 2021-05-28 21:03:09.819 ServerApp] jupyterlab | extension was successfully linked.
[I 2021-05-28 21:03:10.110 ServerApp] nbclassic | extension was successfully linked.
[I 2021-05-28 21:03:10.139 ServerApp] nbclassic | extension was successfully loaded.
[I 2021-05-28 21:03:10.140 LabApp] JupyterLab extension loaded from /data/user/khoeflich/miniconda3/lib/python3.9/site-packages/jupyterlab
[I 2021-05-28 21:03:10.140 LabApp] JupyterLab application directory is /data/user/khoeflich/miniconda3/share/jupyter/lab
[I 2021-05-28 21:03:10.143 ServerApp] jupyterlab | extension was successfully loaded.
[I 2021-05-28 21:03:10.145 ServerApp] Will shut down after 60 seconds with no kernels or terminals.
[I 2021-05-28 21:03:10.146 ServerApp] Serving notebooks from local directory: /home/khoeflich/misc/jupyter-hpc-performance
[I 2021-05-28 21:03:10.146 ServerApp] Jupyter Server 1.8.0 is running at:
[I 2021-05-28 21:03:10.146 ServerApp] http://localhost:8888/lab?token=c861e9dec1393e773b0a1c2dbc040599d0d2bf415248ca7f
[I 2021-05-28 21:03:10.146 ServerApp]     http://127.0.0.1:8888/lab?token=c861e9dec1393e773b0a1c2dbc040599d0d2bf415248ca7f
[I 2021-05-28 21:03:10.146 ServerApp] Use Control-C to stop this server and shut down all kernels (twice to skip confirmation).
[C 2021-05-28 21:03:10.160 ServerApp] 
    
    To access the server, open this file in a browser:
        file:///home/khoeflich/.local/share/jupyter/runtime/jpserver-134609-open.html
    Or copy and paste one of these URLs:
        http://localhost:8888/lab?token=c861e9dec1393e773b0a1c2dbc040599d0d2bf415248ca7f
        http://127.0.0.1:8888/lab?token=c861e9dec1393e773b0a1c2dbc040599d0d2bf415248ca7f
[I 2021-05-28 21:04:10.208 ServerApp] No kernels or terminals for 60 seconds; shutting down.
[I 2021-05-28 21:04:10.215 ServerApp] Shutting down 0 kernels
[I 2021-05-28 21:04:10.216 ServerApp] Shutting down 0 terminals
2021-05-28_21:04:10_335249225
