scalc05
2021-05-29_04:03:16_832081162
[I 2021-05-29 04:03:25.844 ServerApp] jupyterlab | extension was successfully linked.
[I 2021-05-29 04:03:26.996 ServerApp] nbclassic | extension was successfully linked.
[I 2021-05-29 04:03:27.025 ServerApp] nbclassic | extension was successfully loaded.
[I 2021-05-29 04:03:27.026 LabApp] JupyterLab extension loaded from /data/user/khoeflich/miniconda3/lib/python3.9/site-packages/jupyterlab
[I 2021-05-29 04:03:27.026 LabApp] JupyterLab application directory is /data/user/khoeflich/miniconda3/share/jupyter/lab
[I 2021-05-29 04:03:27.028 ServerApp] jupyterlab | extension was successfully loaded.
[I 2021-05-29 04:03:27.031 ServerApp] Will shut down after 60 seconds with no kernels or terminals.
[I 2021-05-29 04:03:27.032 ServerApp] Serving notebooks from local directory: /home/khoeflich/misc/jupyter-hpc-performance
[I 2021-05-29 04:03:27.032 ServerApp] Jupyter Server 1.8.0 is running at:
[I 2021-05-29 04:03:27.032 ServerApp] http://localhost:8888/lab?token=2a23ec5bab250f366c90906b07de7d0c25b24a27e1bad742
[I 2021-05-29 04:03:27.032 ServerApp]     http://127.0.0.1:8888/lab?token=2a23ec5bab250f366c90906b07de7d0c25b24a27e1bad742
[I 2021-05-29 04:03:27.032 ServerApp] Use Control-C to stop this server and shut down all kernels (twice to skip confirmation).
[C 2021-05-29 04:03:27.044 ServerApp] 
    
    To access the server, open this file in a browser:
        file:///home/khoeflich/.local/share/jupyter/runtime/jpserver-201518-open.html
    Or copy and paste one of these URLs:
        http://localhost:8888/lab?token=2a23ec5bab250f366c90906b07de7d0c25b24a27e1bad742
        http://127.0.0.1:8888/lab?token=2a23ec5bab250f366c90906b07de7d0c25b24a27e1bad742
[I 2021-05-29 04:04:27.093 ServerApp] No kernels or terminals for 60 seconds; shutting down.
[I 2021-05-29 04:04:27.102 ServerApp] Shutting down 0 kernels
[I 2021-05-29 04:04:27.103 ServerApp] Shutting down 0 terminals
2021-05-29_04:04:27_229791369
