scalc05
2021-05-29_13:03:17_011413745
[I 2021-05-29 13:04:01.494 ServerApp] jupyterlab | extension was successfully linked.
[I 2021-05-29 13:04:32.914 ServerApp] nbclassic | extension was successfully linked.
[I 2021-05-29 13:04:32.977 ServerApp] nbclassic | extension was successfully loaded.
[I 2021-05-29 13:04:32.978 LabApp] JupyterLab extension loaded from /data/user/khoeflich/miniconda3/lib/python3.9/site-packages/jupyterlab
[I 2021-05-29 13:04:32.979 LabApp] JupyterLab application directory is /data/user/khoeflich/miniconda3/share/jupyter/lab
[I 2021-05-29 13:04:32.981 ServerApp] jupyterlab | extension was successfully loaded.
[I 2021-05-29 13:04:32.984 ServerApp] Will shut down after 60 seconds with no kernels or terminals.
[I 2021-05-29 13:04:32.985 ServerApp] Serving notebooks from local directory: /home/khoeflich/misc/jupyter-hpc-performance
[I 2021-05-29 13:04:32.985 ServerApp] Jupyter Server 1.8.0 is running at:
[I 2021-05-29 13:04:32.985 ServerApp] http://localhost:8888/lab?token=6ff8c5d79fc59ee1fba5543ab0cf4034d14062e7558f908d
[I 2021-05-29 13:04:32.985 ServerApp]     http://127.0.0.1:8888/lab?token=6ff8c5d79fc59ee1fba5543ab0cf4034d14062e7558f908d
[I 2021-05-29 13:04:32.985 ServerApp] Use Control-C to stop this server and shut down all kernels (twice to skip confirmation).
[C 2021-05-29 13:04:32.992 ServerApp] 
    
    To access the server, open this file in a browser:
        file:///home/khoeflich/.local/share/jupyter/runtime/jpserver-287540-open.html
    Or copy and paste one of these URLs:
        http://localhost:8888/lab?token=6ff8c5d79fc59ee1fba5543ab0cf4034d14062e7558f908d
        http://127.0.0.1:8888/lab?token=6ff8c5d79fc59ee1fba5543ab0cf4034d14062e7558f908d
[I 2021-05-29 13:05:33.045 ServerApp] No kernels or terminals for 60 seconds; shutting down.
[I 2021-05-29 13:05:33.057 ServerApp] Shutting down 0 kernels
[I 2021-05-29 13:05:33.057 ServerApp] Shutting down 0 terminals
2021-05-29_13:05:33_172078246
