scalc05
2021-05-29_07:02:04_358464628
[I 2021-05-29 07:02:05.948 ServerApp] jupyterlab | extension was successfully linked.
[I 2021-05-29 07:02:06.529 ServerApp] nbclassic | extension was successfully linked.
[I 2021-05-29 07:02:06.598 ServerApp] nbclassic | extension was successfully loaded.
[I 2021-05-29 07:02:06.599 LabApp] JupyterLab extension loaded from /home/khoeflich/misc/jupyter-hpc-performance/miniconda3/lib/python3.9/site-packages/jupyterlab
[I 2021-05-29 07:02:06.599 LabApp] JupyterLab application directory is /home/khoeflich/misc/jupyter-hpc-performance/miniconda3/share/jupyter/lab
[I 2021-05-29 07:02:06.602 ServerApp] jupyterlab | extension was successfully loaded.
[I 2021-05-29 07:02:06.606 ServerApp] Will shut down after 60 seconds with no kernels or terminals.
[I 2021-05-29 07:02:06.607 ServerApp] Serving notebooks from local directory: /home/khoeflich/misc/jupyter-hpc-performance
[I 2021-05-29 07:02:06.607 ServerApp] Jupyter Server 1.8.0 is running at:
[I 2021-05-29 07:02:06.607 ServerApp] http://localhost:8888/lab?token=dd4a1912dfea246fcb6571416c71e7f58025078be20d2b46
[I 2021-05-29 07:02:06.607 ServerApp]     http://127.0.0.1:8888/lab?token=dd4a1912dfea246fcb6571416c71e7f58025078be20d2b46
[I 2021-05-29 07:02:06.607 ServerApp] Use Control-C to stop this server and shut down all kernels (twice to skip confirmation).
[C 2021-05-29 07:02:06.613 ServerApp] 
    
    To access the server, open this file in a browser:
        file:///home/khoeflich/.local/share/jupyter/runtime/jpserver-230016-open.html
    Or copy and paste one of these URLs:
        http://localhost:8888/lab?token=dd4a1912dfea246fcb6571416c71e7f58025078be20d2b46
        http://127.0.0.1:8888/lab?token=dd4a1912dfea246fcb6571416c71e7f58025078be20d2b46
[I 2021-05-29 07:03:06.668 ServerApp] No kernels or terminals for 60 seconds; shutting down.
[I 2021-05-29 07:03:06.677 ServerApp] Shutting down 0 kernels
[I 2021-05-29 07:03:06.678 ServerApp] Shutting down 0 terminals
2021-05-29_07:03:06_810763080
