scalc05
2021-05-28_18:03:07_551219141
[I 2021-05-28 18:03:08.997 ServerApp] jupyterlab | extension was successfully linked.
[I 2021-05-28 18:03:09.267 ServerApp] nbclassic | extension was successfully linked.
[I 2021-05-28 18:03:09.302 ServerApp] nbclassic | extension was successfully loaded.
[I 2021-05-28 18:03:09.303 LabApp] JupyterLab extension loaded from /data/user/khoeflich/miniconda3/lib/python3.9/site-packages/jupyterlab
[I 2021-05-28 18:03:09.303 LabApp] JupyterLab application directory is /data/user/khoeflich/miniconda3/share/jupyter/lab
[I 2021-05-28 18:03:09.306 ServerApp] jupyterlab | extension was successfully loaded.
[I 2021-05-28 18:03:09.308 ServerApp] Will shut down after 60 seconds with no kernels or terminals.
[I 2021-05-28 18:03:09.309 ServerApp] Serving notebooks from local directory: /home/khoeflich/misc/jupyter-hpc-performance
[I 2021-05-28 18:03:09.309 ServerApp] Jupyter Server 1.8.0 is running at:
[I 2021-05-28 18:03:09.309 ServerApp] http://localhost:8888/lab?token=63b564d12b5d7c8d682272a55289bd7558e4c7d9e80bbe93
[I 2021-05-28 18:03:09.309 ServerApp]     http://127.0.0.1:8888/lab?token=63b564d12b5d7c8d682272a55289bd7558e4c7d9e80bbe93
[I 2021-05-28 18:03:09.309 ServerApp] Use Control-C to stop this server and shut down all kernels (twice to skip confirmation).
[C 2021-05-28 18:03:09.315 ServerApp] 
    
    To access the server, open this file in a browser:
        file:///home/khoeflich/.local/share/jupyter/runtime/jpserver-105900-open.html
    Or copy and paste one of these URLs:
        http://localhost:8888/lab?token=63b564d12b5d7c8d682272a55289bd7558e4c7d9e80bbe93
        http://127.0.0.1:8888/lab?token=63b564d12b5d7c8d682272a55289bd7558e4c7d9e80bbe93
[I 2021-05-28 18:04:09.370 ServerApp] No kernels or terminals for 60 seconds; shutting down.
[I 2021-05-28 18:04:09.379 ServerApp] Shutting down 0 kernels
[I 2021-05-28 18:04:09.380 ServerApp] Shutting down 0 terminals
2021-05-28_18:04:09_499397456
