scalc05
2021-05-29_02:02:04_428597849
[I 2021-05-29 02:02:06.161 ServerApp] jupyterlab | extension was successfully linked.
[I 2021-05-29 02:02:06.788 ServerApp] nbclassic | extension was successfully linked.
[I 2021-05-29 02:02:06.868 ServerApp] nbclassic | extension was successfully loaded.
[I 2021-05-29 02:02:06.869 LabApp] JupyterLab extension loaded from /home/khoeflich/misc/jupyter-hpc-performance/miniconda3/lib/python3.9/site-packages/jupyterlab
[I 2021-05-29 02:02:06.869 LabApp] JupyterLab application directory is /home/khoeflich/misc/jupyter-hpc-performance/miniconda3/share/jupyter/lab
[I 2021-05-29 02:02:06.872 ServerApp] jupyterlab | extension was successfully loaded.
[I 2021-05-29 02:02:06.882 ServerApp] Will shut down after 60 seconds with no kernels or terminals.
[I 2021-05-29 02:02:06.884 ServerApp] Serving notebooks from local directory: /home/khoeflich/misc/jupyter-hpc-performance
[I 2021-05-29 02:02:06.884 ServerApp] Jupyter Server 1.8.0 is running at:
[I 2021-05-29 02:02:06.884 ServerApp] http://localhost:8888/lab?token=0ad2721296b82ea9096979a2f336e0d02a93fa718d277ef3
[I 2021-05-29 02:02:06.884 ServerApp]     http://127.0.0.1:8888/lab?token=0ad2721296b82ea9096979a2f336e0d02a93fa718d277ef3
[I 2021-05-29 02:02:06.884 ServerApp] Use Control-C to stop this server and shut down all kernels (twice to skip confirmation).
[C 2021-05-29 02:02:06.892 ServerApp] 
    
    To access the server, open this file in a browser:
        file:///home/khoeflich/.local/share/jupyter/runtime/jpserver-182231-open.html
    Or copy and paste one of these URLs:
        http://localhost:8888/lab?token=0ad2721296b82ea9096979a2f336e0d02a93fa718d277ef3
        http://127.0.0.1:8888/lab?token=0ad2721296b82ea9096979a2f336e0d02a93fa718d277ef3
[I 2021-05-29 02:03:06.908 ServerApp] No kernels or terminals for 60 seconds; shutting down.
[I 2021-05-29 02:03:06.916 ServerApp] Shutting down 0 kernels
[I 2021-05-29 02:03:06.917 ServerApp] Shutting down 0 terminals
2021-05-29_02:03:07_068551772
