scalc05
2021-05-28_20:03:07_187353560
[I 2021-05-28 20:03:11.485 ServerApp] jupyterlab | extension was successfully linked.
[I 2021-05-28 20:03:11.919 ServerApp] nbclassic | extension was successfully linked.
[I 2021-05-28 20:03:11.998 ServerApp] nbclassic | extension was successfully loaded.
[I 2021-05-28 20:03:12.000 LabApp] JupyterLab extension loaded from /data/user/khoeflich/miniconda3/lib/python3.9/site-packages/jupyterlab
[I 2021-05-28 20:03:12.000 LabApp] JupyterLab application directory is /data/user/khoeflich/miniconda3/share/jupyter/lab
[I 2021-05-28 20:03:12.005 ServerApp] jupyterlab | extension was successfully loaded.
[I 2021-05-28 20:03:12.008 ServerApp] Will shut down after 60 seconds with no kernels or terminals.
[I 2021-05-28 20:03:12.009 ServerApp] Serving notebooks from local directory: /home/khoeflich/misc/jupyter-hpc-performance
[I 2021-05-28 20:03:12.009 ServerApp] Jupyter Server 1.8.0 is running at:
[I 2021-05-28 20:03:12.009 ServerApp] http://localhost:8888/lab?token=b289d44f99d48e961acbf2a41ce9b031c166a2ea86c01e28
[I 2021-05-28 20:03:12.009 ServerApp]     http://127.0.0.1:8888/lab?token=b289d44f99d48e961acbf2a41ce9b031c166a2ea86c01e28
[I 2021-05-28 20:03:12.009 ServerApp] Use Control-C to stop this server and shut down all kernels (twice to skip confirmation).
[C 2021-05-28 20:03:12.015 ServerApp] 
    
    To access the server, open this file in a browser:
        file:///home/khoeflich/.local/share/jupyter/runtime/jpserver-125039-open.html
    Or copy and paste one of these URLs:
        http://localhost:8888/lab?token=b289d44f99d48e961acbf2a41ce9b031c166a2ea86c01e28
        http://127.0.0.1:8888/lab?token=b289d44f99d48e961acbf2a41ce9b031c166a2ea86c01e28
[I 2021-05-28 20:04:12.069 ServerApp] No kernels or terminals for 60 seconds; shutting down.
[I 2021-05-28 20:04:12.077 ServerApp] Shutting down 0 kernels
[I 2021-05-28 20:04:12.077 ServerApp] Shutting down 0 terminals
2021-05-28_20:04:12_206990431
