scalc05
2021-05-29_03:01:02_322516927
[I 2021-05-29 03:01:03.765 ServerApp] jupyterlab | extension was successfully linked.
[I 2021-05-29 03:01:04.103 ServerApp] nbclassic | extension was successfully linked.
[I 2021-05-29 03:01:04.136 ServerApp] nbclassic | extension was successfully loaded.
[I 2021-05-29 03:01:04.137 LabApp] JupyterLab extension loaded from /miniconda3/lib/python3.9/site-packages/jupyterlab
[I 2021-05-29 03:01:04.137 LabApp] JupyterLab application directory is /miniconda3/share/jupyter/lab
[I 2021-05-29 03:01:04.140 ServerApp] jupyterlab | extension was successfully loaded.
[I 2021-05-29 03:01:04.140 ServerApp] Will shut down after 60 seconds with no kernels or terminals.
[I 2021-05-29 03:01:04.141 ServerApp] Serving notebooks from local directory: /home/khoeflich/misc/jupyter-hpc-performance
[I 2021-05-29 03:01:04.141 ServerApp] Jupyter Server 1.8.0 is running at:
[I 2021-05-29 03:01:04.141 ServerApp] http://localhost:8888/lab?token=326b99a813107d95edf2dda7de7b93b6724c4cec44751d35
[I 2021-05-29 03:01:04.141 ServerApp]     http://127.0.0.1:8888/lab?token=326b99a813107d95edf2dda7de7b93b6724c4cec44751d35
[I 2021-05-29 03:01:04.141 ServerApp] Use Control-C to stop this server and shut down all kernels (twice to skip confirmation).
[C 2021-05-29 03:01:04.147 ServerApp] 
    
    To access the server, open this file in a browser:
        file:///home/khoeflich/.local/share/jupyter/runtime/jpserver-191575-open.html
    Or copy and paste one of these URLs:
        http://localhost:8888/lab?token=326b99a813107d95edf2dda7de7b93b6724c4cec44751d35
        http://127.0.0.1:8888/lab?token=326b99a813107d95edf2dda7de7b93b6724c4cec44751d35
[I 2021-05-29 03:02:04.202 ServerApp] No kernels or terminals for 60 seconds; shutting down.
[I 2021-05-29 03:02:04.211 ServerApp] Shutting down 0 kernels
[I 2021-05-29 03:02:04.212 ServerApp] Shutting down 0 terminals
2021-05-29_03:02:04_370809594
