scalc05
2021-05-29_08:00:00_029819069
[I 2021-05-29 08:00:01.631 ServerApp] jupyterlab | extension was successfully linked.
[I 2021-05-29 08:00:01.961 ServerApp] nbclassic | extension was successfully linked.
[I 2021-05-29 08:00:01.995 ServerApp] nbclassic | extension was successfully loaded.
[I 2021-05-29 08:00:01.996 LabApp] JupyterLab extension loaded from /miniconda3/lib/python3.9/site-packages/jupyterlab
[I 2021-05-29 08:00:01.996 LabApp] JupyterLab application directory is /miniconda3/share/jupyter/lab
[I 2021-05-29 08:00:01.999 ServerApp] jupyterlab | extension was successfully loaded.
[I 2021-05-29 08:00:02.000 ServerApp] Will shut down after 60 seconds with no kernels or terminals.
[I 2021-05-29 08:00:02.001 ServerApp] Serving notebooks from local directory: /home/khoeflich/misc/jupyter-hpc-performance
[I 2021-05-29 08:00:02.001 ServerApp] Jupyter Server 1.8.0 is running at:
[I 2021-05-29 08:00:02.001 ServerApp] http://localhost:8888/lab?token=233b31e6a235d8368710739ee9c3fcae3b3cede4660513fa
[I 2021-05-29 08:00:02.001 ServerApp]     http://127.0.0.1:8888/lab?token=233b31e6a235d8368710739ee9c3fcae3b3cede4660513fa
[I 2021-05-29 08:00:02.001 ServerApp] Use Control-C to stop this server and shut down all kernels (twice to skip confirmation).
[C 2021-05-29 08:00:02.011 ServerApp] 
    
    To access the server, open this file in a browser:
        file:///home/khoeflich/.local/share/jupyter/runtime/jpserver-239148-open.html
    Or copy and paste one of these URLs:
        http://localhost:8888/lab?token=233b31e6a235d8368710739ee9c3fcae3b3cede4660513fa
        http://127.0.0.1:8888/lab?token=233b31e6a235d8368710739ee9c3fcae3b3cede4660513fa
[I 2021-05-29 08:01:02.061 ServerApp] No kernels or terminals for 60 seconds; shutting down.
[I 2021-05-29 08:01:02.068 ServerApp] Shutting down 0 kernels
[I 2021-05-29 08:01:02.069 ServerApp] Shutting down 0 terminals
2021-05-29_08:01:02_219623947
