scalc05
2021-05-29_11:01:03_090377300
[I 2021-05-29 11:01:04.481 ServerApp] jupyterlab | extension was successfully linked.
[I 2021-05-29 11:01:04.820 ServerApp] nbclassic | extension was successfully linked.
[I 2021-05-29 11:01:04.854 ServerApp] nbclassic | extension was successfully loaded.
[I 2021-05-29 11:01:04.855 LabApp] JupyterLab extension loaded from /miniconda3/lib/python3.9/site-packages/jupyterlab
[I 2021-05-29 11:01:04.855 LabApp] JupyterLab application directory is /miniconda3/share/jupyter/lab
[I 2021-05-29 11:01:04.858 ServerApp] jupyterlab | extension was successfully loaded.
[I 2021-05-29 11:01:04.858 ServerApp] Will shut down after 60 seconds with no kernels or terminals.
[I 2021-05-29 11:01:04.859 ServerApp] Serving notebooks from local directory: /home/khoeflich/misc/jupyter-hpc-performance
[I 2021-05-29 11:01:04.859 ServerApp] Jupyter Server 1.8.0 is running at:
[I 2021-05-29 11:01:04.859 ServerApp] http://localhost:8888/lab?token=a161a7d4fb4e8cf6130435c970d8c57ba6f5c9b7ec719b74
[I 2021-05-29 11:01:04.859 ServerApp]     http://127.0.0.1:8888/lab?token=a161a7d4fb4e8cf6130435c970d8c57ba6f5c9b7ec719b74
[I 2021-05-29 11:01:04.859 ServerApp] Use Control-C to stop this server and shut down all kernels (twice to skip confirmation).
[C 2021-05-29 11:01:04.877 ServerApp] 
    
    To access the server, open this file in a browser:
        file:///home/khoeflich/.local/share/jupyter/runtime/jpserver-268083-open.html
    Or copy and paste one of these URLs:
        http://localhost:8888/lab?token=a161a7d4fb4e8cf6130435c970d8c57ba6f5c9b7ec719b74
        http://127.0.0.1:8888/lab?token=a161a7d4fb4e8cf6130435c970d8c57ba6f5c9b7ec719b74
[I 2021-05-29 11:02:04.920 ServerApp] No kernels or terminals for 60 seconds; shutting down.
[I 2021-05-29 11:02:04.926 ServerApp] Shutting down 0 kernels
[I 2021-05-29 11:02:04.927 ServerApp] Shutting down 0 terminals
2021-05-29_11:02:05_082503545
