scalc05
2021-05-28_21:00:00_433306064
[I 2021-05-28 21:00:02.031 ServerApp] jupyterlab | extension was successfully linked.
[I 2021-05-28 21:00:02.366 ServerApp] nbclassic | extension was successfully linked.
[I 2021-05-28 21:00:02.400 ServerApp] nbclassic | extension was successfully loaded.
[I 2021-05-28 21:00:02.401 LabApp] JupyterLab extension loaded from /miniconda3/lib/python3.9/site-packages/jupyterlab
[I 2021-05-28 21:00:02.401 LabApp] JupyterLab application directory is /miniconda3/share/jupyter/lab
[I 2021-05-28 21:00:02.404 ServerApp] jupyterlab | extension was successfully loaded.
[I 2021-05-28 21:00:02.404 ServerApp] Will shut down after 60 seconds with no kernels or terminals.
[I 2021-05-28 21:00:02.405 ServerApp] Serving notebooks from local directory: /home/khoeflich/misc/jupyter-hpc-performance
[I 2021-05-28 21:00:02.405 ServerApp] Jupyter Server 1.8.0 is running at:
[I 2021-05-28 21:00:02.405 ServerApp] http://localhost:8888/lab?token=555377aa33e3d6485c1bfde9ef00c48da2e11ca0031ec2c7
[I 2021-05-28 21:00:02.405 ServerApp]     http://127.0.0.1:8888/lab?token=555377aa33e3d6485c1bfde9ef00c48da2e11ca0031ec2c7
[I 2021-05-28 21:00:02.405 ServerApp] Use Control-C to stop this server and shut down all kernels (twice to skip confirmation).
[C 2021-05-28 21:00:02.412 ServerApp] 
    
    To access the server, open this file in a browser:
        file:///home/khoeflich/.local/share/jupyter/runtime/jpserver-134024-open.html
    Or copy and paste one of these URLs:
        http://localhost:8888/lab?token=555377aa33e3d6485c1bfde9ef00c48da2e11ca0031ec2c7
        http://127.0.0.1:8888/lab?token=555377aa33e3d6485c1bfde9ef00c48da2e11ca0031ec2c7
[I 2021-05-28 21:01:02.456 ServerApp] No kernels or terminals for 60 seconds; shutting down.
[I 2021-05-28 21:01:02.461 ServerApp] Shutting down 0 kernels
[I 2021-05-28 21:01:02.462 ServerApp] Shutting down 0 terminals
2021-05-28_21:01:02_617224130
