scalc05
2021-05-29_05:00:00_569255377
[I 2021-05-29 05:00:02.134 ServerApp] jupyterlab | extension was successfully linked.
[I 2021-05-29 05:00:02.474 ServerApp] nbclassic | extension was successfully linked.
[I 2021-05-29 05:00:02.508 ServerApp] nbclassic | extension was successfully loaded.
[I 2021-05-29 05:00:02.509 LabApp] JupyterLab extension loaded from /miniconda3/lib/python3.9/site-packages/jupyterlab
[I 2021-05-29 05:00:02.509 LabApp] JupyterLab application directory is /miniconda3/share/jupyter/lab
[I 2021-05-29 05:00:02.512 ServerApp] jupyterlab | extension was successfully loaded.
[I 2021-05-29 05:00:02.513 ServerApp] Will shut down after 60 seconds with no kernels or terminals.
[I 2021-05-29 05:00:02.514 ServerApp] Serving notebooks from local directory: /home/khoeflich/misc/jupyter-hpc-performance
[I 2021-05-29 05:00:02.514 ServerApp] Jupyter Server 1.8.0 is running at:
[I 2021-05-29 05:00:02.514 ServerApp] http://localhost:8888/lab?token=3863d94d5014965e521939919d9cf91abc4f2576d3e8a12a
[I 2021-05-29 05:00:02.514 ServerApp]     http://127.0.0.1:8888/lab?token=3863d94d5014965e521939919d9cf91abc4f2576d3e8a12a
[I 2021-05-29 05:00:02.514 ServerApp] Use Control-C to stop this server and shut down all kernels (twice to skip confirmation).
[C 2021-05-29 05:00:02.523 ServerApp] 
    
    To access the server, open this file in a browser:
        file:///home/khoeflich/.local/share/jupyter/runtime/jpserver-210496-open.html
    Or copy and paste one of these URLs:
        http://localhost:8888/lab?token=3863d94d5014965e521939919d9cf91abc4f2576d3e8a12a
        http://127.0.0.1:8888/lab?token=3863d94d5014965e521939919d9cf91abc4f2576d3e8a12a
[I 2021-05-29 05:01:02.575 ServerApp] No kernels or terminals for 60 seconds; shutting down.
[I 2021-05-29 05:01:02.583 ServerApp] Shutting down 0 kernels
[I 2021-05-29 05:01:02.584 ServerApp] Shutting down 0 terminals
2021-05-29_05:01:02_739950963
