scalc05
2021-05-29_02:00:00_181908390
[I 2021-05-29 02:00:01.751 ServerApp] jupyterlab | extension was successfully linked.
[I 2021-05-29 02:00:02.082 ServerApp] nbclassic | extension was successfully linked.
[I 2021-05-29 02:00:02.115 ServerApp] nbclassic | extension was successfully loaded.
[I 2021-05-29 02:00:02.116 LabApp] JupyterLab extension loaded from /miniconda3/lib/python3.9/site-packages/jupyterlab
[I 2021-05-29 02:00:02.116 LabApp] JupyterLab application directory is /miniconda3/share/jupyter/lab
[I 2021-05-29 02:00:02.119 ServerApp] jupyterlab | extension was successfully loaded.
[I 2021-05-29 02:00:02.119 ServerApp] Will shut down after 60 seconds with no kernels or terminals.
[I 2021-05-29 02:00:02.120 ServerApp] Serving notebooks from local directory: /home/khoeflich/misc/jupyter-hpc-performance
[I 2021-05-29 02:00:02.120 ServerApp] Jupyter Server 1.8.0 is running at:
[I 2021-05-29 02:00:02.120 ServerApp] http://localhost:8888/lab?token=9b55c8d204c74969fd8d0d972247a5872118c5363f28ae1f
[I 2021-05-29 02:00:02.120 ServerApp]     http://127.0.0.1:8888/lab?token=9b55c8d204c74969fd8d0d972247a5872118c5363f28ae1f
[I 2021-05-29 02:00:02.120 ServerApp] Use Control-C to stop this server and shut down all kernels (twice to skip confirmation).
[C 2021-05-29 02:00:02.126 ServerApp] 
    
    To access the server, open this file in a browser:
        file:///home/khoeflich/.local/share/jupyter/runtime/jpserver-181827-open.html
    Or copy and paste one of these URLs:
        http://localhost:8888/lab?token=9b55c8d204c74969fd8d0d972247a5872118c5363f28ae1f
        http://127.0.0.1:8888/lab?token=9b55c8d204c74969fd8d0d972247a5872118c5363f28ae1f
[I 2021-05-29 02:01:02.162 ServerApp] No kernels or terminals for 60 seconds; shutting down.
[I 2021-05-29 02:01:02.173 ServerApp] Shutting down 0 kernels
[I 2021-05-29 02:01:02.173 ServerApp] Shutting down 0 terminals
2021-05-29_02:01:02_323787397
