scalc05
2021-05-29_07:04:17_004847776
[I 2021-05-29 07:04:18.398 ServerApp] jupyterlab | extension was successfully linked.
[I 2021-05-29 07:04:18.729 ServerApp] nbclassic | extension was successfully linked.
[I 2021-05-29 07:04:18.761 ServerApp] nbclassic | extension was successfully loaded.
[I 2021-05-29 07:04:18.762 LabApp] JupyterLab extension loaded from /miniconda3/lib/python3.9/site-packages/jupyterlab
[I 2021-05-29 07:04:18.763 LabApp] JupyterLab application directory is /miniconda3/share/jupyter/lab
[I 2021-05-29 07:04:18.765 ServerApp] jupyterlab | extension was successfully loaded.
[I 2021-05-29 07:04:18.766 ServerApp] Will shut down after 60 seconds with no kernels or terminals.
[I 2021-05-29 07:04:18.767 ServerApp] Serving notebooks from local directory: /home/khoeflich/misc/jupyter-hpc-performance
[I 2021-05-29 07:04:18.767 ServerApp] Jupyter Server 1.8.0 is running at:
[I 2021-05-29 07:04:18.767 ServerApp] http://localhost:8888/lab?token=ee7eb7aeb900b0836bd8d38479daae8e9ee394914f8641fe
[I 2021-05-29 07:04:18.767 ServerApp]     http://127.0.0.1:8888/lab?token=ee7eb7aeb900b0836bd8d38479daae8e9ee394914f8641fe
[I 2021-05-29 07:04:18.767 ServerApp] Use Control-C to stop this server and shut down all kernels (twice to skip confirmation).
[C 2021-05-29 07:04:18.774 ServerApp] 
    
    To access the server, open this file in a browser:
        file:///home/khoeflich/.local/share/jupyter/runtime/jpserver-230436-open.html
    Or copy and paste one of these URLs:
        http://localhost:8888/lab?token=ee7eb7aeb900b0836bd8d38479daae8e9ee394914f8641fe
        http://127.0.0.1:8888/lab?token=ee7eb7aeb900b0836bd8d38479daae8e9ee394914f8641fe
[I 2021-05-29 07:05:18.828 ServerApp] No kernels or terminals for 60 seconds; shutting down.
[I 2021-05-29 07:05:18.836 ServerApp] Shutting down 0 kernels
[I 2021-05-29 07:05:18.837 ServerApp] Shutting down 0 terminals
2021-05-29_07:05:19_004205704
