scalc05
2021-05-28_19:00:00_741516347
[I 2021-05-28 19:00:02.359 ServerApp] jupyterlab | extension was successfully linked.
[I 2021-05-28 19:00:02.699 ServerApp] nbclassic | extension was successfully linked.
[I 2021-05-28 19:00:02.733 ServerApp] nbclassic | extension was successfully loaded.
[I 2021-05-28 19:00:02.734 LabApp] JupyterLab extension loaded from /miniconda3/lib/python3.9/site-packages/jupyterlab
[I 2021-05-28 19:00:02.734 LabApp] JupyterLab application directory is /miniconda3/share/jupyter/lab
[I 2021-05-28 19:00:02.737 ServerApp] jupyterlab | extension was successfully loaded.
[I 2021-05-28 19:00:02.737 ServerApp] Will shut down after 60 seconds with no kernels or terminals.
[I 2021-05-28 19:00:02.738 ServerApp] Serving notebooks from local directory: /home/khoeflich/misc/jupyter-hpc-performance
[I 2021-05-28 19:00:02.738 ServerApp] Jupyter Server 1.8.0 is running at:
[I 2021-05-28 19:00:02.738 ServerApp] http://localhost:8888/lab?token=467ac40be354b23b425bf61c72eb8932c631c1ab699b32d0
[I 2021-05-28 19:00:02.738 ServerApp]     http://127.0.0.1:8888/lab?token=467ac40be354b23b425bf61c72eb8932c631c1ab699b32d0
[I 2021-05-28 19:00:02.738 ServerApp] Use Control-C to stop this server and shut down all kernels (twice to skip confirmation).
[C 2021-05-28 19:00:02.746 ServerApp] 
    
    To access the server, open this file in a browser:
        file:///home/khoeflich/.local/share/jupyter/runtime/jpserver-114899-open.html
    Or copy and paste one of these URLs:
        http://localhost:8888/lab?token=467ac40be354b23b425bf61c72eb8932c631c1ab699b32d0
        http://127.0.0.1:8888/lab?token=467ac40be354b23b425bf61c72eb8932c631c1ab699b32d0
[I 2021-05-28 19:01:02.800 ServerApp] No kernels or terminals for 60 seconds; shutting down.
[I 2021-05-28 19:01:02.806 ServerApp] Shutting down 0 kernels
[I 2021-05-28 19:01:02.807 ServerApp] Shutting down 0 terminals
2021-05-28_19:01:02_963754180
