scalc05
2021-05-29_10:04:15_931105087
[I 2021-05-29 10:04:17.328 ServerApp] jupyterlab | extension was successfully linked.
[I 2021-05-29 10:04:17.656 ServerApp] nbclassic | extension was successfully linked.
[I 2021-05-29 10:04:17.689 ServerApp] nbclassic | extension was successfully loaded.
[I 2021-05-29 10:04:17.690 LabApp] JupyterLab extension loaded from /miniconda3/lib/python3.9/site-packages/jupyterlab
[I 2021-05-29 10:04:17.691 LabApp] JupyterLab application directory is /miniconda3/share/jupyter/lab
[I 2021-05-29 10:04:17.693 ServerApp] jupyterlab | extension was successfully loaded.
[I 2021-05-29 10:04:17.694 ServerApp] Will shut down after 60 seconds with no kernels or terminals.
[I 2021-05-29 10:04:17.695 ServerApp] Serving notebooks from local directory: /home/khoeflich/misc/jupyter-hpc-performance
[I 2021-05-29 10:04:17.695 ServerApp] Jupyter Server 1.8.0 is running at:
[I 2021-05-29 10:04:17.695 ServerApp] http://localhost:8888/lab?token=7844a20bde93b645664b876ae832571c76b7b406963cdad7
[I 2021-05-29 10:04:17.695 ServerApp]     http://127.0.0.1:8888/lab?token=7844a20bde93b645664b876ae832571c76b7b406963cdad7
[I 2021-05-29 10:04:17.695 ServerApp] Use Control-C to stop this server and shut down all kernels (twice to skip confirmation).
[C 2021-05-29 10:04:17.702 ServerApp] 
    
    To access the server, open this file in a browser:
        file:///home/khoeflich/.local/share/jupyter/runtime/jpserver-259092-open.html
    Or copy and paste one of these URLs:
        http://localhost:8888/lab?token=7844a20bde93b645664b876ae832571c76b7b406963cdad7
        http://127.0.0.1:8888/lab?token=7844a20bde93b645664b876ae832571c76b7b406963cdad7
[I 2021-05-29 10:05:17.756 ServerApp] No kernels or terminals for 60 seconds; shutting down.
[I 2021-05-29 10:05:17.763 ServerApp] Shutting down 0 kernels
[I 2021-05-29 10:05:17.763 ServerApp] Shutting down 0 terminals
2021-05-29_10:05:17_912088762
