scalc05
2021-05-29_14:04:18_109753771
[I 2021-05-29 14:04:19.531 ServerApp] jupyterlab | extension was successfully linked.
[I 2021-05-29 14:04:19.863 ServerApp] nbclassic | extension was successfully linked.
[I 2021-05-29 14:04:19.896 ServerApp] nbclassic | extension was successfully loaded.
[I 2021-05-29 14:04:19.897 LabApp] JupyterLab extension loaded from /miniconda3/lib/python3.9/site-packages/jupyterlab
[I 2021-05-29 14:04:19.897 LabApp] JupyterLab application directory is /miniconda3/share/jupyter/lab
[I 2021-05-29 14:04:19.900 ServerApp] jupyterlab | extension was successfully loaded.
[I 2021-05-29 14:04:19.900 ServerApp] Will shut down after 60 seconds with no kernels or terminals.
[I 2021-05-29 14:04:19.901 ServerApp] Serving notebooks from local directory: /home/khoeflich/misc/jupyter-hpc-performance
[I 2021-05-29 14:04:19.901 ServerApp] Jupyter Server 1.8.0 is running at:
[I 2021-05-29 14:04:19.901 ServerApp] http://localhost:8888/lab?token=9939836203ea83176b155053d51443cab5e97b22d5a0fdc8
[I 2021-05-29 14:04:19.901 ServerApp]     http://127.0.0.1:8888/lab?token=9939836203ea83176b155053d51443cab5e97b22d5a0fdc8
[I 2021-05-29 14:04:19.901 ServerApp] Use Control-C to stop this server and shut down all kernels (twice to skip confirmation).
[C 2021-05-29 14:04:19.908 ServerApp] 
    
    To access the server, open this file in a browser:
        file:///home/khoeflich/.local/share/jupyter/runtime/jpserver-297332-open.html
    Or copy and paste one of these URLs:
        http://localhost:8888/lab?token=9939836203ea83176b155053d51443cab5e97b22d5a0fdc8
        http://127.0.0.1:8888/lab?token=9939836203ea83176b155053d51443cab5e97b22d5a0fdc8
[I 2021-05-29 14:05:19.961 ServerApp] No kernels or terminals for 60 seconds; shutting down.
[I 2021-05-29 14:05:19.974 ServerApp] Shutting down 0 kernels
[I 2021-05-29 14:05:19.974 ServerApp] Shutting down 0 terminals
2021-05-29_14:05:20_141256510
