scalc05
2021-05-29_01:05:14_058657297
[I 2021-05-29 01:05:15.551 ServerApp] jupyterlab | extension was successfully linked.
[I 2021-05-29 01:05:15.887 ServerApp] nbclassic | extension was successfully linked.
[I 2021-05-29 01:05:15.921 ServerApp] nbclassic | extension was successfully loaded.
[I 2021-05-29 01:05:15.923 LabApp] JupyterLab extension loaded from /miniconda3/lib/python3.9/site-packages/jupyterlab
[I 2021-05-29 01:05:15.923 LabApp] JupyterLab application directory is /miniconda3/share/jupyter/lab
[I 2021-05-29 01:05:15.925 ServerApp] jupyterlab | extension was successfully loaded.
[I 2021-05-29 01:05:15.926 ServerApp] Will shut down after 60 seconds with no kernels or terminals.
[I 2021-05-29 01:05:15.927 ServerApp] Serving notebooks from local directory: /home/khoeflich/misc/jupyter-hpc-performance
[I 2021-05-29 01:05:15.927 ServerApp] Jupyter Server 1.8.0 is running at:
[I 2021-05-29 01:05:15.927 ServerApp] http://localhost:8888/lab?token=8dee5403240cfe99fc6713ed2f8a0fd4dd3376abfb4531b1
[I 2021-05-29 01:05:15.927 ServerApp]     http://127.0.0.1:8888/lab?token=8dee5403240cfe99fc6713ed2f8a0fd4dd3376abfb4531b1
[I 2021-05-29 01:05:15.927 ServerApp] Use Control-C to stop this server and shut down all kernels (twice to skip confirmation).
[C 2021-05-29 01:05:15.933 ServerApp] 
    
    To access the server, open this file in a browser:
        file:///home/khoeflich/.local/share/jupyter/runtime/jpserver-173231-open.html
    Or copy and paste one of these URLs:
        http://localhost:8888/lab?token=8dee5403240cfe99fc6713ed2f8a0fd4dd3376abfb4531b1
        http://127.0.0.1:8888/lab?token=8dee5403240cfe99fc6713ed2f8a0fd4dd3376abfb4531b1
[I 2021-05-29 01:06:15.988 ServerApp] No kernels or terminals for 60 seconds; shutting down.
[I 2021-05-29 01:06:15.998 ServerApp] Shutting down 0 kernels
[I 2021-05-29 01:06:15.998 ServerApp] Shutting down 0 terminals
2021-05-29_01:06:16_154866647
