scalc05
2021-05-29_11:04:18_016184559
[I 2021-05-29 11:04:19.414 ServerApp] jupyterlab | extension was successfully linked.
[I 2021-05-29 11:04:19.752 ServerApp] nbclassic | extension was successfully linked.
[I 2021-05-29 11:04:19.785 ServerApp] nbclassic | extension was successfully loaded.
[I 2021-05-29 11:04:19.786 LabApp] JupyterLab extension loaded from /miniconda3/lib/python3.9/site-packages/jupyterlab
[I 2021-05-29 11:04:19.786 LabApp] JupyterLab application directory is /miniconda3/share/jupyter/lab
[I 2021-05-29 11:04:19.789 ServerApp] jupyterlab | extension was successfully loaded.
[I 2021-05-29 11:04:19.789 ServerApp] Will shut down after 60 seconds with no kernels or terminals.
[I 2021-05-29 11:04:19.791 ServerApp] Serving notebooks from local directory: /home/khoeflich/misc/jupyter-hpc-performance
[I 2021-05-29 11:04:19.791 ServerApp] Jupyter Server 1.8.0 is running at:
[I 2021-05-29 11:04:19.791 ServerApp] http://localhost:8888/lab?token=0703b6772278a5fddf15e196ff9e37953688dce49d8d8048
[I 2021-05-29 11:04:19.791 ServerApp]     http://127.0.0.1:8888/lab?token=0703b6772278a5fddf15e196ff9e37953688dce49d8d8048
[I 2021-05-29 11:04:19.791 ServerApp] Use Control-C to stop this server and shut down all kernels (twice to skip confirmation).
[C 2021-05-29 11:04:19.797 ServerApp] 
    
    To access the server, open this file in a browser:
        file:///home/khoeflich/.local/share/jupyter/runtime/jpserver-268668-open.html
    Or copy and paste one of these URLs:
        http://localhost:8888/lab?token=0703b6772278a5fddf15e196ff9e37953688dce49d8d8048
        http://127.0.0.1:8888/lab?token=0703b6772278a5fddf15e196ff9e37953688dce49d8d8048
[I 2021-05-29 11:05:19.851 ServerApp] No kernels or terminals for 60 seconds; shutting down.
[I 2021-05-29 11:05:19.858 ServerApp] Shutting down 0 kernels
[I 2021-05-29 11:05:19.858 ServerApp] Shutting down 0 terminals
2021-05-29_11:05:20_015112327
