scalc05
2021-05-29_09:00:00_434677307
[I 2021-05-29 09:00:01.933 ServerApp] jupyterlab | extension was successfully linked.
[I 2021-05-29 09:00:02.265 ServerApp] nbclassic | extension was successfully linked.
[I 2021-05-29 09:00:02.300 ServerApp] nbclassic | extension was successfully loaded.
[I 2021-05-29 09:00:02.301 LabApp] JupyterLab extension loaded from /miniconda3/lib/python3.9/site-packages/jupyterlab
[I 2021-05-29 09:00:02.301 LabApp] JupyterLab application directory is /miniconda3/share/jupyter/lab
[I 2021-05-29 09:00:02.304 ServerApp] jupyterlab | extension was successfully loaded.
[I 2021-05-29 09:00:02.304 ServerApp] Will shut down after 60 seconds with no kernels or terminals.
[I 2021-05-29 09:00:02.305 ServerApp] Serving notebooks from local directory: /home/khoeflich/misc/jupyter-hpc-performance
[I 2021-05-29 09:00:02.305 ServerApp] Jupyter Server 1.8.0 is running at:
[I 2021-05-29 09:00:02.305 ServerApp] http://localhost:8888/lab?token=c4a545282f1a1dc685d093af3c9548d87c34f3d31abce4f5
[I 2021-05-29 09:00:02.305 ServerApp]     http://127.0.0.1:8888/lab?token=c4a545282f1a1dc685d093af3c9548d87c34f3d31abce4f5
[I 2021-05-29 09:00:02.305 ServerApp] Use Control-C to stop this server and shut down all kernels (twice to skip confirmation).
[C 2021-05-29 09:00:02.311 ServerApp] 
    
    To access the server, open this file in a browser:
        file:///home/khoeflich/.local/share/jupyter/runtime/jpserver-248720-open.html
    Or copy and paste one of these URLs:
        http://localhost:8888/lab?token=c4a545282f1a1dc685d093af3c9548d87c34f3d31abce4f5
        http://127.0.0.1:8888/lab?token=c4a545282f1a1dc685d093af3c9548d87c34f3d31abce4f5
[I 2021-05-29 09:01:02.366 ServerApp] No kernels or terminals for 60 seconds; shutting down.
[I 2021-05-29 09:01:02.372 ServerApp] Shutting down 0 kernels
[I 2021-05-29 09:01:02.373 ServerApp] Shutting down 0 terminals
2021-05-29_09:01:02_524722053
