scalc05
2021-05-29_12:00:00_040090933
[I 2021-05-29 12:00:01.599 ServerApp] jupyterlab | extension was successfully linked.
[I 2021-05-29 12:00:01.941 ServerApp] nbclassic | extension was successfully linked.
[I 2021-05-29 12:00:01.974 ServerApp] nbclassic | extension was successfully loaded.
[I 2021-05-29 12:00:01.975 LabApp] JupyterLab extension loaded from /miniconda3/lib/python3.9/site-packages/jupyterlab
[I 2021-05-29 12:00:01.975 LabApp] JupyterLab application directory is /miniconda3/share/jupyter/lab
[I 2021-05-29 12:00:01.978 ServerApp] jupyterlab | extension was successfully loaded.
[I 2021-05-29 12:00:01.978 ServerApp] Will shut down after 60 seconds with no kernels or terminals.
[I 2021-05-29 12:00:01.980 ServerApp] Serving notebooks from local directory: /home/khoeflich/misc/jupyter-hpc-performance
[I 2021-05-29 12:00:01.980 ServerApp] Jupyter Server 1.8.0 is running at:
[I 2021-05-29 12:00:01.980 ServerApp] http://localhost:8888/lab?token=733b027222820c553c0e0871ffad9e0d756016ddd857a4b4
[I 2021-05-29 12:00:01.980 ServerApp]     http://127.0.0.1:8888/lab?token=733b027222820c553c0e0871ffad9e0d756016ddd857a4b4
[I 2021-05-29 12:00:01.980 ServerApp] Use Control-C to stop this server and shut down all kernels (twice to skip confirmation).
[C 2021-05-29 12:00:01.995 ServerApp] 
    
    To access the server, open this file in a browser:
        file:///home/khoeflich/.local/share/jupyter/runtime/jpserver-277387-open.html
    Or copy and paste one of these URLs:
        http://localhost:8888/lab?token=733b027222820c553c0e0871ffad9e0d756016ddd857a4b4
        http://127.0.0.1:8888/lab?token=733b027222820c553c0e0871ffad9e0d756016ddd857a4b4
[I 2021-05-29 12:01:02.040 ServerApp] No kernels or terminals for 60 seconds; shutting down.
[I 2021-05-29 12:01:02.047 ServerApp] Shutting down 0 kernels
[I 2021-05-29 12:01:02.048 ServerApp] Shutting down 0 terminals
2021-05-29_12:01:02_201763970
