scalc05
2021-05-29_13:01:03_158044990
[I 2021-05-29 13:01:13.411 ServerApp] jupyterlab | extension was successfully linked.
[I 2021-05-29 13:01:13.763 ServerApp] nbclassic | extension was successfully linked.
[I 2021-05-29 13:01:14.094 ServerApp] nbclassic | extension was successfully loaded.
[I 2021-05-29 13:01:14.095 LabApp] JupyterLab extension loaded from /miniconda3/lib/python3.9/site-packages/jupyterlab
[I 2021-05-29 13:01:14.095 LabApp] JupyterLab application directory is /miniconda3/share/jupyter/lab
[I 2021-05-29 13:01:14.098 ServerApp] jupyterlab | extension was successfully loaded.
[I 2021-05-29 13:01:14.099 ServerApp] Will shut down after 60 seconds with no kernels or terminals.
[I 2021-05-29 13:01:14.100 ServerApp] Serving notebooks from local directory: /home/khoeflich/misc/jupyter-hpc-performance
[I 2021-05-29 13:01:14.100 ServerApp] Jupyter Server 1.8.0 is running at:
[I 2021-05-29 13:01:14.100 ServerApp] http://localhost:8888/lab?token=8128e1864e7193d68e5d22a615eb07943295f29cff1bd916
[I 2021-05-29 13:01:14.100 ServerApp]     http://127.0.0.1:8888/lab?token=8128e1864e7193d68e5d22a615eb07943295f29cff1bd916
[I 2021-05-29 13:01:14.100 ServerApp] Use Control-C to stop this server and shut down all kernels (twice to skip confirmation).
[C 2021-05-29 13:01:14.107 ServerApp] 
    
    To access the server, open this file in a browser:
        file:///home/khoeflich/.local/share/jupyter/runtime/jpserver-287187-open.html
    Or copy and paste one of these URLs:
        http://localhost:8888/lab?token=8128e1864e7193d68e5d22a615eb07943295f29cff1bd916
        http://127.0.0.1:8888/lab?token=8128e1864e7193d68e5d22a615eb07943295f29cff1bd916
[I 2021-05-29 13:02:14.161 ServerApp] No kernels or terminals for 60 seconds; shutting down.
[I 2021-05-29 13:02:14.168 ServerApp] Shutting down 0 kernels
[I 2021-05-29 13:02:14.169 ServerApp] Shutting down 0 terminals
2021-05-29_13:02:14_330172351
