scalc05
2021-05-29_08:01:02_233294972
[I 2021-05-29 08:01:08.177 ServerApp] jupyterlab | extension was successfully linked.
[I 2021-05-29 08:01:08.546 ServerApp] nbclassic | extension was successfully linked.
[I 2021-05-29 08:01:08.664 ServerApp] nbclassic | extension was successfully loaded.
[I 2021-05-29 08:01:08.665 LabApp] JupyterLab extension loaded from /miniconda3/lib/python3.9/site-packages/jupyterlab
[I 2021-05-29 08:01:08.665 LabApp] JupyterLab application directory is /miniconda3/share/jupyter/lab
[I 2021-05-29 08:01:08.668 ServerApp] jupyterlab | extension was successfully loaded.
[I 2021-05-29 08:01:08.668 ServerApp] Will shut down after 60 seconds with no kernels or terminals.
[I 2021-05-29 08:01:08.670 ServerApp] Serving notebooks from local directory: /home/khoeflich/misc/jupyter-hpc-performance
[I 2021-05-29 08:01:08.670 ServerApp] Jupyter Server 1.8.0 is running at:
[I 2021-05-29 08:01:08.670 ServerApp] http://localhost:8888/lab?token=cbf5d3e87ae15d38837768bf65844370309aa5455895682e
[I 2021-05-29 08:01:08.670 ServerApp]     http://127.0.0.1:8888/lab?token=cbf5d3e87ae15d38837768bf65844370309aa5455895682e
[I 2021-05-29 08:01:08.670 ServerApp] Use Control-C to stop this server and shut down all kernels (twice to skip confirmation).
[C 2021-05-29 08:01:08.676 ServerApp] 
    
    To access the server, open this file in a browser:
        file:///home/khoeflich/.local/share/jupyter/runtime/jpserver-239374-open.html
    Or copy and paste one of these URLs:
        http://localhost:8888/lab?token=cbf5d3e87ae15d38837768bf65844370309aa5455895682e
        http://127.0.0.1:8888/lab?token=cbf5d3e87ae15d38837768bf65844370309aa5455895682e
[I 2021-05-29 08:02:08.731 ServerApp] No kernels or terminals for 60 seconds; shutting down.
[I 2021-05-29 08:02:08.739 ServerApp] Shutting down 0 kernels
[I 2021-05-29 08:02:08.739 ServerApp] Shutting down 0 terminals
2021-05-29_08:02:08_888782514
