scalc05
2021-05-29_06:00:00_413031907
[I 2021-05-29 06:00:01.997 ServerApp] jupyterlab | extension was successfully linked.
[I 2021-05-29 06:00:02.335 ServerApp] nbclassic | extension was successfully linked.
[I 2021-05-29 06:00:02.368 ServerApp] nbclassic | extension was successfully loaded.
[I 2021-05-29 06:00:02.369 LabApp] JupyterLab extension loaded from /miniconda3/lib/python3.9/site-packages/jupyterlab
[I 2021-05-29 06:00:02.369 LabApp] JupyterLab application directory is /miniconda3/share/jupyter/lab
[I 2021-05-29 06:00:02.372 ServerApp] jupyterlab | extension was successfully loaded.
[I 2021-05-29 06:00:02.373 ServerApp] Will shut down after 60 seconds with no kernels or terminals.
[I 2021-05-29 06:00:02.374 ServerApp] Serving notebooks from local directory: /home/khoeflich/misc/jupyter-hpc-performance
[I 2021-05-29 06:00:02.374 ServerApp] Jupyter Server 1.8.0 is running at:
[I 2021-05-29 06:00:02.374 ServerApp] http://localhost:8888/lab?token=d325aa3ba7e8595cfe4a1dd1452137fa966eaaaafe14bd39
[I 2021-05-29 06:00:02.374 ServerApp]     http://127.0.0.1:8888/lab?token=d325aa3ba7e8595cfe4a1dd1452137fa966eaaaafe14bd39
[I 2021-05-29 06:00:02.374 ServerApp] Use Control-C to stop this server and shut down all kernels (twice to skip confirmation).
[C 2021-05-29 06:00:02.381 ServerApp] 
    
    To access the server, open this file in a browser:
        file:///home/khoeflich/.local/share/jupyter/runtime/jpserver-220055-open.html
    Or copy and paste one of these URLs:
        http://localhost:8888/lab?token=d325aa3ba7e8595cfe4a1dd1452137fa966eaaaafe14bd39
        http://127.0.0.1:8888/lab?token=d325aa3ba7e8595cfe4a1dd1452137fa966eaaaafe14bd39
[I 2021-05-29 06:01:02.435 ServerApp] No kernels or terminals for 60 seconds; shutting down.
[I 2021-05-29 06:01:02.441 ServerApp] Shutting down 0 kernels
[I 2021-05-29 06:01:02.442 ServerApp] Shutting down 0 terminals
2021-05-29_06:01:02_598559388
