scalc05
2021-05-29_03:00:00_186116176
[I 2021-05-29 03:00:01.765 ServerApp] jupyterlab | extension was successfully linked.
[I 2021-05-29 03:00:02.099 ServerApp] nbclassic | extension was successfully linked.
[I 2021-05-29 03:00:02.132 ServerApp] nbclassic | extension was successfully loaded.
[I 2021-05-29 03:00:02.133 LabApp] JupyterLab extension loaded from /miniconda3/lib/python3.9/site-packages/jupyterlab
[I 2021-05-29 03:00:02.133 LabApp] JupyterLab application directory is /miniconda3/share/jupyter/lab
[I 2021-05-29 03:00:02.136 ServerApp] jupyterlab | extension was successfully loaded.
[I 2021-05-29 03:00:02.137 ServerApp] Will shut down after 60 seconds with no kernels or terminals.
[I 2021-05-29 03:00:02.138 ServerApp] Serving notebooks from local directory: /home/khoeflich/misc/jupyter-hpc-performance
[I 2021-05-29 03:00:02.138 ServerApp] Jupyter Server 1.8.0 is running at:
[I 2021-05-29 03:00:02.138 ServerApp] http://localhost:8888/lab?token=9fee80cf72ce8496fa574bf327bb49dfe15625812d0018a8
[I 2021-05-29 03:00:02.138 ServerApp]     http://127.0.0.1:8888/lab?token=9fee80cf72ce8496fa574bf327bb49dfe15625812d0018a8
[I 2021-05-29 03:00:02.138 ServerApp] Use Control-C to stop this server and shut down all kernels (twice to skip confirmation).
[C 2021-05-29 03:00:02.146 ServerApp] 
    
    To access the server, open this file in a browser:
        file:///home/khoeflich/.local/share/jupyter/runtime/jpserver-191348-open.html
    Or copy and paste one of these URLs:
        http://localhost:8888/lab?token=9fee80cf72ce8496fa574bf327bb49dfe15625812d0018a8
        http://127.0.0.1:8888/lab?token=9fee80cf72ce8496fa574bf327bb49dfe15625812d0018a8
[I 2021-05-29 03:01:02.146 ServerApp] No kernels or terminals for 60 seconds; shutting down.
[I 2021-05-29 03:01:02.154 ServerApp] Shutting down 0 kernels
[I 2021-05-29 03:01:02.155 ServerApp] Shutting down 0 terminals
2021-05-29_03:01:02_307064727
