scalc05
2021-05-28_22:00:00_672432692
[I 2021-05-28 22:00:02.196 ServerApp] jupyterlab | extension was successfully linked.
[I 2021-05-28 22:00:02.525 ServerApp] nbclassic | extension was successfully linked.
[I 2021-05-28 22:00:02.559 ServerApp] nbclassic | extension was successfully loaded.
[I 2021-05-28 22:00:02.560 LabApp] JupyterLab extension loaded from /miniconda3/lib/python3.9/site-packages/jupyterlab
[I 2021-05-28 22:00:02.560 LabApp] JupyterLab application directory is /miniconda3/share/jupyter/lab
[I 2021-05-28 22:00:02.563 ServerApp] jupyterlab | extension was successfully loaded.
[I 2021-05-28 22:00:02.564 ServerApp] Will shut down after 60 seconds with no kernels or terminals.
[I 2021-05-28 22:00:02.565 ServerApp] Serving notebooks from local directory: /home/khoeflich/misc/jupyter-hpc-performance
[I 2021-05-28 22:00:02.565 ServerApp] Jupyter Server 1.8.0 is running at:
[I 2021-05-28 22:00:02.565 ServerApp] http://localhost:8888/lab?token=4fd0142c85788e2e99cd713ec808ee3a17d881e79b377cb5
[I 2021-05-28 22:00:02.565 ServerApp]     http://127.0.0.1:8888/lab?token=4fd0142c85788e2e99cd713ec808ee3a17d881e79b377cb5
[I 2021-05-28 22:00:02.565 ServerApp] Use Control-C to stop this server and shut down all kernels (twice to skip confirmation).
[C 2021-05-28 22:00:02.573 ServerApp] 
    
    To access the server, open this file in a browser:
        file:///home/khoeflich/.local/share/jupyter/runtime/jpserver-143559-open.html
    Or copy and paste one of these URLs:
        http://localhost:8888/lab?token=4fd0142c85788e2e99cd713ec808ee3a17d881e79b377cb5
        http://127.0.0.1:8888/lab?token=4fd0142c85788e2e99cd713ec808ee3a17d881e79b377cb5
[I 2021-05-28 22:01:02.626 ServerApp] No kernels or terminals for 60 seconds; shutting down.
[I 2021-05-28 22:01:02.633 ServerApp] Shutting down 0 kernels
[I 2021-05-28 22:01:02.634 ServerApp] Shutting down 0 terminals
2021-05-28_22:01:02_785610948
