scalc05
2021-05-28_21:01:02_633273548
[I 2021-05-28 21:01:04.082 ServerApp] jupyterlab | extension was successfully linked.
[I 2021-05-28 21:01:04.420 ServerApp] nbclassic | extension was successfully linked.
[I 2021-05-28 21:01:04.454 ServerApp] nbclassic | extension was successfully loaded.
[I 2021-05-28 21:01:04.456 LabApp] JupyterLab extension loaded from /miniconda3/lib/python3.9/site-packages/jupyterlab
[I 2021-05-28 21:01:04.456 LabApp] JupyterLab application directory is /miniconda3/share/jupyter/lab
[I 2021-05-28 21:01:04.459 ServerApp] jupyterlab | extension was successfully loaded.
[I 2021-05-28 21:01:04.459 ServerApp] Will shut down after 60 seconds with no kernels or terminals.
[I 2021-05-28 21:01:04.460 ServerApp] Serving notebooks from local directory: /home/khoeflich/misc/jupyter-hpc-performance
[I 2021-05-28 21:01:04.460 ServerApp] Jupyter Server 1.8.0 is running at:
[I 2021-05-28 21:01:04.460 ServerApp] http://localhost:8888/lab?token=2c061ce14f3c0e94af4a5eb0a45e0338df415d5e119ff7ab
[I 2021-05-28 21:01:04.460 ServerApp]     http://127.0.0.1:8888/lab?token=2c061ce14f3c0e94af4a5eb0a45e0338df415d5e119ff7ab
[I 2021-05-28 21:01:04.460 ServerApp] Use Control-C to stop this server and shut down all kernels (twice to skip confirmation).
[C 2021-05-28 21:01:04.467 ServerApp] 
    
    To access the server, open this file in a browser:
        file:///home/khoeflich/.local/share/jupyter/runtime/jpserver-134251-open.html
    Or copy and paste one of these URLs:
        http://localhost:8888/lab?token=2c061ce14f3c0e94af4a5eb0a45e0338df415d5e119ff7ab
        http://127.0.0.1:8888/lab?token=2c061ce14f3c0e94af4a5eb0a45e0338df415d5e119ff7ab
[I 2021-05-28 21:02:04.521 ServerApp] No kernels or terminals for 60 seconds; shutting down.
[I 2021-05-28 21:02:04.528 ServerApp] Shutting down 0 kernels
[I 2021-05-28 21:02:04.529 ServerApp] Shutting down 0 terminals
2021-05-28_21:02:04_673486778
