scalc05
2021-05-29_05:01:02_756350638
[I 2021-05-29 05:01:07.995 ServerApp] jupyterlab | extension was successfully linked.
[I 2021-05-29 05:01:08.343 ServerApp] nbclassic | extension was successfully linked.
[I 2021-05-29 05:01:08.415 ServerApp] nbclassic | extension was successfully loaded.
[I 2021-05-29 05:01:08.416 LabApp] JupyterLab extension loaded from /miniconda3/lib/python3.9/site-packages/jupyterlab
[I 2021-05-29 05:01:08.416 LabApp] JupyterLab application directory is /miniconda3/share/jupyter/lab
[I 2021-05-29 05:01:08.419 ServerApp] jupyterlab | extension was successfully loaded.
[I 2021-05-29 05:01:08.419 ServerApp] Will shut down after 60 seconds with no kernels or terminals.
[I 2021-05-29 05:01:08.420 ServerApp] Serving notebooks from local directory: /home/khoeflich/misc/jupyter-hpc-performance
[I 2021-05-29 05:01:08.420 ServerApp] Jupyter Server 1.8.0 is running at:
[I 2021-05-29 05:01:08.420 ServerApp] http://localhost:8888/lab?token=402a51d8f63df41a31e31ceb4e4de94221ac437fe5df5667
[I 2021-05-29 05:01:08.421 ServerApp]     http://127.0.0.1:8888/lab?token=402a51d8f63df41a31e31ceb4e4de94221ac437fe5df5667
[I 2021-05-29 05:01:08.421 ServerApp] Use Control-C to stop this server and shut down all kernels (twice to skip confirmation).
[C 2021-05-29 05:01:08.429 ServerApp] 
    
    To access the server, open this file in a browser:
        file:///home/khoeflich/.local/share/jupyter/runtime/jpserver-210718-open.html
    Or copy and paste one of these URLs:
        http://localhost:8888/lab?token=402a51d8f63df41a31e31ceb4e4de94221ac437fe5df5667
        http://127.0.0.1:8888/lab?token=402a51d8f63df41a31e31ceb4e4de94221ac437fe5df5667
[I 2021-05-29 05:02:08.481 ServerApp] No kernels or terminals for 60 seconds; shutting down.
[I 2021-05-29 05:02:08.487 ServerApp] Shutting down 0 kernels
[I 2021-05-29 05:02:08.488 ServerApp] Shutting down 0 terminals
2021-05-29_05:02:08_648947951
