scalc05
2021-05-29_04:00:00_785847501
[I 2021-05-29 04:00:02.376 ServerApp] jupyterlab | extension was successfully linked.
[I 2021-05-29 04:00:02.709 ServerApp] nbclassic | extension was successfully linked.
[I 2021-05-29 04:00:02.742 ServerApp] nbclassic | extension was successfully loaded.
[I 2021-05-29 04:00:02.743 LabApp] JupyterLab extension loaded from /miniconda3/lib/python3.9/site-packages/jupyterlab
[I 2021-05-29 04:00:02.743 LabApp] JupyterLab application directory is /miniconda3/share/jupyter/lab
[I 2021-05-29 04:00:02.746 ServerApp] jupyterlab | extension was successfully loaded.
[I 2021-05-29 04:00:02.747 ServerApp] Will shut down after 60 seconds with no kernels or terminals.
[I 2021-05-29 04:00:02.748 ServerApp] Serving notebooks from local directory: /home/khoeflich/misc/jupyter-hpc-performance
[I 2021-05-29 04:00:02.748 ServerApp] Jupyter Server 1.8.0 is running at:
[I 2021-05-29 04:00:02.748 ServerApp] http://localhost:8888/lab?token=6d1831c074a4925622fb847584b9026fea0bfecbcf4f129c
[I 2021-05-29 04:00:02.748 ServerApp]     http://127.0.0.1:8888/lab?token=6d1831c074a4925622fb847584b9026fea0bfecbcf4f129c
[I 2021-05-29 04:00:02.748 ServerApp] Use Control-C to stop this server and shut down all kernels (twice to skip confirmation).
[C 2021-05-29 04:00:02.755 ServerApp] 
    
    To access the server, open this file in a browser:
        file:///home/khoeflich/.local/share/jupyter/runtime/jpserver-200927-open.html
    Or copy and paste one of these URLs:
        http://localhost:8888/lab?token=6d1831c074a4925622fb847584b9026fea0bfecbcf4f129c
        http://127.0.0.1:8888/lab?token=6d1831c074a4925622fb847584b9026fea0bfecbcf4f129c
[I 2021-05-29 04:01:02.809 ServerApp] No kernels or terminals for 60 seconds; shutting down.
[I 2021-05-29 04:01:02.817 ServerApp] Shutting down 0 kernels
[I 2021-05-29 04:01:02.818 ServerApp] Shutting down 0 terminals
2021-05-29_04:01:02_977109204
