scalc05
2021-05-28_23:01:02_346585506
[I 2021-05-28 23:01:08.277 ServerApp] jupyterlab | extension was successfully linked.
[I 2021-05-28 23:01:08.625 ServerApp] nbclassic | extension was successfully linked.
[I 2021-05-28 23:01:08.707 ServerApp] nbclassic | extension was successfully loaded.
[I 2021-05-28 23:01:08.708 LabApp] JupyterLab extension loaded from /miniconda3/lib/python3.9/site-packages/jupyterlab
[I 2021-05-28 23:01:08.708 LabApp] JupyterLab application directory is /miniconda3/share/jupyter/lab
[I 2021-05-28 23:01:08.711 ServerApp] jupyterlab | extension was successfully loaded.
[I 2021-05-28 23:01:08.711 ServerApp] Will shut down after 60 seconds with no kernels or terminals.
[I 2021-05-28 23:01:08.712 ServerApp] Serving notebooks from local directory: /home/khoeflich/misc/jupyter-hpc-performance
[I 2021-05-28 23:01:08.713 ServerApp] Jupyter Server 1.8.0 is running at:
[I 2021-05-28 23:01:08.713 ServerApp] http://localhost:8888/lab?token=afe8f4968c3f2e0b00b6c389c492196cd24c8bf15bcb04d4
[I 2021-05-28 23:01:08.713 ServerApp]     http://127.0.0.1:8888/lab?token=afe8f4968c3f2e0b00b6c389c492196cd24c8bf15bcb04d4
[I 2021-05-28 23:01:08.713 ServerApp] Use Control-C to stop this server and shut down all kernels (twice to skip confirmation).
[C 2021-05-28 23:01:08.719 ServerApp] 
    
    To access the server, open this file in a browser:
        file:///home/khoeflich/.local/share/jupyter/runtime/jpserver-153358-open.html
    Or copy and paste one of these URLs:
        http://localhost:8888/lab?token=afe8f4968c3f2e0b00b6c389c492196cd24c8bf15bcb04d4
        http://127.0.0.1:8888/lab?token=afe8f4968c3f2e0b00b6c389c492196cd24c8bf15bcb04d4
[I 2021-05-28 23:02:08.774 ServerApp] No kernels or terminals for 60 seconds; shutting down.
[I 2021-05-28 23:02:08.780 ServerApp] Shutting down 0 kernels
[I 2021-05-28 23:02:08.780 ServerApp] Shutting down 0 terminals
2021-05-28_23:02:08_928125404
