scalc05
2021-05-29_06:04:17_188828822
[I 2021-05-29 06:04:18.583 ServerApp] jupyterlab | extension was successfully linked.
[I 2021-05-29 06:04:18.913 ServerApp] nbclassic | extension was successfully linked.
[I 2021-05-29 06:04:18.946 ServerApp] nbclassic | extension was successfully loaded.
[I 2021-05-29 06:04:18.948 LabApp] JupyterLab extension loaded from /miniconda3/lib/python3.9/site-packages/jupyterlab
[I 2021-05-29 06:04:18.948 LabApp] JupyterLab application directory is /miniconda3/share/jupyter/lab
[I 2021-05-29 06:04:18.950 ServerApp] jupyterlab | extension was successfully loaded.
[I 2021-05-29 06:04:18.951 ServerApp] Will shut down after 60 seconds with no kernels or terminals.
[I 2021-05-29 06:04:18.952 ServerApp] Serving notebooks from local directory: /home/khoeflich/misc/jupyter-hpc-performance
[I 2021-05-29 06:04:18.952 ServerApp] Jupyter Server 1.8.0 is running at:
[I 2021-05-29 06:04:18.952 ServerApp] http://localhost:8888/lab?token=a132af1ab6058c30eb3e85df1b1d2d87df44ef096b9b752d
[I 2021-05-29 06:04:18.952 ServerApp]     http://127.0.0.1:8888/lab?token=a132af1ab6058c30eb3e85df1b1d2d87df44ef096b9b752d
[I 2021-05-29 06:04:18.952 ServerApp] Use Control-C to stop this server and shut down all kernels (twice to skip confirmation).
[C 2021-05-29 06:04:18.959 ServerApp] 
    
    To access the server, open this file in a browser:
        file:///home/khoeflich/.local/share/jupyter/runtime/jpserver-220858-open.html
    Or copy and paste one of these URLs:
        http://localhost:8888/lab?token=a132af1ab6058c30eb3e85df1b1d2d87df44ef096b9b752d
        http://127.0.0.1:8888/lab?token=a132af1ab6058c30eb3e85df1b1d2d87df44ef096b9b752d
[I 2021-05-29 06:05:18.988 ServerApp] No kernels or terminals for 60 seconds; shutting down.
[I 2021-05-29 06:05:18.994 ServerApp] Shutting down 0 kernels
[I 2021-05-29 06:05:18.995 ServerApp] Shutting down 0 terminals
2021-05-29_06:05:19_154669107
