scalc05
2021-05-28_23:05:07_414819051
[I 2021-05-28 23:05:08.904 ServerApp] jupyterlab | extension was successfully linked.
[I 2021-05-28 23:05:09.230 ServerApp] nbclassic | extension was successfully linked.
[I 2021-05-28 23:05:09.274 ServerApp] nbclassic | extension was successfully loaded.
[I 2021-05-28 23:05:09.275 LabApp] JupyterLab extension loaded from /miniconda3/lib/python3.9/site-packages/jupyterlab
[I 2021-05-28 23:05:09.275 LabApp] JupyterLab application directory is /miniconda3/share/jupyter/lab
[I 2021-05-28 23:05:09.278 ServerApp] jupyterlab | extension was successfully loaded.
[I 2021-05-28 23:05:09.278 ServerApp] Will shut down after 60 seconds with no kernels or terminals.
[I 2021-05-28 23:05:09.279 ServerApp] Serving notebooks from local directory: /home/khoeflich/misc/jupyter-hpc-performance
[I 2021-05-28 23:05:09.279 ServerApp] Jupyter Server 1.8.0 is running at:
[I 2021-05-28 23:05:09.279 ServerApp] http://localhost:8888/lab?token=3e0ca511280a11d09916266a388185f082fd0a15f5a3459b
[I 2021-05-28 23:05:09.279 ServerApp]     http://127.0.0.1:8888/lab?token=3e0ca511280a11d09916266a388185f082fd0a15f5a3459b
[I 2021-05-28 23:05:09.279 ServerApp] Use Control-C to stop this server and shut down all kernels (twice to skip confirmation).
[C 2021-05-28 23:05:09.286 ServerApp] 
    
    To access the server, open this file in a browser:
        file:///home/khoeflich/.local/share/jupyter/runtime/jpserver-154093-open.html
    Or copy and paste one of these URLs:
        http://localhost:8888/lab?token=3e0ca511280a11d09916266a388185f082fd0a15f5a3459b
        http://127.0.0.1:8888/lab?token=3e0ca511280a11d09916266a388185f082fd0a15f5a3459b
[I 2021-05-28 23:06:09.340 ServerApp] No kernels or terminals for 60 seconds; shutting down.
[I 2021-05-28 23:06:09.349 ServerApp] Shutting down 0 kernels
[I 2021-05-28 23:06:09.350 ServerApp] Shutting down 0 terminals
2021-05-28_23:06:09_511707903
