scalc05
2021-05-28_20:01:02_326215219
[I 2021-05-28 20:01:03.800 ServerApp] jupyterlab | extension was successfully linked.
[I 2021-05-28 20:01:04.141 ServerApp] nbclassic | extension was successfully linked.
[I 2021-05-28 20:01:04.175 ServerApp] nbclassic | extension was successfully loaded.
[I 2021-05-28 20:01:04.176 LabApp] JupyterLab extension loaded from /miniconda3/lib/python3.9/site-packages/jupyterlab
[I 2021-05-28 20:01:04.176 LabApp] JupyterLab application directory is /miniconda3/share/jupyter/lab
[I 2021-05-28 20:01:04.179 ServerApp] jupyterlab | extension was successfully loaded.
[I 2021-05-28 20:01:04.179 ServerApp] Will shut down after 60 seconds with no kernels or terminals.
[I 2021-05-28 20:01:04.180 ServerApp] Serving notebooks from local directory: /home/khoeflich/misc/jupyter-hpc-performance
[I 2021-05-28 20:01:04.180 ServerApp] Jupyter Server 1.8.0 is running at:
[I 2021-05-28 20:01:04.180 ServerApp] http://localhost:8888/lab?token=179e068d3897b071e58c41761270cf844b5db7e0513b5bcf
[I 2021-05-28 20:01:04.180 ServerApp]     http://127.0.0.1:8888/lab?token=179e068d3897b071e58c41761270cf844b5db7e0513b5bcf
[I 2021-05-28 20:01:04.180 ServerApp] Use Control-C to stop this server and shut down all kernels (twice to skip confirmation).
[C 2021-05-28 20:01:04.187 ServerApp] 
    
    To access the server, open this file in a browser:
        file:///home/khoeflich/.local/share/jupyter/runtime/jpserver-124684-open.html
    Or copy and paste one of these URLs:
        http://localhost:8888/lab?token=179e068d3897b071e58c41761270cf844b5db7e0513b5bcf
        http://127.0.0.1:8888/lab?token=179e068d3897b071e58c41761270cf844b5db7e0513b5bcf
[I 2021-05-28 20:02:04.241 ServerApp] No kernels or terminals for 60 seconds; shutting down.
[I 2021-05-28 20:02:04.247 ServerApp] Shutting down 0 kernels
[I 2021-05-28 20:02:04.248 ServerApp] Shutting down 0 terminals
2021-05-28_20:02:04_416622456
