scalc05
2021-05-28_18:00:00_629234156
[I 2021-05-28 18:00:02.157 ServerApp] jupyterlab | extension was successfully linked.
[I 2021-05-28 18:00:02.480 ServerApp] nbclassic | extension was successfully linked.
[I 2021-05-28 18:00:02.512 ServerApp] nbclassic | extension was successfully loaded.
[I 2021-05-28 18:00:02.513 LabApp] JupyterLab extension loaded from /miniconda3/lib/python3.9/site-packages/jupyterlab
[I 2021-05-28 18:00:02.513 LabApp] JupyterLab application directory is /miniconda3/share/jupyter/lab
[I 2021-05-28 18:00:02.516 ServerApp] jupyterlab | extension was successfully loaded.
[I 2021-05-28 18:00:02.516 ServerApp] Will shut down after 60 seconds with no kernels or terminals.
[I 2021-05-28 18:00:02.517 ServerApp] Serving notebooks from local directory: /home/khoeflich/misc/jupyter-hpc-performance
[I 2021-05-28 18:00:02.518 ServerApp] Jupyter Server 1.8.0 is running at:
[I 2021-05-28 18:00:02.518 ServerApp] http://localhost:8888/lab?token=6d57a2b33feb135b9568958610241270d32ee37a00849a53
[I 2021-05-28 18:00:02.518 ServerApp]     http://127.0.0.1:8888/lab?token=6d57a2b33feb135b9568958610241270d32ee37a00849a53
[I 2021-05-28 18:00:02.518 ServerApp] Use Control-C to stop this server and shut down all kernels (twice to skip confirmation).
[C 2021-05-28 18:00:02.528 ServerApp] 
    
    To access the server, open this file in a browser:
        file:///home/khoeflich/.local/share/jupyter/runtime/jpserver-105326-open.html
    Or copy and paste one of these URLs:
        http://localhost:8888/lab?token=6d57a2b33feb135b9568958610241270d32ee37a00849a53
        http://127.0.0.1:8888/lab?token=6d57a2b33feb135b9568958610241270d32ee37a00849a53
[I 2021-05-28 18:01:02.579 ServerApp] No kernels or terminals for 60 seconds; shutting down.
[I 2021-05-28 18:01:02.584 ServerApp] Shutting down 0 kernels
[I 2021-05-28 18:01:02.585 ServerApp] Shutting down 0 terminals
2021-05-28_18:01:02_729914226
