scalc05
2021-05-29_08:04:43_399431570
[I 2021-05-29 08:04:44.796 ServerApp] jupyterlab | extension was successfully linked.
[I 2021-05-29 08:04:45.132 ServerApp] nbclassic | extension was successfully linked.
[I 2021-05-29 08:04:45.168 ServerApp] nbclassic | extension was successfully loaded.
[I 2021-05-29 08:04:45.169 LabApp] JupyterLab extension loaded from /miniconda3/lib/python3.9/site-packages/jupyterlab
[I 2021-05-29 08:04:45.169 LabApp] JupyterLab application directory is /miniconda3/share/jupyter/lab
[I 2021-05-29 08:04:45.172 ServerApp] jupyterlab | extension was successfully loaded.
[I 2021-05-29 08:04:45.172 ServerApp] Will shut down after 60 seconds with no kernels or terminals.
[I 2021-05-29 08:04:45.174 ServerApp] Serving notebooks from local directory: /home/khoeflich/misc/jupyter-hpc-performance
[I 2021-05-29 08:04:45.174 ServerApp] Jupyter Server 1.8.0 is running at:
[I 2021-05-29 08:04:45.174 ServerApp] http://localhost:8888/lab?token=d79da8a4b8ed454a7a4067780e6b1fe797533c316fd54d1f
[I 2021-05-29 08:04:45.174 ServerApp]     http://127.0.0.1:8888/lab?token=d79da8a4b8ed454a7a4067780e6b1fe797533c316fd54d1f
[I 2021-05-29 08:04:45.174 ServerApp] Use Control-C to stop this server and shut down all kernels (twice to skip confirmation).
[C 2021-05-29 08:04:45.180 ServerApp] 
    
    To access the server, open this file in a browser:
        file:///home/khoeflich/.local/share/jupyter/runtime/jpserver-240104-open.html
    Or copy and paste one of these URLs:
        http://localhost:8888/lab?token=d79da8a4b8ed454a7a4067780e6b1fe797533c316fd54d1f
        http://127.0.0.1:8888/lab?token=d79da8a4b8ed454a7a4067780e6b1fe797533c316fd54d1f
[I 2021-05-29 08:05:45.235 ServerApp] No kernels or terminals for 60 seconds; shutting down.
[I 2021-05-29 08:05:45.242 ServerApp] Shutting down 0 kernels
[I 2021-05-29 08:05:45.242 ServerApp] Shutting down 0 terminals
2021-05-29_08:05:45_406133822
