scalc05
2021-05-28_17:00:00_494196966
[I 2021-05-28 17:00:02.196 ServerApp] jupyterlab | extension was successfully linked.
[I 2021-05-28 17:00:02.517 ServerApp] nbclassic | extension was successfully linked.
[I 2021-05-28 17:00:02.549 ServerApp] nbclassic | extension was successfully loaded.
[I 2021-05-28 17:00:02.550 LabApp] JupyterLab extension loaded from /miniconda3/lib/python3.9/site-packages/jupyterlab
[I 2021-05-28 17:00:02.550 LabApp] JupyterLab application directory is /miniconda3/share/jupyter/lab
[I 2021-05-28 17:00:02.553 ServerApp] jupyterlab | extension was successfully loaded.
[I 2021-05-28 17:00:02.554 ServerApp] Will shut down after 60 seconds with no kernels or terminals.
[I 2021-05-28 17:00:02.555 ServerApp] Serving notebooks from local directory: /home/khoeflich/misc/jupyter-hpc-performance
[I 2021-05-28 17:00:02.555 ServerApp] Jupyter Server 1.8.0 is running at:
[I 2021-05-28 17:00:02.555 ServerApp] http://localhost:8888/lab?token=a9e418e3c4f68c7410e5446ba8362a38f8d0143c0d7f3485
[I 2021-05-28 17:00:02.555 ServerApp]     http://127.0.0.1:8888/lab?token=a9e418e3c4f68c7410e5446ba8362a38f8d0143c0d7f3485
[I 2021-05-28 17:00:02.555 ServerApp] Use Control-C to stop this server and shut down all kernels (twice to skip confirmation).
[C 2021-05-28 17:00:02.563 ServerApp] 
    
    To access the server, open this file in a browser:
        file:///home/khoeflich/.local/share/jupyter/runtime/jpserver-95739-open.html
    Or copy and paste one of these URLs:
        http://localhost:8888/lab?token=a9e418e3c4f68c7410e5446ba8362a38f8d0143c0d7f3485
        http://127.0.0.1:8888/lab?token=a9e418e3c4f68c7410e5446ba8362a38f8d0143c0d7f3485
[I 2021-05-28 17:01:02.563 ServerApp] No kernels or terminals for 60 seconds; shutting down.
[I 2021-05-28 17:01:02.569 ServerApp] Shutting down 0 kernels
[I 2021-05-28 17:01:02.570 ServerApp] Shutting down 0 terminals
2021-05-28_17:01:02_714860027
