scalc05
2021-05-29_12:04:11_946903485
[I 2021-05-29 12:04:13.359 ServerApp] jupyterlab | extension was successfully linked.
[I 2021-05-29 12:04:13.689 ServerApp] nbclassic | extension was successfully linked.
[I 2021-05-29 12:04:13.722 ServerApp] nbclassic | extension was successfully loaded.
[I 2021-05-29 12:04:13.723 LabApp] JupyterLab extension loaded from /miniconda3/lib/python3.9/site-packages/jupyterlab
[I 2021-05-29 12:04:13.723 LabApp] JupyterLab application directory is /miniconda3/share/jupyter/lab
[I 2021-05-29 12:04:13.726 ServerApp] jupyterlab | extension was successfully loaded.
[I 2021-05-29 12:04:13.726 ServerApp] Will shut down after 60 seconds with no kernels or terminals.
[I 2021-05-29 12:04:13.728 ServerApp] Serving notebooks from local directory: /home/khoeflich/misc/jupyter-hpc-performance
[I 2021-05-29 12:04:13.728 ServerApp] Jupyter Server 1.8.0 is running at:
[I 2021-05-29 12:04:13.728 ServerApp] http://localhost:8888/lab?token=8ba98133a4aa2bb49cccd756b91f2b3b0bae81a20f0b8401
[I 2021-05-29 12:04:13.728 ServerApp]     http://127.0.0.1:8888/lab?token=8ba98133a4aa2bb49cccd756b91f2b3b0bae81a20f0b8401
[I 2021-05-29 12:04:13.728 ServerApp] Use Control-C to stop this server and shut down all kernels (twice to skip confirmation).
[C 2021-05-29 12:04:13.734 ServerApp] 
    
    To access the server, open this file in a browser:
        file:///home/khoeflich/.local/share/jupyter/runtime/jpserver-278235-open.html
    Or copy and paste one of these URLs:
        http://localhost:8888/lab?token=8ba98133a4aa2bb49cccd756b91f2b3b0bae81a20f0b8401
        http://127.0.0.1:8888/lab?token=8ba98133a4aa2bb49cccd756b91f2b3b0bae81a20f0b8401
[I 2021-05-29 12:05:13.788 ServerApp] No kernels or terminals for 60 seconds; shutting down.
[I 2021-05-29 12:05:13.797 ServerApp] Shutting down 0 kernels
[I 2021-05-29 12:05:13.798 ServerApp] Shutting down 0 terminals
2021-05-29_12:05:13_948234070
