scalc05
2021-05-28_17:04:09_676946855
[I 2021-05-28 17:04:11.022 ServerApp] jupyterlab | extension was successfully linked.
[I 2021-05-28 17:04:11.340 ServerApp] nbclassic | extension was successfully linked.
[I 2021-05-28 17:04:11.372 ServerApp] nbclassic | extension was successfully loaded.
[I 2021-05-28 17:04:11.373 LabApp] JupyterLab extension loaded from /miniconda3/lib/python3.9/site-packages/jupyterlab
[I 2021-05-28 17:04:11.373 LabApp] JupyterLab application directory is /miniconda3/share/jupyter/lab
[I 2021-05-28 17:04:11.376 ServerApp] jupyterlab | extension was successfully loaded.
[I 2021-05-28 17:04:11.377 ServerApp] Will shut down after 60 seconds with no kernels or terminals.
[I 2021-05-28 17:04:11.378 ServerApp] Serving notebooks from local directory: /home/khoeflich/misc/jupyter-hpc-performance
[I 2021-05-28 17:04:11.378 ServerApp] Jupyter Server 1.8.0 is running at:
[I 2021-05-28 17:04:11.378 ServerApp] http://localhost:8888/lab?token=95ca2790ead9cd457786722adbd19cb849ff3d05a747dc31
[I 2021-05-28 17:04:11.378 ServerApp]     http://127.0.0.1:8888/lab?token=95ca2790ead9cd457786722adbd19cb849ff3d05a747dc31
[I 2021-05-28 17:04:11.378 ServerApp] Use Control-C to stop this server and shut down all kernels (twice to skip confirmation).
[C 2021-05-28 17:04:11.385 ServerApp] 
    
    To access the server, open this file in a browser:
        file:///home/khoeflich/.local/share/jupyter/runtime/jpserver-96589-open.html
    Or copy and paste one of these URLs:
        http://localhost:8888/lab?token=95ca2790ead9cd457786722adbd19cb849ff3d05a747dc31
        http://127.0.0.1:8888/lab?token=95ca2790ead9cd457786722adbd19cb849ff3d05a747dc31
[I 2021-05-28 17:05:11.439 ServerApp] No kernels or terminals for 60 seconds; shutting down.
[I 2021-05-28 17:05:11.446 ServerApp] Shutting down 0 kernels
[I 2021-05-28 17:05:11.447 ServerApp] Shutting down 0 terminals
2021-05-28_17:05:11_598431738
