scalc05
2021-05-29_12:01:02_217713763
[I 2021-05-29 12:01:03.673 ServerApp] jupyterlab | extension was successfully linked.
[I 2021-05-29 12:01:04.036 ServerApp] nbclassic | extension was successfully linked.
[I 2021-05-29 12:01:04.079 ServerApp] nbclassic | extension was successfully loaded.
[I 2021-05-29 12:01:04.080 LabApp] JupyterLab extension loaded from /miniconda3/lib/python3.9/site-packages/jupyterlab
[I 2021-05-29 12:01:04.081 LabApp] JupyterLab application directory is /miniconda3/share/jupyter/lab
[I 2021-05-29 12:01:04.083 ServerApp] jupyterlab | extension was successfully loaded.
[I 2021-05-29 12:01:04.084 ServerApp] Will shut down after 60 seconds with no kernels or terminals.
[I 2021-05-29 12:01:04.085 ServerApp] Serving notebooks from local directory: /home/khoeflich/misc/jupyter-hpc-performance
[I 2021-05-29 12:01:04.085 ServerApp] Jupyter Server 1.8.0 is running at:
[I 2021-05-29 12:01:04.085 ServerApp] http://localhost:8888/lab?token=6de48df0101eb469dd18c61ee5d081601f6a9e99fb0c15f4
[I 2021-05-29 12:01:04.085 ServerApp]     http://127.0.0.1:8888/lab?token=6de48df0101eb469dd18c61ee5d081601f6a9e99fb0c15f4
[I 2021-05-29 12:01:04.085 ServerApp] Use Control-C to stop this server and shut down all kernels (twice to skip confirmation).
[C 2021-05-29 12:01:04.308 ServerApp] 
    
    To access the server, open this file in a browser:
        file:///home/khoeflich/.local/share/jupyter/runtime/jpserver-277612-open.html
    Or copy and paste one of these URLs:
        http://localhost:8888/lab?token=6de48df0101eb469dd18c61ee5d081601f6a9e99fb0c15f4
        http://127.0.0.1:8888/lab?token=6de48df0101eb469dd18c61ee5d081601f6a9e99fb0c15f4
[I 2021-05-29 12:02:04.145 ServerApp] No kernels or terminals for 60 seconds; shutting down.
[I 2021-05-29 12:02:04.153 ServerApp] Shutting down 0 kernels
[I 2021-05-29 12:02:04.154 ServerApp] Shutting down 0 terminals
2021-05-29_12:02:04_304254131
