scalc05
2021-05-28_20:04:12_467296452
[I 2021-05-28 20:04:13.818 ServerApp] jupyterlab | extension was successfully linked.
[I 2021-05-28 20:04:14.140 ServerApp] nbclassic | extension was successfully linked.
[I 2021-05-28 20:04:14.173 ServerApp] nbclassic | extension was successfully loaded.
[I 2021-05-28 20:04:14.174 LabApp] JupyterLab extension loaded from /miniconda3/lib/python3.9/site-packages/jupyterlab
[I 2021-05-28 20:04:14.174 LabApp] JupyterLab application directory is /miniconda3/share/jupyter/lab
[I 2021-05-28 20:04:14.177 ServerApp] jupyterlab | extension was successfully loaded.
[I 2021-05-28 20:04:14.178 ServerApp] Will shut down after 60 seconds with no kernels or terminals.
[I 2021-05-28 20:04:14.179 ServerApp] Serving notebooks from local directory: /home/khoeflich/misc/jupyter-hpc-performance
[I 2021-05-28 20:04:14.179 ServerApp] Jupyter Server 1.8.0 is running at:
[I 2021-05-28 20:04:14.179 ServerApp] http://localhost:8888/lab?token=2a3a1f174f0657b528896ed60d71c3a10eb24cd8a9eddb2a
[I 2021-05-28 20:04:14.179 ServerApp]     http://127.0.0.1:8888/lab?token=2a3a1f174f0657b528896ed60d71c3a10eb24cd8a9eddb2a
[I 2021-05-28 20:04:14.179 ServerApp] Use Control-C to stop this server and shut down all kernels (twice to skip confirmation).
[C 2021-05-28 20:04:14.185 ServerApp] 
    
    To access the server, open this file in a browser:
        file:///home/khoeflich/.local/share/jupyter/runtime/jpserver-125264-open.html
    Or copy and paste one of these URLs:
        http://localhost:8888/lab?token=2a3a1f174f0657b528896ed60d71c3a10eb24cd8a9eddb2a
        http://127.0.0.1:8888/lab?token=2a3a1f174f0657b528896ed60d71c3a10eb24cd8a9eddb2a
[I 2021-05-28 20:05:14.240 ServerApp] No kernels or terminals for 60 seconds; shutting down.
[I 2021-05-28 20:05:14.247 ServerApp] Shutting down 0 kernels
[I 2021-05-28 20:05:14.248 ServerApp] Shutting down 0 terminals
2021-05-28_20:05:14_404714255
