scalc05
2021-05-28_21:04:10_639798038
[I 2021-05-28 21:04:12.035 ServerApp] jupyterlab | extension was successfully linked.
[I 2021-05-28 21:04:12.368 ServerApp] nbclassic | extension was successfully linked.
[I 2021-05-28 21:04:12.401 ServerApp] nbclassic | extension was successfully loaded.
[I 2021-05-28 21:04:12.402 LabApp] JupyterLab extension loaded from /miniconda3/lib/python3.9/site-packages/jupyterlab
[I 2021-05-28 21:04:12.402 LabApp] JupyterLab application directory is /miniconda3/share/jupyter/lab
[I 2021-05-28 21:04:12.405 ServerApp] jupyterlab | extension was successfully loaded.
[I 2021-05-28 21:04:12.405 ServerApp] Will shut down after 60 seconds with no kernels or terminals.
[I 2021-05-28 21:04:12.407 ServerApp] Serving notebooks from local directory: /home/khoeflich/misc/jupyter-hpc-performance
[I 2021-05-28 21:04:12.407 ServerApp] Jupyter Server 1.8.0 is running at:
[I 2021-05-28 21:04:12.407 ServerApp] http://localhost:8888/lab?token=c78871456500ffe44b51c01f2009a0d38b14459743632afd
[I 2021-05-28 21:04:12.407 ServerApp]     http://127.0.0.1:8888/lab?token=c78871456500ffe44b51c01f2009a0d38b14459743632afd
[I 2021-05-28 21:04:12.407 ServerApp] Use Control-C to stop this server and shut down all kernels (twice to skip confirmation).
[C 2021-05-28 21:04:12.414 ServerApp] 
    
    To access the server, open this file in a browser:
        file:///home/khoeflich/.local/share/jupyter/runtime/jpserver-134828-open.html
    Or copy and paste one of these URLs:
        http://localhost:8888/lab?token=c78871456500ffe44b51c01f2009a0d38b14459743632afd
        http://127.0.0.1:8888/lab?token=c78871456500ffe44b51c01f2009a0d38b14459743632afd
[I 2021-05-28 21:05:12.468 ServerApp] No kernels or terminals for 60 seconds; shutting down.
[I 2021-05-28 21:05:12.475 ServerApp] Shutting down 0 kernels
[I 2021-05-28 21:05:12.476 ServerApp] Shutting down 0 terminals
2021-05-28_21:05:12_645091795
