scalc05
2021-05-28_20:00:00_060965668
[I 2021-05-28 20:00:01.703 ServerApp] jupyterlab | extension was successfully linked.
[I 2021-05-28 20:00:02.049 ServerApp] nbclassic | extension was successfully linked.
[I 2021-05-28 20:00:02.083 ServerApp] nbclassic | extension was successfully loaded.
[I 2021-05-28 20:00:02.085 LabApp] JupyterLab extension loaded from /miniconda3/lib/python3.9/site-packages/jupyterlab
[I 2021-05-28 20:00:02.085 LabApp] JupyterLab application directory is /miniconda3/share/jupyter/lab
[I 2021-05-28 20:00:02.088 ServerApp] jupyterlab | extension was successfully loaded.
[I 2021-05-28 20:00:02.088 ServerApp] Will shut down after 60 seconds with no kernels or terminals.
[I 2021-05-28 20:00:02.089 ServerApp] Serving notebooks from local directory: /home/khoeflich/misc/jupyter-hpc-performance
[I 2021-05-28 20:00:02.089 ServerApp] Jupyter Server 1.8.0 is running at:
[I 2021-05-28 20:00:02.089 ServerApp] http://localhost:8888/lab?token=8598083d2a6551215bba8e0e9b8bf10a3158716d1525eea1
[I 2021-05-28 20:00:02.089 ServerApp]     http://127.0.0.1:8888/lab?token=8598083d2a6551215bba8e0e9b8bf10a3158716d1525eea1
[I 2021-05-28 20:00:02.089 ServerApp] Use Control-C to stop this server and shut down all kernels (twice to skip confirmation).
[C 2021-05-28 20:00:02.098 ServerApp] 
    
    To access the server, open this file in a browser:
        file:///home/khoeflich/.local/share/jupyter/runtime/jpserver-124462-open.html
    Or copy and paste one of these URLs:
        http://localhost:8888/lab?token=8598083d2a6551215bba8e0e9b8bf10a3158716d1525eea1
        http://127.0.0.1:8888/lab?token=8598083d2a6551215bba8e0e9b8bf10a3158716d1525eea1
[I 2021-05-28 20:01:02.150 ServerApp] No kernels or terminals for 60 seconds; shutting down.
[I 2021-05-28 20:01:02.157 ServerApp] Shutting down 0 kernels
[I 2021-05-28 20:01:02.158 ServerApp] Shutting down 0 terminals
2021-05-28_20:01:02_310305643
