scalc05
2021-05-28_15:04:16_165540958
[I 2021-05-28 15:04:17.542 ServerApp] jupyterlab | extension was successfully linked.
[I 2021-05-28 15:04:17.877 ServerApp] nbclassic | extension was successfully linked.
[I 2021-05-28 15:04:17.909 ServerApp] nbclassic | extension was successfully loaded.
[I 2021-05-28 15:04:17.910 LabApp] JupyterLab extension loaded from /miniconda3/lib/python3.9/site-packages/jupyterlab
[I 2021-05-28 15:04:17.910 LabApp] JupyterLab application directory is /miniconda3/share/jupyter/lab
[I 2021-05-28 15:04:17.913 ServerApp] jupyterlab | extension was successfully loaded.
[I 2021-05-28 15:04:17.914 ServerApp] Will shut down after 60 seconds with no kernels or terminals.
[I 2021-05-28 15:04:17.915 ServerApp] Serving notebooks from local directory: /home/khoeflich/misc/jupyter-hpc-performance
[I 2021-05-28 15:04:17.915 ServerApp] Jupyter Server 1.8.0 is running at:
[I 2021-05-28 15:04:17.915 ServerApp] http://localhost:8888/lab?token=2afc63a0babb6c39e7c909fa36d5544590391bdb503355ad
[I 2021-05-28 15:04:17.915 ServerApp]     http://127.0.0.1:8888/lab?token=2afc63a0babb6c39e7c909fa36d5544590391bdb503355ad
[I 2021-05-28 15:04:17.915 ServerApp] Use Control-C to stop this server and shut down all kernels (twice to skip confirmation).
[C 2021-05-28 15:04:17.923 ServerApp] 
    
    To access the server, open this file in a browser:
        file:///home/khoeflich/.local/share/jupyter/runtime/jpserver-77451-open.html
    Or copy and paste one of these URLs:
        http://localhost:8888/lab?token=2afc63a0babb6c39e7c909fa36d5544590391bdb503355ad
        http://127.0.0.1:8888/lab?token=2afc63a0babb6c39e7c909fa36d5544590391bdb503355ad
[I 2021-05-28 15:05:17.977 ServerApp] No kernels or terminals for 60 seconds; shutting down.
[I 2021-05-28 15:05:17.983 ServerApp] Shutting down 0 kernels
[I 2021-05-28 15:05:17.984 ServerApp] Shutting down 0 terminals
2021-05-28_15:05:18_132690573
