scalc05
2021-05-28_16:01:02_365857187
[I 2021-05-28 16:01:03.770 ServerApp] jupyterlab | extension was successfully linked.
[I 2021-05-28 16:01:04.105 ServerApp] nbclassic | extension was successfully linked.
[I 2021-05-28 16:01:04.138 ServerApp] nbclassic | extension was successfully loaded.
[I 2021-05-28 16:01:04.139 LabApp] JupyterLab extension loaded from /miniconda3/lib/python3.9/site-packages/jupyterlab
[I 2021-05-28 16:01:04.139 LabApp] JupyterLab application directory is /miniconda3/share/jupyter/lab
[I 2021-05-28 16:01:04.142 ServerApp] jupyterlab | extension was successfully loaded.
[I 2021-05-28 16:01:04.143 ServerApp] Will shut down after 60 seconds with no kernels or terminals.
[I 2021-05-28 16:01:04.144 ServerApp] Serving notebooks from local directory: /home/khoeflich/misc/jupyter-hpc-performance
[I 2021-05-28 16:01:04.144 ServerApp] Jupyter Server 1.8.0 is running at:
[I 2021-05-28 16:01:04.144 ServerApp] http://localhost:8888/lab?token=2a2ea338ec2efbe3f0864fe43490579f69b68f614919154d
[I 2021-05-28 16:01:04.144 ServerApp]     http://127.0.0.1:8888/lab?token=2a2ea338ec2efbe3f0864fe43490579f69b68f614919154d
[I 2021-05-28 16:01:04.144 ServerApp] Use Control-C to stop this server and shut down all kernels (twice to skip confirmation).
[C 2021-05-28 16:01:04.151 ServerApp] 
    
    To access the server, open this file in a browser:
        file:///home/khoeflich/.local/share/jupyter/runtime/jpserver-86444-open.html
    Or copy and paste one of these URLs:
        http://localhost:8888/lab?token=2a2ea338ec2efbe3f0864fe43490579f69b68f614919154d
        http://127.0.0.1:8888/lab?token=2a2ea338ec2efbe3f0864fe43490579f69b68f614919154d
[I 2021-05-28 16:02:04.205 ServerApp] No kernels or terminals for 60 seconds; shutting down.
[I 2021-05-28 16:02:04.212 ServerApp] Shutting down 0 kernels
[I 2021-05-28 16:02:04.212 ServerApp] Shutting down 0 terminals
2021-05-28_16:02:04_365518104
