scalc05
2021-05-29_04:04:27_521940054
[I 2021-05-29 04:04:28.924 ServerApp] jupyterlab | extension was successfully linked.
[I 2021-05-29 04:04:29.262 ServerApp] nbclassic | extension was successfully linked.
[I 2021-05-29 04:04:29.295 ServerApp] nbclassic | extension was successfully loaded.
[I 2021-05-29 04:04:29.296 LabApp] JupyterLab extension loaded from /miniconda3/lib/python3.9/site-packages/jupyterlab
[I 2021-05-29 04:04:29.296 LabApp] JupyterLab application directory is /miniconda3/share/jupyter/lab
[I 2021-05-29 04:04:29.299 ServerApp] jupyterlab | extension was successfully loaded.
[I 2021-05-29 04:04:29.300 ServerApp] Will shut down after 60 seconds with no kernels or terminals.
[I 2021-05-29 04:04:29.301 ServerApp] Serving notebooks from local directory: /home/khoeflich/misc/jupyter-hpc-performance
[I 2021-05-29 04:04:29.301 ServerApp] Jupyter Server 1.8.0 is running at:
[I 2021-05-29 04:04:29.301 ServerApp] http://localhost:8888/lab?token=9b04ff81afe49a840fd9cb22751cbd6279b0f08640d97ef0
[I 2021-05-29 04:04:29.301 ServerApp]     http://127.0.0.1:8888/lab?token=9b04ff81afe49a840fd9cb22751cbd6279b0f08640d97ef0
[I 2021-05-29 04:04:29.301 ServerApp] Use Control-C to stop this server and shut down all kernels (twice to skip confirmation).
[C 2021-05-29 04:04:29.309 ServerApp] 
    
    To access the server, open this file in a browser:
        file:///home/khoeflich/.local/share/jupyter/runtime/jpserver-201792-open.html
    Or copy and paste one of these URLs:
        http://localhost:8888/lab?token=9b04ff81afe49a840fd9cb22751cbd6279b0f08640d97ef0
        http://127.0.0.1:8888/lab?token=9b04ff81afe49a840fd9cb22751cbd6279b0f08640d97ef0
[I 2021-05-29 04:05:29.363 ServerApp] No kernels or terminals for 60 seconds; shutting down.
[I 2021-05-29 04:05:29.368 ServerApp] Shutting down 0 kernels
[I 2021-05-29 04:05:29.369 ServerApp] Shutting down 0 terminals
2021-05-29_04:05:29_540391338
