scalc05
2021-05-29_09:01:02_533920433
[I 2021-05-29 09:01:04.025 ServerApp] jupyterlab | extension was successfully linked.
[I 2021-05-29 09:01:04.363 ServerApp] nbclassic | extension was successfully linked.
[I 2021-05-29 09:01:04.397 ServerApp] nbclassic | extension was successfully loaded.
[I 2021-05-29 09:01:04.398 LabApp] JupyterLab extension loaded from /miniconda3/lib/python3.9/site-packages/jupyterlab
[I 2021-05-29 09:01:04.398 LabApp] JupyterLab application directory is /miniconda3/share/jupyter/lab
[I 2021-05-29 09:01:04.401 ServerApp] jupyterlab | extension was successfully loaded.
[I 2021-05-29 09:01:04.401 ServerApp] Will shut down after 60 seconds with no kernels or terminals.
[I 2021-05-29 09:01:04.402 ServerApp] Serving notebooks from local directory: /home/khoeflich/misc/jupyter-hpc-performance
[I 2021-05-29 09:01:04.402 ServerApp] Jupyter Server 1.8.0 is running at:
[I 2021-05-29 09:01:04.402 ServerApp] http://localhost:8888/lab?token=69cd6cc7036b10a98bdf5e17af826318039cb334a53924aa
[I 2021-05-29 09:01:04.402 ServerApp]     http://127.0.0.1:8888/lab?token=69cd6cc7036b10a98bdf5e17af826318039cb334a53924aa
[I 2021-05-29 09:01:04.402 ServerApp] Use Control-C to stop this server and shut down all kernels (twice to skip confirmation).
[C 2021-05-29 09:01:04.408 ServerApp] 
    
    To access the server, open this file in a browser:
        file:///home/khoeflich/.local/share/jupyter/runtime/jpserver-248947-open.html
    Or copy and paste one of these URLs:
        http://localhost:8888/lab?token=69cd6cc7036b10a98bdf5e17af826318039cb334a53924aa
        http://127.0.0.1:8888/lab?token=69cd6cc7036b10a98bdf5e17af826318039cb334a53924aa
[I 2021-05-29 09:02:04.463 ServerApp] No kernels or terminals for 60 seconds; shutting down.
[I 2021-05-29 09:02:04.469 ServerApp] Shutting down 0 kernels
[I 2021-05-29 09:02:04.470 ServerApp] Shutting down 0 terminals
2021-05-29_09:02:04_629005702
