scalc05
2021-05-29_10:00:00_536500898
[I 2021-05-29 10:00:02.087 ServerApp] jupyterlab | extension was successfully linked.
[I 2021-05-29 10:00:02.406 ServerApp] nbclassic | extension was successfully linked.
[I 2021-05-29 10:00:02.439 ServerApp] nbclassic | extension was successfully loaded.
[I 2021-05-29 10:00:02.440 LabApp] JupyterLab extension loaded from /miniconda3/lib/python3.9/site-packages/jupyterlab
[I 2021-05-29 10:00:02.440 LabApp] JupyterLab application directory is /miniconda3/share/jupyter/lab
[I 2021-05-29 10:00:02.443 ServerApp] jupyterlab | extension was successfully loaded.
[I 2021-05-29 10:00:02.443 ServerApp] Will shut down after 60 seconds with no kernels or terminals.
[I 2021-05-29 10:00:02.444 ServerApp] Serving notebooks from local directory: /home/khoeflich/misc/jupyter-hpc-performance
[I 2021-05-29 10:00:02.444 ServerApp] Jupyter Server 1.8.0 is running at:
[I 2021-05-29 10:00:02.444 ServerApp] http://localhost:8888/lab?token=1a960b02622f98cb1c000783402aad0b67832e896acc566f
[I 2021-05-29 10:00:02.444 ServerApp]     http://127.0.0.1:8888/lab?token=1a960b02622f98cb1c000783402aad0b67832e896acc566f
[I 2021-05-29 10:00:02.445 ServerApp] Use Control-C to stop this server and shut down all kernels (twice to skip confirmation).
[C 2021-05-29 10:00:02.451 ServerApp] 
    
    To access the server, open this file in a browser:
        file:///home/khoeflich/.local/share/jupyter/runtime/jpserver-258287-open.html
    Or copy and paste one of these URLs:
        http://localhost:8888/lab?token=1a960b02622f98cb1c000783402aad0b67832e896acc566f
        http://127.0.0.1:8888/lab?token=1a960b02622f98cb1c000783402aad0b67832e896acc566f
[I 2021-05-29 10:01:02.505 ServerApp] No kernels or terminals for 60 seconds; shutting down.
[I 2021-05-29 10:01:02.514 ServerApp] Shutting down 0 kernels
[I 2021-05-29 10:01:02.515 ServerApp] Shutting down 0 terminals
2021-05-29_10:01:02_665628592
