scalc05
2021-05-28_23:00:00_148030404
[I 2021-05-28 23:00:01.740 ServerApp] jupyterlab | extension was successfully linked.
[I 2021-05-28 23:00:02.072 ServerApp] nbclassic | extension was successfully linked.
[I 2021-05-28 23:00:02.105 ServerApp] nbclassic | extension was successfully loaded.
[I 2021-05-28 23:00:02.107 LabApp] JupyterLab extension loaded from /miniconda3/lib/python3.9/site-packages/jupyterlab
[I 2021-05-28 23:00:02.107 LabApp] JupyterLab application directory is /miniconda3/share/jupyter/lab
[I 2021-05-28 23:00:02.109 ServerApp] jupyterlab | extension was successfully loaded.
[I 2021-05-28 23:00:02.110 ServerApp] Will shut down after 60 seconds with no kernels or terminals.
[I 2021-05-28 23:00:02.111 ServerApp] Serving notebooks from local directory: /home/khoeflich/misc/jupyter-hpc-performance
[I 2021-05-28 23:00:02.111 ServerApp] Jupyter Server 1.8.0 is running at:
[I 2021-05-28 23:00:02.111 ServerApp] http://localhost:8888/lab?token=c403575f364a12466a581fcd5107c19d06a93a8b2c7dc099
[I 2021-05-28 23:00:02.111 ServerApp]     http://127.0.0.1:8888/lab?token=c403575f364a12466a581fcd5107c19d06a93a8b2c7dc099
[I 2021-05-28 23:00:02.111 ServerApp] Use Control-C to stop this server and shut down all kernels (twice to skip confirmation).
[C 2021-05-28 23:00:02.118 ServerApp] 
    
    To access the server, open this file in a browser:
        file:///home/khoeflich/.local/share/jupyter/runtime/jpserver-153133-open.html
    Or copy and paste one of these URLs:
        http://localhost:8888/lab?token=c403575f364a12466a581fcd5107c19d06a93a8b2c7dc099
        http://127.0.0.1:8888/lab?token=c403575f364a12466a581fcd5107c19d06a93a8b2c7dc099
[I 2021-05-28 23:01:02.171 ServerApp] No kernels or terminals for 60 seconds; shutting down.
[I 2021-05-28 23:01:02.178 ServerApp] Shutting down 0 kernels
[I 2021-05-28 23:01:02.179 ServerApp] Shutting down 0 terminals
2021-05-28_23:01:02_329665963
