scalc05
2021-05-28_16:00:00_156752300
[I 2021-05-28 16:00:01.761 ServerApp] jupyterlab | extension was successfully linked.
[I 2021-05-28 16:00:02.093 ServerApp] nbclassic | extension was successfully linked.
[I 2021-05-28 16:00:02.125 ServerApp] nbclassic | extension was successfully loaded.
[I 2021-05-28 16:00:02.127 LabApp] JupyterLab extension loaded from /miniconda3/lib/python3.9/site-packages/jupyterlab
[I 2021-05-28 16:00:02.127 LabApp] JupyterLab application directory is /miniconda3/share/jupyter/lab
[I 2021-05-28 16:00:02.129 ServerApp] jupyterlab | extension was successfully loaded.
[I 2021-05-28 16:00:02.130 ServerApp] Will shut down after 60 seconds with no kernels or terminals.
[I 2021-05-28 16:00:02.131 ServerApp] Serving notebooks from local directory: /home/khoeflich/misc/jupyter-hpc-performance
[I 2021-05-28 16:00:02.131 ServerApp] Jupyter Server 1.8.0 is running at:
[I 2021-05-28 16:00:02.131 ServerApp] http://localhost:8888/lab?token=4cee2597a6a5eaa5d89b19bd7f708777fd6bd689516871ab
[I 2021-05-28 16:00:02.131 ServerApp]     http://127.0.0.1:8888/lab?token=4cee2597a6a5eaa5d89b19bd7f708777fd6bd689516871ab
[I 2021-05-28 16:00:02.131 ServerApp] Use Control-C to stop this server and shut down all kernels (twice to skip confirmation).
[C 2021-05-28 16:00:02.137 ServerApp] 
    
    To access the server, open this file in a browser:
        file:///home/khoeflich/.local/share/jupyter/runtime/jpserver-86225-open.html
    Or copy and paste one of these URLs:
        http://localhost:8888/lab?token=4cee2597a6a5eaa5d89b19bd7f708777fd6bd689516871ab
        http://127.0.0.1:8888/lab?token=4cee2597a6a5eaa5d89b19bd7f708777fd6bd689516871ab
[I 2021-05-28 16:01:02.192 ServerApp] No kernels or terminals for 60 seconds; shutting down.
[I 2021-05-28 16:01:02.197 ServerApp] Shutting down 0 kernels
[I 2021-05-28 16:01:02.198 ServerApp] Shutting down 0 terminals
2021-05-28_16:01:02_353070712
