morpheus
2021-05-26_22:01:02_553763048
[I 2021-05-26 22:01:03.086 ServerApp] jupyterlab | extension was successfully linked.
[I 2021-05-26 22:01:03.241 ServerApp] nbclassic | extension was successfully linked.
[I 2021-05-26 22:01:03.271 ServerApp] nbclassic | extension was successfully loaded.
[I 2021-05-26 22:01:03.272 LabApp] JupyterLab extension loaded from /home/khoeflich/jupyter-hpc-performance/miniconda3/lib/python3.9/site-packages/jupyterlab
[I 2021-05-26 22:01:03.272 LabApp] JupyterLab application directory is /home/khoeflich/jupyter-hpc-performance/miniconda3/share/jupyter/lab
[I 2021-05-26 22:01:03.275 ServerApp] jupyterlab | extension was successfully loaded.
[I 2021-05-26 22:01:03.276 ServerApp] Will shut down after 60 seconds with no kernels or terminals.
[I 2021-05-26 22:01:03.277 ServerApp] Serving notebooks from local directory: /home/khoeflich/jupyter-hpc-performance
[I 2021-05-26 22:01:03.277 ServerApp] Jupyter Server 1.8.0 is running at:
[I 2021-05-26 22:01:03.277 ServerApp] http://localhost:8888/lab?token=848f5b701a2fb754c12f0f9cc492228c60c9f14d577c38a5
[I 2021-05-26 22:01:03.277 ServerApp]     http://127.0.0.1:8888/lab?token=848f5b701a2fb754c12f0f9cc492228c60c9f14d577c38a5
[I 2021-05-26 22:01:03.277 ServerApp] Use Control-C to stop this server and shut down all kernels (twice to skip confirmation).
[C 2021-05-26 22:01:03.281 ServerApp] 
    
    To access the server, open this file in a browser:
        file:///home/khoeflich/.local/share/jupyter/runtime/jpserver-591406-open.html
    Or copy and paste one of these URLs:
        http://localhost:8888/lab?token=848f5b701a2fb754c12f0f9cc492228c60c9f14d577c38a5
        http://127.0.0.1:8888/lab?token=848f5b701a2fb754c12f0f9cc492228c60c9f14d577c38a5
[I 2021-05-26 22:02:03.337 ServerApp] No kernels or terminals for 60 seconds; shutting down.
[I 2021-05-26 22:02:03.338 ServerApp] Shutting down 0 kernels
[I 2021-05-26 22:02:03.339 ServerApp] Shutting down 0 terminals
2021-05-26_22:02:03_440922274
