morpheus
2021-05-27_12:01:01_682854757
[I 2021-05-27 12:01:02.205 ServerApp] jupyterlab | extension was successfully linked.
[I 2021-05-27 12:01:02.360 ServerApp] nbclassic | extension was successfully linked.
[I 2021-05-27 12:01:02.389 ServerApp] nbclassic | extension was successfully loaded.
[I 2021-05-27 12:01:02.390 LabApp] JupyterLab extension loaded from /home/khoeflich/jupyter-hpc-performance/miniconda3/lib/python3.9/site-packages/jupyterlab
[I 2021-05-27 12:01:02.391 LabApp] JupyterLab application directory is /home/khoeflich/jupyter-hpc-performance/miniconda3/share/jupyter/lab
[I 2021-05-27 12:01:02.393 ServerApp] jupyterlab | extension was successfully loaded.
[I 2021-05-27 12:01:02.395 ServerApp] Will shut down after 60 seconds with no kernels or terminals.
[I 2021-05-27 12:01:02.396 ServerApp] Serving notebooks from local directory: /home/khoeflich/jupyter-hpc-performance
[I 2021-05-27 12:01:02.396 ServerApp] Jupyter Server 1.8.0 is running at:
[I 2021-05-27 12:01:02.396 ServerApp] http://localhost:8888/lab?token=63d62c768a4bbea6aa074ee19306846b20f9870f9fffd5bc
[I 2021-05-27 12:01:02.396 ServerApp]     http://127.0.0.1:8888/lab?token=63d62c768a4bbea6aa074ee19306846b20f9870f9fffd5bc
[I 2021-05-27 12:01:02.396 ServerApp] Use Control-C to stop this server and shut down all kernels (twice to skip confirmation).
[C 2021-05-27 12:01:02.399 ServerApp] 
    
    To access the server, open this file in a browser:
        file:///home/khoeflich/.local/share/jupyter/runtime/jpserver-599313-open.html
    Or copy and paste one of these URLs:
        http://localhost:8888/lab?token=63d62c768a4bbea6aa074ee19306846b20f9870f9fffd5bc
        http://127.0.0.1:8888/lab?token=63d62c768a4bbea6aa074ee19306846b20f9870f9fffd5bc
[I 2021-05-27 12:02:02.420 ServerApp] No kernels or terminals for 60 seconds; shutting down.
[I 2021-05-27 12:02:02.421 ServerApp] Shutting down 0 kernels
[I 2021-05-27 12:02:02.421 ServerApp] Shutting down 0 terminals
2021-05-27_12:02:02_527427198
