morpheus
2021-05-27_06:01:02_205100090
[I 2021-05-27 06:01:02.725 ServerApp] jupyterlab | extension was successfully linked.
[I 2021-05-27 06:01:02.878 ServerApp] nbclassic | extension was successfully linked.
[I 2021-05-27 06:01:02.907 ServerApp] nbclassic | extension was successfully loaded.
[I 2021-05-27 06:01:02.909 LabApp] JupyterLab extension loaded from /home/khoeflich/jupyter-hpc-performance/miniconda3/lib/python3.9/site-packages/jupyterlab
[I 2021-05-27 06:01:02.909 LabApp] JupyterLab application directory is /home/khoeflich/jupyter-hpc-performance/miniconda3/share/jupyter/lab
[I 2021-05-27 06:01:02.912 ServerApp] jupyterlab | extension was successfully loaded.
[I 2021-05-27 06:01:02.915 ServerApp] Will shut down after 60 seconds with no kernels or terminals.
[I 2021-05-27 06:01:02.916 ServerApp] Serving notebooks from local directory: /home/khoeflich/jupyter-hpc-performance
[I 2021-05-27 06:01:02.916 ServerApp] Jupyter Server 1.8.0 is running at:
[I 2021-05-27 06:01:02.916 ServerApp] http://localhost:8888/lab?token=bea21f10d3d5b0a50995f47b365118de92de80232b5d0131
[I 2021-05-27 06:01:02.916 ServerApp]     http://127.0.0.1:8888/lab?token=bea21f10d3d5b0a50995f47b365118de92de80232b5d0131
[I 2021-05-27 06:01:02.916 ServerApp] Use Control-C to stop this server and shut down all kernels (twice to skip confirmation).
[C 2021-05-27 06:01:02.919 ServerApp] 
    
    To access the server, open this file in a browser:
        file:///home/khoeflich/.local/share/jupyter/runtime/jpserver-594791-open.html
    Or copy and paste one of these URLs:
        http://localhost:8888/lab?token=bea21f10d3d5b0a50995f47b365118de92de80232b5d0131
        http://127.0.0.1:8888/lab?token=bea21f10d3d5b0a50995f47b365118de92de80232b5d0131
[I 2021-05-27 06:02:02.962 ServerApp] No kernels or terminals for 60 seconds; shutting down.
[I 2021-05-27 06:02:02.963 ServerApp] Shutting down 0 kernels
[I 2021-05-27 06:02:02.963 ServerApp] Shutting down 0 terminals
2021-05-27_06:02:03_067639688
