morpheus
2021-05-26_19:01:01_741276785
[I 2021-05-26 19:01:02.263 ServerApp] jupyterlab | extension was successfully linked.
[I 2021-05-26 19:01:02.418 ServerApp] nbclassic | extension was successfully linked.
[I 2021-05-26 19:01:02.449 ServerApp] nbclassic | extension was successfully loaded.
[I 2021-05-26 19:01:02.450 LabApp] JupyterLab extension loaded from /home/khoeflich/jupyter-hpc-performance/miniconda3/lib/python3.9/site-packages/jupyterlab
[I 2021-05-26 19:01:02.450 LabApp] JupyterLab application directory is /home/khoeflich/jupyter-hpc-performance/miniconda3/share/jupyter/lab
[I 2021-05-26 19:01:02.453 ServerApp] jupyterlab | extension was successfully loaded.
[I 2021-05-26 19:01:02.455 ServerApp] Will shut down after 60 seconds with no kernels or terminals.
[I 2021-05-26 19:01:02.456 ServerApp] Serving notebooks from local directory: /home/khoeflich/jupyter-hpc-performance
[I 2021-05-26 19:01:02.456 ServerApp] Jupyter Server 1.8.0 is running at:
[I 2021-05-26 19:01:02.456 ServerApp] http://localhost:8888/lab?token=8e4f4f30c809b1e3e8d308cd2d04d1e02ccf11fa11e7a8c8
[I 2021-05-26 19:01:02.456 ServerApp]     http://127.0.0.1:8888/lab?token=8e4f4f30c809b1e3e8d308cd2d04d1e02ccf11fa11e7a8c8
[I 2021-05-26 19:01:02.456 ServerApp] Use Control-C to stop this server and shut down all kernels (twice to skip confirmation).
[C 2021-05-26 19:01:02.459 ServerApp] 
    
    To access the server, open this file in a browser:
        file:///home/khoeflich/.local/share/jupyter/runtime/jpserver-590346-open.html
    Or copy and paste one of these URLs:
        http://localhost:8888/lab?token=8e4f4f30c809b1e3e8d308cd2d04d1e02ccf11fa11e7a8c8
        http://127.0.0.1:8888/lab?token=8e4f4f30c809b1e3e8d308cd2d04d1e02ccf11fa11e7a8c8
[I 2021-05-26 19:02:02.516 ServerApp] No kernels or terminals for 60 seconds; shutting down.
[I 2021-05-26 19:02:02.517 ServerApp] Shutting down 0 kernels
[I 2021-05-26 19:02:02.517 ServerApp] Shutting down 0 terminals
2021-05-26_19:02:02_623258124
