morpheus
2021-05-27_11:01:02_117363230
[I 2021-05-27 11:01:02.645 ServerApp] jupyterlab | extension was successfully linked.
[I 2021-05-27 11:01:02.800 ServerApp] nbclassic | extension was successfully linked.
[I 2021-05-27 11:01:02.827 ServerApp] nbclassic | extension was successfully loaded.
[I 2021-05-27 11:01:02.828 LabApp] JupyterLab extension loaded from /home/khoeflich/jupyter-hpc-performance/miniconda3/lib/python3.9/site-packages/jupyterlab
[I 2021-05-27 11:01:02.828 LabApp] JupyterLab application directory is /home/khoeflich/jupyter-hpc-performance/miniconda3/share/jupyter/lab
[I 2021-05-27 11:01:02.832 ServerApp] jupyterlab | extension was successfully loaded.
[I 2021-05-27 11:01:02.833 ServerApp] Will shut down after 60 seconds with no kernels or terminals.
[I 2021-05-27 11:01:02.834 ServerApp] Serving notebooks from local directory: /home/khoeflich/jupyter-hpc-performance
[I 2021-05-27 11:01:02.834 ServerApp] Jupyter Server 1.8.0 is running at:
[I 2021-05-27 11:01:02.834 ServerApp] http://localhost:8888/lab?token=bbb59c4b10bdf67b10da6ee4b66c6a124047a806756dbb82
[I 2021-05-27 11:01:02.834 ServerApp]     http://127.0.0.1:8888/lab?token=bbb59c4b10bdf67b10da6ee4b66c6a124047a806756dbb82
[I 2021-05-27 11:01:02.834 ServerApp] Use Control-C to stop this server and shut down all kernels (twice to skip confirmation).
[C 2021-05-27 11:01:02.838 ServerApp] 
    
    To access the server, open this file in a browser:
        file:///home/khoeflich/.local/share/jupyter/runtime/jpserver-598971-open.html
    Or copy and paste one of these URLs:
        http://localhost:8888/lab?token=bbb59c4b10bdf67b10da6ee4b66c6a124047a806756dbb82
        http://127.0.0.1:8888/lab?token=bbb59c4b10bdf67b10da6ee4b66c6a124047a806756dbb82
[I 2021-05-27 11:02:02.894 ServerApp] No kernels or terminals for 60 seconds; shutting down.
[I 2021-05-27 11:02:02.895 ServerApp] Shutting down 0 kernels
[I 2021-05-27 11:02:02.895 ServerApp] Shutting down 0 terminals
2021-05-27_11:02:02_997965467
