morpheus
2021-05-27_05:01:02_609532415
[I 2021-05-27 05:01:03.137 ServerApp] jupyterlab | extension was successfully linked.
[I 2021-05-27 05:01:03.291 ServerApp] nbclassic | extension was successfully linked.
[I 2021-05-27 05:01:03.318 ServerApp] nbclassic | extension was successfully loaded.
[I 2021-05-27 05:01:03.319 LabApp] JupyterLab extension loaded from /home/khoeflich/jupyter-hpc-performance/miniconda3/lib/python3.9/site-packages/jupyterlab
[I 2021-05-27 05:01:03.319 LabApp] JupyterLab application directory is /home/khoeflich/jupyter-hpc-performance/miniconda3/share/jupyter/lab
[I 2021-05-27 05:01:03.322 ServerApp] jupyterlab | extension was successfully loaded.
[I 2021-05-27 05:01:03.323 ServerApp] Will shut down after 60 seconds with no kernels or terminals.
[I 2021-05-27 05:01:03.324 ServerApp] Serving notebooks from local directory: /home/khoeflich/jupyter-hpc-performance
[I 2021-05-27 05:01:03.324 ServerApp] Jupyter Server 1.8.0 is running at:
[I 2021-05-27 05:01:03.324 ServerApp] http://localhost:8888/lab?token=2209975b09b5104e99a7c0b1bec60eac6ce1d5642dbe545c
[I 2021-05-27 05:01:03.324 ServerApp]     http://127.0.0.1:8888/lab?token=2209975b09b5104e99a7c0b1bec60eac6ce1d5642dbe545c
[I 2021-05-27 05:01:03.324 ServerApp] Use Control-C to stop this server and shut down all kernels (twice to skip confirmation).
[C 2021-05-27 05:01:03.328 ServerApp] 
    
    To access the server, open this file in a browser:
        file:///home/khoeflich/.local/share/jupyter/runtime/jpserver-594439-open.html
    Or copy and paste one of these URLs:
        http://localhost:8888/lab?token=2209975b09b5104e99a7c0b1bec60eac6ce1d5642dbe545c
        http://127.0.0.1:8888/lab?token=2209975b09b5104e99a7c0b1bec60eac6ce1d5642dbe545c
[I 2021-05-27 05:02:03.384 ServerApp] No kernels or terminals for 60 seconds; shutting down.
[I 2021-05-27 05:02:03.385 ServerApp] Shutting down 0 kernels
[I 2021-05-27 05:02:03.386 ServerApp] Shutting down 0 terminals
2021-05-27_05:02:03_491400609
