morpheus
2021-05-27_03:01:02_506329161
[I 2021-05-27 03:01:03.026 ServerApp] jupyterlab | extension was successfully linked.
[I 2021-05-27 03:01:03.181 ServerApp] nbclassic | extension was successfully linked.
[I 2021-05-27 03:01:03.210 ServerApp] nbclassic | extension was successfully loaded.
[I 2021-05-27 03:01:03.211 LabApp] JupyterLab extension loaded from /home/khoeflich/jupyter-hpc-performance/miniconda3/lib/python3.9/site-packages/jupyterlab
[I 2021-05-27 03:01:03.211 LabApp] JupyterLab application directory is /home/khoeflich/jupyter-hpc-performance/miniconda3/share/jupyter/lab
[I 2021-05-27 03:01:03.214 ServerApp] jupyterlab | extension was successfully loaded.
[I 2021-05-27 03:01:03.215 ServerApp] Will shut down after 60 seconds with no kernels or terminals.
[I 2021-05-27 03:01:03.216 ServerApp] Serving notebooks from local directory: /home/khoeflich/jupyter-hpc-performance
[I 2021-05-27 03:01:03.216 ServerApp] Jupyter Server 1.8.0 is running at:
[I 2021-05-27 03:01:03.216 ServerApp] http://localhost:8888/lab?token=cdd00598a762e4b481f46e49f47fd158a499025035b9d01f
[I 2021-05-27 03:01:03.216 ServerApp]     http://127.0.0.1:8888/lab?token=cdd00598a762e4b481f46e49f47fd158a499025035b9d01f
[I 2021-05-27 03:01:03.216 ServerApp] Use Control-C to stop this server and shut down all kernels (twice to skip confirmation).
[C 2021-05-27 03:01:03.220 ServerApp] 
    
    To access the server, open this file in a browser:
        file:///home/khoeflich/.local/share/jupyter/runtime/jpserver-593168-open.html
    Or copy and paste one of these URLs:
        http://localhost:8888/lab?token=cdd00598a762e4b481f46e49f47fd158a499025035b9d01f
        http://127.0.0.1:8888/lab?token=cdd00598a762e4b481f46e49f47fd158a499025035b9d01f
[I 2021-05-27 03:02:03.220 ServerApp] No kernels or terminals for 60 seconds; shutting down.
[I 2021-05-27 03:02:03.221 ServerApp] Shutting down 0 kernels
[I 2021-05-27 03:02:03.222 ServerApp] Shutting down 0 terminals
2021-05-27_03:02:03_331940570
