morpheus
2021-05-27_07:01:01_774783551
[I 2021-05-27 07:01:02.297 ServerApp] jupyterlab | extension was successfully linked.
[I 2021-05-27 07:01:02.453 ServerApp] nbclassic | extension was successfully linked.
[I 2021-05-27 07:01:02.481 ServerApp] nbclassic | extension was successfully loaded.
[I 2021-05-27 07:01:02.482 LabApp] JupyterLab extension loaded from /home/khoeflich/jupyter-hpc-performance/miniconda3/lib/python3.9/site-packages/jupyterlab
[I 2021-05-27 07:01:02.482 LabApp] JupyterLab application directory is /home/khoeflich/jupyter-hpc-performance/miniconda3/share/jupyter/lab
[I 2021-05-27 07:01:02.484 ServerApp] jupyterlab | extension was successfully loaded.
[I 2021-05-27 07:01:02.486 ServerApp] Will shut down after 60 seconds with no kernels or terminals.
[I 2021-05-27 07:01:02.487 ServerApp] Serving notebooks from local directory: /home/khoeflich/jupyter-hpc-performance
[I 2021-05-27 07:01:02.487 ServerApp] Jupyter Server 1.8.0 is running at:
[I 2021-05-27 07:01:02.487 ServerApp] http://localhost:8888/lab?token=587ed421d638fb53b40dabd9192066e42b79695c9218c2b6
[I 2021-05-27 07:01:02.487 ServerApp]     http://127.0.0.1:8888/lab?token=587ed421d638fb53b40dabd9192066e42b79695c9218c2b6
[I 2021-05-27 07:01:02.487 ServerApp] Use Control-C to stop this server and shut down all kernels (twice to skip confirmation).
[C 2021-05-27 07:01:02.490 ServerApp] 
    
    To access the server, open this file in a browser:
        file:///home/khoeflich/.local/share/jupyter/runtime/jpserver-597469-open.html
    Or copy and paste one of these URLs:
        http://localhost:8888/lab?token=587ed421d638fb53b40dabd9192066e42b79695c9218c2b6
        http://127.0.0.1:8888/lab?token=587ed421d638fb53b40dabd9192066e42b79695c9218c2b6
[I 2021-05-27 07:02:02.547 ServerApp] No kernels or terminals for 60 seconds; shutting down.
[I 2021-05-27 07:02:02.548 ServerApp] Shutting down 0 kernels
[I 2021-05-27 07:02:02.548 ServerApp] Shutting down 0 terminals
2021-05-27_07:02:02_655854602
