morpheus
2021-05-27_02:01:01_917132542
[I 2021-05-27 02:01:02.436 ServerApp] jupyterlab | extension was successfully linked.
[I 2021-05-27 02:01:02.591 ServerApp] nbclassic | extension was successfully linked.
[I 2021-05-27 02:01:02.618 ServerApp] nbclassic | extension was successfully loaded.
[I 2021-05-27 02:01:02.619 LabApp] JupyterLab extension loaded from /home/khoeflich/jupyter-hpc-performance/miniconda3/lib/python3.9/site-packages/jupyterlab
[I 2021-05-27 02:01:02.619 LabApp] JupyterLab application directory is /home/khoeflich/jupyter-hpc-performance/miniconda3/share/jupyter/lab
[I 2021-05-27 02:01:02.621 ServerApp] jupyterlab | extension was successfully loaded.
[I 2021-05-27 02:01:02.623 ServerApp] Will shut down after 60 seconds with no kernels or terminals.
[I 2021-05-27 02:01:02.624 ServerApp] Serving notebooks from local directory: /home/khoeflich/jupyter-hpc-performance
[I 2021-05-27 02:01:02.624 ServerApp] Jupyter Server 1.8.0 is running at:
[I 2021-05-27 02:01:02.624 ServerApp] http://localhost:8888/lab?token=e99439d03e6956bdf7c1f68d4c2c009b3e4acfd493a3f8ac
[I 2021-05-27 02:01:02.624 ServerApp]     http://127.0.0.1:8888/lab?token=e99439d03e6956bdf7c1f68d4c2c009b3e4acfd493a3f8ac
[I 2021-05-27 02:01:02.624 ServerApp] Use Control-C to stop this server and shut down all kernels (twice to skip confirmation).
[C 2021-05-27 02:01:02.627 ServerApp] 
    
    To access the server, open this file in a browser:
        file:///home/khoeflich/.local/share/jupyter/runtime/jpserver-592832-open.html
    Or copy and paste one of these URLs:
        http://localhost:8888/lab?token=e99439d03e6956bdf7c1f68d4c2c009b3e4acfd493a3f8ac
        http://127.0.0.1:8888/lab?token=e99439d03e6956bdf7c1f68d4c2c009b3e4acfd493a3f8ac
[I 2021-05-27 02:02:02.684 ServerApp] No kernels or terminals for 60 seconds; shutting down.
[I 2021-05-27 02:02:02.685 ServerApp] Shutting down 0 kernels
[I 2021-05-27 02:02:02.685 ServerApp] Shutting down 0 terminals
2021-05-27_02:02:02_795755176
