morpheus
2021-05-27_10:01:02_506858528
[I 2021-05-27 10:01:03.028 ServerApp] jupyterlab | extension was successfully linked.
[I 2021-05-27 10:01:03.192 ServerApp] nbclassic | extension was successfully linked.
[I 2021-05-27 10:01:03.220 ServerApp] nbclassic | extension was successfully loaded.
[I 2021-05-27 10:01:03.221 LabApp] JupyterLab extension loaded from /home/khoeflich/jupyter-hpc-performance/miniconda3/lib/python3.9/site-packages/jupyterlab
[I 2021-05-27 10:01:03.221 LabApp] JupyterLab application directory is /home/khoeflich/jupyter-hpc-performance/miniconda3/share/jupyter/lab
[I 2021-05-27 10:01:03.224 ServerApp] jupyterlab | extension was successfully loaded.
[I 2021-05-27 10:01:03.226 ServerApp] Will shut down after 60 seconds with no kernels or terminals.
[I 2021-05-27 10:01:03.226 ServerApp] Serving notebooks from local directory: /home/khoeflich/jupyter-hpc-performance
[I 2021-05-27 10:01:03.226 ServerApp] Jupyter Server 1.8.0 is running at:
[I 2021-05-27 10:01:03.226 ServerApp] http://localhost:8888/lab?token=96ce7f4f9387c980f8c49818984c53630cfd597ede287f23
[I 2021-05-27 10:01:03.226 ServerApp]     http://127.0.0.1:8888/lab?token=96ce7f4f9387c980f8c49818984c53630cfd597ede287f23
[I 2021-05-27 10:01:03.226 ServerApp] Use Control-C to stop this server and shut down all kernels (twice to skip confirmation).
[C 2021-05-27 10:01:03.230 ServerApp] 
    
    To access the server, open this file in a browser:
        file:///home/khoeflich/.local/share/jupyter/runtime/jpserver-598626-open.html
    Or copy and paste one of these URLs:
        http://localhost:8888/lab?token=96ce7f4f9387c980f8c49818984c53630cfd597ede287f23
        http://127.0.0.1:8888/lab?token=96ce7f4f9387c980f8c49818984c53630cfd597ede287f23
[I 2021-05-27 10:02:03.286 ServerApp] No kernels or terminals for 60 seconds; shutting down.
[I 2021-05-27 10:02:03.287 ServerApp] Shutting down 0 kernels
[I 2021-05-27 10:02:03.288 ServerApp] Shutting down 0 terminals
2021-05-27_10:02:03_391360327
