morpheus
2021-05-27_08:01:02_353923797
[I 2021-05-27 08:01:02.878 ServerApp] jupyterlab | extension was successfully linked.
[I 2021-05-27 08:01:03.032 ServerApp] nbclassic | extension was successfully linked.
[I 2021-05-27 08:01:03.060 ServerApp] nbclassic | extension was successfully loaded.
[I 2021-05-27 08:01:03.061 LabApp] JupyterLab extension loaded from /home/khoeflich/jupyter-hpc-performance/miniconda3/lib/python3.9/site-packages/jupyterlab
[I 2021-05-27 08:01:03.061 LabApp] JupyterLab application directory is /home/khoeflich/jupyter-hpc-performance/miniconda3/share/jupyter/lab
[I 2021-05-27 08:01:03.064 ServerApp] jupyterlab | extension was successfully loaded.
[I 2021-05-27 08:01:03.066 ServerApp] Will shut down after 60 seconds with no kernels or terminals.
[I 2021-05-27 08:01:03.067 ServerApp] Serving notebooks from local directory: /home/khoeflich/jupyter-hpc-performance
[I 2021-05-27 08:01:03.067 ServerApp] Jupyter Server 1.8.0 is running at:
[I 2021-05-27 08:01:03.067 ServerApp] http://localhost:8888/lab?token=d1d119aefdab61c5cc201ba3d608395d2f3e9c7f5b970246
[I 2021-05-27 08:01:03.067 ServerApp]     http://127.0.0.1:8888/lab?token=d1d119aefdab61c5cc201ba3d608395d2f3e9c7f5b970246
[I 2021-05-27 08:01:03.067 ServerApp] Use Control-C to stop this server and shut down all kernels (twice to skip confirmation).
[C 2021-05-27 08:01:03.070 ServerApp] 
    
    To access the server, open this file in a browser:
        file:///home/khoeflich/.local/share/jupyter/runtime/jpserver-597932-open.html
    Or copy and paste one of these URLs:
        http://localhost:8888/lab?token=d1d119aefdab61c5cc201ba3d608395d2f3e9c7f5b970246
        http://127.0.0.1:8888/lab?token=d1d119aefdab61c5cc201ba3d608395d2f3e9c7f5b970246
[I 2021-05-27 08:02:03.127 ServerApp] No kernels or terminals for 60 seconds; shutting down.
[I 2021-05-27 08:02:03.128 ServerApp] Shutting down 0 kernels
[I 2021-05-27 08:02:03.128 ServerApp] Shutting down 0 terminals
2021-05-27_08:02:03_233872430
