morpheus
2021-05-26_18:01:02_133235665
[I 2021-05-26 18:01:02.658 ServerApp] jupyterlab | extension was successfully linked.
[I 2021-05-26 18:01:02.814 ServerApp] nbclassic | extension was successfully linked.
[I 2021-05-26 18:01:02.842 ServerApp] nbclassic | extension was successfully loaded.
[I 2021-05-26 18:01:02.843 LabApp] JupyterLab extension loaded from /home/khoeflich/jupyter-hpc-performance/miniconda3/lib/python3.9/site-packages/jupyterlab
[I 2021-05-26 18:01:02.843 LabApp] JupyterLab application directory is /home/khoeflich/jupyter-hpc-performance/miniconda3/share/jupyter/lab
[I 2021-05-26 18:01:02.846 ServerApp] jupyterlab | extension was successfully loaded.
[I 2021-05-26 18:01:02.848 ServerApp] Will shut down after 60 seconds with no kernels or terminals.
[I 2021-05-26 18:01:02.848 ServerApp] Serving notebooks from local directory: /home/khoeflich/jupyter-hpc-performance
[I 2021-05-26 18:01:02.848 ServerApp] Jupyter Server 1.8.0 is running at:
[I 2021-05-26 18:01:02.848 ServerApp] http://localhost:8888/lab?token=8c0b3ee10833de0f78ed3646435e4cf4c23adef391a7545e
[I 2021-05-26 18:01:02.848 ServerApp]     http://127.0.0.1:8888/lab?token=8c0b3ee10833de0f78ed3646435e4cf4c23adef391a7545e
[I 2021-05-26 18:01:02.848 ServerApp] Use Control-C to stop this server and shut down all kernels (twice to skip confirmation).
[C 2021-05-26 18:01:02.852 ServerApp] 
    
    To access the server, open this file in a browser:
        file:///home/khoeflich/.local/share/jupyter/runtime/jpserver-589987-open.html
    Or copy and paste one of these URLs:
        http://localhost:8888/lab?token=8c0b3ee10833de0f78ed3646435e4cf4c23adef391a7545e
        http://127.0.0.1:8888/lab?token=8c0b3ee10833de0f78ed3646435e4cf4c23adef391a7545e
[I 2021-05-26 18:02:02.909 ServerApp] No kernels or terminals for 60 seconds; shutting down.
[I 2021-05-26 18:02:02.909 ServerApp] Shutting down 0 kernels
[I 2021-05-26 18:02:02.910 ServerApp] Shutting down 0 terminals
2021-05-26_18:02:03_019464258
