morpheus
2021-05-27_14:01:01_742660675
[I 2021-05-27 14:01:02.265 ServerApp] jupyterlab | extension was successfully linked.
[I 2021-05-27 14:01:02.418 ServerApp] nbclassic | extension was successfully linked.
[I 2021-05-27 14:01:02.446 ServerApp] nbclassic | extension was successfully loaded.
[I 2021-05-27 14:01:02.447 LabApp] JupyterLab extension loaded from /home/khoeflich/jupyter-hpc-performance/miniconda3/lib/python3.9/site-packages/jupyterlab
[I 2021-05-27 14:01:02.447 LabApp] JupyterLab application directory is /home/khoeflich/jupyter-hpc-performance/miniconda3/share/jupyter/lab
[I 2021-05-27 14:01:02.450 ServerApp] jupyterlab | extension was successfully loaded.
[I 2021-05-27 14:01:02.452 ServerApp] Will shut down after 60 seconds with no kernels or terminals.
[I 2021-05-27 14:01:02.452 ServerApp] Serving notebooks from local directory: /home/khoeflich/jupyter-hpc-performance
[I 2021-05-27 14:01:02.452 ServerApp] Jupyter Server 1.8.0 is running at:
[I 2021-05-27 14:01:02.452 ServerApp] http://localhost:8888/lab?token=3447a00d4fd86c31eb9907ab0b41a7dd133c33bbf768a2d3
[I 2021-05-27 14:01:02.452 ServerApp]     http://127.0.0.1:8888/lab?token=3447a00d4fd86c31eb9907ab0b41a7dd133c33bbf768a2d3
[I 2021-05-27 14:01:02.453 ServerApp] Use Control-C to stop this server and shut down all kernels (twice to skip confirmation).
[C 2021-05-27 14:01:02.456 ServerApp] 
    
    To access the server, open this file in a browser:
        file:///home/khoeflich/.local/share/jupyter/runtime/jpserver-604681-open.html
    Or copy and paste one of these URLs:
        http://localhost:8888/lab?token=3447a00d4fd86c31eb9907ab0b41a7dd133c33bbf768a2d3
        http://127.0.0.1:8888/lab?token=3447a00d4fd86c31eb9907ab0b41a7dd133c33bbf768a2d3
[I 2021-05-27 14:02:02.513 ServerApp] No kernels or terminals for 60 seconds; shutting down.
[I 2021-05-27 14:02:02.513 ServerApp] Shutting down 0 kernels
[I 2021-05-27 14:02:02.514 ServerApp] Shutting down 0 terminals
2021-05-27_14:02:02_623580059
