morpheus
2021-05-27_01:01:02_323238348
[I 2021-05-27 01:01:02.846 ServerApp] jupyterlab | extension was successfully linked.
[I 2021-05-27 01:01:03.001 ServerApp] nbclassic | extension was successfully linked.
[I 2021-05-27 01:01:03.031 ServerApp] nbclassic | extension was successfully loaded.
[I 2021-05-27 01:01:03.032 LabApp] JupyterLab extension loaded from /home/khoeflich/jupyter-hpc-performance/miniconda3/lib/python3.9/site-packages/jupyterlab
[I 2021-05-27 01:01:03.032 LabApp] JupyterLab application directory is /home/khoeflich/jupyter-hpc-performance/miniconda3/share/jupyter/lab
[I 2021-05-27 01:01:03.035 ServerApp] jupyterlab | extension was successfully loaded.
[I 2021-05-27 01:01:03.036 ServerApp] Will shut down after 60 seconds with no kernels or terminals.
[I 2021-05-27 01:01:03.037 ServerApp] Serving notebooks from local directory: /home/khoeflich/jupyter-hpc-performance
[I 2021-05-27 01:01:03.037 ServerApp] Jupyter Server 1.8.0 is running at:
[I 2021-05-27 01:01:03.037 ServerApp] http://localhost:8888/lab?token=ec8cb9965254c06cf5a7b543ba0338c6c653af06eaff86cf
[I 2021-05-27 01:01:03.037 ServerApp]     http://127.0.0.1:8888/lab?token=ec8cb9965254c06cf5a7b543ba0338c6c653af06eaff86cf
[I 2021-05-27 01:01:03.037 ServerApp] Use Control-C to stop this server and shut down all kernels (twice to skip confirmation).
[C 2021-05-27 01:01:03.041 ServerApp] 
    
    To access the server, open this file in a browser:
        file:///home/khoeflich/.local/share/jupyter/runtime/jpserver-592489-open.html
    Or copy and paste one of these URLs:
        http://localhost:8888/lab?token=ec8cb9965254c06cf5a7b543ba0338c6c653af06eaff86cf
        http://127.0.0.1:8888/lab?token=ec8cb9965254c06cf5a7b543ba0338c6c653af06eaff86cf
[I 2021-05-27 01:02:03.097 ServerApp] No kernels or terminals for 60 seconds; shutting down.
[I 2021-05-27 01:02:03.098 ServerApp] Shutting down 0 kernels
[I 2021-05-27 01:02:03.099 ServerApp] Shutting down 0 terminals
2021-05-27_01:02:03_201213671
