morpheus
2021-05-27_04:01:02_021339696
[I 2021-05-27 04:01:02.545 ServerApp] jupyterlab | extension was successfully linked.
[I 2021-05-27 04:01:02.700 ServerApp] nbclassic | extension was successfully linked.
[I 2021-05-27 04:01:02.730 ServerApp] nbclassic | extension was successfully loaded.
[I 2021-05-27 04:01:02.731 LabApp] JupyterLab extension loaded from /home/khoeflich/jupyter-hpc-performance/miniconda3/lib/python3.9/site-packages/jupyterlab
[I 2021-05-27 04:01:02.731 LabApp] JupyterLab application directory is /home/khoeflich/jupyter-hpc-performance/miniconda3/share/jupyter/lab
[I 2021-05-27 04:01:02.733 ServerApp] jupyterlab | extension was successfully loaded.
[I 2021-05-27 04:01:02.735 ServerApp] Will shut down after 60 seconds with no kernels or terminals.
[I 2021-05-27 04:01:02.736 ServerApp] Serving notebooks from local directory: /home/khoeflich/jupyter-hpc-performance
[I 2021-05-27 04:01:02.736 ServerApp] Jupyter Server 1.8.0 is running at:
[I 2021-05-27 04:01:02.736 ServerApp] http://localhost:8888/lab?token=34f798c0bd155b274857b792a7ca0a358021c6fd361474bb
[I 2021-05-27 04:01:02.736 ServerApp]     http://127.0.0.1:8888/lab?token=34f798c0bd155b274857b792a7ca0a358021c6fd361474bb
[I 2021-05-27 04:01:02.736 ServerApp] Use Control-C to stop this server and shut down all kernels (twice to skip confirmation).
[C 2021-05-27 04:01:02.744 ServerApp] 
    
    To access the server, open this file in a browser:
        file:///home/khoeflich/.local/share/jupyter/runtime/jpserver-593536-open.html
    Or copy and paste one of these URLs:
        http://localhost:8888/lab?token=34f798c0bd155b274857b792a7ca0a358021c6fd361474bb
        http://127.0.0.1:8888/lab?token=34f798c0bd155b274857b792a7ca0a358021c6fd361474bb
[I 2021-05-27 04:02:02.796 ServerApp] No kernels or terminals for 60 seconds; shutting down.
[I 2021-05-27 04:02:02.797 ServerApp] Shutting down 0 kernels
[I 2021-05-27 04:02:02.797 ServerApp] Shutting down 0 terminals
2021-05-27_04:02:02_908571292
