morpheus
2021-05-27_00:01:01_722792977
[I 2021-05-27 00:01:02.252 ServerApp] jupyterlab | extension was successfully linked.
[I 2021-05-27 00:01:02.407 ServerApp] nbclassic | extension was successfully linked.
[I 2021-05-27 00:01:02.437 ServerApp] nbclassic | extension was successfully loaded.
[I 2021-05-27 00:01:02.438 LabApp] JupyterLab extension loaded from /home/khoeflich/jupyter-hpc-performance/miniconda3/lib/python3.9/site-packages/jupyterlab
[I 2021-05-27 00:01:02.438 LabApp] JupyterLab application directory is /home/khoeflich/jupyter-hpc-performance/miniconda3/share/jupyter/lab
[I 2021-05-27 00:01:02.441 ServerApp] jupyterlab | extension was successfully loaded.
[I 2021-05-27 00:01:02.443 ServerApp] Will shut down after 60 seconds with no kernels or terminals.
[I 2021-05-27 00:01:02.443 ServerApp] Serving notebooks from local directory: /home/khoeflich/jupyter-hpc-performance
[I 2021-05-27 00:01:02.443 ServerApp] Jupyter Server 1.8.0 is running at:
[I 2021-05-27 00:01:02.444 ServerApp] http://localhost:8888/lab?token=e9867ed53cf88d54acb0a99ee1ac94cdb3242b635926d380
[I 2021-05-27 00:01:02.444 ServerApp]     http://127.0.0.1:8888/lab?token=e9867ed53cf88d54acb0a99ee1ac94cdb3242b635926d380
[I 2021-05-27 00:01:02.444 ServerApp] Use Control-C to stop this server and shut down all kernels (twice to skip confirmation).
[C 2021-05-27 00:01:02.447 ServerApp] 
    
    To access the server, open this file in a browser:
        file:///home/khoeflich/.local/share/jupyter/runtime/jpserver-592146-open.html
    Or copy and paste one of these URLs:
        http://localhost:8888/lab?token=e9867ed53cf88d54acb0a99ee1ac94cdb3242b635926d380
        http://127.0.0.1:8888/lab?token=e9867ed53cf88d54acb0a99ee1ac94cdb3242b635926d380
[I 2021-05-27 00:02:02.504 ServerApp] No kernels or terminals for 60 seconds; shutting down.
[I 2021-05-27 00:02:02.505 ServerApp] Shutting down 0 kernels
[I 2021-05-27 00:02:02.505 ServerApp] Shutting down 0 terminals
2021-05-27_00:02:02_608523285
