starter.sh: line 19: module: command not found
morpheus
2021-05-26_18:00:00_483227850
[I 2021-05-26 18:00:01.618 ServerApp] jupyterlab | extension was successfully linked.
[I 2021-05-26 18:00:01.631 ServerApp] Writing notebook server cookie secret to /home/khoeflich/.local/share/jupyter/runtime/jupyter_cookie_secret
[I 2021-05-26 18:00:01.915 ServerApp] nbclassic | extension was successfully linked.
[I 2021-05-26 18:00:01.946 ServerApp] nbclassic | extension was successfully loaded.
[I 2021-05-26 18:00:01.947 LabApp] JupyterLab extension loaded from /miniconda3/lib/python3.9/site-packages/jupyterlab
[I 2021-05-26 18:00:01.947 LabApp] JupyterLab application directory is /miniconda3/share/jupyter/lab
[I 2021-05-26 18:00:01.951 ServerApp] jupyterlab | extension was successfully loaded.
[I 2021-05-26 18:00:01.952 ServerApp] Will shut down after 60 seconds with no kernels or terminals.
[I 2021-05-26 18:00:01.952 ServerApp] Serving notebooks from local directory: /home/khoeflich/jupyter-hpc-performance
[I 2021-05-26 18:00:01.953 ServerApp] Jupyter Server 1.8.0 is running at:
[I 2021-05-26 18:00:01.953 ServerApp] http://localhost:8888/lab?token=34fc32fe9f068bea175f1fa3afcc977985e471e6b5276a9e
[I 2021-05-26 18:00:01.953 ServerApp]     http://127.0.0.1:8888/lab?token=34fc32fe9f068bea175f1fa3afcc977985e471e6b5276a9e
[I 2021-05-26 18:00:01.953 ServerApp] Use Control-C to stop this server and shut down all kernels (twice to skip confirmation).
[C 2021-05-26 18:00:01.956 ServerApp] 
    
    To access the server, open this file in a browser:
        file:///home/khoeflich/.local/share/jupyter/runtime/jpserver-589971-open.html
    Or copy and paste one of these URLs:
        http://localhost:8888/lab?token=34fc32fe9f068bea175f1fa3afcc977985e471e6b5276a9e
        http://127.0.0.1:8888/lab?token=34fc32fe9f068bea175f1fa3afcc977985e471e6b5276a9e
[I 2021-05-26 18:01:01.972 ServerApp] No kernels or terminals for 60 seconds; shutting down.
[I 2021-05-26 18:01:01.973 ServerApp] Shutting down 0 kernels
[I 2021-05-26 18:01:01.973 ServerApp] Shutting down 0 terminals
2021-05-26_18:01:02_126429065
