starter.sh: line 19: module: command not found
morpheus
2021-05-27_01:00:00_619948885
[I 2021-05-27 01:00:01.777 ServerApp] jupyterlab | extension was successfully linked.
[I 2021-05-27 01:00:02.075 ServerApp] nbclassic | extension was successfully linked.
[I 2021-05-27 01:00:02.105 ServerApp] nbclassic | extension was successfully loaded.
[I 2021-05-27 01:00:02.106 LabApp] JupyterLab extension loaded from /miniconda3/lib/python3.9/site-packages/jupyterlab
[I 2021-05-27 01:00:02.106 LabApp] JupyterLab application directory is /miniconda3/share/jupyter/lab
[I 2021-05-27 01:00:02.109 ServerApp] jupyterlab | extension was successfully loaded.
[I 2021-05-27 01:00:02.110 ServerApp] Will shut down after 60 seconds with no kernels or terminals.
[I 2021-05-27 01:00:02.111 ServerApp] Serving notebooks from local directory: /home/khoeflich/jupyter-hpc-performance
[I 2021-05-27 01:00:02.111 ServerApp] Jupyter Server 1.8.0 is running at:
[I 2021-05-27 01:00:02.111 ServerApp] http://localhost:8888/lab?token=3f4e7965f997414843572dc87b66f8facee20139bc970496
[I 2021-05-27 01:00:02.111 ServerApp]     http://127.0.0.1:8888/lab?token=3f4e7965f997414843572dc87b66f8facee20139bc970496
[I 2021-05-27 01:00:02.111 ServerApp] Use Control-C to stop this server and shut down all kernels (twice to skip confirmation).
[C 2021-05-27 01:00:02.114 ServerApp] 
    
    To access the server, open this file in a browser:
        file:///home/khoeflich/.local/share/jupyter/runtime/jpserver-592477-open.html
    Or copy and paste one of these URLs:
        http://localhost:8888/lab?token=3f4e7965f997414843572dc87b66f8facee20139bc970496
        http://127.0.0.1:8888/lab?token=3f4e7965f997414843572dc87b66f8facee20139bc970496
[I 2021-05-27 01:01:02.172 ServerApp] No kernels or terminals for 60 seconds; shutting down.
[I 2021-05-27 01:01:02.172 ServerApp] Shutting down 0 kernels
[I 2021-05-27 01:01:02.173 ServerApp] Shutting down 0 terminals
2021-05-27_01:01:02_316903260
