starter.sh: line 19: module: command not found
morpheus
2021-05-27_17:00:00_821625620
[I 2021-05-27 17:00:01.970 ServerApp] jupyterlab | extension was successfully linked.
[I 2021-05-27 17:00:02.273 ServerApp] nbclassic | extension was successfully linked.
[I 2021-05-27 17:00:02.304 ServerApp] nbclassic | extension was successfully loaded.
[I 2021-05-27 17:00:02.305 LabApp] JupyterLab extension loaded from /miniconda3/lib/python3.9/site-packages/jupyterlab
[I 2021-05-27 17:00:02.305 LabApp] JupyterLab application directory is /miniconda3/share/jupyter/lab
[I 2021-05-27 17:00:02.309 ServerApp] jupyterlab | extension was successfully loaded.
[I 2021-05-27 17:00:02.309 ServerApp] Will shut down after 60 seconds with no kernels or terminals.
[I 2021-05-27 17:00:02.310 ServerApp] Serving notebooks from local directory: /home/khoeflich/jupyter-hpc-performance
[I 2021-05-27 17:00:02.310 ServerApp] Jupyter Server 1.8.0 is running at:
[I 2021-05-27 17:00:02.310 ServerApp] http://localhost:8888/lab?token=dcb5d4be51d1aff55b17aaf21a195504ad8e17649bc3345c
[I 2021-05-27 17:00:02.310 ServerApp]     http://127.0.0.1:8888/lab?token=dcb5d4be51d1aff55b17aaf21a195504ad8e17649bc3345c
[I 2021-05-27 17:00:02.310 ServerApp] Use Control-C to stop this server and shut down all kernels (twice to skip confirmation).
[C 2021-05-27 17:00:02.314 ServerApp] 
    
    To access the server, open this file in a browser:
        file:///home/khoeflich/.local/share/jupyter/runtime/jpserver-605795-open.html
    Or copy and paste one of these URLs:
        http://localhost:8888/lab?token=dcb5d4be51d1aff55b17aaf21a195504ad8e17649bc3345c
        http://127.0.0.1:8888/lab?token=dcb5d4be51d1aff55b17aaf21a195504ad8e17649bc3345c
[I 2021-05-27 17:01:02.370 ServerApp] No kernels or terminals for 60 seconds; shutting down.
[I 2021-05-27 17:01:02.371 ServerApp] Shutting down 0 kernels
[I 2021-05-27 17:01:02.371 ServerApp] Shutting down 0 terminals
2021-05-27_17:01:02_530440412
