starter.sh: line 19: module: command not found
morpheus
2021-05-27_06:00:00_502782461
[I 2021-05-27 06:00:01.648 ServerApp] jupyterlab | extension was successfully linked.
[I 2021-05-27 06:00:01.951 ServerApp] nbclassic | extension was successfully linked.
[I 2021-05-27 06:00:01.980 ServerApp] nbclassic | extension was successfully loaded.
[I 2021-05-27 06:00:01.981 LabApp] JupyterLab extension loaded from /miniconda3/lib/python3.9/site-packages/jupyterlab
[I 2021-05-27 06:00:01.981 LabApp] JupyterLab application directory is /miniconda3/share/jupyter/lab
[I 2021-05-27 06:00:01.984 ServerApp] jupyterlab | extension was successfully loaded.
[I 2021-05-27 06:00:01.985 ServerApp] Will shut down after 60 seconds with no kernels or terminals.
[I 2021-05-27 06:00:01.986 ServerApp] Serving notebooks from local directory: /home/khoeflich/jupyter-hpc-performance
[I 2021-05-27 06:00:01.986 ServerApp] Jupyter Server 1.8.0 is running at:
[I 2021-05-27 06:00:01.986 ServerApp] http://localhost:8888/lab?token=b6fec2d2640fa1ac0254d659c33f58839cf18a3de7f09c7d
[I 2021-05-27 06:00:01.986 ServerApp]     http://127.0.0.1:8888/lab?token=b6fec2d2640fa1ac0254d659c33f58839cf18a3de7f09c7d
[I 2021-05-27 06:00:01.986 ServerApp] Use Control-C to stop this server and shut down all kernels (twice to skip confirmation).
[C 2021-05-27 06:00:01.989 ServerApp] 
    
    To access the server, open this file in a browser:
        file:///home/khoeflich/.local/share/jupyter/runtime/jpserver-594778-open.html
    Or copy and paste one of these URLs:
        http://localhost:8888/lab?token=b6fec2d2640fa1ac0254d659c33f58839cf18a3de7f09c7d
        http://127.0.0.1:8888/lab?token=b6fec2d2640fa1ac0254d659c33f58839cf18a3de7f09c7d
[I 2021-05-27 06:01:02.047 ServerApp] No kernels or terminals for 60 seconds; shutting down.
[I 2021-05-27 06:01:02.048 ServerApp] Shutting down 0 kernels
[I 2021-05-27 06:01:02.048 ServerApp] Shutting down 0 terminals
2021-05-27_06:01:02_198374398
