starter.sh: line 19: module: command not found
morpheus
2021-05-26_23:00:00_452387989
[I 2021-05-26 23:00:01.600 ServerApp] jupyterlab | extension was successfully linked.
[I 2021-05-26 23:00:01.897 ServerApp] nbclassic | extension was successfully linked.
[I 2021-05-26 23:00:01.929 ServerApp] nbclassic | extension was successfully loaded.
[I 2021-05-26 23:00:01.930 LabApp] JupyterLab extension loaded from /miniconda3/lib/python3.9/site-packages/jupyterlab
[I 2021-05-26 23:00:01.930 LabApp] JupyterLab application directory is /miniconda3/share/jupyter/lab
[I 2021-05-26 23:00:01.933 ServerApp] jupyterlab | extension was successfully loaded.
[I 2021-05-26 23:00:01.934 ServerApp] Will shut down after 60 seconds with no kernels or terminals.
[I 2021-05-26 23:00:01.934 ServerApp] Serving notebooks from local directory: /home/khoeflich/jupyter-hpc-performance
[I 2021-05-26 23:00:01.935 ServerApp] Jupyter Server 1.8.0 is running at:
[I 2021-05-26 23:00:01.935 ServerApp] http://localhost:8888/lab?token=1f96ecd4cd91573af97ebfad69568a88d389b258ff3558c0
[I 2021-05-26 23:00:01.935 ServerApp]     http://127.0.0.1:8888/lab?token=1f96ecd4cd91573af97ebfad69568a88d389b258ff3558c0
[I 2021-05-26 23:00:01.935 ServerApp] Use Control-C to stop this server and shut down all kernels (twice to skip confirmation).
[C 2021-05-26 23:00:01.938 ServerApp] 
    
    To access the server, open this file in a browser:
        file:///home/khoeflich/.local/share/jupyter/runtime/jpserver-591761-open.html
    Or copy and paste one of these URLs:
        http://localhost:8888/lab?token=1f96ecd4cd91573af97ebfad69568a88d389b258ff3558c0
        http://127.0.0.1:8888/lab?token=1f96ecd4cd91573af97ebfad69568a88d389b258ff3558c0
[I 2021-05-26 23:01:01.996 ServerApp] No kernels or terminals for 60 seconds; shutting down.
[I 2021-05-26 23:01:01.996 ServerApp] Shutting down 0 kernels
[I 2021-05-26 23:01:01.997 ServerApp] Shutting down 0 terminals
2021-05-26_23:01:02_148436171
