starter.sh: line 19: module: command not found
morpheus
2021-05-26_22:00:00_865962196
[I 2021-05-26 22:00:02.004 ServerApp] jupyterlab | extension was successfully linked.
[I 2021-05-26 22:00:02.304 ServerApp] nbclassic | extension was successfully linked.
[I 2021-05-26 22:00:02.333 ServerApp] nbclassic | extension was successfully loaded.
[I 2021-05-26 22:00:02.334 LabApp] JupyterLab extension loaded from /miniconda3/lib/python3.9/site-packages/jupyterlab
[I 2021-05-26 22:00:02.334 LabApp] JupyterLab application directory is /miniconda3/share/jupyter/lab
[I 2021-05-26 22:00:02.337 ServerApp] jupyterlab | extension was successfully loaded.
[I 2021-05-26 22:00:02.338 ServerApp] Will shut down after 60 seconds with no kernels or terminals.
[I 2021-05-26 22:00:02.339 ServerApp] Serving notebooks from local directory: /home/khoeflich/jupyter-hpc-performance
[I 2021-05-26 22:00:02.339 ServerApp] Jupyter Server 1.8.0 is running at:
[I 2021-05-26 22:00:02.339 ServerApp] http://localhost:8888/lab?token=5b744c83a86779f73d787d95cc0bbec17713be043d4ae67e
[I 2021-05-26 22:00:02.339 ServerApp]     http://127.0.0.1:8888/lab?token=5b744c83a86779f73d787d95cc0bbec17713be043d4ae67e
[I 2021-05-26 22:00:02.339 ServerApp] Use Control-C to stop this server and shut down all kernels (twice to skip confirmation).
[C 2021-05-26 22:00:02.342 ServerApp] 
    
    To access the server, open this file in a browser:
        file:///home/khoeflich/.local/share/jupyter/runtime/jpserver-591391-open.html
    Or copy and paste one of these URLs:
        http://localhost:8888/lab?token=5b744c83a86779f73d787d95cc0bbec17713be043d4ae67e
        http://127.0.0.1:8888/lab?token=5b744c83a86779f73d787d95cc0bbec17713be043d4ae67e
[I 2021-05-26 22:01:02.400 ServerApp] No kernels or terminals for 60 seconds; shutting down.
[I 2021-05-26 22:01:02.400 ServerApp] Shutting down 0 kernels
[I 2021-05-26 22:01:02.401 ServerApp] Shutting down 0 terminals
2021-05-26_22:01:02_547779514
