starter.sh: line 19: module: command not found
morpheus
2021-05-27_04:00:00_343413151
[I 2021-05-27 04:00:01.474 ServerApp] jupyterlab | extension was successfully linked.
[I 2021-05-27 04:00:01.776 ServerApp] nbclassic | extension was successfully linked.
[I 2021-05-27 04:00:01.807 ServerApp] nbclassic | extension was successfully loaded.
[I 2021-05-27 04:00:01.809 LabApp] JupyterLab extension loaded from /miniconda3/lib/python3.9/site-packages/jupyterlab
[I 2021-05-27 04:00:01.809 LabApp] JupyterLab application directory is /miniconda3/share/jupyter/lab
[I 2021-05-27 04:00:01.812 ServerApp] jupyterlab | extension was successfully loaded.
[I 2021-05-27 04:00:01.812 ServerApp] Will shut down after 60 seconds with no kernels or terminals.
[I 2021-05-27 04:00:01.813 ServerApp] Serving notebooks from local directory: /home/khoeflich/jupyter-hpc-performance
[I 2021-05-27 04:00:01.813 ServerApp] Jupyter Server 1.8.0 is running at:
[I 2021-05-27 04:00:01.813 ServerApp] http://localhost:8888/lab?token=bc451cb7b3f886dc2bd25b3c18b213b067c3ef690ccdc4ee
[I 2021-05-27 04:00:01.813 ServerApp]     http://127.0.0.1:8888/lab?token=bc451cb7b3f886dc2bd25b3c18b213b067c3ef690ccdc4ee
[I 2021-05-27 04:00:01.813 ServerApp] Use Control-C to stop this server and shut down all kernels (twice to skip confirmation).
[C 2021-05-27 04:00:01.817 ServerApp] 
    
    To access the server, open this file in a browser:
        file:///home/khoeflich/.local/share/jupyter/runtime/jpserver-593524-open.html
    Or copy and paste one of these URLs:
        http://localhost:8888/lab?token=bc451cb7b3f886dc2bd25b3c18b213b067c3ef690ccdc4ee
        http://127.0.0.1:8888/lab?token=bc451cb7b3f886dc2bd25b3c18b213b067c3ef690ccdc4ee
[I 2021-05-27 04:01:01.873 ServerApp] No kernels or terminals for 60 seconds; shutting down.
[I 2021-05-27 04:01:01.874 ServerApp] Shutting down 0 kernels
[I 2021-05-27 04:01:01.875 ServerApp] Shutting down 0 terminals
2021-05-27_04:01:02_014873102
