starter.sh: line 19: module: command not found
morpheus
2021-05-26_19:00:00_031814310
[I 2021-05-26 19:00:01.188 ServerApp] jupyterlab | extension was successfully linked.
[I 2021-05-26 19:00:01.486 ServerApp] nbclassic | extension was successfully linked.
[I 2021-05-26 19:00:01.515 ServerApp] nbclassic | extension was successfully loaded.
[I 2021-05-26 19:00:01.516 LabApp] JupyterLab extension loaded from /miniconda3/lib/python3.9/site-packages/jupyterlab
[I 2021-05-26 19:00:01.516 LabApp] JupyterLab application directory is /miniconda3/share/jupyter/lab
[I 2021-05-26 19:00:01.520 ServerApp] jupyterlab | extension was successfully loaded.
[I 2021-05-26 19:00:01.521 ServerApp] Will shut down after 60 seconds with no kernels or terminals.
[I 2021-05-26 19:00:01.522 ServerApp] Serving notebooks from local directory: /home/khoeflich/jupyter-hpc-performance
[I 2021-05-26 19:00:01.522 ServerApp] Jupyter Server 1.8.0 is running at:
[I 2021-05-26 19:00:01.522 ServerApp] http://localhost:8888/lab?token=611e8e1112961f6bc4a0344ff126241299837adce9627144
[I 2021-05-26 19:00:01.522 ServerApp]     http://127.0.0.1:8888/lab?token=611e8e1112961f6bc4a0344ff126241299837adce9627144
[I 2021-05-26 19:00:01.522 ServerApp] Use Control-C to stop this server and shut down all kernels (twice to skip confirmation).
[C 2021-05-26 19:00:01.525 ServerApp] 
    
    To access the server, open this file in a browser:
        file:///home/khoeflich/.local/share/jupyter/runtime/jpserver-590330-open.html
    Or copy and paste one of these URLs:
        http://localhost:8888/lab?token=611e8e1112961f6bc4a0344ff126241299837adce9627144
        http://127.0.0.1:8888/lab?token=611e8e1112961f6bc4a0344ff126241299837adce9627144
[I 2021-05-26 19:01:01.583 ServerApp] No kernels or terminals for 60 seconds; shutting down.
[I 2021-05-26 19:01:01.583 ServerApp] Shutting down 0 kernels
[I 2021-05-26 19:01:01.584 ServerApp] Shutting down 0 terminals
2021-05-26_19:01:01_734397289
