starter.sh: line 19: module: command not found
morpheus
2021-05-27_09:00:00_245257234
[I 2021-05-27 09:00:01.396 ServerApp] jupyterlab | extension was successfully linked.
[I 2021-05-27 09:00:01.695 ServerApp] nbclassic | extension was successfully linked.
[I 2021-05-27 09:00:01.724 ServerApp] nbclassic | extension was successfully loaded.
[I 2021-05-27 09:00:01.725 LabApp] JupyterLab extension loaded from /miniconda3/lib/python3.9/site-packages/jupyterlab
[I 2021-05-27 09:00:01.725 LabApp] JupyterLab application directory is /miniconda3/share/jupyter/lab
[I 2021-05-27 09:00:01.729 ServerApp] jupyterlab | extension was successfully loaded.
[I 2021-05-27 09:00:01.729 ServerApp] Will shut down after 60 seconds with no kernels or terminals.
[I 2021-05-27 09:00:01.730 ServerApp] Serving notebooks from local directory: /home/khoeflich/jupyter-hpc-performance
[I 2021-05-27 09:00:01.730 ServerApp] Jupyter Server 1.8.0 is running at:
[I 2021-05-27 09:00:01.730 ServerApp] http://localhost:8888/lab?token=7f6bd9ee14d8cd27ee4f2f8137a04f182cf94094ae8b03ae
[I 2021-05-27 09:00:01.730 ServerApp]     http://127.0.0.1:8888/lab?token=7f6bd9ee14d8cd27ee4f2f8137a04f182cf94094ae8b03ae
[I 2021-05-27 09:00:01.730 ServerApp] Use Control-C to stop this server and shut down all kernels (twice to skip confirmation).
[C 2021-05-27 09:00:01.734 ServerApp] 
    
    To access the server, open this file in a browser:
        file:///home/khoeflich/.local/share/jupyter/runtime/jpserver-598262-open.html
    Or copy and paste one of these URLs:
        http://localhost:8888/lab?token=7f6bd9ee14d8cd27ee4f2f8137a04f182cf94094ae8b03ae
        http://127.0.0.1:8888/lab?token=7f6bd9ee14d8cd27ee4f2f8137a04f182cf94094ae8b03ae
[I 2021-05-27 09:01:01.791 ServerApp] No kernels or terminals for 60 seconds; shutting down.
[I 2021-05-27 09:01:01.792 ServerApp] Shutting down 0 kernels
[I 2021-05-27 09:01:01.792 ServerApp] Shutting down 0 terminals
2021-05-27_09:01:01_930063616
