starter.sh: line 19: module: command not found
morpheus
2021-05-27_03:00:00_807418407
[I 2021-05-27 03:00:01.953 ServerApp] jupyterlab | extension was successfully linked.
[I 2021-05-27 03:00:02.251 ServerApp] nbclassic | extension was successfully linked.
[I 2021-05-27 03:00:02.281 ServerApp] nbclassic | extension was successfully loaded.
[I 2021-05-27 03:00:02.282 LabApp] JupyterLab extension loaded from /miniconda3/lib/python3.9/site-packages/jupyterlab
[I 2021-05-27 03:00:02.282 LabApp] JupyterLab application directory is /miniconda3/share/jupyter/lab
[I 2021-05-27 03:00:02.285 ServerApp] jupyterlab | extension was successfully loaded.
[I 2021-05-27 03:00:02.286 ServerApp] Will shut down after 60 seconds with no kernels or terminals.
[I 2021-05-27 03:00:02.287 ServerApp] Serving notebooks from local directory: /home/khoeflich/jupyter-hpc-performance
[I 2021-05-27 03:00:02.287 ServerApp] Jupyter Server 1.8.0 is running at:
[I 2021-05-27 03:00:02.287 ServerApp] http://localhost:8888/lab?token=2ac3497dabba54ebf3fff2cdcd2a44cd916acfbd0ef8a0df
[I 2021-05-27 03:00:02.287 ServerApp]     http://127.0.0.1:8888/lab?token=2ac3497dabba54ebf3fff2cdcd2a44cd916acfbd0ef8a0df
[I 2021-05-27 03:00:02.287 ServerApp] Use Control-C to stop this server and shut down all kernels (twice to skip confirmation).
[C 2021-05-27 03:00:02.290 ServerApp] 
    
    To access the server, open this file in a browser:
        file:///home/khoeflich/.local/share/jupyter/runtime/jpserver-593155-open.html
    Or copy and paste one of these URLs:
        http://localhost:8888/lab?token=2ac3497dabba54ebf3fff2cdcd2a44cd916acfbd0ef8a0df
        http://127.0.0.1:8888/lab?token=2ac3497dabba54ebf3fff2cdcd2a44cd916acfbd0ef8a0df
[I 2021-05-27 03:01:02.348 ServerApp] No kernels or terminals for 60 seconds; shutting down.
[I 2021-05-27 03:01:02.348 ServerApp] Shutting down 0 kernels
[I 2021-05-27 03:01:02.349 ServerApp] Shutting down 0 terminals
2021-05-27_03:01:02_500188618
