starter.sh: line 19: module: command not found
morpheus
2021-05-26_20:00:00_635357314
[I 2021-05-26 20:00:01.801 ServerApp] jupyterlab | extension was successfully linked.
[I 2021-05-26 20:00:02.099 ServerApp] nbclassic | extension was successfully linked.
[I 2021-05-26 20:00:02.129 ServerApp] nbclassic | extension was successfully loaded.
[I 2021-05-26 20:00:02.130 LabApp] JupyterLab extension loaded from /miniconda3/lib/python3.9/site-packages/jupyterlab
[I 2021-05-26 20:00:02.130 LabApp] JupyterLab application directory is /miniconda3/share/jupyter/lab
[I 2021-05-26 20:00:02.133 ServerApp] jupyterlab | extension was successfully loaded.
[I 2021-05-26 20:00:02.133 ServerApp] Will shut down after 60 seconds with no kernels or terminals.
[I 2021-05-26 20:00:02.134 ServerApp] Serving notebooks from local directory: /home/khoeflich/jupyter-hpc-performance
[I 2021-05-26 20:00:02.134 ServerApp] Jupyter Server 1.8.0 is running at:
[I 2021-05-26 20:00:02.134 ServerApp] http://localhost:8888/lab?token=559561882276faaa654bec25fb865e39057fed6453d8de45
[I 2021-05-26 20:00:02.134 ServerApp]     http://127.0.0.1:8888/lab?token=559561882276faaa654bec25fb865e39057fed6453d8de45
[I 2021-05-26 20:00:02.134 ServerApp] Use Control-C to stop this server and shut down all kernels (twice to skip confirmation).
[C 2021-05-26 20:00:02.138 ServerApp] 
    
    To access the server, open this file in a browser:
        file:///home/khoeflich/.local/share/jupyter/runtime/jpserver-590693-open.html
    Or copy and paste one of these URLs:
        http://localhost:8888/lab?token=559561882276faaa654bec25fb865e39057fed6453d8de45
        http://127.0.0.1:8888/lab?token=559561882276faaa654bec25fb865e39057fed6453d8de45
[I 2021-05-26 20:01:02.194 ServerApp] No kernels or terminals for 60 seconds; shutting down.
[I 2021-05-26 20:01:02.195 ServerApp] Shutting down 0 kernels
[I 2021-05-26 20:01:02.196 ServerApp] Shutting down 0 terminals
2021-05-26_20:01:02_359465907
