starter.sh: line 19: module: command not found
morpheus
2021-05-27_00:00:00_045966744
[I 2021-05-27 00:00:01.186 ServerApp] jupyterlab | extension was successfully linked.
[I 2021-05-27 00:00:01.476 ServerApp] nbclassic | extension was successfully linked.
[I 2021-05-27 00:00:01.507 ServerApp] nbclassic | extension was successfully loaded.
[I 2021-05-27 00:00:01.508 LabApp] JupyterLab extension loaded from /miniconda3/lib/python3.9/site-packages/jupyterlab
[I 2021-05-27 00:00:01.508 LabApp] JupyterLab application directory is /miniconda3/share/jupyter/lab
[I 2021-05-27 00:00:01.511 ServerApp] jupyterlab | extension was successfully loaded.
[I 2021-05-27 00:00:01.512 ServerApp] Will shut down after 60 seconds with no kernels or terminals.
[I 2021-05-27 00:00:01.513 ServerApp] Serving notebooks from local directory: /home/khoeflich/jupyter-hpc-performance
[I 2021-05-27 00:00:01.513 ServerApp] Jupyter Server 1.8.0 is running at:
[I 2021-05-27 00:00:01.513 ServerApp] http://localhost:8888/lab?token=bc2ff0e027b032bb2f628c6eb47e693a077d519274c351bc
[I 2021-05-27 00:00:01.513 ServerApp]     http://127.0.0.1:8888/lab?token=bc2ff0e027b032bb2f628c6eb47e693a077d519274c351bc
[I 2021-05-27 00:00:01.513 ServerApp] Use Control-C to stop this server and shut down all kernels (twice to skip confirmation).
[C 2021-05-27 00:00:01.516 ServerApp] 
    
    To access the server, open this file in a browser:
        file:///home/khoeflich/.local/share/jupyter/runtime/jpserver-592123-open.html
    Or copy and paste one of these URLs:
        http://localhost:8888/lab?token=bc2ff0e027b032bb2f628c6eb47e693a077d519274c351bc
        http://127.0.0.1:8888/lab?token=bc2ff0e027b032bb2f628c6eb47e693a077d519274c351bc
[I 2021-05-27 00:01:01.573 ServerApp] No kernels or terminals for 60 seconds; shutting down.
[I 2021-05-27 00:01:01.574 ServerApp] Shutting down 0 kernels
[I 2021-05-27 00:01:01.574 ServerApp] Shutting down 0 terminals
2021-05-27_00:01:01_716842146
