starter.sh: line 19: module: command not found
morpheus
2021-05-27_15:00:00_634997421
[I 2021-05-27 15:00:01.771 ServerApp] jupyterlab | extension was successfully linked.
[I 2021-05-27 15:00:01.783 ServerApp] Writing notebook server cookie secret to /home/khoeflich/.local/share/jupyter/runtime/jupyter_cookie_secret
[I 2021-05-27 15:00:02.068 ServerApp] nbclassic | extension was successfully linked.
[I 2021-05-27 15:00:02.097 ServerApp] nbclassic | extension was successfully loaded.
[I 2021-05-27 15:00:02.098 LabApp] JupyterLab extension loaded from /miniconda3/lib/python3.9/site-packages/jupyterlab
[I 2021-05-27 15:00:02.098 LabApp] JupyterLab application directory is /miniconda3/share/jupyter/lab
[I 2021-05-27 15:00:02.101 ServerApp] jupyterlab | extension was successfully loaded.
[I 2021-05-27 15:00:02.102 ServerApp] Will shut down after 60 seconds with no kernels or terminals.
[I 2021-05-27 15:00:02.103 ServerApp] Serving notebooks from local directory: /home/khoeflich/jupyter-hpc-performance
[I 2021-05-27 15:00:02.103 ServerApp] Jupyter Server 1.8.0 is running at:
[I 2021-05-27 15:00:02.103 ServerApp] http://localhost:8888/lab?token=754a7be6072cda44887086de44abd833d8331ee9c5bd5bbf
[I 2021-05-27 15:00:02.103 ServerApp]     http://127.0.0.1:8888/lab?token=754a7be6072cda44887086de44abd833d8331ee9c5bd5bbf
[I 2021-05-27 15:00:02.103 ServerApp] Use Control-C to stop this server and shut down all kernels (twice to skip confirmation).
[C 2021-05-27 15:00:02.106 ServerApp] 
    
    To access the server, open this file in a browser:
        file:///home/khoeflich/.local/share/jupyter/runtime/jpserver-605068-open.html
    Or copy and paste one of these URLs:
        http://localhost:8888/lab?token=754a7be6072cda44887086de44abd833d8331ee9c5bd5bbf
        http://127.0.0.1:8888/lab?token=754a7be6072cda44887086de44abd833d8331ee9c5bd5bbf
[I 2021-05-27 15:01:02.164 ServerApp] No kernels or terminals for 60 seconds; shutting down.
[I 2021-05-27 15:01:02.165 ServerApp] Shutting down 0 kernels
[I 2021-05-27 15:01:02.165 ServerApp] Shutting down 0 terminals
2021-05-27_15:01:02_326550145
