starter.sh: line 19: module: command not found
morpheus
2021-05-26_21:00:00_268343361
[I 2021-05-26 21:00:01.413 ServerApp] jupyterlab | extension was successfully linked.
[I 2021-05-26 21:00:01.712 ServerApp] nbclassic | extension was successfully linked.
[I 2021-05-26 21:00:01.743 ServerApp] nbclassic | extension was successfully loaded.
[I 2021-05-26 21:00:01.744 LabApp] JupyterLab extension loaded from /miniconda3/lib/python3.9/site-packages/jupyterlab
[I 2021-05-26 21:00:01.744 LabApp] JupyterLab application directory is /miniconda3/share/jupyter/lab
[I 2021-05-26 21:00:01.748 ServerApp] jupyterlab | extension was successfully loaded.
[I 2021-05-26 21:00:01.749 ServerApp] Will shut down after 60 seconds with no kernels or terminals.
[I 2021-05-26 21:00:01.749 ServerApp] Serving notebooks from local directory: /home/khoeflich/jupyter-hpc-performance
[I 2021-05-26 21:00:01.749 ServerApp] Jupyter Server 1.8.0 is running at:
[I 2021-05-26 21:00:01.750 ServerApp] http://localhost:8888/lab?token=6748d5618f464ec9683d184ed934561248ddf445e9d7f802
[I 2021-05-26 21:00:01.750 ServerApp]     http://127.0.0.1:8888/lab?token=6748d5618f464ec9683d184ed934561248ddf445e9d7f802
[I 2021-05-26 21:00:01.750 ServerApp] Use Control-C to stop this server and shut down all kernels (twice to skip confirmation).
[C 2021-05-26 21:00:01.753 ServerApp] 
    
    To access the server, open this file in a browser:
        file:///home/khoeflich/.local/share/jupyter/runtime/jpserver-591039-open.html
    Or copy and paste one of these URLs:
        http://localhost:8888/lab?token=6748d5618f464ec9683d184ed934561248ddf445e9d7f802
        http://127.0.0.1:8888/lab?token=6748d5618f464ec9683d184ed934561248ddf445e9d7f802
[I 2021-05-26 21:01:01.810 ServerApp] No kernels or terminals for 60 seconds; shutting down.
[I 2021-05-26 21:01:01.811 ServerApp] Shutting down 0 kernels
[I 2021-05-26 21:01:01.812 ServerApp] Shutting down 0 terminals
2021-05-26_21:01:01_956659864
