starter.sh: line 19: module: command not found
morpheus
2021-05-27_05:00:00_920146903
[I 2021-05-27 05:00:02.060 ServerApp] jupyterlab | extension was successfully linked.
[I 2021-05-27 05:00:02.357 ServerApp] nbclassic | extension was successfully linked.
[I 2021-05-27 05:00:02.387 ServerApp] nbclassic | extension was successfully loaded.
[I 2021-05-27 05:00:02.388 LabApp] JupyterLab extension loaded from /miniconda3/lib/python3.9/site-packages/jupyterlab
[I 2021-05-27 05:00:02.388 LabApp] JupyterLab application directory is /miniconda3/share/jupyter/lab
[I 2021-05-27 05:00:02.392 ServerApp] jupyterlab | extension was successfully loaded.
[I 2021-05-27 05:00:02.392 ServerApp] Will shut down after 60 seconds with no kernels or terminals.
[I 2021-05-27 05:00:02.393 ServerApp] Serving notebooks from local directory: /home/khoeflich/jupyter-hpc-performance
[I 2021-05-27 05:00:02.393 ServerApp] Jupyter Server 1.8.0 is running at:
[I 2021-05-27 05:00:02.393 ServerApp] http://localhost:8888/lab?token=f9f15292119bcfe407ab34efa89687ad7c6fda217674a478
[I 2021-05-27 05:00:02.393 ServerApp]     http://127.0.0.1:8888/lab?token=f9f15292119bcfe407ab34efa89687ad7c6fda217674a478
[I 2021-05-27 05:00:02.393 ServerApp] Use Control-C to stop this server and shut down all kernels (twice to skip confirmation).
[C 2021-05-27 05:00:02.397 ServerApp] 
    
    To access the server, open this file in a browser:
        file:///home/khoeflich/.local/share/jupyter/runtime/jpserver-594427-open.html
    Or copy and paste one of these URLs:
        http://localhost:8888/lab?token=f9f15292119bcfe407ab34efa89687ad7c6fda217674a478
        http://127.0.0.1:8888/lab?token=f9f15292119bcfe407ab34efa89687ad7c6fda217674a478
[I 2021-05-27 05:01:02.454 ServerApp] No kernels or terminals for 60 seconds; shutting down.
[I 2021-05-27 05:01:02.455 ServerApp] Shutting down 0 kernels
[I 2021-05-27 05:01:02.455 ServerApp] Shutting down 0 terminals
2021-05-27_05:01:02_603303086
