starter.sh: line 19: module: command not found
morpheus
2021-05-27_11:00:00_403467470
[I 2021-05-27 11:00:01.573 ServerApp] jupyterlab | extension was successfully linked.
[I 2021-05-27 11:00:01.873 ServerApp] nbclassic | extension was successfully linked.
[I 2021-05-27 11:00:01.903 ServerApp] nbclassic | extension was successfully loaded.
[I 2021-05-27 11:00:01.904 LabApp] JupyterLab extension loaded from /miniconda3/lib/python3.9/site-packages/jupyterlab
[I 2021-05-27 11:00:01.904 LabApp] JupyterLab application directory is /miniconda3/share/jupyter/lab
[I 2021-05-27 11:00:01.907 ServerApp] jupyterlab | extension was successfully loaded.
[I 2021-05-27 11:00:01.908 ServerApp] Will shut down after 60 seconds with no kernels or terminals.
[I 2021-05-27 11:00:01.909 ServerApp] Serving notebooks from local directory: /home/khoeflich/jupyter-hpc-performance
[I 2021-05-27 11:00:01.909 ServerApp] Jupyter Server 1.8.0 is running at:
[I 2021-05-27 11:00:01.909 ServerApp] http://localhost:8888/lab?token=ffbee7c98e4ebe3157ad3061bfb9f7b58b7c7bf1ef3adf5b
[I 2021-05-27 11:00:01.909 ServerApp]     http://127.0.0.1:8888/lab?token=ffbee7c98e4ebe3157ad3061bfb9f7b58b7c7bf1ef3adf5b
[I 2021-05-27 11:00:01.909 ServerApp] Use Control-C to stop this server and shut down all kernels (twice to skip confirmation).
[C 2021-05-27 11:00:01.912 ServerApp] 
    
    To access the server, open this file in a browser:
        file:///home/khoeflich/.local/share/jupyter/runtime/jpserver-598959-open.html
    Or copy and paste one of these URLs:
        http://localhost:8888/lab?token=ffbee7c98e4ebe3157ad3061bfb9f7b58b7c7bf1ef3adf5b
        http://127.0.0.1:8888/lab?token=ffbee7c98e4ebe3157ad3061bfb9f7b58b7c7bf1ef3adf5b
[I 2021-05-27 11:01:01.969 ServerApp] No kernels or terminals for 60 seconds; shutting down.
[I 2021-05-27 11:01:01.970 ServerApp] Shutting down 0 kernels
[I 2021-05-27 11:01:01.970 ServerApp] Shutting down 0 terminals
2021-05-27_11:01:02_110439866
